11:08:48 Database DEBUG : Connecté à la base de données
11:08:48 Database DEBUG : Connecté à la base de données
11:08:51 Database DEBUG : Connecté à la base de données
11:08:51 Application INFO : Administrateur connecté : lucie.fontaine ( 6 )
11:08:51 Database DEBUG : Connecté à la base de données
11:08:52 Database DEBUG : Connecté à la base de données
11:08:54 Database DEBUG : Connecté à la base de données
11:08:58 Database DEBUG : Connecté à la base de données
11:08:58 Application INFO : Inclusion validée avec succès par l'administrateur #6
11:09:00 Database DEBUG : Connecté à la base de données
14:58:18 Database DEBUG : Connecté à la base de données
14:58:23 Database DEBUG : Connecté à la base de données
15:10:54 Database DEBUG : Connecté à la base de données
15:10:54 Database DEBUG : Connecté à la base de données
15:11:05 Database DEBUG : Connecté à la base de données
15:11:05 Application INFO : Utilisateur connecté : sophie.branka (  )
15:11:05 Database DEBUG : Connecté à la base de données
15:11:05 Database DEBUG : Connecté à la base de données
15:11:22 Database DEBUG : Connecté à la base de données
15:11:23 Application INFO : Utilisateur connecté : sophie.branka@inserm.fr ( 24 )
15:11:23 Database DEBUG : Connecté à la base de données
15:11:26 Database DEBUG : Connecté à la base de données
15:11:34 Database DEBUG : Connecté à la base de données
15:14:40 Database DEBUG : Connecté à la base de données
15:14:40 Database DEBUG : Connecté à la base de données
15:14:50 Database DEBUG : Connecté à la base de données
15:14:50 Database DEBUG : Connecté à la base de données
15:15:30 Database DEBUG : Connecté à la base de données
15:15:30 Database DEBUG : Connecté à la base de données
15:16:53 Database DEBUG : Connecté à la base de données
15:16:53 Application INFO : Commande #47 créée par l'utilisateur 24
15:16:53 Database DEBUG : Connecté à la base de données
15:21:28 Database DEBUG : Connecté à la base de données
15:21:30 Database DEBUG : Connecté à la base de données
15:39:16 Database DEBUG : Connecté à la base de données
15:39:21 Database DEBUG : Connecté à la base de données
15:39:40 Database DEBUG : Connecté à la base de données
15:39:41 Application INFO : Utilisateur connecté : jean.personnaz@inserm.fr ( 10 )
15:39:41 Database DEBUG : Connecté à la base de données
15:39:42 Database DEBUG : Connecté à la base de données
15:39:44 Database DEBUG : Connecté à la base de données
15:39:46 Database DEBUG : Connecté à la base de données
15:39:50 Database DEBUG : Connecté à la base de données
15:40:00 Database DEBUG : Connecté à la base de données
15:40:02 Database DEBUG : Connecté à la base de données
15:40:03 Database DEBUG : Connecté à la base de données
15:40:04 Database DEBUG : Connecté à la base de données
15:40:05 Database DEBUG : Connecté à la base de données
15:40:08 Database DEBUG : Connecté à la base de données
15:40:15 Database DEBUG : Connecté à la base de données
