13:41:53 Database DEBUG : Connecté à la base de données
13:42:05 Database DEBUG : Connecté à la base de données
13:42:06 Application INFO : Utilisateur connecté : emilie.segura@inserm.fr ( 21 )
13:42:06 Database DEBUG : Connecté à la base de données
13:42:08 Database DEBUG : Connecté à la base de données
13:42:11 Database DEBUG : Connecté à la base de données
13:42:21 Database DEBUG : Connecté à la base de données
13:42:21 Database DEBUG : Connecté à la base de données
13:42:38 Database DEBUG : Connecté à la base de données
13:42:38 Database DEBUG : Connecté à la base de données
13:43:21 Database DEBUG : Connecté à la base de données
13:43:21 Application INFO : Commande #96 créée par l'utilisateur 21
13:43:21 Database DEBUG : Connecté à la base de données
13:52:40 Database DEBUG : Connecté à la base de données
14:30:35 Database DEBUG : Connecté à la base de données
14:30:35 Database DEBUG : Connecté à la base de données
14:30:39 Database DEBUG : Connecté à la base de données
14:30:39 Application INFO : Administrateur connecté : lucie.fontaine ( 6 )
14:30:39 Database DEBUG : Connecté à la base de données
14:30:40 Database DEBUG : Connecté à la base de données
14:30:42 Database DEBUG : Connecté à la base de données
14:30:43 Database DEBUG : Connecté à la base de données
14:30:44 Database DEBUG : Connecté à la base de données
14:30:48 Database DEBUG : Connecté à la base de données
14:30:48 Application INFO : Réception validée avec succès par l'administrateur #6
14:30:50 Database DEBUG : Connecté à la base de données
