09:38:22 Database DEBUG : Connecté à la base de données
09:38:22 Database DEBUG : Connecté à la base de données
09:38:27 Database DEBUG : Connecté à la base de données
09:38:27 Application INFO : Administrateur connecté : lucie.fontaine ( 6 )
09:38:27 Database DEBUG : Connecté à la base de données
09:38:31 Database DEBUG : Connecté à la base de données
09:39:40 Database DEBUG : Connecté à la base de données
09:39:42 Database DEBUG : Connecté à la base de données
09:39:43 Database DEBUG : Connecté à la base de données
09:39:46 Database DEBUG : Connecté à la base de données
09:39:46 Application INFO : Coupe validée avec succès par l'administrateur #6
09:39:50 Database DEBUG : Connecté à la base de données
12:19:47 Database DEBUG : Connecté à la base de données
12:19:52 Database DEBUG : Connecté à la base de données
12:21:00 Database DEBUG : Connecté à la base de données
12:21:01 Application INFO : Utilisateur connecté : jean.personnaz@inserm.fr ( 10 )
12:21:01 Database DEBUG : Connecté à la base de données
12:21:22 Database DEBUG : Connecté à la base de données
12:21:32 Database DEBUG : Connecté à la base de données
12:23:49 Database DEBUG : Connecté à la base de données
12:23:49 Database DEBUG : Connecté à la base de données
12:24:01 Database DEBUG : Connecté à la base de données
12:24:01 Database DEBUG : Connecté à la base de données
12:24:42 Database DEBUG : Connecté à la base de données
12:24:42 Database DEBUG : Connecté à la base de données
12:24:49 Database DEBUG : Connecté à la base de données
12:24:49 Application INFO : Commande #43 créée par l'utilisateur 10
12:24:49 Database DEBUG : Connecté à la base de données
13:20:57 Database DEBUG : Connecté à la base de données
13:20:57 Database DEBUG : Connecté à la base de données
13:21:00 Database DEBUG : Connecté à la base de données
13:21:00 Application INFO : Administrateur connecté : lucie.fontaine ( 6 )
13:21:00 Database DEBUG : Connecté à la base de données
13:21:02 Database DEBUG : Connecté à la base de données
13:21:04 Database DEBUG : Connecté à la base de données
13:21:08 Database DEBUG : Connecté à la base de données
13:21:08 Mail DEBUG : Trying to send mail mail_commande_prete from histologie-i2mc@inserm.fr to Array
(
    [mail] => jean.personnaz@inserm.fr
    [name] => Jean Personnaz
)
.
13:21:08 Mail DEBUG : Mail envoyé.
13:21:08 Mail DEBUG : Trying to send mail mail_commande_prete from histologie-i2mc@inserm.fr to Array
(
    [mail] => jean.personnaz@inserm.fr
    [name] => Jean Personnaz
)
.
13:21:08 Mail DEBUG : Mail envoyé.
13:21:08 Application INFO : Retour validée avec succès par l'administrateur #6
13:21:10 Database DEBUG : Connecté à la base de données
13:21:11 Database DEBUG : Connecté à la base de données
13:21:12 Database DEBUG : Connecté à la base de données
13:21:13 Database DEBUG : Connecté à la base de données
13:21:16 Database DEBUG : Connecté à la base de données
13:21:16 Mail DEBUG : Trying to send mail mail_commande_prete from histologie-i2mc@inserm.fr to Array
(
    [mail] => jean.personnaz@inserm.fr
    [name] => Jean Personnaz
)
.
13:21:16 Mail DEBUG : Mail envoyé.
13:21:16 Application INFO : Retour validée avec succès par l'administrateur #6
13:21:17 Database DEBUG : Connecté à la base de données
13:21:18 Database DEBUG : Connecté à la base de données
13:21:21 Database DEBUG : Connecté à la base de données
13:21:23 Database DEBUG : Connecté à la base de données
13:21:31 Database DEBUG : Connecté à la base de données
13:21:33 Database DEBUG : Connecté à la base de données
13:21:34 Database DEBUG : Connecté à la base de données
13:21:35 Database DEBUG : Connecté à la base de données
13:21:37 Database DEBUG : Connecté à la base de données
13:21:37 Application INFO : Réception validée avec succès par l'administrateur #6
13:21:39 Database DEBUG : Connecté à la base de données
13:23:50 Database DEBUG : Connecté à la base de données
13:23:51 Database DEBUG : Connecté à la base de données
13:23:55 Database DEBUG : Connecté à la base de données
13:23:55 Application INFO : Utilisateur connecté : christophe.heymes@inserm.fr ( 23 )
13:23:55 Database DEBUG : Connecté à la base de données
13:24:08 Database DEBUG : Connecté à la base de données
13:24:51 Database DEBUG : Connecté à la base de données
13:26:32 Database DEBUG : Connecté à la base de données
13:26:32 Database DEBUG : Connecté à la base de données
13:26:53 Database DEBUG : Connecté à la base de données
13:26:53 Database DEBUG : Connecté à la base de données
13:26:59 Database DEBUG : Connecté à la base de données
13:26:59 Application INFO : Commande #44 créée par l'utilisateur 23
13:26:59 Database DEBUG : Connecté à la base de données
13:33:12 Database DEBUG : Connecté à la base de données
13:33:15 Database DEBUG : Connecté à la base de données
13:33:34 Database DEBUG : Connecté à la base de données
13:34:51 Database DEBUG : Connecté à la base de données
13:34:52 Database DEBUG : Connecté à la base de données
13:35:00 Database DEBUG : Connecté à la base de données
13:35:00 Database DEBUG : Connecté à la base de données
13:35:04 Database DEBUG : Connecté à la base de données
13:35:04 Application INFO : Commande #45 créée par l'utilisateur 23
13:35:04 Database DEBUG : Connecté à la base de données
15:24:08 Database DEBUG : Connecté à la base de données
15:24:08 Database DEBUG : Connecté à la base de données
15:24:13 Database DEBUG : Connecté à la base de données
15:24:13 Application INFO : Administrateur connecté : lucie.fontaine ( 6 )
15:24:13 Database DEBUG : Connecté à la base de données
15:24:14 Database DEBUG : Connecté à la base de données
15:24:15 Database DEBUG : Connecté à la base de données
15:24:18 Database DEBUG : Connecté à la base de données
15:24:18 Application INFO : Réception validée avec succès par l'administrateur #6
15:24:20 Database DEBUG : Connecté à la base de données
15:24:20 Application INFO : Réception validée avec succès par l'administrateur #6
15:24:21 Database DEBUG : Connecté à la base de données
