09:30:22 Database DEBUG : Connecté à la base de données
09:30:22 Database DEBUG : Connecté à la base de données
09:30:26 Database DEBUG : Connecté à la base de données
09:30:26 Application INFO : Administrateur connecté : lucie.fontaine ( 6 )
09:30:26 Database DEBUG : Connecté à la base de données
09:30:27 Database DEBUG : Connecté à la base de données
10:23:41 Database DEBUG : Connecté à la base de données
10:23:46 Database DEBUG : Connecté à la base de données
10:23:51 Database DEBUG : Connecté à la base de données
10:23:51 Application INFO : Utilisateur connecté : romain.paccoud@inserm.fr ( 14 )
10:23:51 Database DEBUG : Connecté à la base de données
10:24:07 Database DEBUG : Connecté à la base de données
10:26:25 Database DEBUG : Connecté à la base de données
10:30:44 Database DEBUG : Connecté à la base de données
10:30:44 Database DEBUG : Connecté à la base de données
10:31:04 Database DEBUG : Connecté à la base de données
10:31:04 Database DEBUG : Connecté à la base de données
10:31:19 Database DEBUG : Connecté à la base de données
10:31:19 Application INFO : Commande #168 créée par l'utilisateur 14
10:31:19 Database DEBUG : Connecté à la base de données
10:56:05 Database DEBUG : Connecté à la base de données
10:56:19 Database DEBUG : Connecté à la base de données
10:56:19 Mail DEBUG : Trying to send mail mail_commande_prete from histologie-i2mc@inserm.fr to Array
(
    [mail] => gwendoline.astre@inserm.fr
    [name] => Gwendoline Astre
)
.
10:56:19 Mail DEBUG : Mail envoyé.
10:56:19 Mail DEBUG : Trying to send mail mail_commande_prete from histologie-i2mc@inserm.fr to Array
(
    [mail] => enzo.piccolo@inserm.fr
    [name] => Enzo Piccolo
)
.
10:56:19 Mail DEBUG : Mail envoyé.
10:56:19 Application INFO : Retour validée avec succès par l'administrateur #6
11:49:05 Database DEBUG : Connecté à la base de données
11:49:08 Database DEBUG : Connecté à la base de données
11:49:19 Database DEBUG : Connecté à la base de données
11:49:19 Application INFO : Réception validée avec succès par l'administrateur #6
11:49:20 Database DEBUG : Connecté à la base de données
14:09:14 Database DEBUG : Connecté à la base de données
14:09:16 Database DEBUG : Connecté à la base de données
14:24:45 Database DEBUG : Connecté à la base de données
14:25:10 Database DEBUG : Connecté à la base de données
14:25:10 Application INFO : Coupe validée avec succès par l'administrateur #6
14:25:14 Database DEBUG : Connecté à la base de données
14:25:18 Database DEBUG : Connecté à la base de données
14:25:20 Database DEBUG : Connecté à la base de données
14:25:20 Application INFO : Coloration validée avec succès par l'administrateur #6
14:25:22 Database DEBUG : Connecté à la base de données
14:25:26 Database DEBUG : Connecté à la base de données
14:25:38 Database DEBUG : Connecté à la base de données
14:25:40 Database DEBUG : Connecté à la base de données
14:38:49 Database DEBUG : Connecté à la base de données
14:38:49 Application INFO : Coupe validée avec succès par l'administrateur #6
14:39:04 Database DEBUG : Connecté à la base de données
14:39:04 Application INFO : Coupe validée avec succès par l'administrateur #6
14:39:06 Database DEBUG : Connecté à la base de données
15:32:44 Database DEBUG : Connecté à la base de données
15:32:54 Database DEBUG : Connecté à la base de données
15:32:54 Application INFO : Coupe validée avec succès par l'administrateur #6
15:51:55 Database DEBUG : Connecté à la base de données
15:51:55 Application INFO : Coupe validée avec succès par l'administrateur #6
15:51:56 Database DEBUG : Connecté à la base de données
15:52:01 Database DEBUG : Connecté à la base de données
15:52:03 Database DEBUG : Connecté à la base de données
15:52:08 Database DEBUG : Connecté à la base de données
15:52:15 Database DEBUG : Connecté à la base de données
15:52:15 Application INFO : Coloration validée avec succès par l'administrateur #6
15:52:16 Database DEBUG : Connecté à la base de données
15:53:37 Database DEBUG : Connecté à la base de données
15:53:38 Database DEBUG : Connecté à la base de données
16:59:52 Database DEBUG : Connecté à la base de données
17:11:21 Database DEBUG : Connecté à la base de données
