09:23:26 Database DEBUG : Connecté à la base de données
09:28:07 Database DEBUG : Connecté à la base de données
09:28:07 Application INFO : Utilisateur connecté : emilie.segura@inserm.fr ( 21 )
09:28:07 Database DEBUG : Connecté à la base de données
09:28:10 Database DEBUG : Connecté à la base de données
09:28:13 Database DEBUG : Connecté à la base de données
09:28:35 Database DEBUG : Connecté à la base de données
09:28:35 Database DEBUG : Connecté à la base de données
09:28:39 Database DEBUG : Connecté à la base de données
09:28:39 Database DEBUG : Connecté à la base de données
09:28:47 Database DEBUG : Connecté à la base de données
09:28:47 Database DEBUG : Connecté à la base de données
09:29:03 Database DEBUG : Connecté à la base de données
09:29:03 Application INFO : Commande #208 créée par l'utilisateur 21
09:29:03 Database DEBUG : Connecté à la base de données
09:29:16 Database DEBUG : Connecté à la base de données
09:29:16 Database DEBUG : Connecté à la base de données
09:29:18 Database DEBUG : Connecté à la base de données
09:29:18 Application INFO : Utilisateur connecté : alizee.dortignac@inserm.fr ( 22 )
09:29:18 Database DEBUG : Connecté à la base de données
09:29:21 Database DEBUG : Connecté à la base de données
09:29:31 Database DEBUG : Connecté à la base de données
09:31:07 Database DEBUG : Connecté à la base de données
09:31:09 Database DEBUG : Connecté à la base de données
09:31:43 Database DEBUG : Connecté à la base de données
09:31:43 Database DEBUG : Connecté à la base de données
09:32:05 Database DEBUG : Connecté à la base de données
09:32:05 Database DEBUG : Connecté à la base de données
09:32:49 Database DEBUG : Connecté à la base de données
09:32:49 Application INFO : Commande #209 créée par l'utilisateur 22
09:32:49 Database DEBUG : Connecté à la base de données
09:32:55 Database DEBUG : Connecté à la base de données
09:32:58 Database DEBUG : Connecté à la base de données
09:33:00 Database DEBUG : Connecté à la base de données
09:34:07 Database DEBUG : Connecté à la base de données
09:34:07 Database DEBUG : Connecté à la base de données
09:34:15 Database DEBUG : Connecté à la base de données
09:34:15 Database DEBUG : Connecté à la base de données
09:35:05 Database DEBUG : Connecté à la base de données
09:35:05 Application INFO : Commande #210 créée par l'utilisateur 22
09:35:05 Database DEBUG : Connecté à la base de données
09:35:10 Database DEBUG : Connecté à la base de données
10:01:21 Database DEBUG : Connecté à la base de données
10:01:21 Database DEBUG : Connecté à la base de données
10:01:23 Database DEBUG : Connecté à la base de données
10:01:23 Application INFO : Administrateur connecté : lucie.fontaine ( 6 )
10:01:23 Database DEBUG : Connecté à la base de données
10:01:31 Database DEBUG : Connecté à la base de données
10:01:37 Database DEBUG : Connecté à la base de données
10:01:48 Database DEBUG : Connecté à la base de données
10:01:48 Application INFO : Réception validée avec succès par l'administrateur #6
10:01:49 Database DEBUG : Connecté à la base de données
10:11:57 Database DEBUG : Connecté à la base de données
10:18:53 Database DEBUG : Connecté à la base de données
10:18:53 Database DEBUG : Connecté à la base de données
10:19:15 Database DEBUG : Connecté à la base de données
10:19:15 Application INFO : Utilisateur connecté : marie.bellio@inserm.fr ( 40 )
10:19:15 Database DEBUG : Connecté à la base de données
10:19:26 Database DEBUG : Connecté à la base de données
10:19:57 Database DEBUG : Connecté à la base de données
10:20:45 Database DEBUG : Connecté à la base de données
10:20:45 Database DEBUG : Connecté à la base de données
10:21:03 Database DEBUG : Connecté à la base de données
10:21:03 Database DEBUG : Connecté à la base de données
10:21:07 Database DEBUG : Connecté à la base de données
10:21:07 Application INFO : Commande #211 créée par l'utilisateur 40
10:21:07 Database DEBUG : Connecté à la base de données
15:19:32 Database DEBUG : Connecté à la base de données
15:19:46 Database DEBUG : Connecté à la base de données
15:19:46 Application INFO : Coupe validée avec succès par l'administrateur #6
15:19:49 Database DEBUG : Connecté à la base de données
17:15:42 Database DEBUG : Connecté à la base de données
17:15:44 Database DEBUG : Connecté à la base de données
17:15:44 Application INFO : Coupe validée avec succès par l'administrateur #6
