11:52:38 Database DEBUG : Connecté à la base de données
11:52:50 Database DEBUG : Connecté à la base de données
11:52:50 Application INFO : Utilisateur connecté : emilie.segura@inserm.fr ( 21 )
11:52:50 Database DEBUG : Connecté à la base de données
11:52:52 Database DEBUG : Connecté à la base de données
11:52:54 Database DEBUG : Connecté à la base de données
11:53:25 Database DEBUG : Connecté à la base de données
11:53:25 Database DEBUG : Connecté à la base de données
11:53:30 Database DEBUG : Connecté à la base de données
11:53:30 Database DEBUG : Connecté à la base de données
11:53:42 Database DEBUG : Connecté à la base de données
11:53:42 Database DEBUG : Connecté à la base de données
11:54:05 Database DEBUG : Connecté à la base de données
11:54:05 Application INFO : Commande #70 créée par l'utilisateur 21
11:54:05 Database DEBUG : Connecté à la base de données
15:04:25 Database DEBUG : Connecté à la base de données
15:04:25 Database DEBUG : Connecté à la base de données
15:04:31 Database DEBUG : Connecté à la base de données
15:04:31 Application INFO : Administrateur connecté : lucie.fontaine ( 6 )
15:04:31 Database DEBUG : Connecté à la base de données
15:04:32 Database DEBUG : Connecté à la base de données
15:04:33 Database DEBUG : Connecté à la base de données
15:05:14 Database DEBUG : Connecté à la base de données
15:05:14 Mail DEBUG : Trying to send mail mail_commande_prete from histologie-i2mc@inserm.fr to Array
(
    [mail] => emilie.segura@inserm.fr
    [name] => Emilie Segura
)
.
15:05:14 Mail DEBUG : Mail envoyé.
15:05:14 Application INFO : Retour validée avec succès par l'administrateur #6
15:05:17 Database DEBUG : Connecté à la base de données
15:05:20 Database DEBUG : Connecté à la base de données
15:05:23 Database DEBUG : Connecté à la base de données
15:05:23 Application INFO : Réception validée avec succès par l'administrateur #6
15:05:26 Database DEBUG : Connecté à la base de données
16:24:27 Database DEBUG : Connecté à la base de données
16:24:29 Database DEBUG : Connecté à la base de données
16:24:30 Database DEBUG : Connecté à la base de données
16:25:44 Database DEBUG : Connecté à la base de données
16:25:45 Database DEBUG : Connecté à la base de données
16:25:47 Database DEBUG : Connecté à la base de données
16:25:47 Mail DEBUG : Trying to send mail mail_commande_prete from histologie-i2mc@inserm.fr to Array
(
    [mail] => myriam.rouahi@inserm.fr
    [name] => Myriam Rouahi
)
.
16:25:48 Mail DEBUG : Mail envoyé.
16:25:48 Application INFO : Retour validée avec succès par l'administrateur #6
17:03:33 Database DEBUG : Connecté à la base de données
18:28:53 Database DEBUG : Connecté à la base de données
18:28:54 Database DEBUG : Connecté à la base de données
18:28:56 Database DEBUG : Connecté à la base de données
18:52:08 Database DEBUG : Connecté à la base de données
18:52:09 Database DEBUG : Connecté à la base de données
18:52:11 Database DEBUG : Connecté à la base de données
18:52:23 Database DEBUG : Connecté à la base de données
18:52:23 Application INFO : Coupe validée avec succès par l'administrateur #6
19:11:45 Database DEBUG : Connecté à la base de données
19:11:45 Database DEBUG : Connecté à la base de données
19:11:57 Database DEBUG : Connecté à la base de données
19:11:57 Database DEBUG : Connecté à la base de données
