09:14:35 Database DEBUG : Connecté à la base de données
09:14:35 Database DEBUG : Connecté à la base de données
09:15:56 Database DEBUG : Connecté à la base de données
09:15:56 Application INFO : Administrateur connecté : lucie.fontaine ( 6 )
09:15:57 Database DEBUG : Connecté à la base de données
09:16:19 Database DEBUG : Connecté à la base de données
09:16:22 Database DEBUG : Connecté à la base de données
09:17:12 Database DEBUG : Connecté à la base de données
09:17:12 Mail DEBUG : Trying to send mail mail_commande_prete from histologie-i2mc@inserm.fr to Array
(
    [mail] => marie.cauquil@inserm.fr
    [name] => Marie Cauquil
)
.
09:17:12 Mail DEBUG : Mail envoyé.
09:17:12 Application INFO : Retour validée avec succès par l'administrateur #6
09:46:16 Database DEBUG : Connecté à la base de données
09:46:17 Database DEBUG : Connecté à la base de données
09:48:22 Database DEBUG : Connecté à la base de données
10:25:15 Database DEBUG : Connecté à la base de données
15:17:17 Database DEBUG : Connecté à la base de données
15:55:01 Database DEBUG : Connecté à la base de données
15:55:02 Database DEBUG : Connecté à la base de données
17:10:32 Database DEBUG : Connecté à la base de données
17:11:10 Database DEBUG : Connecté à la base de données
17:11:10 Application INFO : Coupe validée avec succès par l'administrateur #6
17:11:12 Database DEBUG : Connecté à la base de données
17:11:14 Database DEBUG : Connecté à la base de données
17:11:15 Database DEBUG : Connecté à la base de données
17:12:29 Database DEBUG : Connecté à la base de données
17:15:51 Database DEBUG : Connecté à la base de données
17:15:55 Database DEBUG : Connecté à la base de données
17:15:57 Database DEBUG : Connecté à la base de données
17:15:57 Application INFO : Utilisateur connecté : deborah.carper@inserm.fr ( 33 )
17:15:57 Database DEBUG : Connecté à la base de données
17:15:58 Database DEBUG : Connecté à la base de données
17:15:59 Database DEBUG : Connecté à la base de données
