13:54:26 Database DEBUG : Connecté à la base de données
13:54:26 Database DEBUG : Connecté à la base de données
13:54:28 Database DEBUG : Connecté à la base de données
13:54:28 Application INFO : Utilisateur connecté : marie.cauquil ( 20 )
13:54:28 Database DEBUG : Connecté à la base de données
13:54:29 Database DEBUG : Connecté à la base de données
13:59:08 Database DEBUG : Connecté à la base de données
14:00:02 Database DEBUG : Connecté à la base de données
14:00:02 Database DEBUG : Connecté à la base de données
14:00:09 Database DEBUG : Connecté à la base de données
14:00:09 Database DEBUG : Connecté à la base de données
14:00:12 Database DEBUG : Connecté à la base de données
14:00:12 Application INFO : Commande #102 créée par l'utilisateur 20
14:00:12 Database DEBUG : Connecté à la base de données
14:30:36 Database DEBUG : Connecté à la base de données
14:30:36 Database DEBUG : Connecté à la base de données
14:30:51 Database DEBUG : Connecté à la base de données
14:30:51 Application INFO : Administrateur connecté : lucie.fontaine ( 6 )
14:30:51 Database DEBUG : Connecté à la base de données
14:31:24 Database DEBUG : Connecté à la base de données
14:31:25 Database DEBUG : Connecté à la base de données
14:31:27 Database DEBUG : Connecté à la base de données
14:31:27 Application INFO : Réception validée avec succès par l'administrateur #6
14:32:56 Database DEBUG : Connecté à la base de données
