09:24:59 Database DEBUG : Connecté à la base de données
09:24:59 Database DEBUG : Connecté à la base de données
09:25:01 Database DEBUG : Connecté à la base de données
09:25:02 Application INFO : Administrateur connecté : lucie.fontaine ( 6 )
09:25:02 Database DEBUG : Connecté à la base de données
11:04:00 Database DEBUG : Connecté à la base de données
11:39:21 Database DEBUG : Connecté à la base de données
11:39:22 Database DEBUG : Connecté à la base de données
11:39:23 Database DEBUG : Connecté à la base de données
11:39:36 Database DEBUG : Connecté à la base de données
11:39:36 Application INFO : Coupe validée avec succès par l'administrateur #6
11:40:13 Database DEBUG : Connecté à la base de données
11:40:18 Database DEBUG : Connecté à la base de données
11:40:19 Database DEBUG : Connecté à la base de données
11:40:20 Database DEBUG : Connecté à la base de données
11:40:21 Database DEBUG : Connecté à la base de données
11:40:24 Database DEBUG : Connecté à la base de données
13:03:38 Database DEBUG : Connecté à la base de données
13:13:00 Database DEBUG : Connecté à la base de données
13:13:01 Database DEBUG : Connecté à la base de données
13:43:01 Database DEBUG : Connecté à la base de données
13:43:02 Database DEBUG : Connecté à la base de données
13:49:02 Database DEBUG : Connecté à la base de données
13:49:03 Database DEBUG : Connecté à la base de données
13:49:04 Database DEBUG : Connecté à la base de données
13:49:05 Database DEBUG : Connecté à la base de données
13:49:05 Mail DEBUG : Trying to send mail mail_commande_prete from histologie-i2mc@inserm.fr to Array
(
    [mail] => jean.personnaz@inserm.fr
    [name] => Jean Personnaz
)
.
13:49:06 Mail DEBUG : Mail envoyé.
13:49:06 Application INFO : Retour validée avec succès par l'administrateur #6
15:05:15 Database DEBUG : Connecté à la base de données
15:05:25 Database DEBUG : Connecté à la base de données
15:05:25 Application INFO : Utilisateur connecté : emilie.segura@live.fr ( 21 )
15:05:25 Database DEBUG : Connecté à la base de données
15:05:27 Database DEBUG : Connecté à la base de données
15:05:31 Database DEBUG : Connecté à la base de données
15:06:38 Database DEBUG : Connecté à la base de données
15:06:38 Database DEBUG : Connecté à la base de données
15:06:42 Database DEBUG : Connecté à la base de données
15:06:42 Database DEBUG : Connecté à la base de données
15:07:00 Database DEBUG : Connecté à la base de données
15:07:00 Database DEBUG : Connecté à la base de données
15:07:28 Database DEBUG : Connecté à la base de données
15:07:29 Application INFO : Commande #192 créée par l'utilisateur 21
15:07:29 Database DEBUG : Connecté à la base de données
15:16:08 Database DEBUG : Connecté à la base de données
15:16:09 Database DEBUG : Connecté à la base de données
15:16:09 Database DEBUG : Connecté à la base de données
15:16:10 Database DEBUG : Connecté à la base de données
15:16:13 Database DEBUG : Connecté à la base de données
15:16:13 Application INFO : Réception validée avec succès par l'administrateur #6
15:16:15 Database DEBUG : Connecté à la base de données
