08:01:30 Database DEBUG : Connecté à la base de données
08:01:34 Database DEBUG : Connecté à la base de données
08:12:08 Database DEBUG : Connecté à la base de données
08:12:08 Database DEBUG : Connecté à la base de données
08:12:11 Database DEBUG : Connecté à la base de données
08:12:11 Application INFO : Utilisateur connecté : alizee.dortignac@inserm.fr ( 22 )
08:12:11 Database DEBUG : Connecté à la base de données
08:12:12 Database DEBUG : Connecté à la base de données
08:12:15 Database DEBUG : Connecté à la base de données
08:13:18 Database DEBUG : Connecté à la base de données
08:13:23 Database DEBUG : Connecté à la base de données
08:13:28 Database DEBUG : Connecté à la base de données
08:13:29 Application INFO : Utilisateur connecté : jean.personnaz@inserm.fr ( 10 )
08:13:29 Database DEBUG : Connecté à la base de données
08:13:32 Database DEBUG : Connecté à la base de données
08:13:34 Database DEBUG : Connecté à la base de données
08:15:35 Database DEBUG : Connecté à la base de données
08:15:35 Database DEBUG : Connecté à la base de données
10:03:45 Database DEBUG : Connecté à la base de données
10:03:49 Database DEBUG : Connecté à la base de données
10:03:51 Database DEBUG : Connecté à la base de données
10:03:51 Application INFO : Utilisateur connecté : deborah.carper@inserm.fr ( 33 )
10:03:51 Database DEBUG : Connecté à la base de données
10:03:52 Database DEBUG : Connecté à la base de données
10:03:54 Database DEBUG : Connecté à la base de données
12:01:45 Database DEBUG : Connecté à la base de données
12:01:51 Database DEBUG : Connecté à la base de données
12:01:53 Database DEBUG : Connecté à la base de données
12:47:52 Database DEBUG : Connecté à la base de données
12:47:52 Database DEBUG : Connecté à la base de données
16:01:28 Database DEBUG : Connecté à la base de données
16:01:28 Database DEBUG : Connecté à la base de données
16:01:31 Database DEBUG : Connecté à la base de données
16:01:31 Application INFO : Administrateur connecté : lucie.fontaine ( 6 )
16:01:31 Database DEBUG : Connecté à la base de données
16:01:33 Database DEBUG : Connecté à la base de données
16:01:35 Database DEBUG : Connecté à la base de données
16:01:42 Database DEBUG : Connecté à la base de données
16:01:43 Application INFO : Inclusion validée avec succès par l'administrateur #6
16:01:45 Database DEBUG : Connecté à la base de données
16:01:50 Database DEBUG : Connecté à la base de données
16:01:54 Database DEBUG : Connecté à la base de données
16:01:54 Application INFO : Coloration validée avec succès par l'administrateur #6
16:01:56 Database DEBUG : Connecté à la base de données
16:01:59 Database DEBUG : Connecté à la base de données
16:02:00 Database DEBUG : Connecté à la base de données
16:02:23 Database DEBUG : Connecté à la base de données
