11:42:06 Database DEBUG : Connecté à la base de données
11:42:23 Database DEBUG : Connecté à la base de données
11:42:23 Application INFO : Utilisateur connecté : emilie.segura@inserm.fr ( 21 )
11:42:23 Database DEBUG : Connecté à la base de données
11:42:24 Database DEBUG : Connecté à la base de données
11:42:28 Database DEBUG : Connecté à la base de données
11:42:42 Database DEBUG : Connecté à la base de données
11:42:42 Database DEBUG : Connecté à la base de données
11:44:23 Database DEBUG : Connecté à la base de données
11:44:23 Database DEBUG : Connecté à la base de données
11:44:42 Database DEBUG : Connecté à la base de données
11:44:42 Database DEBUG : Connecté à la base de données
11:45:08 Database DEBUG : Connecté à la base de données
11:45:08 Application INFO : Commande #110 créée par l'utilisateur 21
11:45:08 Database DEBUG : Connecté à la base de données
12:17:37 Database DEBUG : Connecté à la base de données
12:17:38 Database DEBUG : Connecté à la base de données
12:17:40 Database DEBUG : Connecté à la base de données
12:17:48 Database DEBUG : Connecté à la base de données
12:17:48 Database DEBUG : Connecté à la base de données
12:17:57 Database DEBUG : Connecté à la base de données
12:17:57 Database DEBUG : Connecté à la base de données
12:18:08 Database DEBUG : Connecté à la base de données
12:18:08 Application INFO : Commande #111 créée par l'utilisateur 21
12:18:09 Database DEBUG : Connecté à la base de données
14:51:55 Database DEBUG : Connecté à la base de données
14:51:55 Database DEBUG : Connecté à la base de données
14:51:59 Database DEBUG : Connecté à la base de données
14:51:59 Application INFO : Administrateur connecté : lucie.fontaine ( 6 )
14:51:59 Database DEBUG : Connecté à la base de données
14:52:00 Database DEBUG : Connecté à la base de données
14:52:01 Database DEBUG : Connecté à la base de données
14:52:02 Database DEBUG : Connecté à la base de données
14:52:04 Database DEBUG : Connecté à la base de données
14:52:15 Database DEBUG : Connecté à la base de données
14:52:15 Application INFO : Coupe validée avec succès par l'administrateur #6
14:52:16 Database DEBUG : Connecté à la base de données
14:52:17 Database DEBUG : Connecté à la base de données
14:52:23 Database DEBUG : Connecté à la base de données
14:52:23 Mail DEBUG : Trying to send mail mail_commande_prete from histologie-i2mc@inserm.fr to Array
(
    [mail] => jean.personnaz@inserm.fr
    [name] => Jean Personnaz
)
.
14:52:23 Mail DEBUG : Mail envoyé.
14:52:23 Application INFO : Retour validée avec succès par l'administrateur #6
14:52:24 Database DEBUG : Connecté à la base de données
14:52:26 Database DEBUG : Connecté à la base de données
14:52:28 Database DEBUG : Connecté à la base de données
14:52:30 Database DEBUG : Connecté à la base de données
14:52:33 Database DEBUG : Connecté à la base de données
14:52:33 Application INFO : Réception validée avec succès par l'administrateur #6
14:52:35 Database DEBUG : Connecté à la base de données
14:52:36 Database DEBUG : Connecté à la base de données
14:52:53 Database DEBUG : Connecté à la base de données
14:52:54 Database DEBUG : Connecté à la base de données
15:05:38 Database DEBUG : Connecté à la base de données
15:10:58 Database DEBUG : Connecté à la base de données
15:11:01 Database DEBUG : Connecté à la base de données
15:11:02 Database DEBUG : Connecté à la base de données
15:11:05 Database DEBUG : Connecté à la base de données
15:13:13 Database DEBUG : Connecté à la base de données
15:13:13 Mail DEBUG : Trying to send mail mail_commande_prete from histologie-i2mc@inserm.fr to Array
(
    [mail] => jean-philippe.pradere@inserm.fr
    [name] => Jean-Philippe Pradere
)
.
15:13:13 Mail DEBUG : Mail envoyé.
15:13:13 Application INFO : Retour validée avec succès par l'administrateur #6
15:13:15 Database DEBUG : Connecté à la base de données
16:26:30 Database DEBUG : Connecté à la base de données
17:32:27 Database DEBUG : Connecté à la base de données
17:32:28 Database DEBUG : Connecté à la base de données
