10:24:11 Database DEBUG : Connecté à la base de données
10:24:11 Database DEBUG : Connecté à la base de données
10:24:14 Database DEBUG : Connecté à la base de données
10:24:15 Application INFO : Administrateur connecté : lucie.fontaine ( 6 )
10:24:15 Database DEBUG : Connecté à la base de données
10:24:16 Database DEBUG : Connecté à la base de données
10:24:19 Database DEBUG : Connecté à la base de données
10:25:28 Database DEBUG : Connecté à la base de données
10:25:28 Mail DEBUG : Trying to send mail mail_commande_prete from histologie-i2mc@inserm.fr to Array
(
    [mail] => sophie.branka@inserm.fr
    [name] => Sophie Branka
)
.
10:25:28 Mail DEBUG : Mail envoyé.
10:25:28 Application INFO : Retour validée avec succès par l'administrateur #6
10:26:37 Database DEBUG : Connecté à la base de données
10:26:37 Mail DEBUG : Trying to send mail mail_commande_prete from histologie-i2mc@inserm.fr to Array
(
    [mail] => sophie.branka@inserm.fr
    [name] => Sophie Branka
)
.
10:26:37 Mail DEBUG : Mail envoyé.
10:26:37 Application INFO : Retour validée avec succès par l'administrateur #6
11:09:48 Database DEBUG : Connecté à la base de données
