09:15:21 Database DEBUG : Connecté à la base de données
09:15:21 Database DEBUG : Connecté à la base de données
09:22:41 Database DEBUG : Connecté à la base de données
09:22:42 Application INFO : Utilisateur connecté : hugo.martinez ( 3 )
09:22:42 Database DEBUG : Connecté à la base de données
09:23:58 Database DEBUG : Connecté à la base de données
09:23:58 Database DEBUG : Connecté à la base de données
09:24:04 Database DEBUG : Connecté à la base de données
09:24:04 Application INFO : Administrateur connecté : aiesnow ( 1 )
09:24:04 Database DEBUG : Connecté à la base de données
09:24:14 Database DEBUG : Connecté à la base de données
09:30:08 Database DEBUG : Connecté à la base de données
09:30:09 Database DEBUG : Connecté à la base de données
09:30:35 Database DEBUG : Connecté à la base de données
09:30:59 Database DEBUG : Connecté à la base de données
09:31:03 Database DEBUG : Connecté à la base de données
09:31:33 Database DEBUG : Connecté à la base de données
09:33:43 Database DEBUG : Connecté à la base de données
09:41:08 Database DEBUG : Connecté à la base de données
09:41:15 Database DEBUG : Connecté à la base de données
10:35:55 Database DEBUG : Connecté à la base de données
10:36:23 Database DEBUG : Connecté à la base de données
10:36:39 Database DEBUG : Connecté à la base de données
10:36:57 Database DEBUG : Connecté à la base de données
10:39:01 Database DEBUG : Connecté à la base de données
10:39:07 Database DEBUG : Connecté à la base de données
10:39:07 Database DEBUG : Connecté à la base de données
10:39:31 Database DEBUG : Connecté à la base de données
10:39:37 Database DEBUG : Connecté à la base de données
10:39:37 Database ERROR : Requête incorrecte : DELETE FROM Administrateur WHERE idAdministrateur = ?
10:40:54 Database DEBUG : Connecté à la base de données
10:40:57 Database DEBUG : Connecté à la base de données
10:40:57 Database DEBUG : Connecté à la base de données
10:42:59 Database DEBUG : Connecté à la base de données
10:43:05 Database DEBUG : Connecté à la base de données
10:43:05 Database DEBUG : Connecté à la base de données
10:43:08 Database DEBUG : Connecté à la base de données
10:43:13 Database DEBUG : Connecté à la base de données
10:43:13 Database DEBUG : Connecté à la base de données
10:43:26 Database DEBUG : Connecté à la base de données
10:43:38 Database DEBUG : Connecté à la base de données
10:43:43 Database DEBUG : Connecté à la base de données
10:43:49 Database DEBUG : Connecté à la base de données
10:43:50 Application INFO : Administrateur connecté : test ( 4 )
10:43:50 Database DEBUG : Connecté à la base de données
10:43:53 Database DEBUG : Connecté à la base de données
10:49:57 Database DEBUG : Connecté à la base de données
10:50:01 Database DEBUG : Connecté à la base de données
10:50:06 Database DEBUG : Connecté à la base de données
10:50:33 Database DEBUG : Connecté à la base de données
10:50:47 Database DEBUG : Connecté à la base de données
10:50:47 Database DEBUG : Connecté à la base de données
10:50:56 Database DEBUG : Connecté à la base de données
10:51:05 Database DEBUG : Connecté à la base de données
10:51:09 Database DEBUG : Connecté à la base de données
10:51:09 Database DEBUG : Connecté à la base de données
10:51:14 Database DEBUG : Connecté à la base de données
10:51:14 Application INFO : Administrateur connecté : hugo.martinez ( 5 )
10:51:14 Database DEBUG : Connecté à la base de données
10:51:57 Database DEBUG : Connecté à la base de données
10:52:00 Database DEBUG : Connecté à la base de données
11:04:41 Database DEBUG : Connecté à la base de données
11:04:49 Database DEBUG : Connecté à la base de données
11:04:59 Database DEBUG : Connecté à la base de données
11:05:02 Database DEBUG : Connecté à la base de données
11:14:44 Database DEBUG : Connecté à la base de données
11:14:53 Database DEBUG : Connecté à la base de données
11:14:56 Database DEBUG : Connecté à la base de données
11:15:02 Database DEBUG : Connecté à la base de données
11:15:05 Database DEBUG : Connecté à la base de données
11:15:12 Database DEBUG : Connecté à la base de données
11:15:16 Database DEBUG : Connecté à la base de données
11:15:21 Database DEBUG : Connecté à la base de données
11:15:22 Database DEBUG : Connecté à la base de données
11:15:26 Database DEBUG : Connecté à la base de données
13:59:46 Database DEBUG : Connecté à la base de données
14:00:03 Database DEBUG : Connecté à la base de données
14:00:06 Database DEBUG : Connecté à la base de données
14:00:09 Database DEBUG : Connecté à la base de données
14:00:12 Database DEBUG : Connecté à la base de données
14:31:03 Database DEBUG : Connecté à la base de données
14:34:50 Database DEBUG : Connecté à la base de données
14:34:58 Database DEBUG : Connecté à la base de données
14:37:35 Database DEBUG : Connecté à la base de données
14:38:48 Database DEBUG : Connecté à la base de données
14:38:58 Database DEBUG : Connecté à la base de données
14:39:01 Database DEBUG : Connecté à la base de données
14:39:05 Database DEBUG : Connecté à la base de données
14:44:53 Database DEBUG : Connecté à la base de données
14:45:03 Database DEBUG : Connecté à la base de données
14:45:08 Database DEBUG : Connecté à la base de données
14:45:12 Database DEBUG : Connecté à la base de données
14:50:30 Database DEBUG : Connecté à la base de données
14:50:47 Database DEBUG : Connecté à la base de données
14:51:38 Database DEBUG : Connecté à la base de données
14:51:46 Database DEBUG : Connecté à la base de données
14:51:48 Database DEBUG : Connecté à la base de données
14:52:06 Database DEBUG : Connecté à la base de données
14:52:47 Database DEBUG : Connecté à la base de données
14:53:09 Database DEBUG : Connecté à la base de données
14:53:55 Database DEBUG : Connecté à la base de données
14:54:06 Database DEBUG : Connecté à la base de données
14:54:24 Database DEBUG : Connecté à la base de données
14:57:35 Database DEBUG : Connecté à la base de données
14:57:39 Database DEBUG : Connecté à la base de données
14:57:42 Database DEBUG : Connecté à la base de données
14:57:45 Database DEBUG : Connecté à la base de données
14:57:45 Application INFO : Réception validée avec succès par l'administrateur #5
14:57:48 Database DEBUG : Connecté à la base de données
14:58:06 Database DEBUG : Connecté à la base de données
14:58:17 Database DEBUG : Connecté à la base de données
14:58:17 Application INFO : Coupe validée avec succès par l'administrateur #5
14:58:20 Database DEBUG : Connecté à la base de données
14:58:22 Database DEBUG : Connecté à la base de données
14:58:28 Database DEBUG : Connecté à la base de données
14:58:28 Application INFO : Coloration validée avec succès par l'administrateur #5
14:58:30 Database DEBUG : Connecté à la base de données
14:58:33 Database DEBUG : Connecté à la base de données
14:58:38 Database DEBUG : Connecté à la base de données
14:58:38 Application INFO : Retour validée avec succès par l'administrateur #5
14:58:41 Database DEBUG : Connecté à la base de données
14:58:44 Database DEBUG : Connecté à la base de données
14:58:48 Database DEBUG : Connecté à la base de données
14:58:51 Database DEBUG : Connecté à la base de données
14:58:54 Database DEBUG : Connecté à la base de données
14:59:04 Database DEBUG : Connecté à la base de données
14:59:09 Database DEBUG : Connecté à la base de données
14:59:10 Database DEBUG : Connecté à la base de données
14:59:13 Database DEBUG : Connecté à la base de données
14:59:16 Database DEBUG : Connecté à la base de données
14:59:22 Database DEBUG : Connecté à la base de données
14:59:31 Database DEBUG : Connecté à la base de données
14:59:38 Database DEBUG : Connecté à la base de données
14:59:40 Database DEBUG : Connecté à la base de données
14:59:44 Database DEBUG : Connecté à la base de données
14:59:54 Database DEBUG : Connecté à la base de données
15:00:00 Database DEBUG : Connecté à la base de données
15:00:48 Database DEBUG : Connecté à la base de données
15:00:57 Database DEBUG : Connecté à la base de données
15:06:50 Database DEBUG : Connecté à la base de données
15:07:11 Database DEBUG : Connecté à la base de données
15:07:38 Database DEBUG : Connecté à la base de données
