11:34:50 Database DEBUG : Connecté à la base de données
11:34:50 Database DEBUG : Connecté à la base de données
11:34:51 Database DEBUG : Connecté à la base de données
11:34:52 Application INFO : Administrateur connecté : lucie.fontaine ( 6 )
11:34:52 Database DEBUG : Connecté à la base de données
11:34:55 Database DEBUG : Connecté à la base de données
11:34:56 Database DEBUG : Connecté à la base de données
11:35:04 Database DEBUG : Connecté à la base de données
11:35:04 Application INFO : Coupe validée avec succès par l'administrateur #6
11:35:10 Database DEBUG : Connecté à la base de données
11:35:13 Database DEBUG : Connecté à la base de données
11:35:25 Database DEBUG : Connecté à la base de données
11:35:28 Database DEBUG : Connecté à la base de données
13:31:11 Database DEBUG : Connecté à la base de données
13:31:22 Database DEBUG : Connecté à la base de données
13:31:22 Application INFO : Utilisateur connecté : emilie.segura@inserm.fr ( 21 )
13:31:22 Database DEBUG : Connecté à la base de données
13:31:23 Database DEBUG : Connecté à la base de données
13:31:26 Database DEBUG : Connecté à la base de données
13:39:24 Database DEBUG : Connecté à la base de données
13:39:24 Database DEBUG : Connecté à la base de données
13:39:29 Database DEBUG : Connecté à la base de données
13:39:29 Database DEBUG : Connecté à la base de données
13:39:45 Database DEBUG : Connecté à la base de données
13:39:45 Database DEBUG : Connecté à la base de données
13:40:12 Database DEBUG : Connecté à la base de données
13:40:12 Application INFO : Commande #41 créée par l'utilisateur 21
13:40:12 Database DEBUG : Connecté à la base de données
16:15:31 Database DEBUG : Connecté à la base de données
16:15:33 Database DEBUG : Connecté à la base de données
16:15:35 Database DEBUG : Connecté à la base de données
16:15:37 Database DEBUG : Connecté à la base de données
16:15:37 Application INFO : Réception validée avec succès par l'administrateur #6
16:15:41 Database DEBUG : Connecté à la base de données
16:23:42 Database DEBUG : Connecté à la base de données
16:23:42 Database DEBUG : Connecté à la base de données
16:24:02 Database DEBUG : Connecté à la base de données
16:24:03 Application INFO : Utilisateur connecté : myriam.rouahi@inserm.fr ( 25 )
16:24:03 Database DEBUG : Connecté à la base de données
16:24:05 Database DEBUG : Connecté à la base de données
16:24:08 Database DEBUG : Connecté à la base de données
16:29:53 Database DEBUG : Connecté à la base de données
16:29:53 Database DEBUG : Connecté à la base de données
16:35:59 Database DEBUG : Connecté à la base de données
16:35:59 Database DEBUG : Connecté à la base de données
16:46:16 Database DEBUG : Connecté à la base de données
16:46:18 Database DEBUG : Connecté à la base de données
16:46:20 Database DEBUG : Connecté à la base de données
16:46:27 Database DEBUG : Connecté à la base de données
16:46:27 Database DEBUG : Connecté à la base de données
16:46:30 Database DEBUG : Connecté à la base de données
16:46:30 Database DEBUG : Connecté à la base de données
16:46:51 Database DEBUG : Connecté à la base de données
16:46:51 Database DEBUG : Connecté à la base de données
16:47:00 Database DEBUG : Connecté à la base de données
16:47:00 Database DEBUG : Connecté à la base de données
16:47:37 Database DEBUG : Connecté à la base de données
16:47:37 Application INFO : Commande #42 créée par l'utilisateur 25
16:47:37 Database DEBUG : Connecté à la base de données
17:17:13 Database DEBUG : Connecté à la base de données
17:17:14 Database DEBUG : Connecté à la base de données
17:17:15 Database DEBUG : Connecté à la base de données
17:27:29 Database DEBUG : Connecté à la base de données
17:27:29 Application INFO : Réception validée avec succès par l'administrateur #6
17:27:36 Database DEBUG : Connecté à la base de données
17:27:37 Database DEBUG : Connecté à la base de données
