12:08:21 Database DEBUG : Connecté à la base de données
12:08:21 Database DEBUG : Connecté à la base de données
12:08:26 Database DEBUG : Connecté à la base de données
12:08:26 Application INFO : Administrateur connecté : lucie.fontaine ( 6 )
12:08:26 Database DEBUG : Connecté à la base de données
12:08:32 Database DEBUG : Connecté à la base de données
12:08:35 Database DEBUG : Connecté à la base de données
12:08:54 Database DEBUG : Connecté à la base de données
12:08:54 Application INFO : Coupe validée avec succès par l'administrateur #6
12:09:24 Database DEBUG : Connecté à la base de données
12:09:24 Application INFO : Coupe validée avec succès par l'administrateur #6
12:09:50 Database DEBUG : Connecté à la base de données
12:09:50 Application INFO : Coupe validée avec succès par l'administrateur #6
12:10:18 Database DEBUG : Connecté à la base de données
12:10:18 Application INFO : Coupe validée avec succès par l'administrateur #6
12:10:39 Database DEBUG : Connecté à la base de données
12:10:39 Application INFO : Coupe validée avec succès par l'administrateur #6
12:10:50 Database DEBUG : Connecté à la base de données
12:10:50 Application INFO : Coupe validée avec succès par l'administrateur #6
12:11:59 Database DEBUG : Connecté à la base de données
12:11:59 Application INFO : Coupe validée avec succès par l'administrateur #6
12:12:09 Database DEBUG : Connecté à la base de données
12:12:12 Database DEBUG : Connecté à la base de données
12:12:13 Database DEBUG : Connecté à la base de données
12:12:15 Database DEBUG : Connecté à la base de données
15:47:47 Database DEBUG : Connecté à la base de données
15:48:03 Database DEBUG : Connecté à la base de données
15:48:03 Application INFO : Utilisateur connecté : emilie.segura@inserm.fr ( 21 )
15:48:03 Database DEBUG : Connecté à la base de données
15:48:05 Database DEBUG : Connecté à la base de données
15:48:08 Database DEBUG : Connecté à la base de données
15:49:51 Database DEBUG : Connecté à la base de données
15:49:51 Database DEBUG : Connecté à la base de données
15:50:10 Database DEBUG : Connecté à la base de données
15:50:10 Database DEBUG : Connecté à la base de données
15:51:08 Database DEBUG : Connecté à la base de données
15:51:08 Application INFO : Commande #72 créée par l'utilisateur 21
15:51:08 Database DEBUG : Connecté à la base de données
16:16:40 Database DEBUG : Connecté à la base de données
16:16:47 Database DEBUG : Connecté à la base de données
16:16:48 Database DEBUG : Connecté à la base de données
16:16:50 Database DEBUG : Connecté à la base de données
16:16:50 Application INFO : Réception validée avec succès par l'administrateur #6
16:16:51 Database DEBUG : Connecté à la base de données
