09:29:25 Database DEBUG : Connecté à la base de données
09:29:25 Database DEBUG : Connecté à la base de données
09:31:41 Database DEBUG : Connecté à la base de données
09:31:41 Application INFO : Administrateur connecté : lucie.fontaine ( 6 )
09:31:41 Database DEBUG : Connecté à la base de données
09:31:42 Database DEBUG : Connecté à la base de données
10:47:44 Database DEBUG : Connecté à la base de données
10:47:49 Database DEBUG : Connecté à la base de données
10:47:51 Database DEBUG : Connecté à la base de données
10:47:51 Application INFO : Utilisateur connecté : enzo.piccolo ( 38 )
10:47:51 Database DEBUG : Connecté à la base de données
10:47:54 Database DEBUG : Connecté à la base de données
10:48:06 Database DEBUG : Connecté à la base de données
10:49:33 Database DEBUG : Connecté à la base de données
10:49:33 Database DEBUG : Connecté à la base de données
10:50:00 Database DEBUG : Connecté à la base de données
10:50:00 Database DEBUG : Connecté à la base de données
10:50:06 Database DEBUG : Connecté à la base de données
10:50:06 Application INFO : Commande #170 créée par l'utilisateur 38
10:50:06 Database DEBUG : Connecté à la base de données
11:31:33 Database DEBUG : Connecté à la base de données
11:31:34 Database DEBUG : Connecté à la base de données
11:31:35 Database DEBUG : Connecté à la base de données
11:31:38 Database DEBUG : Connecté à la base de données
11:31:38 Application INFO : Réception validée avec succès par l'administrateur #6
15:49:34 Database DEBUG : Connecté à la base de données
16:32:59 Database DEBUG : Connecté à la base de données
16:33:00 Database DEBUG : Connecté à la base de données
16:33:02 Database DEBUG : Connecté à la base de données
16:33:20 Database DEBUG : Connecté à la base de données
16:33:20 Application INFO : Coupe validée avec succès par l'administrateur #6
16:33:30 Database DEBUG : Connecté à la base de données
16:33:36 Database DEBUG : Connecté à la base de données
16:33:39 Database DEBUG : Connecté à la base de données
16:45:39 Database DEBUG : Connecté à la base de données
17:02:59 Database DEBUG : Connecté à la base de données
17:03:00 Database DEBUG : Connecté à la base de données
