10:48:25 Database DEBUG : Connecté à la base de données
10:48:25 Database DEBUG : Connecté à la base de données
10:48:45 Database DEBUG : Connecté à la base de données
10:48:45 Database DEBUG : Connecté à la base de données
10:49:12 Database DEBUG : Connecté à la base de données
10:49:17 Database DEBUG : Connecté à la base de données
10:49:21 Database DEBUG : Connecté à la base de données
10:49:22 Application INFO : Administrateur connecté : hugo.martinez ( 5 )
10:49:22 Database DEBUG : Connecté à la base de données
10:49:24 Database DEBUG : Connecté à la base de données
10:49:25 Database DEBUG : Connecté à la base de données
10:49:42 Database DEBUG : Connecté à la base de données
10:49:44 Database DEBUG : Connecté à la base de données
10:49:46 Database DEBUG : Connecté à la base de données
10:49:55 Database DEBUG : Connecté à la base de données
10:49:56 Database DEBUG : Connecté à la base de données
10:49:58 Database DEBUG : Connecté à la base de données
10:50:00 Database DEBUG : Connecté à la base de données
10:50:02 Database DEBUG : Connecté à la base de données
10:50:03 Database DEBUG : Connecté à la base de données
10:50:07 Database DEBUG : Connecté à la base de données
10:50:09 Database DEBUG : Connecté à la base de données
10:50:10 Database DEBUG : Connecté à la base de données
10:50:27 Database DEBUG : Connecté à la base de données
11:34:35 Database DEBUG : Connecté à la base de données
11:34:35 Database DEBUG : Connecté à la base de données
11:34:43 Database DEBUG : Connecté à la base de données
11:34:43 Database DEBUG : Connecté à la base de données
11:34:53 Database DEBUG : Connecté à la base de données
11:34:53 Application INFO : Administrateur connecté : hugo.martinez ( 5 )
11:34:53 Database DEBUG : Connecté à la base de données
11:34:54 Database DEBUG : Connecté à la base de données
11:34:56 Database DEBUG : Connecté à la base de données
11:34:57 Database DEBUG : Connecté à la base de données
11:42:50 Database DEBUG : Connecté à la base de données
12:15:52 Database DEBUG : Connecté à la base de données
12:15:57 Database DEBUG : Connecté à la base de données
12:15:57 Application INFO : Administrateur connecté : hugo.martinez ( 5 )
12:15:57 Database DEBUG : Connecté à la base de données
12:15:59 Database DEBUG : Connecté à la base de données
12:16:01 Database DEBUG : Connecté à la base de données
12:16:03 Database DEBUG : Connecté à la base de données
12:16:05 Database DEBUG : Connecté à la base de données
12:16:07 Database DEBUG : Connecté à la base de données
12:16:09 Database DEBUG : Connecté à la base de données
12:16:10 Database DEBUG : Connecté à la base de données
12:16:15 Database DEBUG : Connecté à la base de données
12:16:16 Database DEBUG : Connecté à la base de données
12:16:18 Database DEBUG : Connecté à la base de données
12:16:19 Database DEBUG : Connecté à la base de données
12:16:21 Database DEBUG : Connecté à la base de données
12:16:28 Database DEBUG : Connecté à la base de données
12:16:29 Database DEBUG : Connecté à la base de données
12:16:31 Database DEBUG : Connecté à la base de données
12:16:32 Database DEBUG : Connecté à la base de données
12:16:33 Database DEBUG : Connecté à la base de données
12:16:35 Database DEBUG : Connecté à la base de données
12:16:36 Database DEBUG : Connecté à la base de données
12:16:38 Database DEBUG : Connecté à la base de données
14:33:01 Database DEBUG : Connecté à la base de données
14:33:01 Database DEBUG : Connecté à la base de données
14:33:12 Database DEBUG : Connecté à la base de données
14:33:12 Application INFO : Utilisateur connecté : hugo.martinez ( 3 )
14:33:12 Database DEBUG : Connecté à la base de données
14:52:23 Database DEBUG : Connecté à la base de données
14:52:25 Database DEBUG : Connecté à la base de données
14:52:32 Database DEBUG : Connecté à la base de données
14:52:35 Database DEBUG : Connecté à la base de données
15:33:43 Database DEBUG : Connecté à la base de données
15:33:45 Database DEBUG : Connecté à la base de données
15:33:48 Database DEBUG : Connecté à la base de données
15:33:49 Database DEBUG : Connecté à la base de données
15:33:50 Database DEBUG : Connecté à la base de données
15:34:41 Database DEBUG : Connecté à la base de données
15:34:42 Database DEBUG : Connecté à la base de données
15:34:42 Database DEBUG : Connecté à la base de données
15:34:42 Database DEBUG : Connecté à la base de données
15:35:44 Database DEBUG : Connecté à la base de données
16:43:30 Database DEBUG : Connecté à la base de données
16:43:30 Database DEBUG : Connecté à la base de données
16:43:41 Database DEBUG : Connecté à la base de données
16:43:42 Application INFO : Utilisateur connecté : hugo.martinez ( 3 )
16:43:42 Database DEBUG : Connecté à la base de données
16:43:49 Database DEBUG : Connecté à la base de données
16:43:52 Database DEBUG : Connecté à la base de données
16:44:32 Database DEBUG : Connecté à la base de données
16:44:32 Database DEBUG : Connecté à la base de données
16:44:41 Database DEBUG : Connecté à la base de données
16:44:41 Database DEBUG : Connecté à la base de données
16:44:58 Database DEBUG : Connecté à la base de données
16:44:58 Database DEBUG : Connecté à la base de données
16:45:05 Database DEBUG : Connecté à la base de données
16:45:05 Database DEBUG : Connecté à la base de données
16:45:11 Database DEBUG : Connecté à la base de données
16:45:15 Database DEBUG : Connecté à la base de données
16:45:15 Database DEBUG : Connecté à la base de données
16:45:16 Database DEBUG : Connecté à la base de données
16:45:16 Database DEBUG : Connecté à la base de données
16:45:33 Database DEBUG : Connecté à la base de données
16:45:35 Database DEBUG : Connecté à la base de données
16:45:37 Database DEBUG : Connecté à la base de données
16:45:39 Database DEBUG : Connecté à la base de données
16:45:41 Database DEBUG : Connecté à la base de données
16:45:42 Database DEBUG : Connecté à la base de données
16:45:50 Database DEBUG : Connecté à la base de données
16:46:12 Database DEBUG : Connecté à la base de données
16:46:12 Database DEBUG : Connecté à la base de données
16:46:16 Database DEBUG : Connecté à la base de données
16:46:16 Application INFO : Administrateur connecté : hugo.martinez ( 5 )
16:46:16 Database DEBUG : Connecté à la base de données
16:46:30 Database DEBUG : Connecté à la base de données
16:46:36 Database DEBUG : Connecté à la base de données
16:46:37 Database DEBUG : Connecté à la base de données
16:46:40 Database DEBUG : Connecté à la base de données
16:46:57 Database DEBUG : Connecté à la base de données
16:47:02 Database DEBUG : Connecté à la base de données
16:47:09 Database DEBUG : Connecté à la base de données
16:47:10 Database DEBUG : Connecté à la base de données
16:47:19 Database DEBUG : Connecté à la base de données
16:47:21 Database DEBUG : Connecté à la base de données
16:47:22 Database DEBUG : Connecté à la base de données
16:47:40 Database DEBUG : Connecté à la base de données
16:47:42 Database DEBUG : Connecté à la base de données
16:47:44 Database DEBUG : Connecté à la base de données
16:47:45 Database DEBUG : Connecté à la base de données
16:47:52 Database DEBUG : Connecté à la base de données
16:47:53 Database DEBUG : Connecté à la base de données
16:47:58 Database DEBUG : Connecté à la base de données
16:47:59 Database DEBUG : Connecté à la base de données
16:48:10 Database DEBUG : Connecté à la base de données
16:48:12 Database DEBUG : Connecté à la base de données
16:48:14 Database DEBUG : Connecté à la base de données
16:48:34 Database DEBUG : Connecté à la base de données
16:48:35 Database DEBUG : Connecté à la base de données
16:54:48 Database DEBUG : Connecté à la base de données
16:54:55 Database DEBUG : Connecté à la base de données
16:54:55 Database DEBUG : Connecté à la base de données
16:55:00 Database DEBUG : Connecté à la base de données
16:55:00 Application INFO : Administrateur connecté : hugo.martinez ( 5 )
16:55:00 Database DEBUG : Connecté à la base de données
16:55:02 Database DEBUG : Connecté à la base de données
16:55:03 Database DEBUG : Connecté à la base de données
16:56:01 Database DEBUG : Connecté à la base de données
16:56:03 Database DEBUG : Connecté à la base de données
16:56:15 Database DEBUG : Connecté à la base de données
16:56:15 Database ERROR : Requête incorrecte : SELECT DISTINCT numCommande, commentairePlateau, u.nomUtilisateur, u.prenomUtilisateur
                             DATE_FORMAT(dateRetourCommande, "%d-%m-%Y") dateRetourCommande,
                             DATE_FORMAT(dateCommande, "%d-%m-%Y") dateCommande,
                             MIN(CASE
                                WHEN dateReceptionCommande IS NULL THEN "Non reçue"
                                WHEN dateRetourCommande IS NOT NULL THEN "Retournée"
                                WHEN l.idColoration IS NOT NULL AND l.dateColoration IS NULL THEN " Coloration"
                                WHEN e.epaisseurCoupes IS NOT NULL AND e.dateCoupe IS NULL THEN "  Coupe"
                                WHEN e.idInclusion IS NOT NULL AND e.dateInclusion IS NULL THEN "   Inclusion"
                                ELSE "En cours"
                             END) AS etat
                             FROM Commande c
                             LEFT JOIN Echantillon e ON c.idCommande = e.idCommande
                             LEFT JOIN Lame l ON e.idEchantillon = l.idEchantillon
                             INNER JOIN Utilisateur u ON u.idUtilisateur = c.idUtilisateur
                             INNER JOIN Equipe eq ON u.idEquipe = eq.idEquipe
                             INNER JOIN Centre ce ON ce.idCentre = eq.idCentre
                             WHERE numCommande LIKE ? AND CONCAT(ce.nomCentre, "-", eq.nomEquipe) LIKE ?
                             AND (CONCAT(u.nomUtilisateur, " ", u.prenomUtilisateur) LIKE ?
                             OR CONCAT(u.prenomUtilisateur, " ", u.nomUtilisateur) LIKE ?)
                             AND YEAR(c.dateCommande) LIKE ? AND e.identAnimalEchantillon LIKE ?
                             AND LEFT(c.numCommande, 1) = ?
                             GROUP BY numCommande, commentairePlateau, dateRetourCommande, dateCommande, u.nomUtilisateur, u.prenomUtilisateur
                             ORDER BY c.idCommande DESC
16:56:58 Database DEBUG : Connecté à la base de données
16:56:58 Database ERROR : Requête incorrecte : SELECT DISTINCT numCommande, commentairePlateau, u.nomUtilisateur, u.prenomUtilisateur
                             DATE_FORMAT(dateRetourCommande, "%d-%m-%Y") dateRetourCommande,
                             DATE_FORMAT(dateCommande, "%d-%m-%Y") dateCommande,
                             MIN(CASE
                                WHEN dateReceptionCommande IS NULL THEN "Non reçue"
                                WHEN dateRetourCommande IS NOT NULL THEN "Retournée"
                                WHEN l.idColoration IS NOT NULL AND l.dateColoration IS NULL THEN " Coloration"
                                WHEN e.epaisseurCoupes IS NOT NULL AND e.dateCoupe IS NULL THEN "  Coupe"
                                WHEN e.idInclusion IS NOT NULL AND e.dateInclusion IS NULL THEN "   Inclusion"
                                ELSE "En cours"
                             END) AS etat
                             FROM Commande c
                             LEFT JOIN Echantillon e ON c.idCommande = e.idCommande
                             LEFT JOIN Lame l ON e.idEchantillon = l.idEchantillon
                             INNER JOIN Utilisateur u ON u.idUtilisateur = c.idUtilisateur
                             INNER JOIN Equipe eq ON u.idEquipe = eq.idEquipe
                             INNER JOIN Centre ce ON ce.idCentre = eq.idCentre
                             WHERE numCommande LIKE ? AND CONCAT(ce.nomCentre, "-", eq.nomEquipe) LIKE ?
                             AND (CONCAT(u.nomUtilisateur, " ", u.prenomUtilisateur) LIKE ?
                             OR CONCAT(u.prenomUtilisateur, " ", u.nomUtilisateur) LIKE ?)
                             AND YEAR(c.dateCommande) LIKE ? AND e.identAnimalEchantillon LIKE ?
                             AND LEFT(c.numCommande, 1) = ?
                             GROUP BY numCommande, commentairePlateau, dateRetourCommande, dateCommande, nomUtilisateur, prenomUtilisateur
                             ORDER BY c.idCommande DESC
16:57:09 Database DEBUG : Connecté à la base de données
16:57:16 Database DEBUG : Connecté à la base de données
16:57:44 Database DEBUG : Connecté à la base de données
16:57:47 Database DEBUG : Connecté à la base de données
16:57:48 Database DEBUG : Connecté à la base de données
