08:46:05 Database DEBUG : Connecté à la base de données
08:46:10 Database DEBUG : Connecté à la base de données
08:46:11 Database DEBUG : Connecté à la base de données
08:46:12 Application INFO : Utilisateur connecté : deborah.carper@inserm.fr ( 33 )
08:46:12 Database DEBUG : Connecté à la base de données
08:46:17 Database DEBUG : Connecté à la base de données
08:46:21 Database DEBUG : Connecté à la base de données
08:46:28 Database DEBUG : Connecté à la base de données
08:46:30 Database DEBUG : Connecté à la base de données
08:46:36 Database DEBUG : Connecté à la base de données
08:46:38 Database DEBUG : Connecté à la base de données
08:46:43 Database DEBUG : Connecté à la base de données
08:46:46 Database DEBUG : Connecté à la base de données
08:47:00 Database DEBUG : Connecté à la base de données
08:47:44 Database DEBUG : Connecté à la base de données
08:48:40 Database DEBUG : Connecté à la base de données
08:48:40 Database DEBUG : Connecté à la base de données
08:52:10 Database DEBUG : Connecté à la base de données
08:52:10 Database DEBUG : Connecté à la base de données
08:52:21 Database DEBUG : Connecté à la base de données
08:52:21 Application INFO : Commande #119 créée par l'utilisateur 33
08:52:21 Database DEBUG : Connecté à la base de données
16:22:33 Database DEBUG : Connecté à la base de données
16:22:33 Database DEBUG : Connecté à la base de données
16:22:35 Database DEBUG : Connecté à la base de données
16:22:35 Application INFO : Administrateur connecté : lucie.fontaine ( 6 )
16:22:35 Database DEBUG : Connecté à la base de données
16:22:36 Database DEBUG : Connecté à la base de données
16:22:37 Database DEBUG : Connecté à la base de données
16:22:43 Database DEBUG : Connecté à la base de données
16:22:43 Application INFO : Réception validée avec succès par l'administrateur #6
16:22:46 Database DEBUG : Connecté à la base de données
16:22:48 Database DEBUG : Connecté à la base de données
16:23:21 Database DEBUG : Connecté à la base de données
16:23:21 Mail DEBUG : Trying to send mail mail_commande_prete from histologie-i2mc@inserm.fr to Array
(
    [mail] => etienne.mouisel@inserm.fr
    [name] => Etienne Mouisel
)
.
16:23:21 Mail DEBUG : Mail envoyé.
16:23:21 Application INFO : Retour validée avec succès par l'administrateur #6
16:23:24 Database DEBUG : Connecté à la base de données
