10:11:44 Database DEBUG : Connecté à la base de données
10:11:44 Database DEBUG : Connecté à la base de données
10:11:48 Database DEBUG : Connecté à la base de données
10:11:48 Application INFO : Administrateur connecté : lucie.fontaine ( 6 )
10:11:48 Database DEBUG : Connecté à la base de données
10:11:49 Database DEBUG : Connecté à la base de données
10:11:52 Database DEBUG : Connecté à la base de données
10:12:00 Database DEBUG : Connecté à la base de données
10:12:00 Mail DEBUG : Trying to send mail mail_commande_prete from histologie-i2mc@inserm.fr to Array
(
    [mail] => enzo.piccolo@inserm.fr
    [name] => Enzo Piccolo
)
.
10:12:01 Mail DEBUG : Mail envoyé.
10:12:01 Mail DEBUG : Trying to send mail mail_commande_prete from histologie-i2mc@inserm.fr to Array
(
    [mail] => enzo.piccolo@inserm.fr
    [name] => Enzo Piccolo
)
.
10:12:01 Mail DEBUG : Mail envoyé.
10:12:01 Mail DEBUG : Trying to send mail mail_commande_prete from histologie-i2mc@inserm.fr to Array
(
    [mail] => enzo.piccolo@inserm.fr
    [name] => Enzo Piccolo
)
.
10:12:01 Mail DEBUG : Mail envoyé.
10:12:01 Application INFO : Retour validée avec succès par l'administrateur #6
11:06:57 Database DEBUG : Connecté à la base de données
11:06:58 Database DEBUG : Connecté à la base de données
11:06:59 Database DEBUG : Connecté à la base de données
11:07:09 Database DEBUG : Connecté à la base de données
11:07:09 Application INFO : Inclusion validée avec succès par l'administrateur #6
12:03:07 Database DEBUG : Connecté à la base de données
12:03:12 Database DEBUG : Connecté à la base de données
12:03:14 Database DEBUG : Connecté à la base de données
12:03:14 Application INFO : Utilisateur connecté : enzo.piccolo ( 38 )
12:03:14 Database DEBUG : Connecté à la base de données
12:03:27 Database DEBUG : Connecté à la base de données
12:03:33 Database DEBUG : Connecté à la base de données
12:08:36 Database DEBUG : Connecté à la base de données
12:08:36 Database DEBUG : Connecté à la base de données
12:08:48 Database DEBUG : Connecté à la base de données
12:08:48 Database DEBUG : Connecté à la base de données
12:08:55 Database DEBUG : Connecté à la base de données
12:08:55 Application INFO : Commande #165 créée par l'utilisateur 38
12:08:55 Database DEBUG : Connecté à la base de données
12:17:21 Database DEBUG : Connecté à la base de données
12:17:23 Database DEBUG : Connecté à la base de données
12:17:24 Database DEBUG : Connecté à la base de données
12:17:25 Database DEBUG : Connecté à la base de données
12:17:26 Database DEBUG : Connecté à la base de données
12:17:28 Database DEBUG : Connecté à la base de données
12:17:33 Database DEBUG : Connecté à la base de données
12:17:33 Application INFO : Réception validée avec succès par l'administrateur #6
14:13:16 Database DEBUG : Connecté à la base de données
