09:15:34 Database DEBUG : Connecté à la base de données
09:15:34 Database DEBUG : Connecté à la base de données
09:17:01 Database DEBUG : Connecté à la base de données
09:17:01 Database DEBUG : Connecté à la base de données
09:17:02 Database DEBUG : Connecté à la base de données
09:17:02 Application INFO : Administrateur connecté : lucie.fontaine ( 6 )
09:17:02 Database DEBUG : Connecté à la base de données
09:17:07 Database DEBUG : Connecté à la base de données
10:25:48 Database DEBUG : Connecté à la base de données
10:26:00 Database DEBUG : Connecté à la base de données
10:26:01 Application INFO : Utilisateur connecté : maxime.branchereau@inserm.fr ( 43 )
10:26:01 Database DEBUG : Connecté à la base de données
10:26:07 Database DEBUG : Connecté à la base de données
10:30:28 Database DEBUG : Connecté à la base de données
10:33:10 Database DEBUG : Connecté à la base de données
10:33:10 Database DEBUG : Connecté à la base de données
10:33:37 Database DEBUG : Connecté à la base de données
10:33:37 Database DEBUG : Connecté à la base de données
10:33:53 Database DEBUG : Connecté à la base de données
10:33:53 Application INFO : Commande #197 créée par l'utilisateur 43
10:33:53 Database DEBUG : Connecté à la base de données
10:34:39 Database DEBUG : Connecté à la base de données
10:35:40 Database DEBUG : Connecté à la base de données
10:35:41 Database DEBUG : Connecté à la base de données
10:35:42 Database DEBUG : Connecté à la base de données
10:35:49 Database DEBUG : Connecté à la base de données
10:38:32 Database DEBUG : Connecté à la base de données
10:52:10 Database DEBUG : Connecté à la base de données
10:52:10 Database DEBUG : Connecté à la base de données
10:52:33 Database DEBUG : Connecté à la base de données
10:52:33 Database DEBUG : Connecté à la base de données
10:52:39 Database DEBUG : Connecté à la base de données
10:52:39 Application INFO : Commande #198 créée par l'utilisateur 43
10:52:39 Database DEBUG : Connecté à la base de données
10:52:46 Database DEBUG : Connecté à la base de données
11:10:48 Database DEBUG : Connecté à la base de données
11:10:48 Application INFO : Réception validée avec succès par l'administrateur #6
11:10:50 Database DEBUG : Connecté à la base de données
11:10:54 Database DEBUG : Connecté à la base de données
11:10:57 Database DEBUG : Connecté à la base de données
11:10:57 Application INFO : Réception validée avec succès par l'administrateur #6
11:10:58 Database DEBUG : Connecté à la base de données
11:11:43 Database DEBUG : Connecté à la base de données
14:38:49 Database DEBUG : Connecté à la base de données
14:38:50 Database DEBUG : Connecté à la base de données
14:38:51 Database DEBUG : Connecté à la base de données
15:59:54 Database DEBUG : Connecté à la base de données
16:04:30 Database DEBUG : Connecté à la base de données
