10:52:13 Database DEBUG : Connecté à la base de données
10:52:13 Database DEBUG : Connecté à la base de données
10:52:17 Database DEBUG : Connecté à la base de données
10:52:17 Application INFO : Administrateur connecté : lucie.fontaine ( 6 )
10:52:17 Database DEBUG : Connecté à la base de données
10:52:19 Database DEBUG : Connecté à la base de données
10:52:20 Database DEBUG : Connecté à la base de données
10:52:25 Database DEBUG : Connecté à la base de données
10:52:26 Database DEBUG : Connecté à la base de données
10:52:28 Database DEBUG : Connecté à la base de données
10:52:28 Application INFO : Inclusion validée avec succès par l'administrateur #6
10:52:29 Database DEBUG : Connecté à la base de données
10:52:32 Database DEBUG : Connecté à la base de données
10:52:35 Database DEBUG : Connecté à la base de données
10:52:35 Application INFO : Réception validée avec succès par l'administrateur #6
10:52:37 Database DEBUG : Connecté à la base de données
14:08:24 Database DEBUG : Connecté à la base de données
14:08:24 Database DEBUG : Connecté à la base de données
14:11:36 Database DEBUG : Connecté à la base de données
14:11:36 Database DEBUG : Connecté à la base de données
14:11:52 Database DEBUG : Connecté à la base de données
14:11:53 Application INFO : Utilisateur connecté : etienne.mouisel@inserm.fr ( 35 )
14:11:53 Database DEBUG : Connecté à la base de données
14:12:00 Database DEBUG : Connecté à la base de données
14:12:17 Database DEBUG : Connecté à la base de données
14:17:41 Database DEBUG : Connecté à la base de données
14:17:41 Database DEBUG : Connecté à la base de données
14:17:52 Database DEBUG : Connecté à la base de données
14:19:36 Database DEBUG : Connecté à la base de données
14:19:36 Database DEBUG : Connecté à la base de données
14:21:02 Database DEBUG : Connecté à la base de données
14:21:02 Database DEBUG : Connecté à la base de données
14:24:27 Database DEBUG : Connecté à la base de données
14:24:32 Database DEBUG : Connecté à la base de données
14:24:35 Database DEBUG : Connecté à la base de données
14:24:35 Application INFO : Utilisateur connecté : marie.marques@inserm.fr ( 29 )
14:24:35 Database DEBUG : Connecté à la base de données
14:24:58 Database DEBUG : Connecté à la base de données
14:25:07 Database DEBUG : Connecté à la base de données
14:25:07 Database DEBUG : Connecté à la base de données
14:25:55 Database DEBUG : Connecté à la base de données
14:25:57 Database DEBUG : Connecté à la base de données
14:26:42 Database DEBUG : Connecté à la base de données
14:26:42 Database DEBUG : Connecté à la base de données
14:26:45 Database DEBUG : Connecté à la base de données
14:26:45 Database DEBUG : Connecté à la base de données
14:27:08 Database DEBUG : Connecté à la base de données
14:27:08 Database DEBUG : Connecté à la base de données
14:27:26 Database DEBUG : Connecté à la base de données
14:27:26 Database DEBUG : Connecté à la base de données
14:28:23 Database DEBUG : Connecté à la base de données
14:28:23 Application INFO : Commande #115 créée par l'utilisateur 35
14:28:23 Database DEBUG : Connecté à la base de données
14:32:06 Database DEBUG : Connecté à la base de données
14:32:07 Database DEBUG : Connecté à la base de données
14:32:09 Database DEBUG : Connecté à la base de données
14:36:02 Database DEBUG : Connecté à la base de données
14:36:02 Application INFO : Réception validée avec succès par l'administrateur #6
14:37:33 Database DEBUG : Connecté à la base de données
14:37:36 Database DEBUG : Connecté à la base de données
14:37:51 Database DEBUG : Connecté à la base de données
14:37:51 Application INFO : Coupe validée avec succès par l'administrateur #6
14:42:40 Database DEBUG : Connecté à la base de données
14:42:51 Database DEBUG : Connecté à la base de données
14:42:52 Database DEBUG : Connecté à la base de données
14:42:57 Database DEBUG : Connecté à la base de données
14:43:14 Database DEBUG : Connecté à la base de données
14:43:15 Database DEBUG : Connecté à la base de données
14:57:32 Database DEBUG : Connecté à la base de données
15:17:40 Database DEBUG : Connecté à la base de données
15:17:50 Database DEBUG : Connecté à la base de données
15:17:53 Database DEBUG : Connecté à la base de données
15:18:02 Database DEBUG : Connecté à la base de données
15:18:02 Application INFO : Coupe validée avec succès par l'administrateur #6
16:01:19 Database DEBUG : Connecté à la base de données
16:01:19 Application INFO : Coupe validée avec succès par l'administrateur #6
16:01:23 Database DEBUG : Connecté à la base de données
16:01:26 Database DEBUG : Connecté à la base de données
