09:39:27 Database DEBUG : Connecté à la base de données
09:39:27 Database DEBUG : Connecté à la base de données
09:39:39 Database DEBUG : Connecté à la base de données
09:39:39 Application INFO : Administrateur connecté : lucie.fontaine ( 6 )
09:39:39 Database DEBUG : Connecté à la base de données
09:39:41 Database DEBUG : Connecté à la base de données
09:39:43 Database DEBUG : Connecté à la base de données
09:40:33 Database DEBUG : Connecté à la base de données
09:40:33 Mail DEBUG : Trying to send mail mail_commande_prete from histologie-i2mc@inserm.fr to Array
(
    [mail] => emilie.segura@inserm.fr
    [name] => Emilie Segura
)
.
09:40:33 Mail DEBUG : Mail envoyé.
09:40:33 Mail DEBUG : Trying to send mail mail_commande_prete from histologie-i2mc@inserm.fr to Array
(
    [mail] => gwendoline.astre@inserm.fr
    [name] => Gwendoline Astre
)
.
09:40:34 Mail DEBUG : Mail envoyé.
09:40:34 Application INFO : Retour validée avec succès par l'administrateur #6
09:40:36 Database DEBUG : Connecté à la base de données
11:21:00 Database DEBUG : Connecté à la base de données
11:21:05 Database DEBUG : Connecté à la base de données
11:21:05 Application INFO : Inclusion validée avec succès par l'administrateur #6
11:21:08 Database DEBUG : Connecté à la base de données
15:36:35 Database DEBUG : Connecté à la base de données
15:36:39 Database DEBUG : Connecté à la base de données
15:36:58 Database DEBUG : Connecté à la base de données
15:36:58 Application INFO : Utilisateur connecté : sophie.branka@inserm.fr ( 24 )
15:36:58 Database DEBUG : Connecté à la base de données
15:37:05 Database DEBUG : Connecté à la base de données
15:37:08 Database DEBUG : Connecté à la base de données
15:37:09 Database DEBUG : Connecté à la base de données
15:37:14 Database DEBUG : Connecté à la base de données
15:37:15 Database DEBUG : Connecté à la base de données
15:37:16 Database DEBUG : Connecté à la base de données
15:37:17 Database DEBUG : Connecté à la base de données
15:37:30 Database DEBUG : Connecté à la base de données
15:37:37 Database DEBUG : Connecté à la base de données
15:37:37 Database DEBUG : Connecté à la base de données
