10:26:15 Database DEBUG : Connecté à la base de données
10:26:20 Database DEBUG : Connecté à la base de données
10:26:34 Database DEBUG : Connecté à la base de données
10:26:35 Application INFO : Utilisateur connecté : xiaohui.tong@inserm.fr ( 34 )
10:26:35 Database DEBUG : Connecté à la base de données
10:26:39 Database DEBUG : Connecté à la base de données
10:26:45 Database DEBUG : Connecté à la base de données
10:29:41 Database DEBUG : Connecté à la base de données
10:29:41 Database DEBUG : Connecté à la base de données
10:31:11 Database DEBUG : Connecté à la base de données
10:31:11 Database DEBUG : Connecté à la base de données
10:35:06 Database DEBUG : Connecté à la base de données
10:35:07 Database DEBUG : Connecté à la base de données
10:35:08 Database DEBUG : Connecté à la base de données
10:35:09 Database DEBUG : Connecté à la base de données
11:00:52 Database DEBUG : Connecté à la base de données
11:00:53 Database DEBUG : Connecté à la base de données
11:01:06 Database DEBUG : Connecté à la base de données
11:01:06 Database DEBUG : Connecté à la base de données
11:01:23 Database DEBUG : Connecté à la base de données
11:01:23 Database DEBUG : Connecté à la base de données
11:01:47 Database DEBUG : Connecté à la base de données
11:01:47 Application INFO : Commande #112 créée par l'utilisateur 34
11:01:47 Database DEBUG : Connecté à la base de données
11:36:24 Database DEBUG : Connecté à la base de données
11:36:27 Database DEBUG : Connecté à la base de données
11:36:31 Database DEBUG : Connecté à la base de données
11:36:37 Database DEBUG : Connecté à la base de données
11:36:48 Database DEBUG : Connecté à la base de données
11:36:49 Database DEBUG : Connecté à la base de données
11:36:51 Database DEBUG : Connecté à la base de données
11:36:57 Database DEBUG : Connecté à la base de données
11:37:05 Database DEBUG : Connecté à la base de données
11:37:36 Database DEBUG : Connecté à la base de données
11:37:36 Database DEBUG : Connecté à la base de données
11:38:38 Database DEBUG : Connecté à la base de données
11:38:38 Database DEBUG : Connecté à la base de données
11:58:26 Database DEBUG : Connecté à la base de données
11:58:26 Database DEBUG : Connecté à la base de données
11:58:30 Database DEBUG : Connecté à la base de données
11:58:30 Application INFO : Administrateur connecté : lucie.fontaine ( 6 )
11:58:30 Database DEBUG : Connecté à la base de données
11:58:31 Database DEBUG : Connecté à la base de données
11:58:33 Database DEBUG : Connecté à la base de données
11:58:36 Database DEBUG : Connecté à la base de données
11:58:36 Application INFO : Réception validée avec succès par l'administrateur #6
11:58:37 Database DEBUG : Connecté à la base de données
11:58:45 Database DEBUG : Connecté à la base de données
11:58:53 Database DEBUG : Connecté à la base de données
12:00:40 Database DEBUG : Connecté à la base de données
15:05:51 Database DEBUG : Connecté à la base de données
16:51:01 Database DEBUG : Connecté à la base de données
16:51:06 Database DEBUG : Connecté à la base de données
16:51:09 Database DEBUG : Connecté à la base de données
16:51:09 Application INFO : Utilisateur connecté : gwendoline.astre@inserm.fr ( 15 )
16:51:09 Database DEBUG : Connecté à la base de données
16:51:11 Database DEBUG : Connecté à la base de données
16:51:14 Database DEBUG : Connecté à la base de données
16:51:55 Database DEBUG : Connecté à la base de données
16:51:55 Database DEBUG : Connecté à la base de données
16:52:12 Database DEBUG : Connecté à la base de données
16:52:12 Database DEBUG : Connecté à la base de données
16:52:16 Database DEBUG : Connecté à la base de données
16:52:16 Application INFO : Commande #113 créée par l'utilisateur 15
16:52:16 Database DEBUG : Connecté à la base de données
16:52:27 Database DEBUG : Connecté à la base de données
17:01:02 Database DEBUG : Connecté à la base de données
17:01:02 Database DEBUG : Connecté à la base de données
17:01:06 Database DEBUG : Connecté à la base de données
17:01:06 Application INFO : Administrateur connecté : lucie.fontaine ( 6 )
17:01:06 Database DEBUG : Connecté à la base de données
17:01:14 Database DEBUG : Connecté à la base de données
17:01:17 Database DEBUG : Connecté à la base de données
17:01:22 Database DEBUG : Connecté à la base de données
17:01:22 Application INFO : Réception validée avec succès par l'administrateur #6
17:02:05 Database DEBUG : Connecté à la base de données
17:04:36 Database DEBUG : Connecté à la base de données
17:04:41 Database DEBUG : Connecté à la base de données
17:04:56 Database DEBUG : Connecté à la base de données
17:04:57 Application INFO : Utilisateur connecté : jean.personnaz@inserm.fr ( 10 )
17:04:57 Database DEBUG : Connecté à la base de données
17:05:07 Database DEBUG : Connecté à la base de données
17:05:19 Database DEBUG : Connecté à la base de données
17:06:16 Database DEBUG : Connecté à la base de données
17:06:18 Database DEBUG : Connecté à la base de données
17:06:26 Database DEBUG : Connecté à la base de données
17:06:32 Database DEBUG : Connecté à la base de données
17:06:32 Database DEBUG : Connecté à la base de données
17:06:34 Database DEBUG : Connecté à la base de données
17:06:40 Database DEBUG : Connecté à la base de données
17:06:40 Database DEBUG : Connecté à la base de données
17:07:05 Database DEBUG : Connecté à la base de données
17:07:05 Database DEBUG : Connecté à la base de données
17:08:36 Database DEBUG : Connecté à la base de données
17:08:36 Database DEBUG : Connecté à la base de données
18:20:52 Database DEBUG : Connecté à la base de données
18:20:58 Database DEBUG : Connecté à la base de données
18:21:20 Database DEBUG : Connecté à la base de données
18:32:24 Database DEBUG : Connecté à la base de données
18:32:24 Database DEBUG : Connecté à la base de données
18:32:36 Database DEBUG : Connecté à la base de données
18:32:36 Database DEBUG : Connecté à la base de données
18:32:40 Database DEBUG : Connecté à la base de données
18:32:40 Application INFO : Commande #114 créée par l'utilisateur 15
18:32:40 Database DEBUG : Connecté à la base de données
18:33:58 Database DEBUG : Connecté à la base de données
