08:52:58 Database DEBUG : Connecté à la base de données
08:53:12 Database DEBUG : Connecté à la base de données
08:53:13 Application INFO : Utilisateur connecté : jean.personnaz@inserm.fr ( 10 )
08:53:13 Database DEBUG : Connecté à la base de données
08:53:21 Database DEBUG : Connecté à la base de données
09:02:09 Database DEBUG : Connecté à la base de données
09:04:58 Database DEBUG : Connecté à la base de données
09:04:58 Database DEBUG : Connecté à la base de données
09:05:13 Database DEBUG : Connecté à la base de données
09:05:13 Database DEBUG : Connecté à la base de données
09:05:29 Database DEBUG : Connecté à la base de données
09:05:29 Application INFO : Commande #90 créée par l'utilisateur 10
09:05:29 Database DEBUG : Connecté à la base de données
09:05:58 Database DEBUG : Connecté à la base de données
09:06:00 Database DEBUG : Connecté à la base de données
09:06:32 Database DEBUG : Connecté à la base de données
09:08:27 Database DEBUG : Connecté à la base de données
09:08:27 Database DEBUG : Connecté à la base de données
09:08:40 Database DEBUG : Connecté à la base de données
09:08:40 Database DEBUG : Connecté à la base de données
09:09:23 Database DEBUG : Connecté à la base de données
09:09:23 Application INFO : Commande #91 créée par l'utilisateur 10
09:09:23 Database DEBUG : Connecté à la base de données
09:09:30 Database DEBUG : Connecté à la base de données
09:10:43 Database DEBUG : Connecté à la base de données
09:10:49 Database DEBUG : Connecté à la base de données
09:12:05 Database DEBUG : Connecté à la base de données
09:12:05 Database DEBUG : Connecté à la base de données
09:12:17 Database DEBUG : Connecté à la base de données
09:12:17 Database DEBUG : Connecté à la base de données
09:12:39 Database DEBUG : Connecté à la base de données
09:12:39 Application INFO : Commande #92 créée par l'utilisateur 10
09:12:39 Database DEBUG : Connecté à la base de données
09:13:06 Database DEBUG : Connecté à la base de données
09:13:07 Database DEBUG : Connecté à la base de données
09:13:15 Database DEBUG : Connecté à la base de données
09:14:52 Database DEBUG : Connecté à la base de données
09:14:52 Database DEBUG : Connecté à la base de données
09:15:09 Database DEBUG : Connecté à la base de données
09:15:09 Database DEBUG : Connecté à la base de données
09:15:33 Database DEBUG : Connecté à la base de données
09:15:33 Application INFO : Commande #93 créée par l'utilisateur 10
09:15:33 Database DEBUG : Connecté à la base de données
09:16:12 Database DEBUG : Connecté à la base de données
09:16:30 Database DEBUG : Connecté à la base de données
09:16:32 Database DEBUG : Connecté à la base de données
09:17:30 Database DEBUG : Connecté à la base de données
09:17:30 Database DEBUG : Connecté à la base de données
09:17:44 Database DEBUG : Connecté à la base de données
09:17:44 Database DEBUG : Connecté à la base de données
09:18:07 Database DEBUG : Connecté à la base de données
09:18:07 Application INFO : Commande #94 créée par l'utilisateur 10
09:18:07 Database DEBUG : Connecté à la base de données
09:18:23 Database DEBUG : Connecté à la base de données
09:18:25 Database DEBUG : Connecté à la base de données
09:18:29 Database DEBUG : Connecté à la base de données
09:19:23 Database DEBUG : Connecté à la base de données
09:19:23 Database DEBUG : Connecté à la base de données
09:19:33 Database DEBUG : Connecté à la base de données
09:19:33 Database DEBUG : Connecté à la base de données
09:19:56 Database DEBUG : Connecté à la base de données
09:19:56 Application INFO : Commande #95 créée par l'utilisateur 10
09:19:56 Database DEBUG : Connecté à la base de données
09:20:17 Database DEBUG : Connecté à la base de données
14:45:41 Database DEBUG : Connecté à la base de données
14:45:41 Database DEBUG : Connecté à la base de données
14:45:45 Database DEBUG : Connecté à la base de données
14:45:45 Application INFO : Administrateur connecté : lucie.fontaine ( 6 )
14:45:45 Database DEBUG : Connecté à la base de données
14:47:56 Database DEBUG : Connecté à la base de données
14:47:58 Database DEBUG : Connecté à la base de données
14:58:23 Database DEBUG : Connecté à la base de données
14:58:23 Mail DEBUG : Trying to send mail mail_commande_prete from histologie-i2mc@inserm.fr to Array
(
    [mail] => jean.personnaz@inserm.fr
    [name] => Jean Personnaz
)
.
14:58:23 Mail DEBUG : Mail envoyé.
14:58:23 Mail DEBUG : Trying to send mail mail_commande_prete from histologie-i2mc@inserm.fr to Array
(
    [mail] => myriam.rouahi@inserm.fr
    [name] => Myriam Rouahi
)
.
14:58:23 Mail DEBUG : Mail envoyé.
14:58:23 Mail DEBUG : Trying to send mail mail_commande_prete from histologie-i2mc@inserm.fr to Array
(
    [mail] => jean.personnaz@inserm.fr
    [name] => Jean Personnaz
)
.
14:58:23 Mail DEBUG : Mail envoyé.
14:58:23 Mail DEBUG : Trying to send mail mail_commande_prete from histologie-i2mc@inserm.fr to Array
(
    [mail] => myriam.rouahi@inserm.fr
    [name] => Myriam Rouahi
)
.
14:58:23 Mail DEBUG : Mail envoyé.
14:58:23 Application INFO : Retour validée avec succès par l'administrateur #6
14:58:27 Database DEBUG : Connecté à la base de données
14:58:29 Database DEBUG : Connecté à la base de données
14:58:31 Database DEBUG : Connecté à la base de données
14:58:33 Database DEBUG : Connecté à la base de données
14:58:34 Database DEBUG : Connecté à la base de données
15:01:48 Database DEBUG : Connecté à la base de données
15:01:52 Database DEBUG : Connecté à la base de données
15:03:15 Database DEBUG : Connecté à la base de données
15:03:17 Database DEBUG : Connecté à la base de données
15:03:20 Database DEBUG : Connecté à la base de données
15:03:21 Database DEBUG : Connecté à la base de données
15:03:26 Database DEBUG : Connecté à la base de données
15:03:26 Database DEBUG : Connecté à la base de données
15:03:28 Database DEBUG : Connecté à la base de données
15:15:21 Database DEBUG : Connecté à la base de données
15:15:21 Application INFO : Réception validée avec succès par l'administrateur #6
15:15:33 Database DEBUG : Connecté à la base de données
15:15:36 Database DEBUG : Connecté à la base de données
15:15:37 Database DEBUG : Connecté à la base de données
15:16:47 Database DEBUG : Connecté à la base de données
