12:16:38 Database DEBUG : Connecté à la base de données
12:16:47 Database DEBUG : Connecté à la base de données
12:16:48 Application INFO : Utilisateur connecté : gwendoline.astre@inserm.fr ( 15 )
12:16:48 Database DEBUG : Connecté à la base de données
12:16:50 Database DEBUG : Connecté à la base de données
12:25:46 Database DEBUG : Connecté à la base de données
12:26:48 Database DEBUG : Connecté à la base de données
12:26:48 Database DEBUG : Connecté à la base de données
12:28:17 Database DEBUG : Connecté à la base de données
12:28:17 Database DEBUG : Connecté à la base de données
12:28:34 Database DEBUG : Connecté à la base de données
12:28:34 Application INFO : Commande #29 créée par l'utilisateur 15
12:28:35 Database DEBUG : Connecté à la base de données
12:28:46 Database DEBUG : Connecté à la base de données
13:18:09 Database DEBUG : Connecté à la base de données
13:18:09 Database DEBUG : Connecté à la base de données
13:18:11 Database DEBUG : Connecté à la base de données
13:18:11 Application INFO : Administrateur connecté : lucie.fontaine ( 6 )
13:18:11 Database DEBUG : Connecté à la base de données
13:18:13 Database DEBUG : Connecté à la base de données
13:18:14 Database DEBUG : Connecté à la base de données
13:18:24 Database DEBUG : Connecté à la base de données
13:18:24 Application INFO : Réception validée avec succès par l'administrateur #6
13:18:30 Database DEBUG : Connecté à la base de données
13:18:39 Database DEBUG : Connecté à la base de données
13:18:41 Database DEBUG : Connecté à la base de données
13:18:41 Application INFO : Inclusion validée avec succès par l'administrateur #6
13:20:19 Database DEBUG : Connecté à la base de données
