09:10:44 Database DEBUG : Connecté à la base de données
09:10:44 Database DEBUG : Connecté à la base de données
09:10:55 Database DEBUG : Connecté à la base de données
09:10:56 Application INFO : Utilisateur connecté : hugo.martinez ( 3 )
09:10:56 Database DEBUG : Connecté à la base de données
09:11:35 Database DEBUG : Connecté à la base de données
09:11:39 Database DEBUG : Connecté à la base de données
09:12:03 Database DEBUG : Connecté à la base de données
09:12:03 Database DEBUG : Connecté à la base de données
09:12:43 Database DEBUG : Connecté à la base de données
09:15:18 Database DEBUG : Connecté à la base de données
09:15:18 Database DEBUG : Connecté à la base de données
09:15:23 Database DEBUG : Connecté à la base de données
09:17:18 Database DEBUG : Connecté à la base de données
09:17:18 Database DEBUG : Connecté à la base de données
09:17:38 Database DEBUG : Connecté à la base de données
09:17:38 Database DEBUG : Connecté à la base de données
09:17:44 Database DEBUG : Connecté à la base de données
09:17:45 Application INFO : Administrateur connecté : aiesnow ( 1 )
09:17:45 Database DEBUG : Connecté à la base de données
09:17:59 Database DEBUG : Connecté à la base de données
09:18:35 Database DEBUG : Connecté à la base de données
09:18:35 Database DEBUG : Connecté à la base de données
09:18:51 Database DEBUG : Connecté à la base de données
09:19:03 Database DEBUG : Connecté à la base de données
09:19:07 Database DEBUG : Connecté à la base de données
09:19:07 Database DEBUG : Connecté à la base de données
09:19:11 Database DEBUG : Connecté à la base de données
09:19:11 Database DEBUG : Connecté à la base de données
09:19:14 Database DEBUG : Connecté à la base de données
09:19:14 Database DEBUG : Connecté à la base de données
09:19:48 Database DEBUG : Connecté à la base de données
09:19:48 Database DEBUG : Connecté à la base de données
09:24:08 Database DEBUG : Connecté à la base de données
09:29:17 Database DEBUG : Connecté à la base de données
09:29:28 Database DEBUG : Connecté à la base de données
09:29:29 Application INFO : Utilisateur connecté : hugo.martinez ( 3 )
09:29:29 Database DEBUG : Connecté à la base de données
09:29:31 Database DEBUG : Connecté à la base de données
09:29:41 Database DEBUG : Connecté à la base de données
09:29:58 Database DEBUG : Connecté à la base de données
09:29:58 Database DEBUG : Connecté à la base de données
09:30:04 Database DEBUG : Connecté à la base de données
09:30:07 Database DEBUG : Connecté à la base de données
09:30:07 Database DEBUG : Connecté à la base de données
09:33:59 Database DEBUG : Connecté à la base de données
09:33:59 Database DEBUG : Connecté à la base de données
09:34:03 Database DEBUG : Connecté à la base de données
09:34:03 Database DEBUG : Connecté à la base de données
09:34:09 Database DEBUG : Connecté à la base de données
09:34:09 Database DEBUG : Connecté à la base de données
09:37:38 Database DEBUG : Connecté à la base de données
09:37:38 Database DEBUG : Connecté à la base de données
09:37:45 Database DEBUG : Connecté à la base de données
09:37:45 Application INFO : Administrateur connecté : aiesnow ( 1 )
09:37:45 Database DEBUG : Connecté à la base de données
09:37:51 Database DEBUG : Connecté à la base de données
09:38:37 Database DEBUG : Connecté à la base de données
09:39:08 Database DEBUG : Connecté à la base de données
09:39:13 Database DEBUG : Connecté à la base de données
09:39:13 Database DEBUG : Connecté à la base de données
09:39:15 Database DEBUG : Connecté à la base de données
09:42:11 Database DEBUG : Connecté à la base de données
09:42:20 Database DEBUG : Connecté à la base de données
09:42:22 Database DEBUG : Connecté à la base de données
09:42:22 Database DEBUG : Connecté à la base de données
09:42:26 Database DEBUG : Connecté à la base de données
09:42:34 Database DEBUG : Connecté à la base de données
09:42:37 Database DEBUG : Connecté à la base de données
09:42:37 Database DEBUG : Connecté à la base de données
09:42:40 Database DEBUG : Connecté à la base de données
09:42:42 Database DEBUG : Connecté à la base de données
09:42:42 Database DEBUG : Connecté à la base de données
09:42:44 Database DEBUG : Connecté à la base de données
09:44:24 Database DEBUG : Connecté à la base de données
10:00:36 Database DEBUG : Connecté à la base de données
10:00:44 Database DEBUG : Connecté à la base de données
10:00:59 Database DEBUG : Connecté à la base de données
10:01:16 Database DEBUG : Connecté à la base de données
10:04:24 Database DEBUG : Connecté à la base de données
10:05:37 Database DEBUG : Connecté à la base de données
10:08:23 Database DEBUG : Connecté à la base de données
10:09:28 Database DEBUG : Connecté à la base de données
10:09:29 Database DEBUG : Connecté à la base de données
10:09:52 Database DEBUG : Connecté à la base de données
10:09:57 Database DEBUG : Connecté à la base de données
10:25:10 Database DEBUG : Connecté à la base de données
10:26:02 Database DEBUG : Connecté à la base de données
10:26:15 Database DEBUG : Connecté à la base de données
10:26:26 Database DEBUG : Connecté à la base de données
10:26:37 Database DEBUG : Connecté à la base de données
10:26:54 Database DEBUG : Connecté à la base de données
10:27:30 Database DEBUG : Connecté à la base de données
10:27:36 Database DEBUG : Connecté à la base de données
10:28:27 Database DEBUG : Connecté à la base de données
10:28:51 Database DEBUG : Connecté à la base de données
10:28:53 Database DEBUG : Connecté à la base de données
10:29:02 Database DEBUG : Connecté à la base de données
10:29:04 Database DEBUG : Connecté à la base de données
10:29:05 Database DEBUG : Connecté à la base de données
10:29:13 Database DEBUG : Connecté à la base de données
10:29:13 Database DEBUG : Connecté à la base de données
10:29:16 Database DEBUG : Connecté à la base de données
10:29:16 Database DEBUG : Connecté à la base de données
10:32:54 Database DEBUG : Connecté à la base de données
10:33:25 Database DEBUG : Connecté à la base de données
10:33:25 Database DEBUG : Connecté à la base de données
10:33:25 Database DEBUG : Connecté à la base de données
10:33:27 Database DEBUG : Connecté à la base de données
10:33:27 Database DEBUG : Connecté à la base de données
10:33:27 Database DEBUG : Connecté à la base de données
10:33:29 Database DEBUG : Connecté à la base de données
10:33:29 Database DEBUG : Connecté à la base de données
10:33:29 Database DEBUG : Connecté à la base de données
10:33:31 Database DEBUG : Connecté à la base de données
10:33:31 Database DEBUG : Connecté à la base de données
10:33:31 Database DEBUG : Connecté à la base de données
10:33:39 Database DEBUG : Connecté à la base de données
10:33:39 Database DEBUG : Connecté à la base de données
10:33:39 Database DEBUG : Connecté à la base de données
10:34:39 Database DEBUG : Connecté à la base de données
10:34:39 Database DEBUG : Connecté à la base de données
10:35:05 Database DEBUG : Connecté à la base de données
10:35:05 Database DEBUG : Connecté à la base de données
10:35:17 Database DEBUG : Connecté à la base de données
10:35:30 Database DEBUG : Connecté à la base de données
10:35:32 Database DEBUG : Connecté à la base de données
10:35:36 Database DEBUG : Connecté à la base de données
10:54:21 Database DEBUG : Connecté à la base de données
10:54:41 Database DEBUG : Connecté à la base de données
10:54:48 Database DEBUG : Connecté à la base de données
10:54:51 Database DEBUG : Connecté à la base de données
10:54:51 Database DEBUG : Connecté à la base de données
10:54:52 Database DEBUG : Connecté à la base de données
10:55:50 Database DEBUG : Connecté à la base de données
10:55:53 Database DEBUG : Connecté à la base de données
10:55:53 Database DEBUG : Connecté à la base de données
10:55:56 Database DEBUG : Connecté à la base de données
10:56:18 Database DEBUG : Connecté à la base de données
10:56:19 Database DEBUG : Connecté à la base de données
10:56:20 Database DEBUG : Connecté à la base de données
10:56:21 Database DEBUG : Connecté à la base de données
10:56:38 Database DEBUG : Connecté à la base de données
11:01:16 Database DEBUG : Connecté à la base de données
11:22:10 Database DEBUG : Connecté à la base de données
11:22:56 Database DEBUG : Connecté à la base de données
11:23:40 Database DEBUG : Connecté à la base de données
11:24:10 Database DEBUG : Connecté à la base de données
11:27:10 Database DEBUG : Connecté à la base de données
11:29:51 Database DEBUG : Connecté à la base de données
11:30:04 Database DEBUG : Connecté à la base de données
11:30:10 Database DEBUG : Connecté à la base de données
11:30:32 Database DEBUG : Connecté à la base de données
11:31:46 Database DEBUG : Connecté à la base de données
11:34:29 Database DEBUG : Connecté à la base de données
11:35:04 Database DEBUG : Connecté à la base de données
11:35:15 Database DEBUG : Connecté à la base de données
11:35:17 Database DEBUG : Connecté à la base de données
11:35:56 Database DEBUG : Connecté à la base de données
11:35:58 Database DEBUG : Connecté à la base de données
11:36:03 Database DEBUG : Connecté à la base de données
11:36:46 Database DEBUG : Connecté à la base de données
11:37:25 Database DEBUG : Connecté à la base de données
11:37:43 Database DEBUG : Connecté à la base de données
11:37:47 Database DEBUG : Connecté à la base de données
11:37:53 Database DEBUG : Connecté à la base de données
11:37:55 Database DEBUG : Connecté à la base de données
11:39:03 Database DEBUG : Connecté à la base de données
11:39:13 Database DEBUG : Connecté à la base de données
11:44:07 Database DEBUG : Connecté à la base de données
11:44:28 Database DEBUG : Connecté à la base de données
11:44:48 Database DEBUG : Connecté à la base de données
11:45:53 Database DEBUG : Connecté à la base de données
11:45:58 Database DEBUG : Connecté à la base de données
11:46:45 Database DEBUG : Connecté à la base de données
11:46:49 Database DEBUG : Connecté à la base de données
11:46:51 Database DEBUG : Connecté à la base de données
11:46:53 Database DEBUG : Connecté à la base de données
11:46:55 Database DEBUG : Connecté à la base de données
11:46:59 Database DEBUG : Connecté à la base de données
11:47:09 Database DEBUG : Connecté à la base de données
11:47:11 Database DEBUG : Connecté à la base de données
11:47:13 Database DEBUG : Connecté à la base de données
11:50:39 Database DEBUG : Connecté à la base de données
11:50:43 Database DEBUG : Connecté à la base de données
11:50:43 Database ERROR : Requête incorrecte : UPDATE Echantillon SET dateCoupe = ? WHERE id = ?
11:51:02 Database DEBUG : Connecté à la base de données
11:51:04 Database DEBUG : Connecté à la base de données
11:51:06 Database DEBUG : Connecté à la base de données
11:52:32 Database DEBUG : Connecté à la base de données
11:52:53 Database DEBUG : Connecté à la base de données
11:52:56 Database DEBUG : Connecté à la base de données
11:52:59 Database DEBUG : Connecté à la base de données
11:53:02 Database DEBUG : Connecté à la base de données
11:53:04 Database DEBUG : Connecté à la base de données
11:53:29 Database DEBUG : Connecté à la base de données
11:53:30 Database DEBUG : Connecté à la base de données
11:53:43 Database DEBUG : Connecté à la base de données
11:53:50 Database DEBUG : Connecté à la base de données
12:04:32 Database DEBUG : Connecté à la base de données
12:04:40 Database DEBUG : Connecté à la base de données
12:05:00 Database DEBUG : Connecté à la base de données
12:05:06 Database DEBUG : Connecté à la base de données
12:05:13 Database DEBUG : Connecté à la base de données
12:05:18 Database DEBUG : Connecté à la base de données
12:05:25 Database DEBUG : Connecté à la base de données
12:05:31 Database DEBUG : Connecté à la base de données
12:05:33 Database DEBUG : Connecté à la base de données
12:15:09 Database DEBUG : Connecté à la base de données
12:15:09 Database ERROR : Requête incorrecte : SELECT COUNT(*) nbCommandes FROM Commande
                                WHERE dateReceptionCommande IS NULL AND LEFT(c.numCommande, 1) = ?
                                ORDER BY dateCommande
12:16:58 Database DEBUG : Connecté à la base de données
12:16:58 Database ERROR : Requête incorrecte : SELECT COUNT(*) nbCommandes FROM Commande
                                WHERE dateReceptionCommande IS NULL AND LEFT(c.numCommande, 1) = ?
                                ORDER BY dateCommande
12:17:05 Database DEBUG : Connecté à la base de données
12:17:05 Database ERROR : Requête incorrecte : SELECT COUNT(*) nbCommandes FROM Commande
                                WHERE dateReceptionCommande IS NULL AND LEFT(c.numCommande, 1) = ?
                                ORDER BY dateCommande
12:19:28 Database DEBUG : Connecté à la base de données
12:19:28 Database ERROR : Requête incorrecte : SELECT COUNT(*) nbCommandes FROM Commande
                                WHERE dateReceptionCommande IS NULL AND LEFT(c.numCommande, 1) = ?
                                ORDER BY dateCommande
12:19:48 Database DEBUG : Connecté à la base de données
12:19:48 Database ERROR : Requête incorrecte : SELECT COUNT(*) nbCommandes FROM Commande
                                WHERE dateReceptionCommande IS NULL AND LEFT(c.numCommande, 1) = ?
                                ORDER BY dateCommande
12:19:51 Database DEBUG : Connecté à la base de données
12:27:07 Database DEBUG : Connecté à la base de données
12:27:07 Database ERROR : Requête incorrecte : SELECT COUNT(*) nbCommandes FROM Commande
                                WHERE dateReceptionCommande IS NULL AND LEFT(c.numCommande, 1) = ?
                                ORDER BY dateCommande
12:27:19 Database DEBUG : Connecté à la base de données
12:27:19 Database ERROR : Requête incorrecte : SELECT COUNT(*) nbCommandes FROM Commande
                                WHERE dateReceptionCommande IS NULL AND LEFT(c.numCommande, 1) = ?
                                ORDER BY dateCommande
14:20:27 Database DEBUG : Connecté à la base de données
14:20:32 Database DEBUG : Connecté à la base de données
14:20:41 Database DEBUG : Connecté à la base de données
14:20:41 Database DEBUG : Connecté à la base de données
14:20:46 Database DEBUG : Connecté à la base de données
14:20:46 Database DEBUG : Connecté à la base de données
14:21:11 Database DEBUG : Connecté à la base de données
14:33:38 Database DEBUG : Connecté à la base de données
14:33:38 Database ERROR : Requête incorrecte : SELECT COUNT(*) nbCommandes FROM Commande
                                WHERE dateReceptionCommande IS NULL AND LEFT(c.numCommande, 1) = ?
                                ORDER BY dateCommande
14:33:40 Database DEBUG : Connecté à la base de données
14:33:40 Database ERROR : Requête incorrecte : SELECT idCommande id, numCommande num FROM Commande
                             WHERE dateReceptionCommande IS NULL AND LEFT(c.numCommande, 1) = ?
                             ORDER BY dateCommande
14:34:51 Database DEBUG : Connecté à la base de données
14:34:51 Database ERROR : Requête incorrecte : SELECT idCommande id, numCommande num FROM Commande
                             WHERE dateReceptionCommande IS NULL AND LEFT(c.numCommande, 1) = ?
                             ORDER BY dateCommande
14:34:52 Database DEBUG : Connecté à la base de données
14:34:52 Database ERROR : Requête incorrecte : SELECT idCommande id, numCommande num FROM Commande
                             WHERE dateReceptionCommande IS NULL AND LEFT(c.numCommande, 1) = ?
                             ORDER BY dateCommande
14:34:53 Database DEBUG : Connecté à la base de données
14:34:53 Database ERROR : Requête incorrecte : SELECT idCommande id, numCommande num FROM Commande
                             WHERE dateReceptionCommande IS NULL AND LEFT(c.numCommande, 1) = ?
                             ORDER BY dateCommande
14:35:01 Database DEBUG : Connecté à la base de données
14:35:05 Database DEBUG : Connecté à la base de données
14:35:07 Database DEBUG : Connecté à la base de données
14:35:08 Database DEBUG : Connecté à la base de données
14:35:11 Database DEBUG : Connecté à la base de données
14:41:58 Database DEBUG : Connecté à la base de données
14:42:00 Database DEBUG : Connecté à la base de données
14:42:02 Database DEBUG : Connecté à la base de données
14:52:47 Database DEBUG : Connecté à la base de données
14:52:48 Database DEBUG : Connecté à la base de données
15:00:17 Database DEBUG : Connecté à la base de données
15:00:22 Database DEBUG : Connecté à la base de données
15:00:32 Database DEBUG : Connecté à la base de données
15:00:38 Database DEBUG : Connecté à la base de données
15:00:57 Database DEBUG : Connecté à la base de données
15:03:07 Database DEBUG : Connecté à la base de données
