09:23:16 Database DEBUG : Connecté à la base de données
09:23:16 Database DEBUG : Connecté à la base de données
09:23:22 Database DEBUG : Connecté à la base de données
09:23:22 Application INFO : Administrateur connecté : aiesnow ( 1 )
09:23:22 Database DEBUG : Connecté à la base de données
09:23:35 Database DEBUG : Connecté à la base de données
09:24:18 Database DEBUG : Connecté à la base de données
09:24:27 Database DEBUG : Connecté à la base de données
09:24:28 Database DEBUG : Connecté à la base de données
09:24:30 Database DEBUG : Connecté à la base de données
09:24:33 Database DEBUG : Connecté à la base de données
09:33:00 Database DEBUG : Connecté à la base de données
09:33:34 Database DEBUG : Connecté à la base de données
09:34:33 Database DEBUG : Connecté à la base de données
09:38:28 Database DEBUG : Connecté à la base de données
09:38:39 Database DEBUG : Connecté à la base de données
09:41:10 Database DEBUG : Connecté à la base de données
09:41:28 Database DEBUG : Connecté à la base de données
09:41:29 Database DEBUG : Connecté à la base de données
09:41:37 Database DEBUG : Connecté à la base de données
09:41:38 Database DEBUG : Connecté à la base de données
09:41:39 Database DEBUG : Connecté à la base de données
09:42:21 Database DEBUG : Connecté à la base de données
09:42:52 Database DEBUG : Connecté à la base de données
09:43:23 Database DEBUG : Connecté à la base de données
09:53:18 Database DEBUG : Connecté à la base de données
09:55:53 Database DEBUG : Connecté à la base de données
10:37:29 Database DEBUG : Connecté à la base de données
10:37:37 Database DEBUG : Connecté à la base de données
10:37:45 Database DEBUG : Connecté à la base de données
10:48:23 Database DEBUG : Connecté à la base de données
10:48:27 Database DEBUG : Connecté à la base de données
10:48:28 Database DEBUG : Connecté à la base de données
10:48:34 Database DEBUG : Connecté à la base de données
10:48:37 Database DEBUG : Connecté à la base de données
10:48:39 Database DEBUG : Connecté à la base de données
10:48:42 Database DEBUG : Connecté à la base de données
10:48:43 Database DEBUG : Connecté à la base de données
10:49:04 Database DEBUG : Connecté à la base de données
10:49:06 Database DEBUG : Connecté à la base de données
10:49:08 Database DEBUG : Connecté à la base de données
10:49:09 Database DEBUG : Connecté à la base de données
10:49:11 Database DEBUG : Connecté à la base de données
10:49:12 Database DEBUG : Connecté à la base de données
10:49:14 Database DEBUG : Connecté à la base de données
10:49:15 Database DEBUG : Connecté à la base de données
10:49:17 Database DEBUG : Connecté à la base de données
10:49:19 Database DEBUG : Connecté à la base de données
10:49:44 Database DEBUG : Connecté à la base de données
10:49:45 Database DEBUG : Connecté à la base de données
10:54:17 Database DEBUG : Connecté à la base de données
10:54:22 Database DEBUG : Connecté à la base de données
10:54:22 Aplication INFO : Animal modifié par l'administrateur #1
10:54:24 Database DEBUG : Connecté à la base de données
10:54:24 Aplication INFO : Inclusion modifié par l'administrateur #1
10:54:30 Database DEBUG : Connecté à la base de données
10:54:30 Aplication INFO : Animal ajouté par l'administrateur #1
10:54:30 Database DEBUG : Connecté à la base de données
10:54:34 Database DEBUG : Connecté à la base de données
10:54:34 Aplication INFO : Animal modifié par l'administrateur #1
10:54:35 Database DEBUG : Connecté à la base de données
10:54:35 Aplication INFO : Animal modifié par l'administrateur #1
10:54:36 Database DEBUG : Connecté à la base de données
10:54:36 Aplication INFO : Animal ajouté par l'administrateur #1
10:54:36 Database DEBUG : Connecté à la base de données
10:54:40 Database DEBUG : Connecté à la base de données
10:54:40 Aplication INFO : Animal supprimé par l'administrateur #1
10:55:35 Database DEBUG : Connecté à la base de données
10:55:38 Database DEBUG : Connecté à la base de données
10:55:38 Aplication INFO : Animal modifié par l'administrateur #1
10:55:39 Database DEBUG : Connecté à la base de données
10:55:39 Aplication INFO : Animal ajouté par l'administrateur #1
10:55:39 Database DEBUG : Connecté à la base de données
10:55:40 Database DEBUG : Connecté à la base de données
10:55:40 Aplication INFO : Animal ajouté par l'administrateur #1
10:55:40 Database DEBUG : Connecté à la base de données
10:55:41 Database DEBUG : Connecté à la base de données
10:55:41 Aplication INFO : Animal ajouté par l'administrateur #1
10:55:41 Database DEBUG : Connecté à la base de données
10:55:43 Database DEBUG : Connecté à la base de données
10:55:43 Aplication INFO : Animal supprimé par l'administrateur #1
10:55:45 Database DEBUG : Connecté à la base de données
10:55:45 Aplication INFO : Animal supprimé par l'administrateur #1
10:55:46 Database DEBUG : Connecté à la base de données
10:55:46 Aplication INFO : Animal supprimé par l'administrateur #1
10:56:15 Database DEBUG : Connecté à la base de données
10:56:37 Database DEBUG : Connecté à la base de données
10:56:46 Database DEBUG : Connecté à la base de données
10:56:57 Database DEBUG : Connecté à la base de données
10:59:51 Database DEBUG : Connecté à la base de données
11:00:00 Database DEBUG : Connecté à la base de données
11:00:10 Database DEBUG : Connecté à la base de données
11:00:14 Database DEBUG : Connecté à la base de données
11:00:17 Database DEBUG : Connecté à la base de données
11:00:18 Database DEBUG : Connecté à la base de données
11:00:23 Database DEBUG : Connecté à la base de données
11:01:22 Database DEBUG : Connecté à la base de données
11:01:23 Database DEBUG : Connecté à la base de données
11:01:26 Database DEBUG : Connecté à la base de données
11:01:27 Database DEBUG : Connecté à la base de données
11:01:28 Database DEBUG : Connecté à la base de données
11:02:30 Database DEBUG : Connecté à la base de données
11:02:41 Database DEBUG : Connecté à la base de données
11:02:41 Database DEBUG : Connecté à la base de données
11:02:51 Database DEBUG : Connecté à la base de données
11:02:51 Application INFO : Utilisateur connecté : hugo.martinez ( 3 )
11:02:51 Database DEBUG : Connecté à la base de données
11:02:53 Database DEBUG : Connecté à la base de données
11:02:56 Database DEBUG : Connecté à la base de données
11:03:05 Database DEBUG : Connecté à la base de données
11:03:05 Database DEBUG : Connecté à la base de données
11:03:09 Database DEBUG : Connecté à la base de données
11:03:13 Database DEBUG : Connecté à la base de données
11:03:22 Database DEBUG : Connecté à la base de données
11:04:18 Database DEBUG : Connecté à la base de données
11:04:37 Database DEBUG : Connecté à la base de données
11:06:47 Database DEBUG : Connecté à la base de données
11:08:40 Database DEBUG : Connecté à la base de données
11:08:40 Database DEBUG : Connecté à la base de données
11:08:59 Database DEBUG : Connecté à la base de données
11:08:59 Database DEBUG : Connecté à la base de données
11:09:01 Database DEBUG : Connecté à la base de données
11:09:01 Application INFO : Commande #16 créée par l'utilisateur 3
11:09:09 Database DEBUG : Connecté à la base de données
11:09:12 Database DEBUG : Connecté à la base de données
11:09:13 Database DEBUG : Connecté à la base de données
11:09:50 Database DEBUG : Connecté à la base de données
11:10:30 Database DEBUG : Connecté à la base de données
11:10:43 Database DEBUG : Connecté à la base de données
11:10:53 Database DEBUG : Connecté à la base de données
11:12:11 Database DEBUG : Connecté à la base de données
11:13:13 Database DEBUG : Connecté à la base de données
11:13:51 Database DEBUG : Connecté à la base de données
11:22:00 Database DEBUG : Connecté à la base de données
11:23:31 Database DEBUG : Connecté à la base de données
11:23:41 Database DEBUG : Connecté à la base de données
11:23:57 Database DEBUG : Connecté à la base de données
11:24:13 Database DEBUG : Connecté à la base de données
11:24:25 Database DEBUG : Connecté à la base de données
11:25:34 Database DEBUG : Connecté à la base de données
11:25:38 Database DEBUG : Connecté à la base de données
11:25:39 Database DEBUG : Connecté à la base de données
11:25:43 Database DEBUG : Connecté à la base de données
11:25:59 Database DEBUG : Connecté à la base de données
11:26:01 Database DEBUG : Connecté à la base de données
11:26:01 Application INFO : Réception validée avec succès par l'administrateur #1
11:26:19 Database DEBUG : Connecté à la base de données
11:26:20 Database DEBUG : Connecté à la base de données
11:26:33 Database DEBUG : Connecté à la base de données
11:26:33 Application INFO : Coloration validée avec succès par l'administrateur #1
11:26:38 Database DEBUG : Connecté à la base de données
11:26:38 Application INFO : Coloration validée avec succès par l'administrateur #1
11:44:42 Database DEBUG : Connecté à la base de données
11:44:43 Database DEBUG : Connecté à la base de données
11:44:44 Database DEBUG : Connecté à la base de données
14:46:21 Database DEBUG : Connecté à la base de données
14:46:21 Database DEBUG : Connecté à la base de données
14:46:35 Database DEBUG : Connecté à la base de données
14:46:35 Application INFO : Utilisateur connecté : hugo.martinez ( 3 )
14:46:35 Database DEBUG : Connecté à la base de données
14:46:46 Database DEBUG : Connecté à la base de données
14:47:12 Database DEBUG : Connecté à la base de données
14:47:41 Database DEBUG : Connecté à la base de données
14:54:45 Database DEBUG : Connecté à la base de données
14:55:00 Database DEBUG : Connecté à la base de données
14:55:05 Database DEBUG : Connecté à la base de données
14:55:09 Database DEBUG : Connecté à la base de données
14:55:14 Database DEBUG : Connecté à la base de données
14:55:18 Database DEBUG : Connecté à la base de données
14:55:21 Database DEBUG : Connecté à la base de données
14:55:28 Database DEBUG : Connecté à la base de données
14:57:10 Database DEBUG : Connecté à la base de données
14:59:48 Database DEBUG : Connecté à la base de données
14:59:49 Database DEBUG : Connecté à la base de données
15:02:35 Database DEBUG : Connecté à la base de données
15:02:36 Database DEBUG : Connecté à la base de données
15:02:37 Database DEBUG : Connecté à la base de données
15:04:23 Database DEBUG : Connecté à la base de données
15:04:24 Database DEBUG : Connecté à la base de données
15:12:54 Database DEBUG : Connecté à la base de données
15:12:54 Database DEBUG : Connecté à la base de données
15:12:55 Database DEBUG : Connecté à la base de données
15:12:55 Database DEBUG : Connecté à la base de données
15:13:02 Database DEBUG : Connecté à la base de données
15:13:03 Database DEBUG : Connecté à la base de données
15:13:24 Database DEBUG : Connecté à la base de données
15:13:31 Database DEBUG : Connecté à la base de données
15:13:31 Database DEBUG : Connecté à la base de données
15:13:33 Database DEBUG : Connecté à la base de données
15:13:37 Database DEBUG : Connecté à la base de données
15:13:43 Database DEBUG : Connecté à la base de données
15:13:50 Database DEBUG : Connecté à la base de données
15:13:55 Database DEBUG : Connecté à la base de données
15:14:10 Database DEBUG : Connecté à la base de données
15:14:26 Database DEBUG : Connecté à la base de données
15:56:47 Database DEBUG : Connecté à la base de données
15:56:50 Database DEBUG : Connecté à la base de données
15:57:03 Database DEBUG : Connecté à la base de données
15:57:04 Database DEBUG : Connecté à la base de données
15:57:08 Database DEBUG : Connecté à la base de données
15:57:17 Database DEBUG : Connecté à la base de données
15:57:20 Database DEBUG : Connecté à la base de données
15:57:50 Database DEBUG : Connecté à la base de données
15:57:50 Database DEBUG : Connecté à la base de données
15:57:53 Database DEBUG : Connecté à la base de données
15:57:53 Application INFO : Administrateur connecté : aiesnow ( 1 )
15:57:53 Database DEBUG : Connecté à la base de données
15:57:55 Database DEBUG : Connecté à la base de données
15:57:58 Database DEBUG : Connecté à la base de données
16:17:57 Database DEBUG : Connecté à la base de données
16:17:59 Database DEBUG : Connecté à la base de données
16:18:22 Database DEBUG : Connecté à la base de données
16:18:24 Database DEBUG : Connecté à la base de données
16:18:32 Database DEBUG : Connecté à la base de données
16:26:06 Database DEBUG : Connecté à la base de données
16:26:24 Database DEBUG : Connecté à la base de données
16:26:41 Database DEBUG : Connecté à la base de données
16:26:53 Database DEBUG : Connecté à la base de données
16:39:32 Database DEBUG : Connecté à la base de données
16:39:59 Database DEBUG : Connecté à la base de données
