09:43:48 Database DEBUG : Connecté à la base de données
09:43:48 Database DEBUG : Connecté à la base de données
09:43:49 Database DEBUG : Connecté à la base de données
09:43:49 Application INFO : Utilisateur connecté : cedric.dray@inserm.fr ( 41 )
09:43:49 Database DEBUG : Connecté à la base de données
09:43:51 Database DEBUG : Connecté à la base de données
09:43:55 Database DEBUG : Connecté à la base de données
09:44:04 Database DEBUG : Connecté à la base de données
09:44:04 Database DEBUG : Connecté à la base de données
09:44:05 Database DEBUG : Connecté à la base de données
10:11:10 Database DEBUG : Connecté à la base de données
10:11:10 Database DEBUG : Connecté à la base de données
10:11:14 Database DEBUG : Connecté à la base de données
10:11:14 Application INFO : Administrateur connecté : lucie.fontaine ( 6 )
10:11:14 Database DEBUG : Connecté à la base de données
10:11:19 Database DEBUG : Connecté à la base de données
10:11:20 Database DEBUG : Connecté à la base de données
10:11:24 Database DEBUG : Connecté à la base de données
10:11:24 Mail DEBUG : Trying to send mail mail_commande_prete from histologie-i2mc@inserm.fr to Array
(
    [mail] => jean.personnaz@inserm.fr
    [name] => Jean Personnaz
)
.
10:11:25 Mail DEBUG : Mail envoyé.
10:11:25 Application INFO : Retour validée avec succès par l'administrateur #6
10:11:26 Database DEBUG : Connecté à la base de données
11:19:51 Database DEBUG : Connecté à la base de données
11:19:59 Database DEBUG : Connecté à la base de données
11:19:59 Application INFO : Réception validée avec succès par l'administrateur #6
11:49:29 Database DEBUG : Connecté à la base de données
11:53:39 Database DEBUG : Connecté à la base de données
11:53:40 Database DEBUG : Connecté à la base de données
15:12:02 Database DEBUG : Connecté à la base de données
15:12:03 Database DEBUG : Connecté à la base de données
15:12:04 Database DEBUG : Connecté à la base de données
15:12:05 Database DEBUG : Connecté à la base de données
15:12:06 Database DEBUG : Connecté à la base de données
15:12:09 Database DEBUG : Connecté à la base de données
15:12:09 Application INFO : Réception validée avec succès par l'administrateur #6
16:05:57 Database DEBUG : Connecté à la base de données
16:57:10 Database DEBUG : Connecté à la base de données
16:57:11 Database DEBUG : Connecté à la base de données
16:57:13 Database DEBUG : Connecté à la base de données
16:57:14 Database DEBUG : Connecté à la base de données
