08:10:25 Database DEBUG : Connecté à la base de données
08:10:25 Database DEBUG : Connecté à la base de données
08:10:27 Database DEBUG : Connecté à la base de données
08:10:28 Application INFO : Utilisateur connecté : christophe.heymes@inserm.fr ( 23 )
08:10:28 Database DEBUG : Connecté à la base de données
08:10:29 Database DEBUG : Connecté à la base de données
08:10:50 Database DEBUG : Connecté à la base de données
08:12:48 Database DEBUG : Connecté à la base de données
08:12:48 Database DEBUG : Connecté à la base de données
08:12:59 Database DEBUG : Connecté à la base de données
08:12:59 Database DEBUG : Connecté à la base de données
08:13:03 Database DEBUG : Connecté à la base de données
08:13:03 Application INFO : Commande #188 créée par l'utilisateur 23
08:13:03 Database DEBUG : Connecté à la base de données
08:14:32 Database DEBUG : Connecté à la base de données
08:14:34 Database DEBUG : Connecté à la base de données
08:14:38 Database DEBUG : Connecté à la base de données
08:16:24 Database DEBUG : Connecté à la base de données
08:16:24 Database DEBUG : Connecté à la base de données
08:16:32 Database DEBUG : Connecté à la base de données
08:16:32 Database DEBUG : Connecté à la base de données
08:16:35 Database DEBUG : Connecté à la base de données
08:16:36 Application INFO : Commande #189 créée par l'utilisateur 23
08:16:36 Database DEBUG : Connecté à la base de données
09:21:42 Database DEBUG : Connecté à la base de données
09:21:42 Database DEBUG : Connecté à la base de données
09:21:46 Database DEBUG : Connecté à la base de données
09:21:46 Application INFO : Administrateur connecté : lucie.fontaine ( 6 )
09:21:46 Database DEBUG : Connecté à la base de données
09:22:00 Database DEBUG : Connecté à la base de données
10:16:05 Database DEBUG : Connecté à la base de données
10:16:06 Database DEBUG : Connecté à la base de données
10:16:06 Database DEBUG : Connecté à la base de données
10:16:08 Database DEBUG : Connecté à la base de données
10:59:26 Database DEBUG : Connecté à la base de données
10:59:26 Database DEBUG : Connecté à la base de données
10:59:29 Database DEBUG : Connecté à la base de données
10:59:29 Application INFO : Utilisateur connecté : marion.laudette ( 42 )
10:59:29 Database DEBUG : Connecté à la base de données
10:59:31 Database DEBUG : Connecté à la base de données
10:59:40 Database DEBUG : Connecté à la base de données
10:59:40 Database DEBUG : Connecté à la base de données
10:59:40 Database DEBUG : Connecté à la base de données
10:59:44 Database DEBUG : Connecté à la base de données
10:59:48 Database DEBUG : Connecté à la base de données
11:08:28 Database DEBUG : Connecté à la base de données
11:08:29 Database DEBUG : Connecté à la base de données
12:03:39 Database DEBUG : Connecté à la base de données
12:03:40 Database DEBUG : Connecté à la base de données
12:03:41 Database DEBUG : Connecté à la base de données
12:03:43 Database DEBUG : Connecté à la base de données
12:03:43 Application INFO : Réception validée avec succès par l'administrateur #6
12:03:54 Database DEBUG : Connecté à la base de données
13:39:58 Database DEBUG : Connecté à la base de données
13:40:00 Database DEBUG : Connecté à la base de données
16:08:17 Database DEBUG : Connecté à la base de données
16:08:19 Database DEBUG : Connecté à la base de données
16:08:22 Database DEBUG : Connecté à la base de données
16:08:24 Database DEBUG : Connecté à la base de données
16:08:24 Application INFO : Réception validée avec succès par l'administrateur #6
16:08:27 Database DEBUG : Connecté à la base de données
16:23:20 Database DEBUG : Connecté à la base de données
16:23:21 Database DEBUG : Connecté à la base de données
16:23:23 Database DEBUG : Connecté à la base de données
