15:52:56 Database DEBUG : Connecté à la base de données
15:53:01 Database DEBUG : Connecté à la base de données
15:53:03 Database DEBUG : Connecté à la base de données
15:53:03 Application INFO : Utilisateur connecté : gwendoline.astre@inserm.fr ( 15 )
15:53:03 Database DEBUG : Connecté à la base de données
15:53:06 Database DEBUG : Connecté à la base de données
15:53:25 Database DEBUG : Connecté à la base de données
15:57:52 Database DEBUG : Connecté à la base de données
15:57:52 Database DEBUG : Connecté à la base de données
15:58:07 Database DEBUG : Connecté à la base de données
15:58:07 Database DEBUG : Connecté à la base de données
15:58:42 Database DEBUG : Connecté à la base de données
15:58:42 Database DEBUG : Connecté à la base de données
15:58:46 Database DEBUG : Connecté à la base de données
15:58:46 Application INFO : Commande #88 créée par l'utilisateur 15
15:58:46 Database DEBUG : Connecté à la base de données
15:59:05 Database DEBUG : Connecté à la base de données
16:13:21 Database DEBUG : Connecté à la base de données
16:13:21 Database DEBUG : Connecté à la base de données
16:13:23 Database DEBUG : Connecté à la base de données
16:13:23 Application INFO : Administrateur connecté : lucie.fontaine ( 6 )
16:13:23 Database DEBUG : Connecté à la base de données
16:13:24 Database DEBUG : Connecté à la base de données
16:13:26 Database DEBUG : Connecté à la base de données
16:13:30 Database DEBUG : Connecté à la base de données
16:13:30 Application INFO : Réception validée avec succès par l'administrateur #6
16:13:33 Database DEBUG : Connecté à la base de données
16:13:37 Database DEBUG : Connecté à la base de données
16:13:55 Database DEBUG : Connecté à la base de données
16:13:58 Database DEBUG : Connecté à la base de données
16:13:59 Database DEBUG : Connecté à la base de données
16:14:05 Database DEBUG : Connecté à la base de données
