10:23:28 Database DEBUG : Connecté à la base de données
10:23:28 Database DEBUG : Connecté à la base de données
10:23:30 Database DEBUG : Connecté à la base de données
10:23:30 Application INFO : Administrateur connecté : lucie.fontaine ( 6 )
10:23:30 Database DEBUG : Connecté à la base de données
10:23:32 Database DEBUG : Connecté à la base de données
10:23:33 Database DEBUG : Connecté à la base de données
10:23:34 Database DEBUG : Connecté à la base de données
10:23:36 Database DEBUG : Connecté à la base de données
10:24:32 Database DEBUG : Connecté à la base de données
10:24:32 Mail DEBUG : Trying to send mail mail_commande_prete from histologie-i2mc@inserm.fr to Array
(
    [mail] => christophe.heymes@inserm.fr
    [name] => Christophe Heymes
)
.
10:24:32 Mail DEBUG : Mail envoyé.
10:24:32 Application INFO : Retour validée avec succès par l'administrateur #6
10:28:25 Database DEBUG : Connecté à la base de données
10:28:25 Mail DEBUG : Trying to send mail mail_commande_prete from histologie-i2mc@inserm.fr to Array
(
    [mail] => sophie.branka@inserm.fr
    [name] => Sophie Branka
)
.
10:28:25 Mail DEBUG : Mail envoyé.
10:28:25 Application INFO : Retour validée avec succès par l'administrateur #6
10:28:35 Database DEBUG : Connecté à la base de données
10:28:37 Database DEBUG : Connecté à la base de données
11:19:58 Database DEBUG : Connecté à la base de données
12:40:49 Database DEBUG : Connecté à la base de données
12:40:50 Database DEBUG : Connecté à la base de données
15:00:57 Database DEBUG : Connecté à la base de données
15:01:04 Database DEBUG : Connecté à la base de données
15:01:05 Application INFO : Utilisateur connecté : gwendoline.astre@inserm.fr ( 15 )
15:01:05 Database DEBUG : Connecté à la base de données
15:01:12 Database DEBUG : Connecté à la base de données
15:01:29 Database DEBUG : Connecté à la base de données
15:04:19 Database DEBUG : Connecté à la base de données
15:04:20 Database DEBUG : Connecté à la base de données
15:04:22 Database DEBUG : Connecté à la base de données
15:04:38 Database DEBUG : Connecté à la base de données
15:04:38 Application INFO : Coupe validée avec succès par l'administrateur #6
15:04:40 Database DEBUG : Connecté à la base de données
15:04:42 Database DEBUG : Connecté à la base de données
15:04:45 Database DEBUG : Connecté à la base de données
15:04:45 Mail DEBUG : Trying to send mail mail_commande_prete from histologie-i2mc@inserm.fr to Array
(
    [mail] => enzo.piccolo@inserm.fr
    [name] => Enzo Piccolo
)
.
15:04:46 Mail DEBUG : Mail envoyé.
15:04:46 Application INFO : Retour validée avec succès par l'administrateur #6
15:05:02 Database DEBUG : Connecté à la base de données
15:05:02 Database DEBUG : Connecté à la base de données
15:05:16 Database DEBUG : Connecté à la base de données
15:05:16 Database DEBUG : Connecté à la base de données
15:05:31 Database DEBUG : Connecté à la base de données
15:05:31 Database DEBUG : Connecté à la base de données
15:05:35 Database DEBUG : Connecté à la base de données
15:05:35 Application INFO : Commande #157 créée par l'utilisateur 15
15:05:35 Database DEBUG : Connecté à la base de données
15:05:46 Database DEBUG : Connecté à la base de données
15:05:49 Database DEBUG : Connecté à la base de données
15:12:22 Database DEBUG : Connecté à la base de données
15:12:23 Database DEBUG : Connecté à la base de données
15:12:25 Database DEBUG : Connecté à la base de données
15:12:27 Database DEBUG : Connecté à la base de données
15:12:27 Application INFO : Réception validée avec succès par l'administrateur #6
15:38:33 Database DEBUG : Connecté à la base de données
15:38:37 Database DEBUG : Connecté à la base de données
15:38:44 Database DEBUG : Connecté à la base de données
15:47:21 Database DEBUG : Connecté à la base de données
15:47:23 Database DEBUG : Connecté à la base de données
15:47:24 Database DEBUG : Connecté à la base de données
16:07:25 Database DEBUG : Connecté à la base de données
17:14:48 Database DEBUG : Connecté à la base de données
17:14:50 Database DEBUG : Connecté à la base de données
17:19:12 Database DEBUG : Connecté à la base de données
