08:53:27 Database DEBUG : Connecté à la base de données
08:53:34 Database DEBUG : Connecté à la base de données
08:53:42 Database DEBUG : Connecté à la base de données
08:53:42 Application INFO : Utilisateur connecté : xiaohui.tong@inserm.fr ( 34 )
08:53:42 Database DEBUG : Connecté à la base de données
08:53:44 Database DEBUG : Connecté à la base de données
08:56:57 Database DEBUG : Connecté à la base de données
08:59:22 Database DEBUG : Connecté à la base de données
08:59:22 Database DEBUG : Connecté à la base de données
09:23:43 Database DEBUG : Connecté à la base de données
09:23:43 Database DEBUG : Connecté à la base de données
09:24:29 Database DEBUG : Connecté à la base de données
09:24:29 Application INFO : Commande #125 créée par l'utilisateur 34
09:24:29 Database DEBUG : Connecté à la base de données
09:33:42 Database DEBUG : Connecté à la base de données
09:33:42 Database DEBUG : Connecté à la base de données
09:33:47 Database DEBUG : Connecté à la base de données
09:33:47 Application INFO : Administrateur connecté : lucie.fontaine ( 6 )
09:33:47 Database DEBUG : Connecté à la base de données
09:33:49 Database DEBUG : Connecté à la base de données
09:33:50 Database DEBUG : Connecté à la base de données
09:33:55 Database DEBUG : Connecté à la base de données
09:33:55 Application INFO : Réception validée avec succès par l'administrateur #6
09:33:58 Database DEBUG : Connecté à la base de données
15:35:11 Database DEBUG : Connecté à la base de données
15:35:12 Database DEBUG : Connecté à la base de données
15:35:15 Database DEBUG : Connecté à la base de données
15:35:38 Database DEBUG : Connecté à la base de données
15:35:38 Application INFO : Coupe validée avec succès par l'administrateur #6
15:35:40 Database DEBUG : Connecté à la base de données
