09:34:11 Database DEBUG : Connecté à la base de données
09:34:11 Database DEBUG : Connecté à la base de données
09:34:15 Database DEBUG : Connecté à la base de données
09:34:15 Application INFO : Administrateur connecté : lucie.fontaine ( 6 )
09:34:15 Database DEBUG : Connecté à la base de données
09:34:28 Database DEBUG : Connecté à la base de données
10:37:21 Database DEBUG : Connecté à la base de données
10:37:25 Database DEBUG : Connecté à la base de données
10:37:27 Database DEBUG : Connecté à la base de données
10:37:27 Application INFO : Utilisateur connecté : deborah.carper@inserm.fr ( 33 )
10:37:27 Database DEBUG : Connecté à la base de données
10:37:28 Database DEBUG : Connecté à la base de données
10:37:30 Database DEBUG : Connecté à la base de données
10:45:41 Database DEBUG : Connecté à la base de données
10:45:46 Database DEBUG : Connecté à la base de données
10:45:49 Database DEBUG : Connecté à la base de données
10:45:49 Application INFO : Utilisateur connecté : enzo.piccolo ( 38 )
10:45:49 Database DEBUG : Connecté à la base de données
10:45:52 Database DEBUG : Connecté à la base de données
10:46:02 Database DEBUG : Connecté à la base de données
10:48:01 Database DEBUG : Connecté à la base de données
10:48:01 Database DEBUG : Connecté à la base de données
10:48:11 Database DEBUG : Connecté à la base de données
10:48:11 Database DEBUG : Connecté à la base de données
10:48:15 Database DEBUG : Connecté à la base de données
10:48:15 Application INFO : Commande #227 créée par l'utilisateur 38
10:48:15 Database DEBUG : Connecté à la base de données
10:48:38 Database DEBUG : Connecté à la base de données
10:48:38 Database DEBUG : Connecté à la base de données
10:48:38 Database DEBUG : Connecté à la base de données
10:48:41 Database DEBUG : Connecté à la base de données
10:48:44 Database DEBUG : Connecté à la base de données
10:48:49 Database DEBUG : Connecté à la base de données
10:48:54 Database DEBUG : Connecté à la base de données
10:48:58 Database DEBUG : Connecté à la base de données
10:49:28 Database DEBUG : Connecté à la base de données
10:49:36 Database DEBUG : Connecté à la base de données
10:49:47 Database DEBUG : Connecté à la base de données
10:59:46 Database DEBUG : Connecté à la base de données
10:59:46 Database DEBUG : Connecté à la base de données
10:59:47 Database DEBUG : Connecté à la base de données
10:59:48 Application INFO : Utilisateur connecté : enzo.piccolo ( 38 )
10:59:48 Database DEBUG : Connecté à la base de données
10:59:49 Database DEBUG : Connecté à la base de données
10:59:52 Database DEBUG : Connecté à la base de données
11:01:40 Database DEBUG : Connecté à la base de données
11:01:40 Database DEBUG : Connecté à la base de données
11:01:58 Database DEBUG : Connecté à la base de données
11:01:58 Database DEBUG : Connecté à la base de données
11:18:08 Database DEBUG : Connecté à la base de données
11:18:24 Database DEBUG : Connecté à la base de données
11:18:24 Mail DEBUG : Trying to send mail mail_commande_prete from histologie-i2mc@inserm.fr to Array
(
    [mail] => enzo.piccolo@inserm.fr
    [name] => Enzo Piccolo
)
.
11:18:24 Mail DEBUG : Mail envoyé.
11:18:24 Application INFO : Retour validée avec succès par l'administrateur #6
11:18:26 Database DEBUG : Connecté à la base de données
11:19:27 Database DEBUG : Connecté à la base de données
11:19:40 Database DEBUG : Connecté à la base de données
11:19:40 Application INFO : Réception validée avec succès par l'administrateur #6
12:42:46 Database DEBUG : Connecté à la base de données
12:42:59 Database DEBUG : Connecté à la base de données
12:43:00 Application INFO : Utilisateur connecté : jean.personnaz@inserm.fr ( 10 )
12:43:00 Database DEBUG : Connecté à la base de données
12:43:03 Database DEBUG : Connecté à la base de données
12:43:10 Database DEBUG : Connecté à la base de données
12:45:57 Database DEBUG : Connecté à la base de données
12:45:58 Database DEBUG : Connecté à la base de données
12:46:05 Database DEBUG : Connecté à la base de données
12:46:05 Database DEBUG : Connecté à la base de données
12:46:08 Database DEBUG : Connecté à la base de données
12:46:08 Application INFO : Commande #228 créée par l'utilisateur 10
12:46:08 Database DEBUG : Connecté à la base de données
12:46:19 Database DEBUG : Connecté à la base de données
12:46:23 Database DEBUG : Connecté à la base de données
12:46:26 Database DEBUG : Connecté à la base de données
12:46:31 Database DEBUG : Connecté à la base de données
12:46:32 Database DEBUG : Connecté à la base de données
12:46:34 Database DEBUG : Connecté à la base de données
12:46:37 Database DEBUG : Connecté à la base de données
12:47:02 Database DEBUG : Connecté à la base de données
12:47:04 Database DEBUG : Connecté à la base de données
12:47:13 Database DEBUG : Connecté à la base de données
12:47:16 Database DEBUG : Connecté à la base de données
12:47:17 Database DEBUG : Connecté à la base de données
12:47:18 Database DEBUG : Connecté à la base de données
12:47:19 Database DEBUG : Connecté à la base de données
12:50:58 Database DEBUG : Connecté à la base de données
12:50:58 Database DEBUG : Connecté à la base de données
12:51:11 Database DEBUG : Connecté à la base de données
12:51:11 Database DEBUG : Connecté à la base de données
12:51:13 Database DEBUG : Connecté à la base de données
12:51:13 Application INFO : Commande #229 créée par l'utilisateur 10
12:51:13 Database DEBUG : Connecté à la base de données
12:54:17 Database DEBUG : Connecté à la base de données
15:41:10 Database DEBUG : Connecté à la base de données
15:41:14 Database DEBUG : Connecté à la base de données
15:41:24 Database DEBUG : Connecté à la base de données
15:41:24 Application INFO : Réception validée avec succès par l'administrateur #6
15:41:25 Database DEBUG : Connecté à la base de données
15:49:40 Database DEBUG : Connecté à la base de données
16:50:05 Database DEBUG : Connecté à la base de données
16:50:26 Database DEBUG : Connecté à la base de données
16:50:26 Application INFO : Coupe validée avec succès par l'administrateur #6
