10:21:23 Database DEBUG : Connecté à la base de données
10:21:44 Database DEBUG : Connecté à la base de données
10:21:55 Database DEBUG : Connecté à la base de données
10:21:56 Application INFO : Utilisateur connecté : emilie.segura@inserm.fr ( 21 )
10:21:56 Database DEBUG : Connecté à la base de données
10:21:58 Database DEBUG : Connecté à la base de données
10:22:20 Database DEBUG : Connecté à la base de données
10:23:36 Database DEBUG : Connecté à la base de données
10:23:36 Database DEBUG : Connecté à la base de données
10:23:52 Database DEBUG : Connecté à la base de données
10:23:52 Database DEBUG : Connecté à la base de données
10:24:14 Database DEBUG : Connecté à la base de données
10:24:14 Database DEBUG : Connecté à la base de données
10:24:39 Database DEBUG : Connecté à la base de données
10:24:40 Application INFO : Commande #31 créée par l'utilisateur 21
10:24:40 Database DEBUG : Connecté à la base de données
11:41:14 Database DEBUG : Connecté à la base de données
11:41:14 Database DEBUG : Connecté à la base de données
11:41:29 Database DEBUG : Connecté à la base de données
11:41:29 Application INFO : Utilisateur connecté : christophe.heymes@inserm.fr ( 23 )
11:41:29 Database DEBUG : Connecté à la base de données
11:41:34 Database DEBUG : Connecté à la base de données
11:42:17 Database DEBUG : Connecté à la base de données
11:43:28 Database DEBUG : Connecté à la base de données
11:43:28 Database DEBUG : Connecté à la base de données
11:44:06 Database DEBUG : Connecté à la base de données
11:44:15 Database DEBUG : Connecté à la base de données
11:44:15 Application INFO : Utilisateur connecté : christophe.heymes@inserm.fr ( 23 )
11:44:15 Database DEBUG : Connecté à la base de données
11:44:21 Database DEBUG : Connecté à la base de données
11:44:25 Database DEBUG : Connecté à la base de données
11:49:00 Database DEBUG : Connecté à la base de données
11:49:00 Database DEBUG : Connecté à la base de données
11:52:07 Database DEBUG : Connecté à la base de données
11:52:07 Database DEBUG : Connecté à la base de données
11:52:19 Database DEBUG : Connecté à la base de données
11:52:19 Application INFO : Commande #32 créée par l'utilisateur 23
11:52:19 Database DEBUG : Connecté à la base de données
11:57:59 Database DEBUG : Connecté à la base de données
11:58:00 Database DEBUG : Connecté à la base de données
11:58:06 Database DEBUG : Connecté à la base de données
11:58:07 Application INFO : Administrateur connecté : lucie.fontaine ( 6 )
11:58:07 Database DEBUG : Connecté à la base de données
11:58:11 Database DEBUG : Connecté à la base de données
11:58:13 Database DEBUG : Connecté à la base de données
11:58:21 Database DEBUG : Connecté à la base de données
11:58:21 Application INFO : Réception validée avec succès par l'administrateur #6
11:59:17 Database DEBUG : Connecté à la base de données
11:59:19 Database DEBUG : Connecté à la base de données
11:59:23 Database DEBUG : Connecté à la base de données
12:00:09 Database DEBUG : Connecté à la base de données
12:00:10 Database DEBUG : Connecté à la base de données
12:00:11 Database DEBUG : Connecté à la base de données
12:01:57 Database DEBUG : Connecté à la base de données
12:01:59 Database DEBUG : Connecté à la base de données
13:48:33 Database DEBUG : Connecté à la base de données
15:32:56 Database DEBUG : Connecté à la base de données
15:32:57 Database DEBUG : Connecté à la base de données
15:33:44 Database DEBUG : Connecté à la base de données
15:33:44 Application INFO : Administrateur connecté : lucie.fontaine ( 6 )
15:33:44 Database DEBUG : Connecté à la base de données
15:33:48 Database DEBUG : Connecté à la base de données
15:33:50 Database DEBUG : Connecté à la base de données
15:34:03 Database DEBUG : Connecté à la base de données
15:34:03 Application INFO : Réception validée avec succès par l'administrateur #6
15:41:54 Database DEBUG : Connecté à la base de données
15:41:59 Database DEBUG : Connecté à la base de données
15:42:13 Database DEBUG : Connecté à la base de données
15:42:13 Application INFO : Utilisateur connecté : romain.paccoud@inserm.fr ( 14 )
15:42:13 Database DEBUG : Connecté à la base de données
15:42:19 Database DEBUG : Connecté à la base de données
15:42:23 Database DEBUG : Connecté à la base de données
15:42:29 Database DEBUG : Connecté à la base de données
15:42:31 Database DEBUG : Connecté à la base de données
15:42:33 Database DEBUG : Connecté à la base de données
15:42:34 Database DEBUG : Connecté à la base de données
15:42:35 Database DEBUG : Connecté à la base de données
15:43:12 Database DEBUG : Connecté à la base de données
15:43:13 Database DEBUG : Connecté à la base de données
15:43:15 Database DEBUG : Connecté à la base de données
15:43:19 Database DEBUG : Connecté à la base de données
15:48:18 Database DEBUG : Connecté à la base de données
15:48:22 Database DEBUG : Connecté à la base de données
