07:42:32 Database DEBUG : Connecté à la base de données
07:42:38 Database DEBUG : Connecté à la base de données
07:42:39 Application INFO : Utilisateur connecté : jean.personnaz@inserm.fr ( 10 )
07:42:39 Database DEBUG : Connecté à la base de données
07:42:40 Database DEBUG : Connecté à la base de données
07:42:43 Database DEBUG : Connecté à la base de données
07:44:03 Database DEBUG : Connecté à la base de données
07:44:03 Database DEBUG : Connecté à la base de données
07:44:13 Database DEBUG : Connecté à la base de données
07:44:13 Database DEBUG : Connecté à la base de données
07:44:23 Database DEBUG : Connecté à la base de données
07:44:23 Application INFO : Commande #199 créée par l'utilisateur 10
07:44:23 Database DEBUG : Connecté à la base de données
07:44:33 Database DEBUG : Connecté à la base de données
07:44:35 Database DEBUG : Connecté à la base de données
07:44:39 Database DEBUG : Connecté à la base de données
07:45:32 Database DEBUG : Connecté à la base de données
07:45:32 Database DEBUG : Connecté à la base de données
07:45:45 Database DEBUG : Connecté à la base de données
07:45:45 Database DEBUG : Connecté à la base de données
07:45:54 Database DEBUG : Connecté à la base de données
07:45:54 Application INFO : Commande #200 créée par l'utilisateur 10
07:45:54 Database DEBUG : Connecté à la base de données
09:28:34 Database DEBUG : Connecté à la base de données
09:28:34 Database DEBUG : Connecté à la base de données
09:28:38 Database DEBUG : Connecté à la base de données
09:28:38 Application INFO : Administrateur connecté : lucie.fontaine ( 6 )
09:28:38 Database DEBUG : Connecté à la base de données
09:28:40 Database DEBUG : Connecté à la base de données
09:28:42 Database DEBUG : Connecté à la base de données
09:28:45 Database DEBUG : Connecté à la base de données
09:28:47 Database DEBUG : Connecté à la base de données
09:28:48 Database DEBUG : Connecté à la base de données
10:37:53 Database DEBUG : Connecté à la base de données
10:41:56 Database DEBUG : Connecté à la base de données
10:42:08 Database DEBUG : Connecté à la base de données
10:42:08 Application INFO : Utilisateur connecté : emilie.segura@inserm.fr ( 21 )
10:42:08 Database DEBUG : Connecté à la base de données
10:42:10 Database DEBUG : Connecté à la base de données
10:42:15 Database DEBUG : Connecté à la base de données
10:43:22 Database DEBUG : Connecté à la base de données
10:43:22 Database DEBUG : Connecté à la base de données
10:44:55 Database DEBUG : Connecté à la base de données
10:44:55 Database DEBUG : Connecté à la base de données
10:45:24 Database DEBUG : Connecté à la base de données
10:45:24 Database DEBUG : Connecté à la base de données
10:46:16 Database DEBUG : Connecté à la base de données
10:46:16 Application INFO : Commande #201 créée par l'utilisateur 21
10:46:16 Database DEBUG : Connecté à la base de données
10:47:21 Database DEBUG : Connecté à la base de données
10:47:31 Database DEBUG : Connecté à la base de données
10:47:31 Application INFO : Utilisateur connecté : emilie.segura@inserm.fr ( 21 )
10:47:31 Database DEBUG : Connecté à la base de données
10:47:33 Database DEBUG : Connecté à la base de données
10:47:35 Database DEBUG : Connecté à la base de données
10:48:00 Database DEBUG : Connecté à la base de données
10:48:00 Database DEBUG : Connecté à la base de données
10:48:10 Database DEBUG : Connecté à la base de données
10:48:10 Database DEBUG : Connecté à la base de données
10:48:54 Database DEBUG : Connecté à la base de données
10:48:54 Application INFO : Commande #202 créée par l'utilisateur 21
10:48:54 Database DEBUG : Connecté à la base de données
12:16:36 Database DEBUG : Connecté à la base de données
12:16:37 Database DEBUG : Connecté à la base de données
12:16:44 Database DEBUG : Connecté à la base de données
12:16:44 Application INFO : Réception validée avec succès par l'administrateur #6
12:16:45 Database DEBUG : Connecté à la base de données
12:16:47 Database DEBUG : Connecté à la base de données
12:17:01 Database DEBUG : Connecté à la base de données
12:17:01 Application INFO : Inclusion validée avec succès par l'administrateur #6
12:41:44 Database DEBUG : Connecté à la base de données
12:41:49 Database DEBUG : Connecté à la base de données
12:41:53 Database DEBUG : Connecté à la base de données
12:41:53 Application INFO : Coloration validée avec succès par l'administrateur #6
12:41:55 Database DEBUG : Connecté à la base de données
12:42:17 Database DEBUG : Connecté à la base de données
12:52:46 Database DEBUG : Connecté à la base de données
12:52:47 Database DEBUG : Connecté à la base de données
12:52:56 Database DEBUG : Connecté à la base de données
12:52:56 Mail DEBUG : Trying to send mail mail_commande_prete from histologie-i2mc@inserm.fr to Array
(
    [mail] => maxime.branchereau@inserm.fr
    [name] => Maxime Branchereau
)
.
12:52:56 Mail DEBUG : Mail envoyé.
12:52:56 Mail DEBUG : Trying to send mail mail_commande_prete from histologie-i2mc@inserm.fr to Array
(
    [mail] => maxime.branchereau@inserm.fr
    [name] => Maxime Branchereau
)
.
12:52:56 Mail DEBUG : Mail envoyé.
12:52:56 Application INFO : Retour validée avec succès par l'administrateur #6
12:52:57 Database DEBUG : Connecté à la base de données
13:12:31 Database DEBUG : Connecté à la base de données
13:12:41 Database DEBUG : Connecté à la base de données
13:12:42 Application INFO : Utilisateur connecté : emilie.segura@inserm.fr ( 21 )
13:12:42 Database DEBUG : Connecté à la base de données
13:12:43 Database DEBUG : Connecté à la base de données
13:12:43 Database DEBUG : Connecté à la base de données
13:12:45 Database DEBUG : Connecté à la base de données
13:12:59 Database DEBUG : Connecté à la base de données
13:12:59 Database DEBUG : Connecté à la base de données
13:13:37 Database DEBUG : Connecté à la base de données
13:13:37 Database DEBUG : Connecté à la base de données
13:14:05 Database DEBUG : Connecté à la base de données
13:14:05 Application INFO : Commande #203 créée par l'utilisateur 21
13:14:05 Database DEBUG : Connecté à la base de données
14:14:54 Database DEBUG : Connecté à la base de données
14:14:56 Database DEBUG : Connecté à la base de données
14:14:56 Application INFO : Réception validée avec succès par l'administrateur #6
14:15:00 Database DEBUG : Connecté à la base de données
14:15:18 Database DEBUG : Connecté à la base de données
14:15:20 Database DEBUG : Connecté à la base de données
14:15:21 Database DEBUG : Connecté à la base de données
14:15:22 Database DEBUG : Connecté à la base de données
14:15:23 Database DEBUG : Connecté à la base de données
