09:04:28 Database DEBUG : Connecté à la base de données
09:04:29 Database DEBUG : Connecté à la base de données
09:04:45 Database DEBUG : Connecté à la base de données
09:04:45 Database DEBUG : Connecté à la base de données
09:05:02 Database DEBUG : Connecté à la base de données
09:05:02 Database DEBUG : Connecté à la base de données
09:05:08 Database DEBUG : Connecté à la base de données
09:05:08 Database DEBUG : Connecté à la base de données
09:05:32 Database DEBUG : Connecté à la base de données
09:05:32 Database DEBUG : Connecté à la base de données
09:06:22 Database DEBUG : Connecté à la base de données
09:06:22 Database DEBUG : Connecté à la base de données
09:12:20 Database DEBUG : Connecté à la base de données
09:12:20 Database DEBUG : Connecté à la base de données
09:13:54 Database DEBUG : Connecté à la base de données
09:14:17 Database DEBUG : Connecté à la base de données
09:14:27 Database DEBUG : Connecté à la base de données
09:14:27 Database DEBUG : Connecté à la base de données
09:15:23 Database DEBUG : Connecté à la base de données
09:16:19 Database DEBUG : Connecté à la base de données
09:16:19 Database DEBUG : Connecté à la base de données
09:16:31 Database DEBUG : Connecté à la base de données
09:16:48 Database DEBUG : Connecté à la base de données
09:16:48 Database DEBUG : Connecté à la base de données
09:18:09 Database DEBUG : Connecté à la base de données
09:18:09 Database DEBUG : Connecté à la base de données
09:18:20 Database DEBUG : Connecté à la base de données
09:18:20 Application INFO : Utilisateur connecté : hugo.martinez ( 3 )
09:18:20 Database DEBUG : Connecté à la base de données
09:18:42 Database DEBUG : Connecté à la base de données
09:18:46 Database DEBUG : Connecté à la base de données
09:21:02 Database DEBUG : Connecté à la base de données
09:21:08 Database DEBUG : Connecté à la base de données
09:21:39 Database DEBUG : Connecté à la base de données
09:21:39 Database ERROR : Requête incorrecte : SELECT idAnimal, typeAnimal FROM Animal WHERE visible = 1
09:21:39 Database ERROR : Requête incorrecte : SELECT nomOrgane, idOrgane FROM Organe WHERE visible = 1
09:21:39 Database ERROR : Requête incorrecte : SELECT idAnimal, typeAnimal FROM Animal WHERE visible = 1
09:21:39 Database ERROR : Requête incorrecte : SELECT nomOrgane, idOrgane FROM Organe WHERE visible = 1
09:21:39 Database ERROR : Requête incorrecte : SELECT idAnimal, typeAnimal FROM Animal WHERE visible = 1
09:21:39 Database ERROR : Requête incorrecte : SELECT nomOrgane, idOrgane FROM Organe WHERE visible = 1
09:21:39 Database ERROR : Requête incorrecte : SELECT idAnimal, typeAnimal FROM Animal WHERE visible = 1
09:21:39 Database ERROR : Requête incorrecte : SELECT nomOrgane, idOrgane FROM Organe WHERE visible = 1
09:21:39 Database ERROR : Requête incorrecte : SELECT idAnimal, typeAnimal FROM Animal WHERE visible = 1
09:21:39 Database ERROR : Requête incorrecte : SELECT nomOrgane, idOrgane FROM Organe WHERE visible = 1
09:21:39 Database ERROR : Requête incorrecte : SELECT idAnimal, typeAnimal FROM Animal WHERE visible = 1
09:21:39 Database ERROR : Requête incorrecte : SELECT nomOrgane, idOrgane FROM Organe WHERE visible = 1
09:21:39 Database ERROR : Requête incorrecte : SELECT idAnimal, typeAnimal FROM Animal WHERE visible = 1
09:21:39 Database ERROR : Requête incorrecte : SELECT nomOrgane, idOrgane FROM Organe WHERE visible = 1
09:21:39 Database ERROR : Requête incorrecte : SELECT idAnimal, typeAnimal FROM Animal WHERE visible = 1
09:21:39 Database ERROR : Requête incorrecte : SELECT nomOrgane, idOrgane FROM Organe WHERE visible = 1
09:21:39 Database ERROR : Requête incorrecte : SELECT idAnimal, typeAnimal FROM Animal WHERE visible = 1
09:21:39 Database ERROR : Requête incorrecte : SELECT nomOrgane, idOrgane FROM Organe WHERE visible = 1
09:21:39 Database ERROR : Requête incorrecte : SELECT idAnimal, typeAnimal FROM Animal WHERE visible = 1
09:21:39 Database ERROR : Requête incorrecte : SELECT nomOrgane, idOrgane FROM Organe WHERE visible = 1
09:22:12 Database DEBUG : Connecté à la base de données
09:22:12 Database ERROR : Requête incorrecte : SELECT idAnimal, typeAnimal FROM Animal WHERE visible = 1
09:22:12 Database ERROR : Requête incorrecte : SELECT nomOrgane, idOrgane FROM Organe WHERE visible = 1
09:22:12 Database ERROR : Requête incorrecte : SELECT idAnimal, typeAnimal FROM Animal WHERE visible = 1
09:22:12 Database ERROR : Requête incorrecte : SELECT nomOrgane, idOrgane FROM Organe WHERE visible = 1
09:22:12 Database ERROR : Requête incorrecte : SELECT idAnimal, typeAnimal FROM Animal WHERE visible = 1
09:22:12 Database ERROR : Requête incorrecte : SELECT nomOrgane, idOrgane FROM Organe WHERE visible = 1
09:22:12 Database ERROR : Requête incorrecte : SELECT idAnimal, typeAnimal FROM Animal WHERE visible = 1
09:22:12 Database ERROR : Requête incorrecte : SELECT nomOrgane, idOrgane FROM Organe WHERE visible = 1
09:22:12 Database ERROR : Requête incorrecte : SELECT idAnimal, typeAnimal FROM Animal WHERE visible = 1
09:22:12 Database ERROR : Requête incorrecte : SELECT nomOrgane, idOrgane FROM Organe WHERE visible = 1
09:22:12 Database ERROR : Requête incorrecte : SELECT idAnimal, typeAnimal FROM Animal WHERE visible = 1
09:22:12 Database ERROR : Requête incorrecte : SELECT nomOrgane, idOrgane FROM Organe WHERE visible = 1
09:22:12 Database ERROR : Requête incorrecte : SELECT idAnimal, typeAnimal FROM Animal WHERE visible = 1
09:22:12 Database ERROR : Requête incorrecte : SELECT nomOrgane, idOrgane FROM Organe WHERE visible = 1
09:22:12 Database ERROR : Requête incorrecte : SELECT idAnimal, typeAnimal FROM Animal WHERE visible = 1
09:22:12 Database ERROR : Requête incorrecte : SELECT nomOrgane, idOrgane FROM Organe WHERE visible = 1
09:22:12 Database ERROR : Requête incorrecte : SELECT idAnimal, typeAnimal FROM Animal WHERE visible = 1
09:22:12 Database ERROR : Requête incorrecte : SELECT nomOrgane, idOrgane FROM Organe WHERE visible = 1
09:22:12 Database ERROR : Requête incorrecte : SELECT idAnimal, typeAnimal FROM Animal WHERE visible = 1
09:22:12 Database ERROR : Requête incorrecte : SELECT nomOrgane, idOrgane FROM Organe WHERE visible = 1
09:22:40 Database DEBUG : Connecté à la base de données
09:22:40 Database ERROR : Requête incorrecte : SELECT idAnimal, typeAnimal FROM Animal WHERE visible = 1
09:22:40 Database ERROR : Requête incorrecte : SELECT nomOrgane, idOrgane FROM Organe WHERE visible = 1
09:22:40 Database ERROR : Requête incorrecte : SELECT idAnimal, typeAnimal FROM Animal WHERE visible = 1
09:22:40 Database ERROR : Requête incorrecte : SELECT nomOrgane, idOrgane FROM Organe WHERE visible = 1
09:22:40 Database ERROR : Requête incorrecte : SELECT idAnimal, typeAnimal FROM Animal WHERE visible = 1
09:22:40 Database ERROR : Requête incorrecte : SELECT nomOrgane, idOrgane FROM Organe WHERE visible = 1
09:22:40 Database ERROR : Requête incorrecte : SELECT idAnimal, typeAnimal FROM Animal WHERE visible = 1
09:22:40 Database ERROR : Requête incorrecte : SELECT nomOrgane, idOrgane FROM Organe WHERE visible = 1
09:22:40 Database ERROR : Requête incorrecte : SELECT idAnimal, typeAnimal FROM Animal WHERE visible = 1
09:22:40 Database ERROR : Requête incorrecte : SELECT nomOrgane, idOrgane FROM Organe WHERE visible = 1
09:22:40 Database ERROR : Requête incorrecte : SELECT idAnimal, typeAnimal FROM Animal WHERE visible = 1
09:22:40 Database ERROR : Requête incorrecte : SELECT nomOrgane, idOrgane FROM Organe WHERE visible = 1
09:22:40 Database ERROR : Requête incorrecte : SELECT idAnimal, typeAnimal FROM Animal WHERE visible = 1
09:22:40 Database ERROR : Requête incorrecte : SELECT nomOrgane, idOrgane FROM Organe WHERE visible = 1
09:22:40 Database ERROR : Requête incorrecte : SELECT idAnimal, typeAnimal FROM Animal WHERE visible = 1
09:22:40 Database ERROR : Requête incorrecte : SELECT nomOrgane, idOrgane FROM Organe WHERE visible = 1
09:22:40 Database ERROR : Requête incorrecte : SELECT idAnimal, typeAnimal FROM Animal WHERE visible = 1
09:22:40 Database ERROR : Requête incorrecte : SELECT nomOrgane, idOrgane FROM Organe WHERE visible = 1
09:22:40 Database ERROR : Requête incorrecte : SELECT idAnimal, typeAnimal FROM Animal WHERE visible = 1
09:22:40 Database ERROR : Requête incorrecte : SELECT nomOrgane, idOrgane FROM Organe WHERE visible = 1
09:28:39 Database DEBUG : Connecté à la base de données
09:28:39 Database ERROR : Requête incorrecte : SELECT idAnimal, typeAnimal FROM Animal WHERE visible = 1
09:28:39 Database ERROR : Requête incorrecte : SELECT nomOrgane, idOrgane FROM Organe WHERE visible = 1
09:28:39 Database ERROR : Requête incorrecte : SELECT idAnimal, typeAnimal FROM Animal WHERE visible = 1
09:28:39 Database ERROR : Requête incorrecte : SELECT nomOrgane, idOrgane FROM Organe WHERE visible = 1
09:28:39 Database ERROR : Requête incorrecte : SELECT idAnimal, typeAnimal FROM Animal WHERE visible = 1
09:28:39 Database ERROR : Requête incorrecte : SELECT nomOrgane, idOrgane FROM Organe WHERE visible = 1
09:28:39 Database ERROR : Requête incorrecte : SELECT idAnimal, typeAnimal FROM Animal WHERE visible = 1
09:28:39 Database ERROR : Requête incorrecte : SELECT nomOrgane, idOrgane FROM Organe WHERE visible = 1
09:28:39 Database ERROR : Requête incorrecte : SELECT idAnimal, typeAnimal FROM Animal WHERE visible = 1
09:28:39 Database ERROR : Requête incorrecte : SELECT nomOrgane, idOrgane FROM Organe WHERE visible = 1
09:28:39 Database ERROR : Requête incorrecte : SELECT idAnimal, typeAnimal FROM Animal WHERE visible = 1
09:28:39 Database ERROR : Requête incorrecte : SELECT nomOrgane, idOrgane FROM Organe WHERE visible = 1
09:28:39 Database ERROR : Requête incorrecte : SELECT idAnimal, typeAnimal FROM Animal WHERE visible = 1
09:28:39 Database ERROR : Requête incorrecte : SELECT nomOrgane, idOrgane FROM Organe WHERE visible = 1
09:28:39 Database ERROR : Requête incorrecte : SELECT idAnimal, typeAnimal FROM Animal WHERE visible = 1
09:28:39 Database ERROR : Requête incorrecte : SELECT nomOrgane, idOrgane FROM Organe WHERE visible = 1
09:28:39 Database ERROR : Requête incorrecte : SELECT idAnimal, typeAnimal FROM Animal WHERE visible = 1
09:28:39 Database ERROR : Requête incorrecte : SELECT nomOrgane, idOrgane FROM Organe WHERE visible = 1
09:28:39 Database ERROR : Requête incorrecte : SELECT idAnimal, typeAnimal FROM Animal WHERE visible = 1
09:28:39 Database ERROR : Requête incorrecte : SELECT nomOrgane, idOrgane FROM Organe WHERE visible = 1
09:28:55 Database DEBUG : Connecté à la base de données
09:28:55 Database ERROR : Requête incorrecte : SELECT idAnimal, typeAnimal FROM Animal WHERE visible = 1
09:28:55 Database ERROR : Requête incorrecte : SELECT nomOrgane, idOrgane FROM Organe WHERE visible = 1
09:28:55 Database ERROR : Requête incorrecte : SELECT idAnimal, typeAnimal FROM Animal WHERE visible = 1
09:28:55 Database ERROR : Requête incorrecte : SELECT nomOrgane, idOrgane FROM Organe WHERE visible = 1
09:28:55 Database ERROR : Requête incorrecte : SELECT idAnimal, typeAnimal FROM Animal WHERE visible = 1
09:28:55 Database ERROR : Requête incorrecte : SELECT nomOrgane, idOrgane FROM Organe WHERE visible = 1
09:28:55 Database ERROR : Requête incorrecte : SELECT idAnimal, typeAnimal FROM Animal WHERE visible = 1
09:28:55 Database ERROR : Requête incorrecte : SELECT nomOrgane, idOrgane FROM Organe WHERE visible = 1
09:28:55 Database ERROR : Requête incorrecte : SELECT idAnimal, typeAnimal FROM Animal WHERE visible = 1
09:28:55 Database ERROR : Requête incorrecte : SELECT nomOrgane, idOrgane FROM Organe WHERE visible = 1
09:28:55 Database ERROR : Requête incorrecte : SELECT idAnimal, typeAnimal FROM Animal WHERE visible = 1
09:28:55 Database ERROR : Requête incorrecte : SELECT nomOrgane, idOrgane FROM Organe WHERE visible = 1
09:28:55 Database ERROR : Requête incorrecte : SELECT idAnimal, typeAnimal FROM Animal WHERE visible = 1
09:28:55 Database ERROR : Requête incorrecte : SELECT nomOrgane, idOrgane FROM Organe WHERE visible = 1
09:28:55 Database ERROR : Requête incorrecte : SELECT idAnimal, typeAnimal FROM Animal WHERE visible = 1
09:28:55 Database ERROR : Requête incorrecte : SELECT nomOrgane, idOrgane FROM Organe WHERE visible = 1
09:28:55 Database ERROR : Requête incorrecte : SELECT idAnimal, typeAnimal FROM Animal WHERE visible = 1
09:28:55 Database ERROR : Requête incorrecte : SELECT nomOrgane, idOrgane FROM Organe WHERE visible = 1
09:28:55 Database ERROR : Requête incorrecte : SELECT idAnimal, typeAnimal FROM Animal WHERE visible = 1
09:28:55 Database ERROR : Requête incorrecte : SELECT nomOrgane, idOrgane FROM Organe WHERE visible = 1
09:28:57 Database DEBUG : Connecté à la base de données
09:28:57 Database DEBUG : Connecté à la base de données
09:29:01 Database DEBUG : Connecté à la base de données
09:29:05 Database DEBUG : Connecté à la base de données
09:29:05 Database ERROR : Requête incorrecte : SELECT idAnimal, typeAnimal FROM Animal WHERE visible = 1
09:29:05 Database ERROR : Requête incorrecte : SELECT nomOrgane, idOrgane FROM Organe WHERE visible = 1
09:29:05 Database ERROR : Requête incorrecte : SELECT idAnimal, typeAnimal FROM Animal WHERE visible = 1
09:29:05 Database ERROR : Requête incorrecte : SELECT nomOrgane, idOrgane FROM Organe WHERE visible = 1
09:29:05 Database ERROR : Requête incorrecte : SELECT idAnimal, typeAnimal FROM Animal WHERE visible = 1
09:29:05 Database ERROR : Requête incorrecte : SELECT nomOrgane, idOrgane FROM Organe WHERE visible = 1
09:29:05 Database ERROR : Requête incorrecte : SELECT idAnimal, typeAnimal FROM Animal WHERE visible = 1
09:29:05 Database ERROR : Requête incorrecte : SELECT nomOrgane, idOrgane FROM Organe WHERE visible = 1
09:29:05 Database ERROR : Requête incorrecte : SELECT idAnimal, typeAnimal FROM Animal WHERE visible = 1
09:29:05 Database ERROR : Requête incorrecte : SELECT nomOrgane, idOrgane FROM Organe WHERE visible = 1
09:29:05 Database ERROR : Requête incorrecte : SELECT idAnimal, typeAnimal FROM Animal WHERE visible = 1
09:29:05 Database ERROR : Requête incorrecte : SELECT nomOrgane, idOrgane FROM Organe WHERE visible = 1
09:29:05 Database ERROR : Requête incorrecte : SELECT idAnimal, typeAnimal FROM Animal WHERE visible = 1
09:29:05 Database ERROR : Requête incorrecte : SELECT nomOrgane, idOrgane FROM Organe WHERE visible = 1
09:29:05 Database ERROR : Requête incorrecte : SELECT idAnimal, typeAnimal FROM Animal WHERE visible = 1
09:29:05 Database ERROR : Requête incorrecte : SELECT nomOrgane, idOrgane FROM Organe WHERE visible = 1
09:29:05 Database ERROR : Requête incorrecte : SELECT idAnimal, typeAnimal FROM Animal WHERE visible = 1
09:29:05 Database ERROR : Requête incorrecte : SELECT nomOrgane, idOrgane FROM Organe WHERE visible = 1
09:29:05 Database ERROR : Requête incorrecte : SELECT idAnimal, typeAnimal FROM Animal WHERE visible = 1
09:29:05 Database ERROR : Requête incorrecte : SELECT nomOrgane, idOrgane FROM Organe WHERE visible = 1
09:29:10 Database DEBUG : Connecté à la base de données
09:29:10 Database DEBUG : Connecté à la base de données
09:32:29 Database DEBUG : Connecté à la base de données
09:32:57 Database DEBUG : Connecté à la base de données
09:32:57 Database DEBUG : Connecté à la base de données
09:33:00 Database DEBUG : Connecté à la base de données
09:33:00 Database ERROR : Requête incorrecte : SELECT idAnimal, typeAnimal FROM Animal WHERE visible = 1
09:33:00 Database ERROR : Requête incorrecte : SELECT nomOrgane, idOrgane FROM Organe WHERE visible = 1
09:33:00 Database ERROR : Requête incorrecte : SELECT idAnimal, typeAnimal FROM Animal WHERE visible = 1
09:33:00 Database ERROR : Requête incorrecte : SELECT nomOrgane, idOrgane FROM Organe WHERE visible = 1
09:33:00 Database ERROR : Requête incorrecte : SELECT idAnimal, typeAnimal FROM Animal WHERE visible = 1
09:33:00 Database ERROR : Requête incorrecte : SELECT nomOrgane, idOrgane FROM Organe WHERE visible = 1
09:33:00 Database ERROR : Requête incorrecte : SELECT idAnimal, typeAnimal FROM Animal WHERE visible = 1
09:33:00 Database ERROR : Requête incorrecte : SELECT nomOrgane, idOrgane FROM Organe WHERE visible = 1
09:33:00 Database ERROR : Requête incorrecte : SELECT idAnimal, typeAnimal FROM Animal WHERE visible = 1
09:33:00 Database ERROR : Requête incorrecte : SELECT nomOrgane, idOrgane FROM Organe WHERE visible = 1
09:33:00 Database ERROR : Requête incorrecte : SELECT idAnimal, typeAnimal FROM Animal WHERE visible = 1
09:33:00 Database ERROR : Requête incorrecte : SELECT nomOrgane, idOrgane FROM Organe WHERE visible = 1
09:33:00 Database ERROR : Requête incorrecte : SELECT idAnimal, typeAnimal FROM Animal WHERE visible = 1
09:33:00 Database ERROR : Requête incorrecte : SELECT nomOrgane, idOrgane FROM Organe WHERE visible = 1
09:33:00 Database ERROR : Requête incorrecte : SELECT idAnimal, typeAnimal FROM Animal WHERE visible = 1
09:33:00 Database ERROR : Requête incorrecte : SELECT nomOrgane, idOrgane FROM Organe WHERE visible = 1
09:33:00 Database ERROR : Requête incorrecte : SELECT idAnimal, typeAnimal FROM Animal WHERE visible = 1
09:33:00 Database ERROR : Requête incorrecte : SELECT nomOrgane, idOrgane FROM Organe WHERE visible = 1
09:33:00 Database ERROR : Requête incorrecte : SELECT idAnimal, typeAnimal FROM Animal WHERE visible = 1
09:33:00 Database ERROR : Requête incorrecte : SELECT nomOrgane, idOrgane FROM Organe WHERE visible = 1
09:33:02 Database DEBUG : Connecté à la base de données
09:33:02 Database ERROR : Requête incorrecte : SELECT idAnimal, typeAnimal FROM Animal WHERE visible = 1
09:33:02 Database ERROR : Requête incorrecte : SELECT nomOrgane, idOrgane FROM Organe WHERE visible = 1
09:33:02 Database ERROR : Requête incorrecte : SELECT idAnimal, typeAnimal FROM Animal WHERE visible = 1
09:33:02 Database ERROR : Requête incorrecte : SELECT nomOrgane, idOrgane FROM Organe WHERE visible = 1
09:33:02 Database ERROR : Requête incorrecte : SELECT idAnimal, typeAnimal FROM Animal WHERE visible = 1
09:33:02 Database ERROR : Requête incorrecte : SELECT nomOrgane, idOrgane FROM Organe WHERE visible = 1
09:33:02 Database ERROR : Requête incorrecte : SELECT idAnimal, typeAnimal FROM Animal WHERE visible = 1
09:33:02 Database ERROR : Requête incorrecte : SELECT nomOrgane, idOrgane FROM Organe WHERE visible = 1
09:33:02 Database ERROR : Requête incorrecte : SELECT idAnimal, typeAnimal FROM Animal WHERE visible = 1
09:33:02 Database ERROR : Requête incorrecte : SELECT nomOrgane, idOrgane FROM Organe WHERE visible = 1
09:33:02 Database ERROR : Requête incorrecte : SELECT idAnimal, typeAnimal FROM Animal WHERE visible = 1
09:33:02 Database ERROR : Requête incorrecte : SELECT nomOrgane, idOrgane FROM Organe WHERE visible = 1
09:33:02 Database ERROR : Requête incorrecte : SELECT idAnimal, typeAnimal FROM Animal WHERE visible = 1
09:33:02 Database ERROR : Requête incorrecte : SELECT nomOrgane, idOrgane FROM Organe WHERE visible = 1
09:33:02 Database ERROR : Requête incorrecte : SELECT idAnimal, typeAnimal FROM Animal WHERE visible = 1
09:33:02 Database ERROR : Requête incorrecte : SELECT nomOrgane, idOrgane FROM Organe WHERE visible = 1
09:33:02 Database ERROR : Requête incorrecte : SELECT idAnimal, typeAnimal FROM Animal WHERE visible = 1
09:33:02 Database ERROR : Requête incorrecte : SELECT nomOrgane, idOrgane FROM Organe WHERE visible = 1
09:33:02 Database ERROR : Requête incorrecte : SELECT idAnimal, typeAnimal FROM Animal WHERE visible = 1
09:33:02 Database ERROR : Requête incorrecte : SELECT nomOrgane, idOrgane FROM Organe WHERE visible = 1
09:36:50 Database DEBUG : Connecté à la base de données
09:36:50 Database ERROR : Requête incorrecte : SELECT idAnimal, typeAnimal FROM Animal WHERE visible = 1
09:36:50 Database ERROR : Requête incorrecte : SELECT nomOrgane, idOrgane FROM Organe WHERE visible = 1
09:36:50 Database ERROR : Requête incorrecte : SELECT idAnimal, typeAnimal FROM Animal WHERE visible = 1
09:36:50 Database ERROR : Requête incorrecte : SELECT nomOrgane, idOrgane FROM Organe WHERE visible = 1
09:36:50 Database ERROR : Requête incorrecte : SELECT idAnimal, typeAnimal FROM Animal WHERE visible = 1
09:36:50 Database ERROR : Requête incorrecte : SELECT nomOrgane, idOrgane FROM Organe WHERE visible = 1
09:36:50 Database ERROR : Requête incorrecte : SELECT idAnimal, typeAnimal FROM Animal WHERE visible = 1
09:36:50 Database ERROR : Requête incorrecte : SELECT nomOrgane, idOrgane FROM Organe WHERE visible = 1
09:36:50 Database ERROR : Requête incorrecte : SELECT idAnimal, typeAnimal FROM Animal WHERE visible = 1
09:36:50 Database ERROR : Requête incorrecte : SELECT nomOrgane, idOrgane FROM Organe WHERE visible = 1
09:36:50 Database ERROR : Requête incorrecte : SELECT idAnimal, typeAnimal FROM Animal WHERE visible = 1
09:36:50 Database ERROR : Requête incorrecte : SELECT nomOrgane, idOrgane FROM Organe WHERE visible = 1
09:36:50 Database ERROR : Requête incorrecte : SELECT idAnimal, typeAnimal FROM Animal WHERE visible = 1
09:36:50 Database ERROR : Requête incorrecte : SELECT nomOrgane, idOrgane FROM Organe WHERE visible = 1
09:36:50 Database ERROR : Requête incorrecte : SELECT idAnimal, typeAnimal FROM Animal WHERE visible = 1
09:36:50 Database ERROR : Requête incorrecte : SELECT nomOrgane, idOrgane FROM Organe WHERE visible = 1
09:36:50 Database ERROR : Requête incorrecte : SELECT idAnimal, typeAnimal FROM Animal WHERE visible = 1
09:36:50 Database ERROR : Requête incorrecte : SELECT nomOrgane, idOrgane FROM Organe WHERE visible = 1
09:36:50 Database ERROR : Requête incorrecte : SELECT idAnimal, typeAnimal FROM Animal WHERE visible = 1
09:36:50 Database ERROR : Requête incorrecte : SELECT nomOrgane, idOrgane FROM Organe WHERE visible = 1
09:39:11 Database DEBUG : Connecté à la base de données
09:39:11 Database ERROR : Requête incorrecte : SELECT idAnimal, typeAnimal FROM Animal WHERE visible = 1
09:39:11 Database ERROR : Requête incorrecte : SELECT nomOrgane, idOrgane FROM Organe WHERE visible = 1
09:39:11 Database ERROR : Requête incorrecte : SELECT idAnimal, typeAnimal FROM Animal WHERE visible = 1
09:39:11 Database ERROR : Requête incorrecte : SELECT nomOrgane, idOrgane FROM Organe WHERE visible = 1
09:39:11 Database ERROR : Requête incorrecte : SELECT idAnimal, typeAnimal FROM Animal WHERE visible = 1
09:39:11 Database ERROR : Requête incorrecte : SELECT nomOrgane, idOrgane FROM Organe WHERE visible = 1
09:39:11 Database ERROR : Requête incorrecte : SELECT idAnimal, typeAnimal FROM Animal WHERE visible = 1
09:39:11 Database ERROR : Requête incorrecte : SELECT nomOrgane, idOrgane FROM Organe WHERE visible = 1
09:39:11 Database ERROR : Requête incorrecte : SELECT idAnimal, typeAnimal FROM Animal WHERE visible = 1
09:39:11 Database ERROR : Requête incorrecte : SELECT nomOrgane, idOrgane FROM Organe WHERE visible = 1
09:39:11 Database ERROR : Requête incorrecte : SELECT idAnimal, typeAnimal FROM Animal WHERE visible = 1
09:39:11 Database ERROR : Requête incorrecte : SELECT nomOrgane, idOrgane FROM Organe WHERE visible = 1
09:39:11 Database ERROR : Requête incorrecte : SELECT idAnimal, typeAnimal FROM Animal WHERE visible = 1
09:39:11 Database ERROR : Requête incorrecte : SELECT nomOrgane, idOrgane FROM Organe WHERE visible = 1
09:39:11 Database ERROR : Requête incorrecte : SELECT idAnimal, typeAnimal FROM Animal WHERE visible = 1
09:39:11 Database ERROR : Requête incorrecte : SELECT nomOrgane, idOrgane FROM Organe WHERE visible = 1
09:39:11 Database ERROR : Requête incorrecte : SELECT idAnimal, typeAnimal FROM Animal WHERE visible = 1
09:39:11 Database ERROR : Requête incorrecte : SELECT nomOrgane, idOrgane FROM Organe WHERE visible = 1
09:39:11 Database ERROR : Requête incorrecte : SELECT idAnimal, typeAnimal FROM Animal WHERE visible = 1
09:39:11 Database ERROR : Requête incorrecte : SELECT nomOrgane, idOrgane FROM Organe WHERE visible = 1
09:39:15 Database DEBUG : Connecté à la base de données
09:39:15 Database ERROR : Requête incorrecte : SELECT idAnimal, typeAnimal FROM Animal WHERE visible = 1
09:39:15 Database ERROR : Requête incorrecte : SELECT nomOrgane, idOrgane FROM Organe WHERE visible = 1
09:39:15 Database ERROR : Requête incorrecte : SELECT idAnimal, typeAnimal FROM Animal WHERE visible = 1
09:39:15 Database ERROR : Requête incorrecte : SELECT nomOrgane, idOrgane FROM Organe WHERE visible = 1
09:39:15 Database ERROR : Requête incorrecte : SELECT idAnimal, typeAnimal FROM Animal WHERE visible = 1
09:39:15 Database ERROR : Requête incorrecte : SELECT nomOrgane, idOrgane FROM Organe WHERE visible = 1
09:39:15 Database ERROR : Requête incorrecte : SELECT idAnimal, typeAnimal FROM Animal WHERE visible = 1
09:39:15 Database ERROR : Requête incorrecte : SELECT nomOrgane, idOrgane FROM Organe WHERE visible = 1
09:39:15 Database ERROR : Requête incorrecte : SELECT idAnimal, typeAnimal FROM Animal WHERE visible = 1
09:39:15 Database ERROR : Requête incorrecte : SELECT nomOrgane, idOrgane FROM Organe WHERE visible = 1
09:39:15 Database ERROR : Requête incorrecte : SELECT idAnimal, typeAnimal FROM Animal WHERE visible = 1
09:39:15 Database ERROR : Requête incorrecte : SELECT nomOrgane, idOrgane FROM Organe WHERE visible = 1
09:39:15 Database ERROR : Requête incorrecte : SELECT idAnimal, typeAnimal FROM Animal WHERE visible = 1
09:39:15 Database ERROR : Requête incorrecte : SELECT nomOrgane, idOrgane FROM Organe WHERE visible = 1
09:39:15 Database ERROR : Requête incorrecte : SELECT idAnimal, typeAnimal FROM Animal WHERE visible = 1
09:39:15 Database ERROR : Requête incorrecte : SELECT nomOrgane, idOrgane FROM Organe WHERE visible = 1
09:39:15 Database ERROR : Requête incorrecte : SELECT idAnimal, typeAnimal FROM Animal WHERE visible = 1
09:39:15 Database ERROR : Requête incorrecte : SELECT nomOrgane, idOrgane FROM Organe WHERE visible = 1
09:39:15 Database ERROR : Requête incorrecte : SELECT idAnimal, typeAnimal FROM Animal WHERE visible = 1
09:39:15 Database ERROR : Requête incorrecte : SELECT nomOrgane, idOrgane FROM Organe WHERE visible = 1
09:41:40 Database DEBUG : Connecté à la base de données
09:41:40 Database ERROR : Requête incorrecte : SELECT nomOrgane, idOrgane FROM Organe WHERE visible = 1
09:41:40 Database ERROR : Requête incorrecte : SELECT nomOrgane, idOrgane FROM Organe WHERE visible = 1
09:41:40 Database ERROR : Requête incorrecte : SELECT nomOrgane, idOrgane FROM Organe WHERE visible = 1
09:41:40 Database ERROR : Requête incorrecte : SELECT nomOrgane, idOrgane FROM Organe WHERE visible = 1
09:41:40 Database ERROR : Requête incorrecte : SELECT nomOrgane, idOrgane FROM Organe WHERE visible = 1
09:41:40 Database ERROR : Requête incorrecte : SELECT nomOrgane, idOrgane FROM Organe WHERE visible = 1
09:41:40 Database ERROR : Requête incorrecte : SELECT nomOrgane, idOrgane FROM Organe WHERE visible = 1
09:41:40 Database ERROR : Requête incorrecte : SELECT nomOrgane, idOrgane FROM Organe WHERE visible = 1
09:41:40 Database ERROR : Requête incorrecte : SELECT nomOrgane, idOrgane FROM Organe WHERE visible = 1
09:41:40 Database ERROR : Requête incorrecte : SELECT nomOrgane, idOrgane FROM Organe WHERE visible = 1
09:41:58 Database DEBUG : Connecté à la base de données
09:41:58 Database ERROR : Requête incorrecte : SELECT nomOrgane, idOrgane FROM Organe WHERE visible = 1
09:41:58 Database ERROR : Requête incorrecte : SELECT nomOrgane, idOrgane FROM Organe WHERE visible = 1
09:41:58 Database ERROR : Requête incorrecte : SELECT nomOrgane, idOrgane FROM Organe WHERE visible = 1
09:41:58 Database ERROR : Requête incorrecte : SELECT nomOrgane, idOrgane FROM Organe WHERE visible = 1
09:41:58 Database ERROR : Requête incorrecte : SELECT nomOrgane, idOrgane FROM Organe WHERE visible = 1
09:41:58 Database ERROR : Requête incorrecte : SELECT nomOrgane, idOrgane FROM Organe WHERE visible = 1
09:41:58 Database ERROR : Requête incorrecte : SELECT nomOrgane, idOrgane FROM Organe WHERE visible = 1
09:41:58 Database ERROR : Requête incorrecte : SELECT nomOrgane, idOrgane FROM Organe WHERE visible = 1
09:41:58 Database ERROR : Requête incorrecte : SELECT nomOrgane, idOrgane FROM Organe WHERE visible = 1
09:41:58 Database ERROR : Requête incorrecte : SELECT nomOrgane, idOrgane FROM Organe WHERE visible = 1
09:42:18 Database DEBUG : Connecté à la base de données
09:42:18 Database ERROR : Requête incorrecte : SELECT nomOrgane, idOrgane FROM Organe WHERE visible = 1
09:42:18 Database ERROR : Requête incorrecte : SELECT nomOrgane, idOrgane FROM Organe WHERE visible = 1
09:42:18 Database ERROR : Requête incorrecte : SELECT nomOrgane, idOrgane FROM Organe WHERE visible = 1
09:42:18 Database ERROR : Requête incorrecte : SELECT nomOrgane, idOrgane FROM Organe WHERE visible = 1
09:42:18 Database ERROR : Requête incorrecte : SELECT nomOrgane, idOrgane FROM Organe WHERE visible = 1
09:42:18 Database ERROR : Requête incorrecte : SELECT nomOrgane, idOrgane FROM Organe WHERE visible = 1
09:42:18 Database ERROR : Requête incorrecte : SELECT nomOrgane, idOrgane FROM Organe WHERE visible = 1
09:42:18 Database ERROR : Requête incorrecte : SELECT nomOrgane, idOrgane FROM Organe WHERE visible = 1
09:42:18 Database ERROR : Requête incorrecte : SELECT nomOrgane, idOrgane FROM Organe WHERE visible = 1
09:42:18 Database ERROR : Requête incorrecte : SELECT nomOrgane, idOrgane FROM Organe WHERE visible = 1
09:42:19 Database DEBUG : Connecté à la base de données
09:42:19 Database ERROR : Requête incorrecte : SELECT nomOrgane, idOrgane FROM Organe WHERE visible = 1
09:42:19 Database ERROR : Requête incorrecte : SELECT nomOrgane, idOrgane FROM Organe WHERE visible = 1
09:42:19 Database ERROR : Requête incorrecte : SELECT nomOrgane, idOrgane FROM Organe WHERE visible = 1
09:42:19 Database ERROR : Requête incorrecte : SELECT nomOrgane, idOrgane FROM Organe WHERE visible = 1
09:42:19 Database ERROR : Requête incorrecte : SELECT nomOrgane, idOrgane FROM Organe WHERE visible = 1
09:42:19 Database ERROR : Requête incorrecte : SELECT nomOrgane, idOrgane FROM Organe WHERE visible = 1
09:42:19 Database ERROR : Requête incorrecte : SELECT nomOrgane, idOrgane FROM Organe WHERE visible = 1
09:42:19 Database ERROR : Requête incorrecte : SELECT nomOrgane, idOrgane FROM Organe WHERE visible = 1
09:42:19 Database ERROR : Requête incorrecte : SELECT nomOrgane, idOrgane FROM Organe WHERE visible = 1
09:42:19 Database ERROR : Requête incorrecte : SELECT nomOrgane, idOrgane FROM Organe WHERE visible = 1
09:44:06 Database DEBUG : Connecté à la base de données
09:44:06 Database ERROR : Requête incorrecte : SELECT nomOrgane, idOrgane FROM Organe WHERE visible = 1
09:44:06 Database ERROR : Requête incorrecte : SELECT nomOrgane, idOrgane FROM Organe WHERE visible = 1
09:44:06 Database ERROR : Requête incorrecte : SELECT nomOrgane, idOrgane FROM Organe WHERE visible = 1
09:44:06 Database ERROR : Requête incorrecte : SELECT nomOrgane, idOrgane FROM Organe WHERE visible = 1
09:44:06 Database ERROR : Requête incorrecte : SELECT nomOrgane, idOrgane FROM Organe WHERE visible = 1
09:44:06 Database ERROR : Requête incorrecte : SELECT nomOrgane, idOrgane FROM Organe WHERE visible = 1
09:44:06 Database ERROR : Requête incorrecte : SELECT nomOrgane, idOrgane FROM Organe WHERE visible = 1
09:44:06 Database ERROR : Requête incorrecte : SELECT nomOrgane, idOrgane FROM Organe WHERE visible = 1
09:44:06 Database ERROR : Requête incorrecte : SELECT nomOrgane, idOrgane FROM Organe WHERE visible = 1
09:44:06 Database ERROR : Requête incorrecte : SELECT nomOrgane, idOrgane FROM Organe WHERE visible = 1
09:44:09 Database DEBUG : Connecté à la base de données
09:44:09 Database ERROR : Requête incorrecte : SELECT nomOrgane, idOrgane FROM Organe WHERE visible = 1
09:44:09 Database ERROR : Requête incorrecte : SELECT nomOrgane, idOrgane FROM Organe WHERE visible = 1
09:44:09 Database ERROR : Requête incorrecte : SELECT nomOrgane, idOrgane FROM Organe WHERE visible = 1
09:44:09 Database ERROR : Requête incorrecte : SELECT nomOrgane, idOrgane FROM Organe WHERE visible = 1
09:44:09 Database ERROR : Requête incorrecte : SELECT nomOrgane, idOrgane FROM Organe WHERE visible = 1
09:44:09 Database ERROR : Requête incorrecte : SELECT nomOrgane, idOrgane FROM Organe WHERE visible = 1
09:44:09 Database ERROR : Requête incorrecte : SELECT nomOrgane, idOrgane FROM Organe WHERE visible = 1
09:44:09 Database ERROR : Requête incorrecte : SELECT nomOrgane, idOrgane FROM Organe WHERE visible = 1
09:44:09 Database ERROR : Requête incorrecte : SELECT nomOrgane, idOrgane FROM Organe WHERE visible = 1
09:44:09 Database ERROR : Requête incorrecte : SELECT nomOrgane, idOrgane FROM Organe WHERE visible = 1
09:44:12 Database DEBUG : Connecté à la base de données
09:44:12 Database ERROR : Requête incorrecte : SELECT nomOrgane, idOrgane FROM Organe WHERE visible = 1
09:44:12 Database ERROR : Requête incorrecte : SELECT nomOrgane, idOrgane FROM Organe WHERE visible = 1
09:44:12 Database ERROR : Requête incorrecte : SELECT nomOrgane, idOrgane FROM Organe WHERE visible = 1
09:44:12 Database ERROR : Requête incorrecte : SELECT nomOrgane, idOrgane FROM Organe WHERE visible = 1
09:44:12 Database ERROR : Requête incorrecte : SELECT nomOrgane, idOrgane FROM Organe WHERE visible = 1
09:44:12 Database ERROR : Requête incorrecte : SELECT nomOrgane, idOrgane FROM Organe WHERE visible = 1
09:44:12 Database ERROR : Requête incorrecte : SELECT nomOrgane, idOrgane FROM Organe WHERE visible = 1
09:44:12 Database ERROR : Requête incorrecte : SELECT nomOrgane, idOrgane FROM Organe WHERE visible = 1
09:44:12 Database ERROR : Requête incorrecte : SELECT nomOrgane, idOrgane FROM Organe WHERE visible = 1
09:44:12 Database ERROR : Requête incorrecte : SELECT nomOrgane, idOrgane FROM Organe WHERE visible = 1
09:44:36 Database DEBUG : Connecté à la base de données
09:44:36 Database ERROR : Requête incorrecte : SELECT nomOrgane, idOrgane FROM Organe WHERE visible = 1
09:44:36 Database ERROR : Requête incorrecte : SELECT nomOrgane, idOrgane FROM Organe WHERE visible = 1
09:44:36 Database ERROR : Requête incorrecte : SELECT nomOrgane, idOrgane FROM Organe WHERE visible = 1
09:44:36 Database ERROR : Requête incorrecte : SELECT nomOrgane, idOrgane FROM Organe WHERE visible = 1
09:44:36 Database ERROR : Requête incorrecte : SELECT nomOrgane, idOrgane FROM Organe WHERE visible = 1
09:44:36 Database ERROR : Requête incorrecte : SELECT nomOrgane, idOrgane FROM Organe WHERE visible = 1
09:44:36 Database ERROR : Requête incorrecte : SELECT nomOrgane, idOrgane FROM Organe WHERE visible = 1
09:44:36 Database ERROR : Requête incorrecte : SELECT nomOrgane, idOrgane FROM Organe WHERE visible = 1
09:44:36 Database ERROR : Requête incorrecte : SELECT nomOrgane, idOrgane FROM Organe WHERE visible = 1
09:44:36 Database ERROR : Requête incorrecte : SELECT nomOrgane, idOrgane FROM Organe WHERE visible = 1
09:45:10 Database DEBUG : Connecté à la base de données
09:45:10 Database ERROR : Requête incorrecte : SELECT nomOrgane, idOrgane FROM Organe WHERE visible = 1
09:45:10 Database ERROR : Requête incorrecte : SELECT nomOrgane, idOrgane FROM Organe WHERE visible = 1
09:45:10 Database ERROR : Requête incorrecte : SELECT nomOrgane, idOrgane FROM Organe WHERE visible = 1
09:45:10 Database ERROR : Requête incorrecte : SELECT nomOrgane, idOrgane FROM Organe WHERE visible = 1
09:45:10 Database ERROR : Requête incorrecte : SELECT nomOrgane, idOrgane FROM Organe WHERE visible = 1
09:45:10 Database ERROR : Requête incorrecte : SELECT nomOrgane, idOrgane FROM Organe WHERE visible = 1
09:45:10 Database ERROR : Requête incorrecte : SELECT nomOrgane, idOrgane FROM Organe WHERE visible = 1
09:45:10 Database ERROR : Requête incorrecte : SELECT nomOrgane, idOrgane FROM Organe WHERE visible = 1
09:45:10 Database ERROR : Requête incorrecte : SELECT nomOrgane, idOrgane FROM Organe WHERE visible = 1
09:45:10 Database ERROR : Requête incorrecte : SELECT nomOrgane, idOrgane FROM Organe WHERE visible = 1
09:46:38 Database DEBUG : Connecté à la base de données
09:46:38 Database ERROR : Requête incorrecte : SELECT nomOrgane, idOrgane FROM Organe WHERE visible = 1
09:46:38 Database ERROR : Requête incorrecte : SELECT nomOrgane, idOrgane FROM Organe WHERE visible = 1
09:46:38 Database ERROR : Requête incorrecte : SELECT nomOrgane, idOrgane FROM Organe WHERE visible = 1
09:46:38 Database ERROR : Requête incorrecte : SELECT nomOrgane, idOrgane FROM Organe WHERE visible = 1
09:46:38 Database ERROR : Requête incorrecte : SELECT nomOrgane, idOrgane FROM Organe WHERE visible = 1
09:46:38 Database ERROR : Requête incorrecte : SELECT nomOrgane, idOrgane FROM Organe WHERE visible = 1
09:46:38 Database ERROR : Requête incorrecte : SELECT nomOrgane, idOrgane FROM Organe WHERE visible = 1
09:46:38 Database ERROR : Requête incorrecte : SELECT nomOrgane, idOrgane FROM Organe WHERE visible = 1
09:46:38 Database ERROR : Requête incorrecte : SELECT nomOrgane, idOrgane FROM Organe WHERE visible = 1
09:46:38 Database ERROR : Requête incorrecte : SELECT nomOrgane, idOrgane FROM Organe WHERE visible = 1
09:47:39 Database DEBUG : Connecté à la base de données
09:47:39 Database ERROR : Requête incorrecte : SELECT nomOrgane, idOrgane FROM Organe WHERE visible = 1
09:47:39 Database ERROR : Requête incorrecte : SELECT nomOrgane, idOrgane FROM Organe WHERE visible = 1
09:47:39 Database ERROR : Requête incorrecte : SELECT nomOrgane, idOrgane FROM Organe WHERE visible = 1
09:47:39 Database ERROR : Requête incorrecte : SELECT nomOrgane, idOrgane FROM Organe WHERE visible = 1
09:47:39 Database ERROR : Requête incorrecte : SELECT nomOrgane, idOrgane FROM Organe WHERE visible = 1
09:47:39 Database ERROR : Requête incorrecte : SELECT nomOrgane, idOrgane FROM Organe WHERE visible = 1
09:47:39 Database ERROR : Requête incorrecte : SELECT nomOrgane, idOrgane FROM Organe WHERE visible = 1
09:47:39 Database ERROR : Requête incorrecte : SELECT nomOrgane, idOrgane FROM Organe WHERE visible = 1
09:47:39 Database ERROR : Requête incorrecte : SELECT nomOrgane, idOrgane FROM Organe WHERE visible = 1
09:47:39 Database ERROR : Requête incorrecte : SELECT nomOrgane, idOrgane FROM Organe WHERE visible = 1
09:50:48 Database DEBUG : Connecté à la base de données
09:50:48 Database ERROR : Requête incorrecte : SELECT nomOrgane, idOrgane FROM Organe WHERE visible = 1
09:50:48 Database ERROR : Requête incorrecte : SELECT nomOrgane, idOrgane FROM Organe WHERE visible = 1
09:50:48 Database ERROR : Requête incorrecte : SELECT nomOrgane, idOrgane FROM Organe WHERE visible = 1
09:50:48 Database ERROR : Requête incorrecte : SELECT nomOrgane, idOrgane FROM Organe WHERE visible = 1
09:50:48 Database ERROR : Requête incorrecte : SELECT nomOrgane, idOrgane FROM Organe WHERE visible = 1
09:50:48 Database ERROR : Requête incorrecte : SELECT nomOrgane, idOrgane FROM Organe WHERE visible = 1
09:50:48 Database ERROR : Requête incorrecte : SELECT nomOrgane, idOrgane FROM Organe WHERE visible = 1
09:50:48 Database ERROR : Requête incorrecte : SELECT nomOrgane, idOrgane FROM Organe WHERE visible = 1
09:50:48 Database ERROR : Requête incorrecte : SELECT nomOrgane, idOrgane FROM Organe WHERE visible = 1
09:50:48 Database ERROR : Requête incorrecte : SELECT nomOrgane, idOrgane FROM Organe WHERE visible = 1
09:51:04 Database DEBUG : Connecté à la base de données
09:51:04 Database ERROR : Requête incorrecte : SELECT nomOrgane, idOrgane FROM Organe WHERE visible = 1
09:51:04 Database ERROR : Requête incorrecte : SELECT nomOrgane, idOrgane FROM Organe WHERE visible = 1
09:51:04 Database ERROR : Requête incorrecte : SELECT nomOrgane, idOrgane FROM Organe WHERE visible = 1
09:51:04 Database ERROR : Requête incorrecte : SELECT nomOrgane, idOrgane FROM Organe WHERE visible = 1
09:51:04 Database ERROR : Requête incorrecte : SELECT nomOrgane, idOrgane FROM Organe WHERE visible = 1
09:51:04 Database ERROR : Requête incorrecte : SELECT nomOrgane, idOrgane FROM Organe WHERE visible = 1
09:51:04 Database ERROR : Requête incorrecte : SELECT nomOrgane, idOrgane FROM Organe WHERE visible = 1
09:51:04 Database ERROR : Requête incorrecte : SELECT nomOrgane, idOrgane FROM Organe WHERE visible = 1
09:51:04 Database ERROR : Requête incorrecte : SELECT nomOrgane, idOrgane FROM Organe WHERE visible = 1
09:51:04 Database ERROR : Requête incorrecte : SELECT nomOrgane, idOrgane FROM Organe WHERE visible = 1
09:51:40 Database DEBUG : Connecté à la base de données
09:51:40 Database ERROR : Requête incorrecte : SELECT nomOrgane, idOrgane FROM Organe WHERE visible = 1
09:51:40 Database ERROR : Requête incorrecte : SELECT nomOrgane, idOrgane FROM Organe WHERE visible = 1
09:51:40 Database ERROR : Requête incorrecte : SELECT nomOrgane, idOrgane FROM Organe WHERE visible = 1
09:51:40 Database ERROR : Requête incorrecte : SELECT nomOrgane, idOrgane FROM Organe WHERE visible = 1
09:51:40 Database ERROR : Requête incorrecte : SELECT nomOrgane, idOrgane FROM Organe WHERE visible = 1
09:51:40 Database ERROR : Requête incorrecte : SELECT nomOrgane, idOrgane FROM Organe WHERE visible = 1
09:51:40 Database ERROR : Requête incorrecte : SELECT nomOrgane, idOrgane FROM Organe WHERE visible = 1
09:51:40 Database ERROR : Requête incorrecte : SELECT nomOrgane, idOrgane FROM Organe WHERE visible = 1
09:51:40 Database ERROR : Requête incorrecte : SELECT nomOrgane, idOrgane FROM Organe WHERE visible = 1
09:51:40 Database ERROR : Requête incorrecte : SELECT nomOrgane, idOrgane FROM Organe WHERE visible = 1
09:52:18 Database DEBUG : Connecté à la base de données
09:52:18 Database ERROR : Requête incorrecte : SELECT nomOrgane, idOrgane FROM Organe WHERE visible = 1
09:52:18 Database ERROR : Requête incorrecte : SELECT nomOrgane, idOrgane FROM Organe WHERE visible = 1
09:52:18 Database ERROR : Requête incorrecte : SELECT nomOrgane, idOrgane FROM Organe WHERE visible = 1
09:52:18 Database ERROR : Requête incorrecte : SELECT nomOrgane, idOrgane FROM Organe WHERE visible = 1
09:52:18 Database ERROR : Requête incorrecte : SELECT nomOrgane, idOrgane FROM Organe WHERE visible = 1
09:52:18 Database ERROR : Requête incorrecte : SELECT nomOrgane, idOrgane FROM Organe WHERE visible = 1
09:52:18 Database ERROR : Requête incorrecte : SELECT nomOrgane, idOrgane FROM Organe WHERE visible = 1
09:52:18 Database ERROR : Requête incorrecte : SELECT nomOrgane, idOrgane FROM Organe WHERE visible = 1
09:52:18 Database ERROR : Requête incorrecte : SELECT nomOrgane, idOrgane FROM Organe WHERE visible = 1
09:52:18 Database ERROR : Requête incorrecte : SELECT nomOrgane, idOrgane FROM Organe WHERE visible = 1
09:56:19 Database DEBUG : Connecté à la base de données
09:56:19 Database ERROR : Requête incorrecte : SELECT nomOrgane, idOrgane FROM Organe WHERE visible = 1
09:56:19 Database ERROR : Requête incorrecte : SELECT nomOrgane, idOrgane FROM Organe WHERE visible = 1
09:56:19 Database ERROR : Requête incorrecte : SELECT nomOrgane, idOrgane FROM Organe WHERE visible = 1
09:56:19 Database ERROR : Requête incorrecte : SELECT nomOrgane, idOrgane FROM Organe WHERE visible = 1
09:56:19 Database ERROR : Requête incorrecte : SELECT nomOrgane, idOrgane FROM Organe WHERE visible = 1
09:56:19 Database ERROR : Requête incorrecte : SELECT nomOrgane, idOrgane FROM Organe WHERE visible = 1
09:56:19 Database ERROR : Requête incorrecte : SELECT nomOrgane, idOrgane FROM Organe WHERE visible = 1
09:56:19 Database ERROR : Requête incorrecte : SELECT nomOrgane, idOrgane FROM Organe WHERE visible = 1
09:56:19 Database ERROR : Requête incorrecte : SELECT nomOrgane, idOrgane FROM Organe WHERE visible = 1
09:56:19 Database ERROR : Requête incorrecte : SELECT nomOrgane, idOrgane FROM Organe WHERE visible = 1
09:59:27 Database DEBUG : Connecté à la base de données
09:59:27 Database ERROR : Requête incorrecte : SELECT nomOrgane, idOrgane FROM Organe WHERE visible = 1
09:59:27 Database ERROR : Requête incorrecte : SELECT nomOrgane, idOrgane FROM Organe WHERE visible = 1
09:59:27 Database ERROR : Requête incorrecte : SELECT nomOrgane, idOrgane FROM Organe WHERE visible = 1
09:59:27 Database ERROR : Requête incorrecte : SELECT nomOrgane, idOrgane FROM Organe WHERE visible = 1
09:59:27 Database ERROR : Requête incorrecte : SELECT nomOrgane, idOrgane FROM Organe WHERE visible = 1
09:59:27 Database ERROR : Requête incorrecte : SELECT nomOrgane, idOrgane FROM Organe WHERE visible = 1
09:59:27 Database ERROR : Requête incorrecte : SELECT nomOrgane, idOrgane FROM Organe WHERE visible = 1
09:59:27 Database ERROR : Requête incorrecte : SELECT nomOrgane, idOrgane FROM Organe WHERE visible = 1
09:59:27 Database ERROR : Requête incorrecte : SELECT nomOrgane, idOrgane FROM Organe WHERE visible = 1
09:59:27 Database ERROR : Requête incorrecte : SELECT nomOrgane, idOrgane FROM Organe WHERE visible = 1
10:13:59 Database DEBUG : Connecté à la base de données
10:13:59 Database ERROR : Requête incorrecte : SELECT nomOrgane, idOrgane FROM Organe WHERE visible = 1
10:13:59 Database ERROR : Requête incorrecte : SELECT nomOrgane, idOrgane FROM Organe WHERE visible = 1
10:13:59 Database ERROR : Requête incorrecte : SELECT nomOrgane, idOrgane FROM Organe WHERE visible = 1
10:13:59 Database ERROR : Requête incorrecte : SELECT nomOrgane, idOrgane FROM Organe WHERE visible = 1
10:13:59 Database ERROR : Requête incorrecte : SELECT nomOrgane, idOrgane FROM Organe WHERE visible = 1
10:13:59 Database ERROR : Requête incorrecte : SELECT nomOrgane, idOrgane FROM Organe WHERE visible = 1
10:13:59 Database ERROR : Requête incorrecte : SELECT nomOrgane, idOrgane FROM Organe WHERE visible = 1
10:13:59 Database ERROR : Requête incorrecte : SELECT nomOrgane, idOrgane FROM Organe WHERE visible = 1
10:13:59 Database ERROR : Requête incorrecte : SELECT nomOrgane, idOrgane FROM Organe WHERE visible = 1
10:13:59 Database ERROR : Requête incorrecte : SELECT nomOrgane, idOrgane FROM Organe WHERE visible = 1
10:25:18 Database DEBUG : Connecté à la base de données
10:25:18 Database ERROR : Requête incorrecte : SELECT nomOrgane, idOrgane FROM Organe WHERE visible = 1
10:25:18 Database ERROR : Requête incorrecte : SELECT nomOrgane, idOrgane FROM Organe WHERE visible = 1
10:25:18 Database ERROR : Requête incorrecte : SELECT nomOrgane, idOrgane FROM Organe WHERE visible = 1
10:25:18 Database ERROR : Requête incorrecte : SELECT nomOrgane, idOrgane FROM Organe WHERE visible = 1
10:25:18 Database ERROR : Requête incorrecte : SELECT nomOrgane, idOrgane FROM Organe WHERE visible = 1
10:25:18 Database ERROR : Requête incorrecte : SELECT nomOrgane, idOrgane FROM Organe WHERE visible = 1
10:25:18 Database ERROR : Requête incorrecte : SELECT nomOrgane, idOrgane FROM Organe WHERE visible = 1
10:25:18 Database ERROR : Requête incorrecte : SELECT nomOrgane, idOrgane FROM Organe WHERE visible = 1
10:25:18 Database ERROR : Requête incorrecte : SELECT nomOrgane, idOrgane FROM Organe WHERE visible = 1
10:25:18 Database ERROR : Requête incorrecte : SELECT nomOrgane, idOrgane FROM Organe WHERE visible = 1
10:49:55 Database DEBUG : Connecté à la base de données
10:49:55 Database ERROR : Requête incorrecte : SELECT nomOrgane, idOrgane FROM Organe WHERE visible = 1
10:49:55 Database ERROR : Requête incorrecte : SELECT nomOrgane, idOrgane FROM Organe WHERE visible = 1
10:49:55 Database ERROR : Requête incorrecte : SELECT nomOrgane, idOrgane FROM Organe WHERE visible = 1
10:49:55 Database ERROR : Requête incorrecte : SELECT nomOrgane, idOrgane FROM Organe WHERE visible = 1
10:49:55 Database ERROR : Requête incorrecte : SELECT nomOrgane, idOrgane FROM Organe WHERE visible = 1
10:49:55 Database ERROR : Requête incorrecte : SELECT nomOrgane, idOrgane FROM Organe WHERE visible = 1
10:49:55 Database ERROR : Requête incorrecte : SELECT nomOrgane, idOrgane FROM Organe WHERE visible = 1
10:49:55 Database ERROR : Requête incorrecte : SELECT nomOrgane, idOrgane FROM Organe WHERE visible = 1
10:49:55 Database ERROR : Requête incorrecte : SELECT nomOrgane, idOrgane FROM Organe WHERE visible = 1
10:49:55 Database ERROR : Requête incorrecte : SELECT nomOrgane, idOrgane FROM Organe WHERE visible = 1
10:51:11 Database DEBUG : Connecté à la base de données
10:51:30 Database DEBUG : Connecté à la base de données
10:53:25 Database DEBUG : Connecté à la base de données
10:53:41 Database DEBUG : Connecté à la base de données
11:12:40 Database DEBUG : Connecté à la base de données
11:12:54 Database DEBUG : Connecté à la base de données
11:13:11 Database DEBUG : Connecté à la base de données
11:33:10 Database DEBUG : Connecté à la base de données
11:35:35 Database DEBUG : Connecté à la base de données
11:35:35 Database DEBUG : Connecté à la base de données
11:35:35 Database DEBUG : Connecté à la base de données
11:38:41 Database DEBUG : Connecté à la base de données
11:39:06 Database DEBUG : Connecté à la base de données
11:39:06 Database DEBUG : Connecté à la base de données
11:39:06 Database DEBUG : Connecté à la base de données
11:40:01 Database DEBUG : Connecté à la base de données
11:40:01 Database DEBUG : Connecté à la base de données
11:40:14 Database DEBUG : Connecté à la base de données
11:40:21 Database DEBUG : Connecté à la base de données
11:40:48 Database DEBUG : Connecté à la base de données
11:40:48 Database DEBUG : Connecté à la base de données
11:46:29 Database DEBUG : Connecté à la base de données
13:23:33 Database DEBUG : Connecté à la base de données
13:42:49 Database DEBUG : Connecté à la base de données
14:12:59 Database DEBUG : Connecté à la base de données
14:13:24 Database DEBUG : Connecté à la base de données
14:13:24 Database DEBUG : Connecté à la base de données
14:13:28 Database DEBUG : Connecté à la base de données
14:13:31 Database DEBUG : Connecté à la base de données
14:13:35 Database DEBUG : Connecté à la base de données
14:13:39 Database DEBUG : Connecté à la base de données
14:13:53 Database DEBUG : Connecté à la base de données
14:13:55 Database DEBUG : Connecté à la base de données
14:14:00 Database DEBUG : Connecté à la base de données
14:14:03 Database DEBUG : Connecté à la base de données
14:14:38 Database DEBUG : Connecté à la base de données
14:14:41 Database DEBUG : Connecté à la base de données
14:14:41 Database DEBUG : Connecté à la base de données
14:17:21 Database DEBUG : Connecté à la base de données
14:17:26 Database DEBUG : Connecté à la base de données
14:17:32 Database DEBUG : Connecté à la base de données
14:19:55 Database DEBUG : Connecté à la base de données
14:19:55 Database DEBUG : Connecté à la base de données
14:20:02 Database DEBUG : Connecté à la base de données
14:20:35 Database DEBUG : Connecté à la base de données
14:20:35 Database DEBUG : Connecté à la base de données
14:23:00 Database DEBUG : Connecté à la base de données
14:23:01 Database DEBUG : Connecté à la base de données
14:23:52 Database DEBUG : Connecté à la base de données
14:24:43 Database DEBUG : Connecté à la base de données
14:25:31 Database DEBUG : Connecté à la base de données
14:29:17 Database DEBUG : Connecté à la base de données
14:29:52 Database DEBUG : Connecté à la base de données
14:37:30 Database DEBUG : Connecté à la base de données
14:40:18 Database DEBUG : Connecté à la base de données
14:40:18 Database DEBUG : Connecté à la base de données
14:40:22 Database DEBUG : Connecté à la base de données
14:40:22 Database DEBUG : Connecté à la base de données
14:41:51 Database DEBUG : Connecté à la base de données
14:41:52 Database DEBUG : Connecté à la base de données
14:57:22 Database DEBUG : Connecté à la base de données
14:57:22 Database DEBUG : Connecté à la base de données
14:57:23 Database DEBUG : Connecté à la base de données
14:57:23 Database DEBUG : Connecté à la base de données
15:23:18 Database DEBUG : Connecté à la base de données
15:23:38 Database DEBUG : Connecté à la base de données
15:23:46 Database DEBUG : Connecté à la base de données
15:24:09 Database DEBUG : Connecté à la base de données
