15:21:29 Database DEBUG : Connecté à la base de données
15:21:29 Database DEBUG : Connecté à la base de données
15:21:33 Database DEBUG : Connecté à la base de données
15:21:33 Application INFO : Administrateur connecté : lucie.fontaine ( 6 )
15:21:33 Database DEBUG : Connecté à la base de données
15:21:35 Database DEBUG : Connecté à la base de données
15:21:38 Database DEBUG : Connecté à la base de données
15:21:57 Database DEBUG : Connecté à la base de données
15:21:57 Application INFO : Coupe validée avec succès par l'administrateur #6
15:22:09 Database DEBUG : Connecté à la base de données
15:22:13 Database DEBUG : Connecté à la base de données
15:31:56 Database DEBUG : Connecté à la base de données
15:53:43 Database DEBUG : Connecté à la base de données
15:53:45 Database DEBUG : Connecté à la base de données
16:00:02 Database DEBUG : Connecté à la base de données
16:38:35 Database DEBUG : Connecté à la base de données
16:38:36 Database DEBUG : Connecté à la base de données
16:38:39 Database DEBUG : Connecté à la base de données
16:38:49 Database DEBUG : Connecté à la base de données
16:38:49 Application INFO : Coupe validée avec succès par l'administrateur #6
16:38:53 Database DEBUG : Connecté à la base de données
16:38:55 Database DEBUG : Connecté à la base de données
17:11:32 Database DEBUG : Connecté à la base de données
17:11:34 Database DEBUG : Connecté à la base de données
17:11:43 Database DEBUG : Connecté à la base de données
17:11:43 Application INFO : Coupe validée avec succès par l'administrateur #6
17:11:48 Database DEBUG : Connecté à la base de données
18:47:41 Database DEBUG : Connecté à la base de données
18:47:47 Database DEBUG : Connecté à la base de données
18:48:04 Database DEBUG : Connecté à la base de données
18:48:05 Application INFO : Utilisateur connecté : xiaohui.tong@inserm.fr (  )
18:48:05 Database DEBUG : Connecté à la base de données
18:48:05 Database DEBUG : Connecté à la base de données
18:48:14 Database DEBUG : Connecté à la base de données
18:48:14 Application INFO : Utilisateur connecté : xiaohui.tong@inserm.fr ( 34 )
18:48:14 Database DEBUG : Connecté à la base de données
18:48:16 Database DEBUG : Connecté à la base de données
18:49:36 Database DEBUG : Connecté à la base de données
18:52:07 Database DEBUG : Connecté à la base de données
18:52:38 Database DEBUG : Connecté à la base de données
18:58:49 Database DEBUG : Connecté à la base de données
18:58:53 Database DEBUG : Connecté à la base de données
19:07:30 Database DEBUG : Connecté à la base de données
19:07:54 Database DEBUG : Connecté à la base de données
19:07:54 Database DEBUG : Connecté à la base de données
19:18:19 Database DEBUG : Connecté à la base de données
19:18:19 Database DEBUG : Connecté à la base de données
19:18:36 Database DEBUG : Connecté à la base de données
19:18:36 Database DEBUG : Connecté à la base de données
19:18:54 Database DEBUG : Connecté à la base de données
19:18:54 Application INFO : Commande #154 créée par l'utilisateur 34
19:18:54 Database DEBUG : Connecté à la base de données
20:10:14 Database DEBUG : Connecté à la base de données
20:16:48 Database DEBUG : Connecté à la base de données
20:16:50 Database DEBUG : Connecté à la base de données
20:17:12 Database DEBUG : Connecté à la base de données
20:17:12 Database DEBUG : Connecté à la base de données
20:17:21 Database DEBUG : Connecté à la base de données
20:17:21 Database DEBUG : Connecté à la base de données
20:21:53 Database DEBUG : Connecté à la base de données
20:21:55 Database DEBUG : Connecté à la base de données
