10:16:49 Database DEBUG : Connecté à la base de données
10:16:49 Database DEBUG : Connecté à la base de données
11:02:45 Database DEBUG : Connecté à la base de données
11:02:45 Application INFO : Administrateur connecté : lucie.fontaine ( 6 )
11:02:45 Database DEBUG : Connecté à la base de données
11:02:46 Database DEBUG : Connecté à la base de données
11:02:49 Database DEBUG : Connecté à la base de données
11:02:54 Database DEBUG : Connecté à la base de données
11:02:54 Mail DEBUG : Trying to send mail mail_commande_prete from histologie-i2mc@inserm.fr to Array
(
    [mail] => emilie.segura@inserm.fr
    [name] => Emilie Segura
)
.
11:02:54 Mail DEBUG : Mail envoyé.
11:02:54 Mail DEBUG : Trying to send mail mail_commande_prete from histologie-i2mc@inserm.fr to Array
(
    [mail] => marion.laudette@inserm.fr
    [name] => Marion Laudette
)
.
11:02:54 Mail DEBUG : Mail envoyé.
11:02:54 Application INFO : Retour validée avec succès par l'administrateur #6
11:33:02 Database DEBUG : Connecté à la base de données
11:48:50 Database DEBUG : Connecté à la base de données
13:20:33 Database DEBUG : Connecté à la base de données
16:16:23 Database DEBUG : Connecté à la base de données
16:16:24 Database DEBUG : Connecté à la base de données
