13:47:04 Database DEBUG : Connecté à la base de données
13:47:04 Database DEBUG : Connecté à la base de données
13:47:11 Database DEBUG : Connecté à la base de données
13:47:11 Application INFO : Administrateur connecté : lucie.fontaine ( 6 )
13:47:11 Database DEBUG : Connecté à la base de données
13:47:13 Database DEBUG : Connecté à la base de données
13:51:51 Database DEBUG : Connecté à la base de données
13:52:03 Database DEBUG : Connecté à la base de données
13:52:03 Application INFO : Utilisateur connecté : emilie.segura@inserm.fr ( 21 )
13:52:03 Database DEBUG : Connecté à la base de données
13:52:07 Database DEBUG : Connecté à la base de données
13:52:57 Database DEBUG : Connecté à la base de données
13:54:13 Database DEBUG : Connecté à la base de données
13:54:13 Database DEBUG : Connecté à la base de données
13:54:18 Database DEBUG : Connecté à la base de données
13:54:18 Database DEBUG : Connecté à la base de données
13:54:42 Database DEBUG : Connecté à la base de données
13:54:42 Database DEBUG : Connecté à la base de données
13:55:29 Database DEBUG : Connecté à la base de données
13:55:30 Application INFO : Commande #109 créée par l'utilisateur 21
13:55:30 Database DEBUG : Connecté à la base de données
14:04:06 Database DEBUG : Connecté à la base de données
14:04:23 Database DEBUG : Connecté à la base de données
14:04:23 Application INFO : Inclusion validée avec succès par l'administrateur #6
14:04:27 Database DEBUG : Connecté à la base de données
14:04:28 Database DEBUG : Connecté à la base de données
14:04:42 Database DEBUG : Connecté à la base de données
14:04:42 Application INFO : Coupe validée avec succès par l'administrateur #6
14:04:48 Database DEBUG : Connecté à la base de données
14:04:50 Database DEBUG : Connecté à la base de données
14:04:52 Database DEBUG : Connecté à la base de données
14:04:52 Mail DEBUG : Trying to send mail mail_commande_prete from histologie-i2mc@inserm.fr to Array
(
    [mail] => emilie.segura@inserm.fr
    [name] => Emilie Segura
)
.
14:04:53 Mail DEBUG : Mail envoyé.
14:04:53 Application INFO : Retour validée avec succès par l'administrateur #6
14:08:39 Database DEBUG : Connecté à la base de données
14:08:42 Database DEBUG : Connecté à la base de données
14:08:43 Database DEBUG : Connecté à la base de données
14:08:44 Database DEBUG : Connecté à la base de données
14:09:04 Database DEBUG : Connecté à la base de données
14:09:04 Application INFO : Coupe validée avec succès par l'administrateur #6
14:09:11 Database DEBUG : Connecté à la base de données
14:09:14 Database DEBUG : Connecté à la base de données
14:09:15 Database DEBUG : Connecté à la base de données
14:09:17 Database DEBUG : Connecté à la base de données
14:09:19 Database DEBUG : Connecté à la base de données
14:23:41 Database DEBUG : Connecté à la base de données
16:07:51 Database DEBUG : Connecté à la base de données
16:07:54 Database DEBUG : Connecté à la base de données
16:07:55 Database DEBUG : Connecté à la base de données
16:07:58 Database DEBUG : Connecté à la base de données
