11:01:36 Database DEBUG : Connecté à la base de données
11:01:40 Database DEBUG : Connecté à la base de données
11:01:46 Database DEBUG : Connecté à la base de données
11:01:46 Application INFO : Utilisateur connecté : enzo.piccolo ( 38 )
11:01:46 Database DEBUG : Connecté à la base de données
11:01:50 Database DEBUG : Connecté à la base de données
11:02:02 Database DEBUG : Connecté à la base de données
11:03:17 Database DEBUG : Connecté à la base de données
11:03:17 Database DEBUG : Connecté à la base de données
11:03:31 Database DEBUG : Connecté à la base de données
11:03:31 Database DEBUG : Connecté à la base de données
11:03:53 Database DEBUG : Connecté à la base de données
11:03:53 Database DEBUG : Connecté à la base de données
11:04:22 Database DEBUG : Connecté à la base de données
11:04:22 Application INFO : Commande #121 créée par l'utilisateur 38
11:04:22 Database DEBUG : Connecté à la base de données
11:26:52 Database DEBUG : Connecté à la base de données
11:26:52 Database DEBUG : Connecté à la base de données
11:26:57 Database DEBUG : Connecté à la base de données
11:26:57 Application INFO : Administrateur connecté : lucie.fontaine ( 6 )
11:26:57 Database DEBUG : Connecté à la base de données
11:27:00 Database DEBUG : Connecté à la base de données
11:27:01 Database DEBUG : Connecté à la base de données
11:27:03 Database DEBUG : Connecté à la base de données
11:27:03 Application INFO : Réception validée avec succès par l'administrateur #6
11:27:05 Database DEBUG : Connecté à la base de données
11:37:11 Database DEBUG : Connecté à la base de données
12:17:02 Database DEBUG : Connecté à la base de données
12:17:02 Database DEBUG : Connecté à la base de données
13:33:45 Database DEBUG : Connecté à la base de données
13:36:20 Database DEBUG : Connecté à la base de données
15:34:22 Database DEBUG : Connecté à la base de données
15:34:22 Database DEBUG : Connecté à la base de données
15:34:41 Database DEBUG : Connecté à la base de données
15:34:42 Application INFO : Utilisateur connecté : cendrine.cabou@inserm.fr ( 39 )
15:34:42 Database DEBUG : Connecté à la base de données
15:34:49 Database DEBUG : Connecté à la base de données
15:34:56 Database DEBUG : Connecté à la base de données
15:35:35 Database DEBUG : Connecté à la base de données
15:35:35 Database DEBUG : Connecté à la base de données
15:35:48 Database DEBUG : Connecté à la base de données
15:35:48 Database DEBUG : Connecté à la base de données
15:38:31 Database DEBUG : Connecté à la base de données
15:38:31 Database DEBUG : Connecté à la base de données
15:40:09 Database DEBUG : Connecté à la base de données
15:40:09 Database DEBUG : Connecté à la base de données
15:46:14 Database DEBUG : Connecté à la base de données
15:46:18 Database DEBUG : Connecté à la base de données
15:46:18 Database DEBUG : Connecté à la base de données
15:46:20 Database DEBUG : Connecté à la base de données
15:46:20 Database DEBUG : Connecté à la base de données
15:46:24 Database DEBUG : Connecté à la base de données
15:47:46 Database DEBUG : Connecté à la base de données
15:47:46 Database DEBUG : Connecté à la base de données
15:48:07 Database DEBUG : Connecté à la base de données
15:48:07 Database DEBUG : Connecté à la base de données
15:49:44 Database DEBUG : Connecté à la base de données
15:49:44 Database DEBUG : Connecté à la base de données
15:53:07 Database DEBUG : Connecté à la base de données
15:53:07 Application INFO : Commande #122 créée par l'utilisateur 39
15:53:07 Database DEBUG : Connecté à la base de données
15:53:23 Database DEBUG : Connecté à la base de données
