14:31:07 Database DEBUG : Connecté à la base de données
14:31:07 Database DEBUG : Connecté à la base de données
14:31:26 Database DEBUG : Connecté à la base de données
14:31:26 Database DEBUG : Connecté à la base de données
14:32:47 Database DEBUG : Connecté à la base de données
14:32:49 Database DEBUG : Connecté à la base de données
14:33:00 Database DEBUG : Connecté à la base de données
14:33:00 Application INFO : Administrateur connecté : hugo.martinez ( 5 )
14:33:00 Database DEBUG : Connecté à la base de données
14:33:03 Database DEBUG : Connecté à la base de données
14:33:04 Database DEBUG : Connecté à la base de données
14:34:14 Database DEBUG : Connecté à la base de données
14:34:14 Application INFO : Retour validée avec succès par l'administrateur #5
14:35:25 Database DEBUG : Connecté à la base de données
14:35:38 Database DEBUG : Connecté à la base de données
14:35:38 Mail DEBUG : Trying to send mail mail_commande_prete from h to Array
(
    [mail] => hugo.martinez@inserm.fr
    [nom] => Hugo Martinez
)
.
14:48:01 Database DEBUG : Connecté à la base de données
14:48:08 Database DEBUG : Connecté à la base de données
14:48:08 Mail DEBUG : Trying to send mail mail_commande_prete from histologie@inserm.fr to Array
(
    [mail] => hugo.martinez@inserm.fr
    [nom] => Hugo Martinez
)
.
14:48:08 Mail DEBUG : Mail envoyé.
14:48:08 Application INFO : Retour validée avec succès par l'administrateur #5
14:50:32 Database DEBUG : Connecté à la base de données
14:50:32 Mail DEBUG : Trying to send mail mail_commande_prete from histologie@inserm.fr to Array
(
    [mail] => hugo.martinez@inserm.fr
    [name] => Hugo Martinez
)
.
14:50:32 Mail DEBUG : Mail envoyé.
14:50:32 Application INFO : Retour validée avec succès par l'administrateur #5
16:18:27 Database DEBUG : Connecté à la base de données
16:18:30 Database DEBUG : Connecté à la base de données
16:18:30 Database DEBUG : Connecté à la base de données
16:24:04 Database DEBUG : Connecté à la base de données
16:24:07 Database DEBUG : Connecté à la base de données
16:24:10 Database DEBUG : Connecté à la base de données
16:24:14 Database DEBUG : Connecté à la base de données
16:36:11 Database DEBUG : Connecté à la base de données
16:36:12 Application INFO : Utilisateur connecté : hugo.martinez ( 3 )
16:36:12 Database DEBUG : Connecté à la base de données
16:36:13 Database DEBUG : Connecté à la base de données
16:36:41 Database DEBUG : Connecté à la base de données
