09:26:30 Database DEBUG : Connecté à la base de données
09:26:30 Database DEBUG : Connecté à la base de données
09:26:42 Database DEBUG : Connecté à la base de données
13:51:57 Database DEBUG : Connecté à la base de données
13:51:57 Database DEBUG : Connecté à la base de données
13:53:21 Database DEBUG : Connecté à la base de données
13:53:22 Database DEBUG : Connecté à la base de données
13:53:59 Database DEBUG : Connecté à la base de données
13:53:59 Application INFO : Administrateur connecté : lucie.fontaine ( 6 )
13:53:59 Database DEBUG : Connecté à la base de données
13:54:00 Database DEBUG : Connecté à la base de données
13:54:09 Database DEBUG : Connecté à la base de données
13:54:12 Database DEBUG : Connecté à la base de données
13:54:14 Database DEBUG : Connecté à la base de données
13:57:52 Database DEBUG : Connecté à la base de données
13:57:52 Database DEBUG : Connecté à la base de données
13:58:01 Database DEBUG : Connecté à la base de données
13:58:02 Database WARNING : Requête échouée : "INSERT INTO Centre (nomCentre) VALUES (?)" paramètres : Array
(
    [0] => 
)

13:58:02 Database WARNING : Requête échouée : "INSERT INTO Equipe (nomEquipe, idCentre) VALUES (?, ?)" paramètres : Array
(
    [0] => 
    [1] => 
)

13:58:02 Database WARNING : Requête échouée : "INSERT INTO Utilisateur (nomUtilisateur, prenomUtilisateur, mailUtilisateur, idEquipe)
                           VALUES (?, ?, ?, ?)" paramètres : Array
(
    [0] => Fontaine
    [1] => Lucie
    [2] => lucie.fontaine@inserm.fr
    [3] => 
)

13:58:13 Database DEBUG : Connecté à la base de données
13:58:13 Database WARNING : Requête échouée : "INSERT INTO Centre (nomCentre) VALUES (?)" paramètres : Array
(
    [0] => 
)

13:58:13 Database WARNING : Requête échouée : "INSERT INTO Equipe (nomEquipe, idCentre) VALUES (?, ?)" paramètres : Array
(
    [0] => 
    [1] => 
)

13:58:13 Database WARNING : Requête échouée : "INSERT INTO Utilisateur (nomUtilisateur, prenomUtilisateur, mailUtilisateur, idEquipe)
                           VALUES (?, ?, ?, ?)" paramètres : Array
(
    [0] => Fontaine
    [1] => Lucie
    [2] => lucie.fontaine@inserm.fr
    [3] => 
)

13:58:36 Database DEBUG : Connecté à la base de données
13:58:37 Database WARNING : Requête échouée : "INSERT INTO Centre (nomCentre) VALUES (?)" paramètres : Array
(
    [0] => 
)

13:58:37 Database WARNING : Requête échouée : "INSERT INTO Equipe (nomEquipe, idCentre) VALUES (?, ?)" paramètres : Array
(
    [0] => 
    [1] => 
)

13:58:37 Database WARNING : Requête échouée : "INSERT INTO Utilisateur (nomUtilisateur, prenomUtilisateur, mailUtilisateur, idEquipe)
                           VALUES (?, ?, ?, ?)" paramètres : Array
(
    [0] => Fontaine
    [1] => Lucie
    [2] => lucie.fontaine@inserm.fr
    [3] => 
)

13:58:49 Database DEBUG : Connecté à la base de données
13:58:50 Database WARNING : Requête échouée : "INSERT INTO Centre (nomCentre) VALUES (?)" paramètres : Array
(
    [0] => 
)

13:58:50 Database WARNING : Requête échouée : "INSERT INTO Equipe (nomEquipe, idCentre) VALUES (?, ?)" paramètres : Array
(
    [0] => 
    [1] => 
)

13:58:50 Database WARNING : Requête échouée : "INSERT INTO Utilisateur (nomUtilisateur, prenomUtilisateur, mailUtilisateur, idEquipe)
                           VALUES (?, ?, ?, ?)" paramètres : Array
(
    [0] => Fontaine
    [1] => Lucie
    [2] => lucie.fontaine@inserm.fr
    [3] => 
)

13:58:58 Database DEBUG : Connecté à la base de données
13:58:59 Database WARNING : Requête échouée : "INSERT INTO Centre (nomCentre) VALUES (?)" paramètres : Array
(
    [0] => 
)

13:58:59 Database WARNING : Requête échouée : "INSERT INTO Equipe (nomEquipe, idCentre) VALUES (?, ?)" paramètres : Array
(
    [0] => 
    [1] => 
)

13:58:59 Database WARNING : Requête échouée : "INSERT INTO Utilisateur (nomUtilisateur, prenomUtilisateur, mailUtilisateur, idEquipe)
                           VALUES (?, ?, ?, ?)" paramètres : Array
(
    [0] => Fontaine
    [1] => Lucie
    [2] => lucie.fontaine@inserm.fr
    [3] => 
)

14:02:20 Database DEBUG : Connecté à la base de données
14:02:25 Database DEBUG : Connecté à la base de données
14:03:25 Database DEBUG : Connecté à la base de données
14:03:26 Application INFO : Utilisateur connecté : jean.personnaz@inserm.fr ( 10 )
14:03:26 Database DEBUG : Connecté à la base de données
14:03:34 Database DEBUG : Connecté à la base de données
14:04:02 Database DEBUG : Connecté à la base de données
14:05:59 Database DEBUG : Connecté à la base de données
14:06:05 Database DEBUG : Connecté à la base de données
14:06:08 Database DEBUG : Connecté à la base de données
14:06:10 Database DEBUG : Connecté à la base de données
14:06:11 Database DEBUG : Connecté à la base de données
14:06:13 Database DEBUG : Connecté à la base de données
14:06:14 Database DEBUG : Connecté à la base de données
14:06:20 Database DEBUG : Connecté à la base de données
14:06:21 Database DEBUG : Connecté à la base de données
14:06:24 Database DEBUG : Connecté à la base de données
14:06:26 Database DEBUG : Connecté à la base de données
14:06:28 Database DEBUG : Connecté à la base de données
14:06:30 Database DEBUG : Connecté à la base de données
14:06:31 Database DEBUG : Connecté à la base de données
14:06:35 Database DEBUG : Connecté à la base de données
14:06:36 Database DEBUG : Connecté à la base de données
14:06:39 Database DEBUG : Connecté à la base de données
14:06:42 Database DEBUG : Connecté à la base de données
14:06:44 Database DEBUG : Connecté à la base de données
14:06:49 Database DEBUG : Connecté à la base de données
14:06:50 Database DEBUG : Connecté à la base de données
14:06:56 Database DEBUG : Connecté à la base de données
14:06:57 Database DEBUG : Connecté à la base de données
14:06:57 Database DEBUG : Connecté à la base de données
14:07:03 Database DEBUG : Connecté à la base de données
14:07:19 Database DEBUG : Connecté à la base de données
14:07:21 Database DEBUG : Connecté à la base de données
14:07:24 Database DEBUG : Connecté à la base de données
14:07:30 Database DEBUG : Connecté à la base de données
14:07:31 Database DEBUG : Connecté à la base de données
14:07:36 Database DEBUG : Connecté à la base de données
14:07:42 Database DEBUG : Connecté à la base de données
14:07:44 Database DEBUG : Connecté à la base de données
14:07:49 Database DEBUG : Connecté à la base de données
14:07:50 Database DEBUG : Connecté à la base de données
14:07:56 Database DEBUG : Connecté à la base de données
14:07:57 Database DEBUG : Connecté à la base de données
14:08:27 Database DEBUG : Connecté à la base de données
14:08:30 Database DEBUG : Connecté à la base de données
14:19:13 Database DEBUG : Connecté à la base de données
14:19:13 Database DEBUG : Connecté à la base de données
14:19:33 Database DEBUG : Connecté à la base de données
14:19:33 Application INFO : Utilisateur connecté : jean-jerome.soueix ( 11 )
14:19:33 Database DEBUG : Connecté à la base de données
14:19:57 Database DEBUG : Connecté à la base de données
14:20:01 Database DEBUG : Connecté à la base de données
14:20:47 Database DEBUG : Connecté à la base de données
14:20:53 Database DEBUG : Connecté à la base de données
14:20:59 Database DEBUG : Connecté à la base de données
14:21:01 Database DEBUG : Connecté à la base de données
14:21:04 Database DEBUG : Connecté à la base de données
14:21:19 Database DEBUG : Connecté à la base de données
14:21:19 Database DEBUG : Connecté à la base de données
14:21:27 Database DEBUG : Connecté à la base de données
14:21:36 Database DEBUG : Connecté à la base de données
14:21:36 Database DEBUG : Connecté à la base de données
14:21:39 Database DEBUG : Connecté à la base de données
14:23:14 Database DEBUG : Connecté à la base de données
14:23:18 Database DEBUG : Connecté à la base de données
14:23:21 Database DEBUG : Connecté à la base de données
14:23:23 Database DEBUG : Connecté à la base de données
14:23:25 Database DEBUG : Connecté à la base de données
14:23:27 Database DEBUG : Connecté à la base de données
14:23:32 Database DEBUG : Connecté à la base de données
14:23:35 Database DEBUG : Connecté à la base de données
14:23:37 Database DEBUG : Connecté à la base de données
14:23:51 Database DEBUG : Connecté à la base de données
14:23:58 Database DEBUG : Connecté à la base de données
