10:46:44 Database DEBUG : Connecté à la base de données
10:46:44 Database DEBUG : Connecté à la base de données
10:46:49 Database DEBUG : Connecté à la base de données
10:46:49 Application INFO : Administrateur connecté : lucie.fontaine ( 6 )
10:46:49 Database DEBUG : Connecté à la base de données
10:46:50 Database DEBUG : Connecté à la base de données
10:46:52 Database DEBUG : Connecté à la base de données
10:53:08 Database DEBUG : Connecté à la base de données
10:53:08 Mail DEBUG : Trying to send mail mail_commande_prete from histologie-i2mc@inserm.fr to Array
(
    [mail] => jean.personnaz@inserm.fr
    [name] => Jean Personnaz
)
.
10:53:09 Mail DEBUG : Mail envoyé.
10:53:09 Mail DEBUG : Trying to send mail mail_commande_prete from histologie-i2mc@inserm.fr to Array
(
    [mail] => jean.personnaz@inserm.fr
    [name] => Jean Personnaz
)
.
10:53:09 Mail DEBUG : Mail envoyé.
10:53:09 Mail DEBUG : Trying to send mail mail_commande_prete from histologie-i2mc@inserm.fr to Array
(
    [mail] => jean.personnaz@inserm.fr
    [name] => Jean Personnaz
)
.
10:53:09 Mail DEBUG : Mail envoyé.
10:53:09 Mail DEBUG : Trying to send mail mail_commande_prete from histologie-i2mc@inserm.fr to Array
(
    [mail] => jean.personnaz@inserm.fr
    [name] => Jean Personnaz
)
.
10:53:09 Mail DEBUG : Mail envoyé.
10:53:09 Mail DEBUG : Trying to send mail mail_commande_prete from histologie-i2mc@inserm.fr to Array
(
    [mail] => cedric.moro@inserm.fr
    [name] => Cedric Moro
)
.
10:53:09 Mail DEBUG : Mail envoyé.
10:53:09 Mail DEBUG : Trying to send mail mail_commande_prete from histologie-i2mc@inserm.fr to Array
(
    [mail] => cedric.moro@inserm.fr
    [name] => Cedric Moro
)
.
10:53:09 Mail DEBUG : Mail envoyé.
10:53:09 Application INFO : Retour validée avec succès par l'administrateur #6
10:53:11 Database DEBUG : Connecté à la base de données
14:14:40 Database DEBUG : Connecté à la base de données
14:14:42 Database DEBUG : Connecté à la base de données
14:14:43 Database DEBUG : Connecté à la base de données
14:15:01 Database DEBUG : Connecté à la base de données
14:15:01 Application INFO : Coupe validée avec succès par l'administrateur #6
14:15:39 Database DEBUG : Connecté à la base de données
14:26:42 Database DEBUG : Connecté à la base de données
14:26:56 Database DEBUG : Connecté à la base de données
14:26:56 Application INFO : Coupe validée avec succès par l'administrateur #6
14:31:36 Database DEBUG : Connecté à la base de données
14:31:38 Database DEBUG : Connecté à la base de données
14:33:51 Database DEBUG : Connecté à la base de données
14:33:53 Database DEBUG : Connecté à la base de données
14:57:05 Database DEBUG : Connecté à la base de données
15:33:20 Database DEBUG : Connecté à la base de données
15:33:27 Database DEBUG : Connecté à la base de données
15:33:28 Database DEBUG : Connecté à la base de données
15:33:38 Database DEBUG : Connecté à la base de données
15:33:38 Application INFO : Coupe validée avec succès par l'administrateur #6
