11:17:17 Database DEBUG : Connecté à la base de données
11:17:17 Database DEBUG : Connecté à la base de données
11:17:21 Database DEBUG : Connecté à la base de données
11:17:21 Application INFO : Administrateur connecté : lucie.fontaine ( 6 )
11:17:21 Database DEBUG : Connecté à la base de données
11:17:22 Database DEBUG : Connecté à la base de données
11:17:24 Database DEBUG : Connecté à la base de données
11:17:42 Database DEBUG : Connecté à la base de données
11:17:42 Application INFO : Réception validée avec succès par l'administrateur #6
11:17:43 Database DEBUG : Connecté à la base de données
11:17:45 Database DEBUG : Connecté à la base de données
11:17:50 Database DEBUG : Connecté à la base de données
11:17:50 Application INFO : Inclusion validée avec succès par l'administrateur #6
11:17:51 Database DEBUG : Connecté à la base de données
11:17:54 Database DEBUG : Connecté à la base de données
11:17:56 Database DEBUG : Connecté à la base de données
11:18:05 Database DEBUG : Connecté à la base de données
11:18:13 Database DEBUG : Connecté à la base de données
11:18:13 Mail DEBUG : Trying to send mail mail_commande_prete from histologie-i2mc@inserm.fr to Array
(
    [mail] => gwendoline.astre@inserm.fr
    [name] => Gwendoline Astre
)
.
11:18:13 Mail DEBUG : Mail envoyé.
11:18:13 Mail DEBUG : Trying to send mail mail_commande_prete from histologie-i2mc@inserm.fr to Array
(
    [mail] => marie-helene.seguelas@inserm.fr
    [name] => Marie-Helene Seguelas
)
.
11:18:13 Mail DEBUG : Mail envoyé.
11:18:13 Application INFO : Retour validée avec succès par l'administrateur #6
11:18:15 Database DEBUG : Connecté à la base de données
15:03:01 Database DEBUG : Connecté à la base de données
15:03:11 Database DEBUG : Connecté à la base de données
15:03:11 Application INFO : Utilisateur connecté : emilie.segura@inserm.fr (  )
15:03:11 Database DEBUG : Connecté à la base de données
15:03:11 Database DEBUG : Connecté à la base de données
15:03:35 Database DEBUG : Connecté à la base de données
15:03:35 Application INFO : Utilisateur connecté : emilie.segura@inserm.fr ( 21 )
15:03:35 Database DEBUG : Connecté à la base de données
15:03:37 Database DEBUG : Connecté à la base de données
15:03:39 Database DEBUG : Connecté à la base de données
15:03:57 Database DEBUG : Connecté à la base de données
15:15:08 Database DEBUG : Connecté à la base de données
15:15:11 Database DEBUG : Connecté à la base de données
15:15:14 Database DEBUG : Connecté à la base de données
15:15:21 Database DEBUG : Connecté à la base de données
15:15:21 Application INFO : Réception validée avec succès par l'administrateur #6
15:15:23 Database DEBUG : Connecté à la base de données
15:15:25 Database DEBUG : Connecté à la base de données
15:15:26 Database DEBUG : Connecté à la base de données
15:15:28 Database DEBUG : Connecté à la base de données
16:09:17 Database DEBUG : Connecté à la base de données
16:09:21 Database DEBUG : Connecté à la base de données
16:09:23 Database DEBUG : Connecté à la base de données
16:09:23 Application INFO : Utilisateur connecté : deborah.carper@inserm.fr ( 33 )
16:09:23 Database DEBUG : Connecté à la base de données
16:09:28 Database DEBUG : Connecté à la base de données
16:09:50 Database DEBUG : Connecté à la base de données
16:18:04 Database DEBUG : Connecté à la base de données
16:18:21 Database DEBUG : Connecté à la base de données
16:22:25 Database DEBUG : Connecté à la base de données
16:22:25 Database DEBUG : Connecté à la base de données
16:25:30 Database DEBUG : Connecté à la base de données
16:25:30 Database DEBUG : Connecté à la base de données
16:32:09 Database DEBUG : Connecté à la base de données
16:32:09 Database DEBUG : Connecté à la base de données
16:32:17 Database DEBUG : Connecté à la base de données
16:32:17 Database DEBUG : Connecté à la base de données
16:32:28 Database DEBUG : Connecté à la base de données
16:32:28 Application INFO : Commande #107 créée par l'utilisateur 33
16:32:28 Database DEBUG : Connecté à la base de données
16:33:01 Database DEBUG : Connecté à la base de données
16:33:02 Database DEBUG : Connecté à la base de données
16:33:09 Database DEBUG : Connecté à la base de données
16:33:47 Database DEBUG : Connecté à la base de données
16:33:47 Database DEBUG : Connecté à la base de données
16:33:58 Database DEBUG : Connecté à la base de données
16:33:58 Database DEBUG : Connecté à la base de données
16:34:14 Database DEBUG : Connecté à la base de données
16:34:14 Database DEBUG : Connecté à la base de données
16:34:23 Database DEBUG : Connecté à la base de données
16:34:31 Database DEBUG : Connecté à la base de données
16:34:31 Database DEBUG : Connecté à la base de données
16:35:08 Database DEBUG : Connecté à la base de données
16:35:08 Database DEBUG : Connecté à la base de données
16:35:21 Database DEBUG : Connecté à la base de données
16:35:21 Application INFO : Commande #108 créée par l'utilisateur 33
16:35:21 Database DEBUG : Connecté à la base de données
16:35:51 Database DEBUG : Connecté à la base de données
16:35:54 Database DEBUG : Connecté à la base de données
16:35:58 Database DEBUG : Connecté à la base de données
16:36:04 Database DEBUG : Connecté à la base de données
16:36:05 Database DEBUG : Connecté à la base de données
16:36:07 Database DEBUG : Connecté à la base de données
16:36:08 Database DEBUG : Connecté à la base de données
16:36:09 Database DEBUG : Connecté à la base de données
16:36:12 Database DEBUG : Connecté à la base de données
16:36:19 Database DEBUG : Connecté à la base de données
16:36:21 Database DEBUG : Connecté à la base de données
16:57:49 Database DEBUG : Connecté à la base de données
16:57:50 Database DEBUG : Connecté à la base de données
16:57:51 Database DEBUG : Connecté à la base de données
16:57:53 Database DEBUG : Connecté à la base de données
16:57:53 Application INFO : Réception validée avec succès par l'administrateur #6
16:57:55 Database DEBUG : Connecté à la base de données
16:57:57 Database DEBUG : Connecté à la base de données
16:57:57 Database DEBUG : Connecté à la base de données
16:57:58 Database DEBUG : Connecté à la base de données
16:58:01 Database DEBUG : Connecté à la base de données
16:58:01 Application INFO : Réception validée avec succès par l'administrateur #6
16:58:03 Database DEBUG : Connecté à la base de données
