11:31:52 Database DEBUG : Connecté à la base de données
11:31:52 Database DEBUG : Connecté à la base de données
11:40:59 Database DEBUG : Connecté à la base de données
11:41:00 Application INFO : Utilisateur connecté : christophe.heymes@inserm.fr ( 23 )
11:41:00 Database DEBUG : Connecté à la base de données
11:41:02 Database DEBUG : Connecté à la base de données
11:41:26 Database DEBUG : Connecté à la base de données
11:44:11 Database DEBUG : Connecté à la base de données
11:44:11 Database DEBUG : Connecté à la base de données
11:44:24 Database DEBUG : Connecté à la base de données
11:44:24 Database DEBUG : Connecté à la base de données
11:47:31 Database DEBUG : Connecté à la base de données
11:47:31 Database DEBUG : Connecté à la base de données
11:52:19 Database DEBUG : Connecté à la base de données
11:52:19 Application INFO : Commande #146 créée par l'utilisateur 23
11:52:19 Database DEBUG : Connecté à la base de données
12:29:53 Database DEBUG : Connecté à la base de données
12:29:53 Database DEBUG : Connecté à la base de données
14:10:30 Database DEBUG : Connecté à la base de données
14:10:30 Database DEBUG : Connecté à la base de données
14:10:32 Database DEBUG : Connecté à la base de données
14:10:32 Application INFO : Utilisateur connecté : alizee.dortignac@inserm.fr ( 22 )
14:10:33 Database DEBUG : Connecté à la base de données
14:10:36 Database DEBUG : Connecté à la base de données
14:18:59 Database DEBUG : Connecté à la base de données
14:18:59 Database DEBUG : Connecté à la base de données
14:19:04 Database DEBUG : Connecté à la base de données
14:19:04 Database DEBUG : Connecté à la base de données
14:19:04 Application INFO : Administrateur connecté : lucie.fontaine ( 6 )
14:19:04 Database DEBUG : Connecté à la base de données
14:19:07 Database DEBUG : Connecté à la base de données
14:19:07 Database DEBUG : Connecté à la base de données
14:19:08 Database DEBUG : Connecté à la base de données
14:19:11 Database DEBUG : Connecté à la base de données
14:19:11 Application INFO : Réception validée avec succès par l'administrateur #6
14:19:13 Database DEBUG : Connecté à la base de données
14:19:18 Database DEBUG : Connecté à la base de données
14:24:56 Database DEBUG : Connecté à la base de données
14:24:56 Database DEBUG : Connecté à la base de données
14:25:05 Database DEBUG : Connecté à la base de données
14:25:05 Database DEBUG : Connecté à la base de données
14:25:23 Database DEBUG : Connecté à la base de données
14:25:23 Database DEBUG : Connecté à la base de données
14:26:30 Database DEBUG : Connecté à la base de données
14:26:30 Database DEBUG : Connecté à la base de données
14:32:03 Database DEBUG : Connecté à la base de données
14:32:03 Application INFO : Commande #147 créée par l'utilisateur 40
14:32:03 Database DEBUG : Connecté à la base de données
14:37:14 Database DEBUG : Connecté à la base de données
14:37:18 Database DEBUG : Connecté à la base de données
14:37:20 Database DEBUG : Connecté à la base de données
14:37:21 Application INFO : Utilisateur connecté : deborah.carper@inserm.fr ( 33 )
14:37:21 Database DEBUG : Connecté à la base de données
14:37:23 Database DEBUG : Connecté à la base de données
14:37:28 Database DEBUG : Connecté à la base de données
14:37:37 Database DEBUG : Connecté à la base de données
14:37:38 Database DEBUG : Connecté à la base de données
14:37:44 Database DEBUG : Connecté à la base de données
14:37:46 Database DEBUG : Connecté à la base de données
14:37:48 Database DEBUG : Connecté à la base de données
14:37:49 Database DEBUG : Connecté à la base de données
14:45:24 Database DEBUG : Connecté à la base de données
14:46:02 Database DEBUG : Connecté à la base de données
14:46:02 Application INFO : Inclusion validée avec succès par l'administrateur #6
15:00:04 Database DEBUG : Connecté à la base de données
15:00:07 Database DEBUG : Connecté à la base de données
15:17:40 Database DEBUG : Connecté à la base de données
16:28:57 Database DEBUG : Connecté à la base de données
16:40:56 Database DEBUG : Connecté à la base de données
16:40:58 Database DEBUG : Connecté à la base de données
16:41:05 Database DEBUG : Connecté à la base de données
16:41:05 Application INFO : Réception validée avec succès par l'administrateur #6
16:41:18 Database DEBUG : Connecté à la base de données
17:03:56 Database DEBUG : Connecté à la base de données
17:04:02 Database DEBUG : Connecté à la base de données
17:04:04 Database DEBUG : Connecté à la base de données
17:04:05 Database DEBUG : Connecté à la base de données
17:04:07 Database DEBUG : Connecté à la base de données
17:24:35 Database DEBUG : Connecté à la base de données
17:24:36 Database DEBUG : Connecté à la base de données
