09:39:52 Database DEBUG : Connecté à la base de données
09:39:52 Database DEBUG : Connecté à la base de données
09:40:12 Database DEBUG : Connecté à la base de données
09:40:13 Application INFO : Utilisateur connecté : myriam.rouahi@inserm.fr ( 25 )
09:40:13 Database DEBUG : Connecté à la base de données
09:40:16 Database DEBUG : Connecté à la base de données
09:40:20 Database DEBUG : Connecté à la base de données
09:42:38 Database DEBUG : Connecté à la base de données
09:42:49 Database DEBUG : Connecté à la base de données
09:42:50 Application INFO : Utilisateur connecté : emilie.segura@inserm.fr ( 21 )
09:42:50 Database DEBUG : Connecté à la base de données
09:42:52 Database DEBUG : Connecté à la base de données
09:42:54 Database DEBUG : Connecté à la base de données
09:43:00 Database DEBUG : Connecté à la base de données
09:43:01 Database DEBUG : Connecté à la base de données
09:43:02 Database DEBUG : Connecté à la base de données
09:43:05 Database DEBUG : Connecté à la base de données
09:43:14 Database DEBUG : Connecté à la base de données
09:43:14 Database DEBUG : Connecté à la base de données
09:43:21 Database DEBUG : Connecté à la base de données
09:43:21 Database DEBUG : Connecté à la base de données
09:43:26 Database DEBUG : Connecté à la base de données
09:43:26 Application INFO : Commande #84 créée par l'utilisateur 21
09:43:26 Database DEBUG : Connecté à la base de données
09:44:12 Database DEBUG : Connecté à la base de données
09:44:12 Database DEBUG : Connecté à la base de données
09:44:50 Database DEBUG : Connecté à la base de données
09:44:50 Database DEBUG : Connecté à la base de données
09:44:52 Database DEBUG : Connecté à la base de données
09:44:52 Database DEBUG : Connecté à la base de données
09:45:45 Database DEBUG : Connecté à la base de données
09:45:45 Application INFO : Commande #85 créée par l'utilisateur 25
09:45:45 Database DEBUG : Connecté à la base de données
09:48:42 Database DEBUG : Connecté à la base de données
14:33:33 Database DEBUG : Connecté à la base de données
14:33:33 Database DEBUG : Connecté à la base de données
14:33:37 Database DEBUG : Connecté à la base de données
14:33:37 Application INFO : Administrateur connecté : lucie.fontaine ( 6 )
14:33:37 Database DEBUG : Connecté à la base de données
14:33:39 Database DEBUG : Connecté à la base de données
14:33:40 Database DEBUG : Connecté à la base de données
14:33:45 Database DEBUG : Connecté à la base de données
14:33:47 Database DEBUG : Connecté à la base de données
14:33:49 Database DEBUG : Connecté à la base de données
14:33:51 Database DEBUG : Connecté à la base de données
14:34:19 Database DEBUG : Connecté à la base de données
14:34:19 Application INFO : Inclusion validée avec succès par l'administrateur #6
14:34:46 Database DEBUG : Connecté à la base de données
14:34:46 Application INFO : Inclusion validée avec succès par l'administrateur #6
16:21:57 Database DEBUG : Connecté à la base de données
16:22:02 Database DEBUG : Connecté à la base de données
16:22:19 Database DEBUG : Connecté à la base de données
16:22:19 Application INFO : Utilisateur connecté : sophie.branka@inserm.fr ( 24 )
16:22:19 Database DEBUG : Connecté à la base de données
16:22:22 Database DEBUG : Connecté à la base de données
16:25:12 Database DEBUG : Connecté à la base de données
16:27:11 Database DEBUG : Connecté à la base de données
16:27:11 Database DEBUG : Connecté à la base de données
16:27:36 Database DEBUG : Connecté à la base de données
16:27:36 Database DEBUG : Connecté à la base de données
16:27:46 Database DEBUG : Connecté à la base de données
16:27:46 Database DEBUG : Connecté à la base de données
16:28:22 Database DEBUG : Connecté à la base de données
16:28:22 Application INFO : Commande #86 créée par l'utilisateur 24
16:28:22 Database DEBUG : Connecté à la base de données
16:28:35 Database DEBUG : Connecté à la base de données
16:28:44 Database DEBUG : Connecté à la base de données
16:28:46 Database DEBUG : Connecté à la base de données
16:28:54 Database DEBUG : Connecté à la base de données
16:28:54 Application INFO : Réception validée avec succès par l'administrateur #6
16:32:04 Database DEBUG : Connecté à la base de données
16:32:04 Application INFO : Réception validée avec succès par l'administrateur #6
16:32:06 Database DEBUG : Connecté à la base de données
16:32:08 Database DEBUG : Connecté à la base de données
16:32:13 Database DEBUG : Connecté à la base de données
