10:55:02 Database DEBUG : Connecté à la base de données
10:55:02 Database DEBUG : Connecté à la base de données
10:55:06 Database DEBUG : Connecté à la base de données
10:55:06 Application INFO : Utilisateur connecté : christophe.heymes@inserm.fr ( 23 )
10:55:06 Database DEBUG : Connecté à la base de données
10:55:24 Database DEBUG : Connecté à la base de données
10:56:10 Database DEBUG : Connecté à la base de données
10:56:16 Database DEBUG : Connecté à la base de données
10:56:23 Database DEBUG : Connecté à la base de données
11:28:21 Database DEBUG : Connecté à la base de données
11:28:21 Database DEBUG : Connecté à la base de données
11:28:25 Database DEBUG : Connecté à la base de données
11:28:25 Application INFO : Administrateur connecté : lucie.fontaine ( 6 )
11:28:25 Database DEBUG : Connecté à la base de données
11:28:26 Database DEBUG : Connecté à la base de données
12:02:27 Database DEBUG : Connecté à la base de données
12:02:28 Database DEBUG : Connecté à la base de données
13:07:25 Database DEBUG : Connecté à la base de données
13:07:27 Database DEBUG : Connecté à la base de données
13:07:31 Database DEBUG : Connecté à la base de données
13:12:43 Database DEBUG : Connecté à la base de données
13:12:43 Database DEBUG : Connecté à la base de données
13:14:06 Database DEBUG : Connecté à la base de données
13:14:06 Database DEBUG : Connecté à la base de données
13:14:22 Database DEBUG : Connecté à la base de données
13:14:22 Application INFO : Commande #120 créée par l'utilisateur 23
13:14:22 Database DEBUG : Connecté à la base de données
14:11:13 Database DEBUG : Connecté à la base de données
14:11:14 Database DEBUG : Connecté à la base de données
14:11:16 Database DEBUG : Connecté à la base de données
14:11:17 Database DEBUG : Connecté à la base de données
14:11:19 Database DEBUG : Connecté à la base de données
14:11:20 Database DEBUG : Connecté à la base de données
14:11:21 Database DEBUG : Connecté à la base de données
14:11:24 Database DEBUG : Connecté à la base de données
14:11:24 Application INFO : Réception validée avec succès par l'administrateur #6
14:11:26 Database DEBUG : Connecté à la base de données
14:47:19 Database DEBUG : Connecté à la base de données
14:47:20 Database DEBUG : Connecté à la base de données
15:00:27 Database DEBUG : Connecté à la base de données
15:45:41 Database DEBUG : Connecté à la base de données
15:45:41 Application INFO : Coupe validée avec succès par l'administrateur #6
15:45:43 Database DEBUG : Connecté à la base de données
