10:11:02 Database DEBUG : Connecté à la base de données
10:11:02 Database DEBUG : Connecté à la base de données
10:11:11 Database DEBUG : Connecté à la base de données
10:11:11 Application INFO : Administrateur connecté : lucie.fontaine ( 6 )
10:11:11 Database DEBUG : Connecté à la base de données
10:11:16 Database DEBUG : Connecté à la base de données
10:16:22 Database DEBUG : Connecté à la base de données
10:16:31 Database DEBUG : Connecté à la base de données
10:16:31 Mail DEBUG : Trying to send mail mail_commande_prete from histologie-i2mc@inserm.fr to Array
(
    [mail] => enzo.piccolo@inserm.fr
    [name] => Enzo Piccolo
)
.
10:16:31 Mail DEBUG : Mail envoyé.
10:16:31 Application INFO : Retour validée avec succès par l'administrateur #6
10:26:40 Database DEBUG : Connecté à la base de données
10:26:41 Database DEBUG : Connecté à la base de données
10:26:44 Database DEBUG : Connecté à la base de données
11:52:28 Database DEBUG : Connecté à la base de données
11:52:29 Database DEBUG : Connecté à la base de données
11:52:31 Database DEBUG : Connecté à la base de données
11:52:34 Database DEBUG : Connecté à la base de données
11:52:34 Application INFO : Inclusion validée avec succès par l'administrateur #6
12:55:45 Database DEBUG : Connecté à la base de données
12:55:56 Database DEBUG : Connecté à la base de données
12:55:56 Application INFO : Utilisateur connecté : emilie.segura@inserm.fr ( 21 )
12:55:56 Database DEBUG : Connecté à la base de données
12:55:58 Database DEBUG : Connecté à la base de données
12:56:00 Database DEBUG : Connecté à la base de données
12:56:20 Database DEBUG : Connecté à la base de données
12:56:20 Database DEBUG : Connecté à la base de données
12:56:24 Database DEBUG : Connecté à la base de données
12:56:24 Database DEBUG : Connecté à la base de données
12:56:31 Database DEBUG : Connecté à la base de données
12:56:31 Database DEBUG : Connecté à la base de données
12:56:53 Database DEBUG : Connecté à la base de données
12:56:53 Application INFO : Commande #181 créée par l'utilisateur 21
12:56:53 Database DEBUG : Connecté à la base de données
13:06:05 Database DEBUG : Connecté à la base de données
13:06:07 Database DEBUG : Connecté à la base de données
13:06:08 Database DEBUG : Connecté à la base de données
13:06:10 Database DEBUG : Connecté à la base de données
13:06:11 Database DEBUG : Connecté à la base de données
13:06:12 Database DEBUG : Connecté à la base de données
13:06:16 Database DEBUG : Connecté à la base de données
13:06:16 Mail DEBUG : Trying to send mail mail_commande_prete from histologie-i2mc@inserm.fr to Array
(
    [mail] => christophe.heymes@inserm.fr
    [name] => Christophe Heymes
)
.
13:06:16 Mail DEBUG : Mail envoyé.
13:06:16 Mail DEBUG : Trying to send mail mail_commande_prete from histologie-i2mc@inserm.fr to Array
(
    [mail] => christophe.heymes@inserm.fr
    [name] => Christophe Heymes
)
.
13:06:16 Mail DEBUG : Mail envoyé.
13:06:16 Application INFO : Retour validée avec succès par l'administrateur #6
13:09:09 Database DEBUG : Connecté à la base de données
13:09:12 Database DEBUG : Connecté à la base de données
13:28:19 Database DEBUG : Connecté à la base de données
13:29:18 Database DEBUG : Connecté à la base de données
13:29:44 Database DEBUG : Connecté à la base de données
13:29:44 Application INFO : Coupe validée avec succès par l'administrateur #6
13:34:25 Database DEBUG : Connecté à la base de données
13:58:41 Database DEBUG : Connecté à la base de données
14:14:35 Database DEBUG : Connecté à la base de données
14:14:37 Database DEBUG : Connecté à la base de données
14:14:38 Database DEBUG : Connecté à la base de données
14:14:38 Application INFO : Réception validée avec succès par l'administrateur #6
14:25:49 Database DEBUG : Connecté à la base de données
14:25:54 Database DEBUG : Connecté à la base de données
14:26:05 Database DEBUG : Connecté à la base de données
14:26:05 Application INFO : Coupe validée avec succès par l'administrateur #6
14:31:06 Database DEBUG : Connecté à la base de données
15:18:45 Database DEBUG : Connecté à la base de données
15:18:46 Database DEBUG : Connecté à la base de données
15:18:47 Database DEBUG : Connecté à la base de données
15:18:53 Database DEBUG : Connecté à la base de données
15:18:53 Application INFO : Coupe validée avec succès par l'administrateur #6
15:18:55 Database DEBUG : Connecté à la base de données
15:18:56 Database DEBUG : Connecté à la base de données
15:18:58 Database DEBUG : Connecté à la base de données
15:24:46 Database DEBUG : Connecté à la base de données
15:56:43 Database DEBUG : Connecté à la base de données
16:27:15 Database DEBUG : Connecté à la base de données
16:27:16 Database DEBUG : Connecté à la base de données
16:36:13 Database DEBUG : Connecté à la base de données
