09:15:53 Database DEBUG : Connecté à la base de données
09:15:53 Database DEBUG : Connecté à la base de données
09:15:57 Database DEBUG : Connecté à la base de données
09:15:57 Application INFO : Administrateur connecté : lucie.fontaine ( 6 )
09:15:57 Database DEBUG : Connecté à la base de données
09:15:58 Database DEBUG : Connecté à la base de données
09:16:00 Database DEBUG : Connecté à la base de données
09:16:22 Database DEBUG : Connecté à la base de données
09:16:22 Mail DEBUG : Trying to send mail mail_commande_prete from histologie-i2mc@inserm.fr to Array
(
    [mail] => jean.personnaz@inserm.fr
    [name] => Jean Personnaz
)
.
09:16:22 Mail DEBUG : Mail envoyé.
09:16:22 Mail DEBUG : Trying to send mail mail_commande_prete from histologie-i2mc@inserm.fr to Array
(
    [mail] => gwendoline.astre@inserm.fr
    [name] => Gwendoline Astre
)
.
09:16:22 Mail DEBUG : Mail envoyé.
09:16:22 Application INFO : Retour validée avec succès par l'administrateur #6
09:16:24 Database DEBUG : Connecté à la base de données
09:16:29 Database DEBUG : Connecté à la base de données
09:16:30 Database DEBUG : Connecté à la base de données
11:39:18 Database DEBUG : Connecté à la base de données
11:39:18 Database DEBUG : Connecté à la base de données
11:39:22 Database DEBUG : Connecté à la base de données
11:39:22 Application INFO : Administrateur connecté : lucie.fontaine ( 6 )
11:39:22 Database DEBUG : Connecté à la base de données
11:39:24 Database DEBUG : Connecté à la base de données
11:39:24 Database DEBUG : Connecté à la base de données
11:39:27 Database DEBUG : Connecté à la base de données
11:39:27 Application INFO : Coupe validée avec succès par l'administrateur #6
11:40:30 Database DEBUG : Connecté à la base de données
11:40:31 Database DEBUG : Connecté à la base de données
11:40:32 Database DEBUG : Connecté à la base de données
11:40:34 Database DEBUG : Connecté à la base de données
13:14:49 Database DEBUG : Connecté à la base de données
13:14:59 Database DEBUG : Connecté à la base de données
13:15:00 Application INFO : Utilisateur connecté : emilie.segura@inserm.fr ( 21 )
13:15:00 Database DEBUG : Connecté à la base de données
13:15:01 Database DEBUG : Connecté à la base de données
13:15:06 Database DEBUG : Connecté à la base de données
14:59:07 Database DEBUG : Connecté à la base de données
15:05:52 Database DEBUG : Connecté à la base de données
17:04:00 Database DEBUG : Connecté à la base de données
17:04:04 Database DEBUG : Connecté à la base de données
17:04:04 Database DEBUG : Connecté à la base de données
17:04:05 Database DEBUG : Connecté à la base de données
17:04:18 Database DEBUG : Connecté à la base de données
17:04:19 Application INFO : Coupe validée avec succès par l'administrateur #6
17:20:49 Database DEBUG : Connecté à la base de données
