09:34:29 Database DEBUG : Connecté à la base de données
09:34:29 Database DEBUG : Connecté à la base de données
09:34:32 Database DEBUG : Connecté à la base de données
09:34:32 Application INFO : Administrateur connecté : lucie.fontaine ( 6 )
09:34:32 Database DEBUG : Connecté à la base de données
09:34:33 Database DEBUG : Connecté à la base de données
09:34:34 Database DEBUG : Connecté à la base de données
09:35:02 Database DEBUG : Connecté à la base de données
09:35:02 Mail DEBUG : Trying to send mail mail_commande_prete from histologie-i2mc@inserm.fr to Array
(
    [mail] => emilie.segura@inserm.fr
    [name] => Emilie Segura
)
.
09:35:03 Mail DEBUG : Mail envoyé.
09:35:03 Mail DEBUG : Trying to send mail mail_commande_prete from histologie-i2mc@inserm.fr to Array
(
    [mail] => xiaohui.tong@inserm.fr
    [name] => Xiaohui Tong
)
.
09:35:03 Mail DEBUG : Mail envoyé.
09:35:03 Application INFO : Retour validée avec succès par l'administrateur #6
09:37:00 Database DEBUG : Connecté à la base de données
09:37:01 Database DEBUG : Connecté à la base de données
09:37:03 Database DEBUG : Connecté à la base de données
09:37:05 Database DEBUG : Connecté à la base de données
09:37:06 Database DEBUG : Connecté à la base de données
09:37:08 Database DEBUG : Connecté à la base de données
11:16:48 Database DEBUG : Connecté à la base de données
11:16:50 Database DEBUG : Connecté à la base de données
15:03:06 Database DEBUG : Connecté à la base de données
15:03:06 Database DEBUG : Connecté à la base de données
15:03:09 Database DEBUG : Connecté à la base de données
15:03:09 Application INFO : Administrateur connecté : lucie.fontaine ( 6 )
15:03:09 Database DEBUG : Connecté à la base de données
15:03:11 Database DEBUG : Connecté à la base de données
15:03:12 Database DEBUG : Connecté à la base de données
15:03:17 Database DEBUG : Connecté à la base de données
15:03:17 Application INFO : Réception validée avec succès par l'administrateur #6
15:35:55 Database DEBUG : Connecté à la base de données
15:51:12 Database DEBUG : Connecté à la base de données
