08:22:36 Database DEBUG : Connecté à la base de données
08:22:41 Database DEBUG : Connecté à la base de données
08:23:07 Database DEBUG : Connecté à la base de données
08:23:07 Application INFO : Utilisateur connecté : gwendoline.astre@inserm.fr ( 15 )
08:23:07 Database DEBUG : Connecté à la base de données
08:23:09 Database DEBUG : Connecté à la base de données
08:27:08 Database DEBUG : Connecté à la base de données
08:29:12 Database DEBUG : Connecté à la base de données
08:29:12 Database DEBUG : Connecté à la base de données
08:29:21 Database DEBUG : Connecté à la base de données
08:29:21 Database DEBUG : Connecté à la base de données
08:29:45 Database DEBUG : Connecté à la base de données
08:29:45 Database DEBUG : Connecté à la base de données
08:29:51 Database DEBUG : Connecté à la base de données
08:29:51 Application INFO : Commande #101 créée par l'utilisateur 15
08:29:51 Database DEBUG : Connecté à la base de données
13:38:11 Database DEBUG : Connecté à la base de données
13:38:11 Database DEBUG : Connecté à la base de données
13:38:17 Database DEBUG : Connecté à la base de données
13:38:17 Application INFO : Administrateur connecté : lucie.fontaine ( 6 )
13:38:17 Database DEBUG : Connecté à la base de données
13:38:19 Database DEBUG : Connecté à la base de données
13:38:20 Database DEBUG : Connecté à la base de données
13:38:22 Database DEBUG : Connecté à la base de données
13:38:23 Database DEBUG : Connecté à la base de données
13:38:26 Database DEBUG : Connecté à la base de données
13:38:26 Application INFO : Inclusion validée avec succès par l'administrateur #6
13:38:27 Database DEBUG : Connecté à la base de données
13:38:29 Database DEBUG : Connecté à la base de données
13:38:31 Database DEBUG : Connecté à la base de données
13:38:31 Application INFO : Réception validée avec succès par l'administrateur #6
13:38:33 Database DEBUG : Connecté à la base de données
