09:11:42 Database DEBUG : Connecté à la base de données
09:11:42 Database DEBUG : Connecté à la base de données
09:11:53 Database DEBUG : Connecté à la base de données
09:11:53 Application INFO : Administrateur connecté : lucie.fontaine ( 6 )
09:11:53 Database DEBUG : Connecté à la base de données
09:12:14 Database DEBUG : Connecté à la base de données
10:48:29 Database DEBUG : Connecté à la base de données
10:48:33 Database DEBUG : Connecté à la base de données
10:48:33 Mail DEBUG : Trying to send mail mail_commande_prete from histologie-i2mc@inserm.fr to Array
(
    [mail] => marie.bellio@inserm.fr
    [name] => Marie Bellio
)
.
10:48:33 Mail DEBUG : Mail envoyé.
10:48:33 Mail DEBUG : Trying to send mail mail_commande_prete from histologie-i2mc@inserm.fr to Array
(
    [mail] => marie.bellio@inserm.fr
    [name] => Marie Bellio
)
.
10:48:34 Mail DEBUG : Mail envoyé.
10:48:34 Application INFO : Retour validée avec succès par l'administrateur #6
10:51:53 Database DEBUG : Connecté à la base de données
10:51:53 Database DEBUG : Connecté à la base de données
10:51:56 Database DEBUG : Connecté à la base de données
10:51:57 Application INFO : Utilisateur connecté : romain.paccoud@inserm.fr ( 14 )
10:51:57 Database DEBUG : Connecté à la base de données
10:51:58 Database DEBUG : Connecté à la base de données
10:52:02 Database DEBUG : Connecté à la base de données
10:52:47 Database DEBUG : Connecté à la base de données
