09:26:37 Database DEBUG : Connecté à la base de données
09:26:37 Database DEBUG : Connecté à la base de données
09:26:50 Database DEBUG : Connecté à la base de données
09:26:51 Application INFO : Administrateur connecté : lucie.fontaine ( 6 )
09:26:51 Database DEBUG : Connecté à la base de données
09:26:52 Database DEBUG : Connecté à la base de données
09:26:57 Database DEBUG : Connecté à la base de données
09:27:05 Database DEBUG : Connecté à la base de données
09:27:07 Database DEBUG : Connecté à la base de données
09:27:12 Database DEBUG : Connecté à la base de données
09:27:13 Application INFO : Coupe validée avec succès par l'administrateur #6
09:27:19 Database DEBUG : Connecté à la base de données
09:27:20 Database DEBUG : Connecté à la base de données
09:27:25 Database DEBUG : Connecté à la base de données
09:27:25 Mail DEBUG : Trying to send mail mail_commande_prete from histologie-i2mc@inserm.fr to Array
(
    [mail] => gwendoline.astre@inserm.fr
    [name] => Gwendoline Astre
)
.
09:27:25 Mail DEBUG : Mail envoyé.
09:27:25 Application INFO : Retour validée avec succès par l'administrateur #6
09:27:28 Database DEBUG : Connecté à la base de données
10:03:25 Database DEBUG : Connecté à la base de données
10:03:25 Database DEBUG : Connecté à la base de données
10:03:39 Database DEBUG : Connecté à la base de données
10:03:39 Application INFO : Utilisateur connecté : alizee.dortignac@inserm.fr ( 22 )
10:03:39 Database DEBUG : Connecté à la base de données
10:03:51 Database DEBUG : Connecté à la base de données
10:03:53 Database DEBUG : Connecté à la base de données
10:03:53 Database DEBUG : Connecté à la base de données
15:56:00 Database DEBUG : Connecté à la base de données
15:56:00 Database DEBUG : Connecté à la base de données
15:56:20 Database DEBUG : Connecté à la base de données
15:56:20 Application INFO : Utilisateur connecté : audrey.swiader@inserm.fr ( 16 )
15:56:20 Database DEBUG : Connecté à la base de données
15:56:23 Database DEBUG : Connecté à la base de données
15:56:30 Database DEBUG : Connecté à la base de données
15:58:23 Database DEBUG : Connecté à la base de données
15:58:23 Database DEBUG : Connecté à la base de données
15:59:21 Database DEBUG : Connecté à la base de données
15:59:21 Database DEBUG : Connecté à la base de données
16:00:32 Database DEBUG : Connecté à la base de données
16:00:33 Application INFO : Commande #28 créée par l'utilisateur 16
16:00:33 Database DEBUG : Connecté à la base de données
16:00:41 Database DEBUG : Connecté à la base de données
16:18:15 Database DEBUG : Connecté à la base de données
16:18:16 Database DEBUG : Connecté à la base de données
16:18:17 Database DEBUG : Connecté à la base de données
16:18:21 Database DEBUG : Connecté à la base de données
16:18:21 Application INFO : Réception validée avec succès par l'administrateur #6
16:18:23 Database DEBUG : Connecté à la base de données
