09:39:38 Database DEBUG : Connecté à la base de données
09:39:38 Database DEBUG : Connecté à la base de données
09:39:42 Database DEBUG : Connecté à la base de données
09:39:42 Application INFO : Administrateur connecté : lucie.fontaine ( 6 )
09:39:42 Database DEBUG : Connecté à la base de données
09:39:43 Database DEBUG : Connecté à la base de données
09:39:45 Database DEBUG : Connecté à la base de données
09:40:26 Database DEBUG : Connecté à la base de données
09:40:26 Mail DEBUG : Trying to send mail mail_commande_prete from histologie-i2mc@inserm.fr to Array
(
    [mail] => christophe.heymes@inserm.fr
    [name] => Christophe Heymes
)
.
09:40:26 Mail DEBUG : Mail envoyé.
09:40:26 Application INFO : Retour validée avec succès par l'administrateur #6
09:40:52 Database DEBUG : Connecté à la base de données
09:40:52 Mail DEBUG : Trying to send mail mail_commande_prete from histologie-i2mc@inserm.fr to Array
(
    [mail] => emilie.segura@inserm.fr
    [name] => Emilie Segura
)
.
09:40:52 Mail DEBUG : Mail envoyé.
09:40:52 Mail DEBUG : Trying to send mail mail_commande_prete from histologie-i2mc@inserm.fr to Array
(
    [mail] => emilie.segura@inserm.fr
    [name] => Emilie Segura
)
.
09:40:52 Mail DEBUG : Mail envoyé.
09:40:52 Application INFO : Retour validée avec succès par l'administrateur #6
09:48:23 Database DEBUG : Connecté à la base de données
09:48:40 Database DEBUG : Connecté à la base de données
09:48:40 Application INFO : Utilisateur connecté : emilie.segura@inserm.fr ( 21 )
09:48:40 Database DEBUG : Connecté à la base de données
09:48:42 Database DEBUG : Connecté à la base de données
09:48:44 Database DEBUG : Connecté à la base de données
09:48:58 Database DEBUG : Connecté à la base de données
09:48:58 Database DEBUG : Connecté à la base de données
09:49:02 Database DEBUG : Connecté à la base de données
09:49:02 Database DEBUG : Connecté à la base de données
09:49:10 Database DEBUG : Connecté à la base de données
09:49:10 Database DEBUG : Connecté à la base de données
09:49:17 Database DEBUG : Connecté à la base de données
09:49:17 Application INFO : Commande #169 créée par l'utilisateur 21
09:49:17 Database DEBUG : Connecté à la base de données
10:04:23 Database DEBUG : Connecté à la base de données
10:04:25 Database DEBUG : Connecté à la base de données
10:04:26 Database DEBUG : Connecté à la base de données
10:04:28 Database DEBUG : Connecté à la base de données
10:04:31 Database DEBUG : Connecté à la base de données
10:04:31 Application INFO : Réception validée avec succès par l'administrateur #6
10:04:33 Database DEBUG : Connecté à la base de données
10:04:35 Database DEBUG : Connecté à la base de données
10:04:44 Database DEBUG : Connecté à la base de données
10:04:44 Application INFO : Inclusion validée avec succès par l'administrateur #6
10:15:55 Database DEBUG : Connecté à la base de données
10:15:58 Database DEBUG : Connecté à la base de données
15:02:29 Database DEBUG : Connecté à la base de données
15:02:32 Database DEBUG : Connecté à la base de données
15:02:46 Database DEBUG : Connecté à la base de données
15:02:46 Mail DEBUG : Trying to send mail mail_commande_prete from histologie-i2mc@inserm.fr to Array
(
    [mail] => xiaohui.tong@inserm.fr
    [name] => Xiaohui Tong
)
.
15:02:46 Mail DEBUG : Mail envoyé.
15:02:46 Application INFO : Retour validée avec succès par l'administrateur #6
15:03:07 Database DEBUG : Connecté à la base de données
15:03:09 Database DEBUG : Connecté à la base de données
15:03:13 Database DEBUG : Connecté à la base de données
15:03:13 Application INFO : Coloration validée avec succès par l'administrateur #6
15:03:15 Database DEBUG : Connecté à la base de données
15:03:19 Database DEBUG : Connecté à la base de données
15:25:56 Database DEBUG : Connecté à la base de données
15:25:56 Mail DEBUG : Trying to send mail mail_commande_prete from histologie-i2mc@inserm.fr to Array
(
    [mail] => deborah.carper@inserm.fr
    [name] => Deborah Carper
)
.
15:25:56 Mail DEBUG : Mail envoyé.
15:25:56 Mail DEBUG : Trying to send mail mail_commande_prete from histologie-i2mc@inserm.fr to Array
(
    [mail] => deborah.carper@inserm.fr
    [name] => Deborah Carper
)
.
15:25:56 Mail DEBUG : Mail envoyé.
15:25:56 Application INFO : Retour validée avec succès par l'administrateur #6
15:50:47 Database DEBUG : Connecté à la base de données
15:50:48 Database DEBUG : Connecté à la base de données
15:50:49 Database DEBUG : Connecté à la base de données
