09:16:03 Database DEBUG : Connecté à la base de données
09:16:03 Database DEBUG : Connecté à la base de données
09:16:08 Database DEBUG : Connecté à la base de données
09:16:08 Application INFO : Administrateur connecté : lucie.fontaine ( 6 )
09:16:08 Database DEBUG : Connecté à la base de données
09:16:10 Database DEBUG : Connecté à la base de données
09:16:11 Database DEBUG : Connecté à la base de données
09:16:17 Database DEBUG : Connecté à la base de données
09:16:17 Mail DEBUG : Trying to send mail mail_commande_prete from histologie-i2mc@inserm.fr to Array
(
    [mail] => romain.paccoud@inserm.fr
    [name] => Romain Paccoud
)
.
09:16:17 Mail DEBUG : Mail envoyé.
09:16:17 Mail DEBUG : Trying to send mail mail_commande_prete from histologie-i2mc@inserm.fr to Array
(
    [mail] => romain.paccoud@inserm.fr
    [name] => Romain Paccoud
)
.
09:16:17 Mail DEBUG : Mail envoyé.
09:16:17 Application INFO : Retour validée avec succès par l'administrateur #6
09:16:56 Database DEBUG : Connecté à la base de données
09:39:24 Database DEBUG : Connecté à la base de données
09:39:36 Database DEBUG : Connecté à la base de données
