10:30:08 Database DEBUG : Connecté à la base de données
10:30:08 Database DEBUG : Connecté à la base de données
10:30:29 Database DEBUG : Connecté à la base de données
10:30:29 Application INFO : Utilisateur connecté : myriam.rouahi@inserm.fr ( 25 )
10:30:29 Database DEBUG : Connecté à la base de données
10:30:32 Database DEBUG : Connecté à la base de données
11:07:49 Database DEBUG : Connecté à la base de données
11:24:02 Database DEBUG : Connecté à la base de données
11:24:02 Database DEBUG : Connecté à la base de données
11:24:08 Database DEBUG : Connecté à la base de données
11:24:08 Application INFO : Administrateur connecté : lucie.fontaine ( 6 )
11:24:09 Database DEBUG : Connecté à la base de données
11:24:16 Database DEBUG : Connecté à la base de données
11:24:18 Database DEBUG : Connecté à la base de données
11:24:23 Database DEBUG : Connecté à la base de données
11:24:23 Mail DEBUG : Trying to send mail mail_commande_prete from histologie-i2mc@inserm.fr to Array
(
    [mail] => jean.personnaz@inserm.fr
    [name] => Jean Personnaz
)
.
11:24:23 Mail DEBUG : Mail envoyé.
11:24:23 Mail DEBUG : Trying to send mail mail_commande_prete from histologie-i2mc@inserm.fr to Array
(
    [mail] => jean.personnaz@inserm.fr
    [name] => Jean Personnaz
)
.
11:24:23 Mail DEBUG : Mail envoyé.
11:24:23 Application INFO : Retour validée avec succès par l'administrateur #6
11:24:59 Database DEBUG : Connecté à la base de données
16:48:51 Database DEBUG : Connecté à la base de données
16:48:52 Database DEBUG : Connecté à la base de données
16:48:56 Database DEBUG : Connecté à la base de données
16:48:56 Application INFO : Administrateur connecté : lucie.fontaine ( 6 )
16:48:56 Database DEBUG : Connecté à la base de données
16:48:58 Database DEBUG : Connecté à la base de données
16:48:59 Database DEBUG : Connecté à la base de données
16:49:41 Database DEBUG : Connecté à la base de données
16:49:41 Application INFO : Coupe validée avec succès par l'administrateur #6
17:40:36 Database DEBUG : Connecté à la base de données
17:40:37 Database DEBUG : Connecté à la base de données
17:40:39 Database DEBUG : Connecté à la base de données
17:40:47 Database DEBUG : Connecté à la base de données
17:40:47 Application INFO : Coupe validée avec succès par l'administrateur #6
17:40:56 Database DEBUG : Connecté à la base de données
