10:51:22 Database DEBUG : Connecté à la base de données
10:51:22 Database DEBUG : Connecté à la base de données
10:52:24 Database DEBUG : Connecté à la base de données
10:52:24 Application INFO : Administrateur connecté : lucie.fontaine ( 6 )
10:52:24 Database DEBUG : Connecté à la base de données
10:52:26 Database DEBUG : Connecté à la base de données
10:52:28 Database DEBUG : Connecté à la base de données
10:52:37 Database DEBUG : Connecté à la base de données
10:52:37 Application INFO : Coupe validée avec succès par l'administrateur #6
10:52:50 Database DEBUG : Connecté à la base de données
10:52:52 Database DEBUG : Connecté à la base de données
10:58:38 Database DEBUG : Connecté à la base de données
10:58:39 Database DEBUG : Connecté à la base de données
10:58:41 Database DEBUG : Connecté à la base de données
10:58:45 Database DEBUG : Connecté à la base de données
10:59:19 Database DEBUG : Connecté à la base de données
11:10:19 Database DEBUG : Connecté à la base de données
11:14:48 Database DEBUG : Connecté à la base de données
11:33:11 Database DEBUG : Connecté à la base de données
11:33:11 Database DEBUG : Connecté à la base de données
11:33:13 Database DEBUG : Connecté à la base de données
11:33:13 Application INFO : Utilisateur connecté : marie.cauquil ( 20 )
11:33:13 Database DEBUG : Connecté à la base de données
11:33:17 Database DEBUG : Connecté à la base de données
11:33:50 Database DEBUG : Connecté à la base de données
11:36:21 Database DEBUG : Connecté à la base de données
11:36:21 Database DEBUG : Connecté à la base de données
11:38:09 Database DEBUG : Connecté à la base de données
11:38:09 Database DEBUG : Connecté à la base de données
11:38:12 Database DEBUG : Connecté à la base de données
11:38:12 Application INFO : Commande #155 créée par l'utilisateur 20
11:38:12 Database DEBUG : Connecté à la base de données
11:51:39 Database DEBUG : Connecté à la base de données
11:51:42 Database DEBUG : Connecté à la base de données
11:51:45 Database DEBUG : Connecté à la base de données
11:51:45 Application INFO : Réception validée avec succès par l'administrateur #6
11:52:20 Database DEBUG : Connecté à la base de données
11:58:49 Database DEBUG : Connecté à la base de données
11:58:50 Database DEBUG : Connecté à la base de données
14:20:38 Database DEBUG : Connecté à la base de données
14:20:38 Database DEBUG : Connecté à la base de données
14:23:59 Database DEBUG : Connecté à la base de données
16:42:12 Database DEBUG : Connecté à la base de données
17:21:46 Database DEBUG : Connecté à la base de données
17:21:56 Database DEBUG : Connecté à la base de données
17:21:56 Application INFO : Coupe validée avec succès par l'administrateur #6
17:21:57 Database DEBUG : Connecté à la base de données
17:22:02 Database DEBUG : Connecté à la base de données
17:40:28 Database DEBUG : Connecté à la base de données
