08:48:42 Database DEBUG : Connecté à la base de données
08:48:47 Database DEBUG : Connecté à la base de données
13:28:09 Database DEBUG : Connecté à la base de données
13:28:14 Database DEBUG : Connecté à la base de données
13:29:49 Database DEBUG : Connecté à la base de données
13:29:49 Application INFO : Utilisateur connecté : jean.personnaz@inserm.fr ( 10 )
13:29:49 Database DEBUG : Connecté à la base de données
13:29:51 Database DEBUG : Connecté à la base de données
13:31:06 Database DEBUG : Connecté à la base de données
13:34:31 Database DEBUG : Connecté à la base de données
13:34:33 Database DEBUG : Connecté à la base de données
13:34:35 Database DEBUG : Connecté à la base de données
13:34:38 Database DEBUG : Connecté à la base de données
13:34:41 Database DEBUG : Connecté à la base de données
13:34:43 Database DEBUG : Connecté à la base de données
13:35:10 Database DEBUG : Connecté à la base de données
13:35:13 Database DEBUG : Connecté à la base de données
13:36:56 Database DEBUG : Connecté à la base de données
13:37:02 Database DEBUG : Connecté à la base de données
13:37:06 Database DEBUG : Connecté à la base de données
13:37:10 Database DEBUG : Connecté à la base de données
13:37:15 Database DEBUG : Connecté à la base de données
13:37:19 Database DEBUG : Connecté à la base de données
13:43:16 Database DEBUG : Connecté à la base de données
13:43:16 Database DEBUG : Connecté à la base de données
13:43:31 Database DEBUG : Connecté à la base de données
13:43:31 Database DEBUG : Connecté à la base de données
13:43:43 Database DEBUG : Connecté à la base de données
13:43:43 Database DEBUG : Connecté à la base de données
13:43:52 Database DEBUG : Connecté à la base de données
13:43:52 Application INFO : Commande #33 créée par l'utilisateur 10
13:43:52 Database DEBUG : Connecté à la base de données
13:44:02 Database DEBUG : Connecté à la base de données
13:44:03 Database DEBUG : Connecté à la base de données
13:44:22 Database DEBUG : Connecté à la base de données
13:45:12 Database DEBUG : Connecté à la base de données
13:45:12 Database DEBUG : Connecté à la base de données
13:45:21 Database DEBUG : Connecté à la base de données
13:45:21 Database DEBUG : Connecté à la base de données
13:45:32 Database DEBUG : Connecté à la base de données
13:45:32 Database DEBUG : Connecté à la base de données
13:45:34 Database DEBUG : Connecté à la base de données
13:45:34 Application INFO : Commande #34 créée par l'utilisateur 10
13:45:34 Database DEBUG : Connecté à la base de données
13:46:15 Database DEBUG : Connecté à la base de données
13:46:17 Database DEBUG : Connecté à la base de données
13:46:26 Database DEBUG : Connecté à la base de données
13:48:25 Database DEBUG : Connecté à la base de données
13:48:25 Database DEBUG : Connecté à la base de données
13:48:38 Database DEBUG : Connecté à la base de données
13:48:38 Database DEBUG : Connecté à la base de données
13:48:40 Database DEBUG : Connecté à la base de données
13:48:40 Application INFO : Commande #35 créée par l'utilisateur 10
13:48:40 Database DEBUG : Connecté à la base de données
14:07:36 Database DEBUG : Connecté à la base de données
14:07:36 Database DEBUG : Connecté à la base de données
14:07:46 Database DEBUG : Connecté à la base de données
14:07:46 Application INFO : Administrateur connecté : lucie.fontaine ( 6 )
14:07:46 Database DEBUG : Connecté à la base de données
14:07:47 Database DEBUG : Connecté à la base de données
14:07:48 Database DEBUG : Connecté à la base de données
14:08:10 Database DEBUG : Connecté à la base de données
14:08:10 Application INFO : Réception validée avec succès par l'administrateur #6
14:08:21 Database DEBUG : Connecté à la base de données
14:08:21 Application INFO : Réception validée avec succès par l'administrateur #6
14:08:26 Database DEBUG : Connecté à la base de données
14:08:26 Application INFO : Réception validée avec succès par l'administrateur #6
14:08:28 Database DEBUG : Connecté à la base de données
14:08:30 Database DEBUG : Connecté à la base de données
14:09:26 Database DEBUG : Connecté à la base de données
14:09:30 Database DEBUG : Connecté à la base de données
14:11:33 Database DEBUG : Connecté à la base de données
14:11:33 Application INFO : Inclusion validée avec succès par l'administrateur #6
14:11:51 Database DEBUG : Connecté à la base de données
14:11:51 Application INFO : Inclusion validée avec succès par l'administrateur #6
14:12:17 Database DEBUG : Connecté à la base de données
14:12:17 Application INFO : Inclusion validée avec succès par l'administrateur #6
14:12:43 Database DEBUG : Connecté à la base de données
14:12:47 Database DEBUG : Connecté à la base de données
14:13:11 Database DEBUG : Connecté à la base de données
14:13:11 Mail DEBUG : Trying to send mail mail_commande_prete from histologie-i2mc@inserm.fr to Array
(
    [mail] => christophe.heymes@inserm.fr
    [name] => Christophe Heymes
)
.
14:13:12 Mail DEBUG : Mail envoyé.
14:13:12 Application INFO : Retour validée avec succès par l'administrateur #6
14:13:29 Database DEBUG : Connecté à la base de données
14:13:32 Database DEBUG : Connecté à la base de données
14:13:33 Database DEBUG : Connecté à la base de données
14:13:34 Database DEBUG : Connecté à la base de données
14:13:37 Database DEBUG : Connecté à la base de données
14:13:37 Application INFO : Réception validée avec succès par l'administrateur #6
14:13:40 Database DEBUG : Connecté à la base de données
