15:43:06 Database DEBUG : Connecté à la base de données
15:43:06 Database DEBUG : Connecté à la base de données
15:43:09 Database DEBUG : Connecté à la base de données
15:43:10 Application INFO : Administrateur connecté : lucie.fontaine ( 6 )
15:43:10 Database DEBUG : Connecté à la base de données
15:43:11 Database DEBUG : Connecté à la base de données
15:43:13 Database DEBUG : Connecté à la base de données
15:43:14 Database DEBUG : Connecté à la base de données
15:43:17 Database DEBUG : Connecté à la base de données
15:43:39 Database DEBUG : Connecté à la base de données
15:43:39 Application INFO : Coloration validée avec succès par l'administrateur #6
15:43:43 Database DEBUG : Connecté à la base de données
15:43:45 Database DEBUG : Connecté à la base de données
15:43:57 Database DEBUG : Connecté à la base de données
15:43:57 Mail DEBUG : Trying to send mail mail_commande_prete from histologie-i2mc@inserm.fr to Array
(
    [mail] => anais.briot@inserm.fr
    [name] => Anais BRIOT
)
.
15:43:57 Mail DEBUG : Mail envoyé.
15:43:57 Mail DEBUG : Trying to send mail mail_commande_prete from histologie-i2mc@inserm.fr to Array
(
    [mail] => anais.briot@inserm.fr
    [name] => Anais BRIOT
)
.
15:43:57 Mail DEBUG : Mail envoyé.
15:43:57 Mail DEBUG : Trying to send mail mail_commande_prete from histologie-i2mc@inserm.fr to Array
(
    [mail] => anais.briot@inserm.fr
    [name] => Anais BRIOT
)
.
15:43:57 Mail DEBUG : Mail envoyé.
15:43:57 Mail DEBUG : Trying to send mail mail_commande_prete from histologie-i2mc@inserm.fr to Array
(
    [mail] => anais.briot@inserm.fr
    [name] => Anais BRIOT
)
.
15:43:57 Mail DEBUG : Mail envoyé.
15:43:57 Mail DEBUG : Trying to send mail mail_commande_prete from histologie-i2mc@inserm.fr to Array
(
    [mail] => anais.briot@inserm.fr
    [name] => Anais BRIOT
)
.
15:43:57 Mail DEBUG : Mail envoyé.
15:43:57 Mail DEBUG : Trying to send mail mail_commande_prete from histologie-i2mc@inserm.fr to Array
(
    [mail] => anais.briot@inserm.fr
    [name] => Anais BRIOT
)
.
15:43:57 Mail DEBUG : Mail envoyé.
15:43:57 Mail DEBUG : Trying to send mail mail_commande_prete from histologie-i2mc@inserm.fr to Array
(
    [mail] => anais.briot@inserm.fr
    [name] => Anais BRIOT
)
.
15:43:57 Mail DEBUG : Mail envoyé.
15:43:57 Mail DEBUG : Trying to send mail mail_commande_prete from histologie-i2mc@inserm.fr to Array
(
    [mail] => anais.briot@inserm.fr
    [name] => Anais BRIOT
)
.
15:43:57 Mail DEBUG : Mail envoyé.
15:43:57 Mail DEBUG : Trying to send mail mail_commande_prete from histologie-i2mc@inserm.fr to Array
(
    [mail] => anais.briot@inserm.fr
    [name] => Anais BRIOT
)
.
15:43:57 Mail DEBUG : Mail envoyé.
15:43:57 Application INFO : Retour validée avec succès par l'administrateur #6
15:47:27 Database DEBUG : Connecté à la base de données
15:47:28 Database DEBUG : Connecté à la base de données
15:47:29 Database DEBUG : Connecté à la base de données
15:47:32 Database DEBUG : Connecté à la base de données
15:47:36 Database DEBUG : Connecté à la base de données
15:47:53 Database DEBUG : Connecté à la base de données
15:56:43 Database DEBUG : Connecté à la base de données
15:56:44 Database DEBUG : Connecté à la base de données
16:21:59 Database DEBUG : Connecté à la base de données
16:22:00 Database DEBUG : Connecté à la base de données
