07:47:46 Database DEBUG : Connecté à la base de données
07:47:46 Database DEBUG : Connecté à la base de données
07:47:49 Database DEBUG : Connecté à la base de données
07:47:50 Application INFO : Utilisateur connecté : christophe.heymes@inserm.fr ( 23 )
07:47:50 Database DEBUG : Connecté à la base de données
07:47:54 Database DEBUG : Connecté à la base de données
07:49:18 Database DEBUG : Connecté à la base de données
07:53:09 Database DEBUG : Connecté à la base de données
07:53:09 Database DEBUG : Connecté à la base de données
07:53:51 Database DEBUG : Connecté à la base de données
07:53:51 Database DEBUG : Connecté à la base de données
07:53:56 Database DEBUG : Connecté à la base de données
07:53:56 Application INFO : Commande #130 créée par l'utilisateur 23
07:53:56 Database DEBUG : Connecté à la base de données
10:11:58 Database DEBUG : Connecté à la base de données
10:11:58 Database DEBUG : Connecté à la base de données
10:12:03 Database DEBUG : Connecté à la base de données
10:12:03 Application INFO : Administrateur connecté : lucie.fontaine ( 6 )
10:12:03 Database DEBUG : Connecté à la base de données
10:12:10 Database DEBUG : Connecté à la base de données
10:12:12 Database DEBUG : Connecté à la base de données
10:12:17 Database DEBUG : Connecté à la base de données
10:12:17 Application INFO : Réception validée avec succès par l'administrateur #6
10:41:37 Database DEBUG : Connecté à la base de données
10:49:12 Database DEBUG : Connecté à la base de données
10:49:15 Database DEBUG : Connecté à la base de données
10:49:15 Application INFO : Coloration validée avec succès par l'administrateur #6
10:49:19 Database DEBUG : Connecté à la base de données
10:49:20 Database DEBUG : Connecté à la base de données
10:51:46 Database DEBUG : Connecté à la base de données
10:51:46 Database DEBUG : Connecté à la base de données
10:51:49 Database DEBUG : Connecté à la base de données
10:55:30 Database DEBUG : Connecté à la base de données
11:00:44 Database DEBUG : Connecté à la base de données
11:00:44 Database DEBUG : Connecté à la base de données
11:01:00 Database DEBUG : Connecté à la base de données
11:01:00 Database DEBUG : Connecté à la base de données
11:01:11 Database DEBUG : Connecté à la base de données
11:01:11 Application INFO : Commande #131 créée par l'utilisateur 23
11:01:11 Database DEBUG : Connecté à la base de données
13:12:51 Database DEBUG : Connecté à la base de données
13:12:51 Database DEBUG : Connecté à la base de données
13:12:52 Database DEBUG : Connecté à la base de données
13:12:55 Database DEBUG : Connecté à la base de données
13:17:12 Database DEBUG : Connecté à la base de données
13:17:12 Database DEBUG : Connecté à la base de données
13:17:48 Database DEBUG : Connecté à la base de données
13:17:48 Database DEBUG : Connecté à la base de données
13:18:29 Database DEBUG : Connecté à la base de données
13:18:29 Application INFO : Commande #132 créée par l'utilisateur 23
13:18:29 Database DEBUG : Connecté à la base de données
13:36:00 Database DEBUG : Connecté à la base de données
13:36:17 Database DEBUG : Connecté à la base de données
13:36:19 Database DEBUG : Connecté à la base de données
13:36:23 Database DEBUG : Connecté à la base de données
13:36:23 Application INFO : Réception validée avec succès par l'administrateur #6
14:05:20 Database DEBUG : Connecté à la base de données
14:14:29 Database DEBUG : Connecté à la base de données
14:14:31 Database DEBUG : Connecté à la base de données
14:14:47 Database DEBUG : Connecté à la base de données
14:14:47 Aplication INFO : Organe ajouté par l'administrateur #6
14:14:47 Database DEBUG : Connecté à la base de données
14:14:55 Database DEBUG : Connecté à la base de données
14:14:55 Aplication INFO : Organe modifié par l'administrateur #6
14:15:07 Database DEBUG : Connecté à la base de données
14:23:30 Database DEBUG : Connecté à la base de données
14:23:31 Database DEBUG : Connecté à la base de données
14:23:35 Database DEBUG : Connecté à la base de données
14:23:35 Application INFO : Réception validée avec succès par l'administrateur #6
14:23:36 Database DEBUG : Connecté à la base de données
14:32:11 Database DEBUG : Connecté à la base de données
14:32:13 Database DEBUG : Connecté à la base de données
14:36:01 Database DEBUG : Connecté à la base de données
14:36:01 Database DEBUG : Connecté à la base de données
14:36:11 Database DEBUG : Connecté à la base de données
14:36:11 Database DEBUG : Connecté à la base de données
14:36:27 Database DEBUG : Connecté à la base de données
14:36:27 Application INFO : Commande #133 créée par l'utilisateur 23
14:36:27 Database DEBUG : Connecté à la base de données
14:40:33 Database DEBUG : Connecté à la base de données
14:40:34 Database DEBUG : Connecté à la base de données
14:40:35 Database DEBUG : Connecté à la base de données
14:40:37 Database DEBUG : Connecté à la base de données
14:40:37 Application INFO : Réception validée avec succès par l'administrateur #6
14:41:08 Database DEBUG : Connecté à la base de données
14:41:58 Database DEBUG : Connecté à la base de données
15:11:04 Database DEBUG : Connecté à la base de données
15:11:05 Database DEBUG : Connecté à la base de données
17:13:50 Database DEBUG : Connecté à la base de données
17:13:51 Database DEBUG : Connecté à la base de données
