09:22:20 Database DEBUG : Connecté à la base de données
09:22:20 Database DEBUG : Connecté à la base de données
09:23:36 Database DEBUG : Connecté à la base de données
09:23:37 Application INFO : Administrateur connecté : lucie.fontaine ( 6 )
09:23:37 Database DEBUG : Connecté à la base de données
09:24:37 Database DEBUG : Connecté à la base de données
09:24:40 Database DEBUG : Connecté à la base de données
09:24:45 Database DEBUG : Connecté à la base de données
09:24:45 Mail DEBUG : Trying to send mail mail_commande_prete from histologie-i2mc@inserm.fr to Array
(
    [mail] => enzo.piccolo@inserm.fr
    [name] => Enzo Piccolo
)
.
09:24:45 Mail DEBUG : Mail envoyé.
09:24:45 Application INFO : Retour validée avec succès par l'administrateur #6
09:25:11 Database DEBUG : Connecté à la base de données
10:59:38 Database DEBUG : Connecté à la base de données
10:59:41 Database DEBUG : Connecté à la base de données
10:59:43 Database DEBUG : Connecté à la base de données
10:59:44 Database DEBUG : Connecté à la base de données
10:59:53 Database DEBUG : Connecté à la base de données
11:34:56 Database DEBUG : Connecté à la base de données
11:34:56 Database DEBUG : Connecté à la base de données
11:35:07 Database DEBUG : Connecté à la base de données
11:35:08 Application INFO : Utilisateur connecté : cendrine.cabou@inserm.fr ( 39 )
11:35:08 Database DEBUG : Connecté à la base de données
11:35:11 Database DEBUG : Connecté à la base de données
11:35:24 Database DEBUG : Connecté à la base de données
11:37:36 Database DEBUG : Connecté à la base de données
11:37:36 Database DEBUG : Connecté à la base de données
11:38:10 Database DEBUG : Connecté à la base de données
11:38:11 Database DEBUG : Connecté à la base de données
11:38:25 Database DEBUG : Connecté à la base de données
11:38:25 Application INFO : Commande #226 créée par l'utilisateur 39
11:38:25 Database DEBUG : Connecté à la base de données
12:17:46 Database DEBUG : Connecté à la base de données
12:17:51 Database DEBUG : Connecté à la base de données
12:17:52 Database DEBUG : Connecté à la base de données
12:17:53 Application INFO : Utilisateur connecté : deborah.carper@inserm.fr ( 33 )
12:17:53 Database DEBUG : Connecté à la base de données
12:17:55 Database DEBUG : Connecté à la base de données
12:17:56 Database DEBUG : Connecté à la base de données
12:17:57 Database DEBUG : Connecté à la base de données
12:17:58 Database DEBUG : Connecté à la base de données
12:47:08 Database DEBUG : Connecté à la base de données
12:47:08 Database DEBUG : Connecté à la base de données
12:47:10 Database DEBUG : Connecté à la base de données
12:47:10 Application INFO : Utilisateur connecté : cedric.dray@inserm.fr ( 41 )
12:47:10 Database DEBUG : Connecté à la base de données
12:47:13 Database DEBUG : Connecté à la base de données
12:47:14 Database DEBUG : Connecté à la base de données
12:47:14 Database DEBUG : Connecté à la base de données
12:47:16 Database DEBUG : Connecté à la base de données
12:47:17 Database DEBUG : Connecté à la base de données
12:47:18 Database DEBUG : Connecté à la base de données
13:43:38 Database DEBUG : Connecté à la base de données
13:43:39 Database DEBUG : Connecté à la base de données
13:43:43 Database DEBUG : Connecté à la base de données
13:43:43 Application INFO : Coloration validée avec succès par l'administrateur #6
13:43:45 Database DEBUG : Connecté à la base de données
13:50:38 Database DEBUG : Connecté à la base de données
13:50:41 Database DEBUG : Connecté à la base de données
13:53:28 Database DEBUG : Connecté à la base de données
13:53:35 Database DEBUG : Connecté à la base de données
14:01:51 Database DEBUG : Connecté à la base de données
14:01:51 Database DEBUG : Connecté à la base de données
14:01:53 Database DEBUG : Connecté à la base de données
14:01:53 Application INFO : Utilisateur connecté : marie.cauquil ( 20 )
14:01:53 Database DEBUG : Connecté à la base de données
14:01:55 Database DEBUG : Connecté à la base de données
14:02:03 Database DEBUG : Connecté à la base de données
14:03:13 Database DEBUG : Connecté à la base de données
14:03:13 Database DEBUG : Connecté à la base de données
14:03:24 Database DEBUG : Connecté à la base de données
14:03:24 Database DEBUG : Connecté à la base de données
14:50:38 Database DEBUG : Connecté à la base de données
14:50:38 Database DEBUG : Connecté à la base de données
15:41:14 Database DEBUG : Connecté à la base de données
15:41:15 Database DEBUG : Connecté à la base de données
16:08:11 Database DEBUG : Connecté à la base de données
16:08:12 Database DEBUG : Connecté à la base de données
16:11:33 Database DEBUG : Connecté à la base de données
16:11:34 Database DEBUG : Connecté à la base de données
