10:29:11 Database DEBUG : Connecté à la base de données
10:29:11 Database DEBUG : Connecté à la base de données
10:44:36 Database DEBUG : Connecté à la base de données
10:44:41 Database DEBUG : Connecté à la base de données
10:44:46 Database DEBUG : Connecté à la base de données
10:44:46 Application INFO : Utilisateur connecté : simon.deleruyelle@inserm.fr ( 12 )
10:44:46 Database DEBUG : Connecté à la base de données
10:44:55 Database DEBUG : Connecté à la base de données
10:45:05 Database DEBUG : Connecté à la base de données
10:45:30 Database DEBUG : Connecté à la base de données
10:45:35 Database DEBUG : Connecté à la base de données
10:45:39 Database DEBUG : Connecté à la base de données
10:45:40 Application INFO : Utilisateur connecté : julie.charpentier@inserm.fr ( 13 )
10:45:40 Database DEBUG : Connecté à la base de données
10:45:43 Database DEBUG : Connecté à la base de données
10:45:43 Database DEBUG : Connecté à la base de données
10:45:47 Database DEBUG : Connecté à la base de données
10:45:47 Database DEBUG : Connecté à la base de données
10:45:54 Database DEBUG : Connecté à la base de données
10:45:55 Database DEBUG : Connecté à la base de données
10:45:57 Database DEBUG : Connecté à la base de données
10:46:02 Database DEBUG : Connecté à la base de données
10:46:04 Application INFO : Utilisateur connecté : romain.paccoud@inserm.fr ( 14 )
10:46:04 Database DEBUG : Connecté à la base de données
10:46:05 Database DEBUG : Connecté à la base de données
10:46:08 Database DEBUG : Connecté à la base de données
10:46:16 Database DEBUG : Connecté à la base de données
10:46:51 Database DEBUG : Connecté à la base de données
10:46:53 Database DEBUG : Connecté à la base de données
10:46:53 Database DEBUG : Connecté à la base de données
10:47:15 Database DEBUG : Connecté à la base de données
10:47:18 Database DEBUG : Connecté à la base de données
10:47:18 Database DEBUG : Connecté à la base de données
10:49:42 Database DEBUG : Connecté à la base de données
10:49:42 Database DEBUG : Connecté à la base de données
10:49:43 Database DEBUG : Connecté à la base de données
10:49:43 Database DEBUG : Connecté à la base de données
10:49:50 Database DEBUG : Connecté à la base de données
10:49:50 Application INFO : Utilisateur connecté : hugo.martinez ( 3 )
10:49:50 Database DEBUG : Connecté à la base de données
10:49:55 Database DEBUG : Connecté à la base de données
10:50:01 Database DEBUG : Connecté à la base de données
10:50:01 Application INFO : Administrateur connecté : lucie.fontaine ( 6 )
10:50:01 Database DEBUG : Connecté à la base de données
10:50:01 Database DEBUG : Connecté à la base de données
10:50:02 Database DEBUG : Connecté à la base de données
10:50:03 Database DEBUG : Connecté à la base de données
10:50:05 Database DEBUG : Connecté à la base de données
10:50:13 Database DEBUG : Connecté à la base de données
10:50:13 Database DEBUG : Connecté à la base de données
10:50:16 Database DEBUG : Connecté à la base de données
10:50:17 Application INFO : Administrateur connecté : hugo.martinez ( 5 )
10:50:17 Database DEBUG : Connecté à la base de données
10:50:20 Database DEBUG : Connecté à la base de données
10:50:25 Database DEBUG : Connecté à la base de données
10:50:28 Database DEBUG : Connecté à la base de données
10:50:29 Database DEBUG : Connecté à la base de données
10:50:35 Database DEBUG : Connecté à la base de données
10:50:40 Database DEBUG : Connecté à la base de données
10:50:45 Database DEBUG : Connecté à la base de données
10:50:45 Application INFO : Utilisateur connecté : gwendoline.astre@inserm.fr ( 15 )
10:50:45 Database DEBUG : Connecté à la base de données
10:50:49 Database DEBUG : Connecté à la base de données
10:50:59 Database DEBUG : Connecté à la base de données
10:50:59 Database DEBUG : Connecté à la base de données
10:51:28 Database DEBUG : Connecté à la base de données
10:51:42 Database DEBUG : Connecté à la base de données
10:51:51 Database DEBUG : Connecté à la base de données
10:51:51 Database DEBUG : Connecté à la base de données
10:53:13 Database DEBUG : Connecté à la base de données
10:53:14 Database DEBUG : Connecté à la base de données
10:53:18 Database DEBUG : Connecté à la base de données
10:53:19 Database DEBUG : Connecté à la base de données
10:55:56 Database DEBUG : Connecté à la base de données
10:55:58 Database DEBUG : Connecté à la base de données
10:56:00 Database DEBUG : Connecté à la base de données
10:56:30 Database DEBUG : Connecté à la base de données
10:56:35 Database DEBUG : Connecté à la base de données
10:57:30 Database DEBUG : Connecté à la base de données
10:57:30 Database DEBUG : Connecté à la base de données
10:57:47 Database DEBUG : Connecté à la base de données
10:57:47 Application INFO : Utilisateur connecté : audrey.swiader@inserm.fr ( 16 )
10:57:47 Database DEBUG : Connecté à la base de données
10:57:50 Database DEBUG : Connecté à la base de données
10:57:56 Database DEBUG : Connecté à la base de données
11:00:44 Database DEBUG : Connecté à la base de données
11:01:25 Database DEBUG : Connecté à la base de données
11:01:25 Database DEBUG : Connecté à la base de données
11:03:55 Database DEBUG : Connecté à la base de données
11:03:55 Database DEBUG : Connecté à la base de données
11:05:21 Database DEBUG : Connecté à la base de données
11:05:21 Database DEBUG : Connecté à la base de données
11:05:57 Database DEBUG : Connecté à la base de données
11:05:57 Application INFO : Commande #26 créée par l'utilisateur 15
11:05:57 Database DEBUG : Connecté à la base de données
11:06:16 Database DEBUG : Connecté à la base de données
11:06:20 Database DEBUG : Connecté à la base de données
11:06:23 Database DEBUG : Connecté à la base de données
11:06:24 Database DEBUG : Connecté à la base de données
11:27:37 Database DEBUG : Connecté à la base de données
11:27:37 Database DEBUG : Connecté à la base de données
11:27:56 Database DEBUG : Connecté à la base de données
11:27:56 Application INFO : Utilisateur connecté : nelly.blaes@inserm.fr ( 17 )
11:27:56 Database DEBUG : Connecté à la base de données
11:39:32 Database DEBUG : Connecté à la base de données
11:39:33 Database DEBUG : Connecté à la base de données
11:39:34 Database DEBUG : Connecté à la base de données
11:50:03 Database DEBUG : Connecté à la base de données
11:50:03 Database DEBUG : Connecté à la base de données
12:02:28 Database DEBUG : Connecté à la base de données
12:02:32 Database DEBUG : Connecté à la base de données
12:04:46 Database DEBUG : Connecté à la base de données
12:04:47 Database DEBUG : Connecté à la base de données
12:04:49 Database DEBUG : Connecté à la base de données
12:04:50 Database DEBUG : Connecté à la base de données
12:41:07 Database DEBUG : Connecté à la base de données
12:41:07 Database DEBUG : Connecté à la base de données
12:41:16 Database DEBUG : Connecté à la base de données
12:41:16 Application INFO : Utilisateur connecté : frederic.boal@inserm.fr ( 18 )
12:41:16 Database DEBUG : Connecté à la base de données
12:41:20 Database DEBUG : Connecté à la base de données
12:41:25 Database DEBUG : Connecté à la base de données
12:42:05 Database DEBUG : Connecté à la base de données
12:42:05 Database DEBUG : Connecté à la base de données
12:42:30 Database DEBUG : Connecté à la base de données
12:42:30 Database DEBUG : Connecté à la base de données
12:42:48 Database DEBUG : Connecté à la base de données
13:07:22 Database DEBUG : Connecté à la base de données
13:07:22 Database DEBUG : Connecté à la base de données
13:07:42 Database DEBUG : Connecté à la base de données
13:07:43 Application INFO : Utilisateur connecté : rodica.anesia@inserm.fr ( 19 )
13:07:43 Database DEBUG : Connecté à la base de données
13:07:48 Database DEBUG : Connecté à la base de données
13:07:58 Database DEBUG : Connecté à la base de données
13:08:18 Database DEBUG : Connecté à la base de données
13:37:18 Database DEBUG : Connecté à la base de données
13:37:19 Database DEBUG : Connecté à la base de données
13:37:20 Database DEBUG : Connecté à la base de données
13:37:21 Database DEBUG : Connecté à la base de données
14:08:28 Database DEBUG : Connecté à la base de données
14:08:29 Database DEBUG : Connecté à la base de données
14:16:21 Database DEBUG : Connecté à la base de données
14:16:22 Database DEBUG : Connecté à la base de données
14:16:24 Database DEBUG : Connecté à la base de données
14:16:33 Database DEBUG : Connecté à la base de données
14:16:33 Application INFO : Réception validée avec succès par l'administrateur #6
14:16:36 Database DEBUG : Connecté à la base de données
14:16:45 Database DEBUG : Connecté à la base de données
14:16:47 Database DEBUG : Connecté à la base de données
14:16:49 Database DEBUG : Connecté à la base de données
14:16:59 Database DEBUG : Connecté à la base de données
14:17:00 Database DEBUG : Connecté à la base de données
14:17:22 Database DEBUG : Connecté à la base de données
14:17:48 Database DEBUG : Connecté à la base de données
14:20:24 Database DEBUG : Connecté à la base de données
14:20:26 Database DEBUG : Connecté à la base de données
14:20:28 Database DEBUG : Connecté à la base de données
14:31:00 Database DEBUG : Connecté à la base de données
14:31:19 Database DEBUG : Connecté à la base de données
14:31:30 Database DEBUG : Connecté à la base de données
14:31:30 Database DEBUG : Connecté à la base de données
15:06:27 Database DEBUG : Connecté à la base de données
15:06:27 Database DEBUG : Connecté à la base de données
15:09:25 Database DEBUG : Connecté à la base de données
15:09:30 Database DEBUG : Connecté à la base de données
15:09:42 Database DEBUG : Connecté à la base de données
15:09:43 Application INFO : Utilisateur connecté : gwendoline.astre@inserm.fr ( 15 )
15:09:43 Database DEBUG : Connecté à la base de données
15:09:44 Database DEBUG : Connecté à la base de données
15:16:50 Database DEBUG : Connecté à la base de données
16:34:20 Database DEBUG : Connecté à la base de données
16:34:20 Database DEBUG : Connecté à la base de données
17:48:36 Database DEBUG : Connecté à la base de données
17:48:36 Database DEBUG : Connecté à la base de données
17:48:38 Database DEBUG : Connecté à la base de données
17:48:38 Application INFO : Utilisateur connecté : marie.cauquil ( 20 )
17:48:38 Database DEBUG : Connecté à la base de données
