10:59:06 Database DEBUG : Connecté à la base de données
10:59:06 Database DEBUG : Connecté à la base de données
10:59:09 Database DEBUG : Connecté à la base de données
10:59:09 Application INFO : Utilisateur connecté : jean-philippe.pradere@inserm.fr ( 32 )
10:59:09 Database DEBUG : Connecté à la base de données
10:59:17 Database DEBUG : Connecté à la base de données
10:59:31 Database DEBUG : Connecté à la base de données
11:02:38 Database DEBUG : Connecté à la base de données
11:02:42 Database DEBUG : Connecté à la base de données
11:06:25 Database DEBUG : Connecté à la base de données
11:06:25 Database DEBUG : Connecté à la base de données
11:06:46 Database DEBUG : Connecté à la base de données
11:06:46 Database DEBUG : Connecté à la base de données
11:07:06 Database DEBUG : Connecté à la base de données
11:07:06 Database DEBUG : Connecté à la base de données
11:07:17 Database DEBUG : Connecté à la base de données
11:07:17 Database DEBUG : Connecté à la base de données
11:07:38 Database DEBUG : Connecté à la base de données
11:07:38 Application INFO : Commande #103 créée par l'utilisateur 32
11:07:38 Database DEBUG : Connecté à la base de données
14:09:02 Database DEBUG : Connecté à la base de données
14:09:02 Database DEBUG : Connecté à la base de données
14:09:06 Database DEBUG : Connecté à la base de données
14:09:06 Application INFO : Administrateur connecté : lucie.fontaine ( 6 )
14:09:06 Database DEBUG : Connecté à la base de données
14:09:07 Database DEBUG : Connecté à la base de données
14:09:09 Database DEBUG : Connecté à la base de données
14:09:13 Database DEBUG : Connecté à la base de données
14:09:13 Application INFO : Inclusion validée avec succès par l'administrateur #6
14:09:15 Database DEBUG : Connecté à la base de données
14:09:16 Database DEBUG : Connecté à la base de données
14:09:18 Database DEBUG : Connecté à la base de données
14:09:18 Application INFO : Réception validée avec succès par l'administrateur #6
14:09:19 Database DEBUG : Connecté à la base de données
14:09:21 Database DEBUG : Connecté à la base de données
14:09:23 Database DEBUG : Connecté à la base de données
14:09:23 Mail DEBUG : Trying to send mail mail_commande_prete from histologie-i2mc@inserm.fr to Array
(
    [mail] => marie.cauquil@inserm.fr
    [name] => Marie Cauquil
)
.
14:09:23 Mail DEBUG : Mail envoyé.
14:09:23 Application INFO : Retour validée avec succès par l'administrateur #6
14:10:13 Database DEBUG : Connecté à la base de données
15:59:14 Database DEBUG : Connecté à la base de données
15:59:14 Database DEBUG : Connecté à la base de données
15:59:16 Database DEBUG : Connecté à la base de données
15:59:16 Application INFO : Utilisateur connecté : deborah.carper@inserm.fr ( 33 )
15:59:16 Database DEBUG : Connecté à la base de données
15:59:19 Database DEBUG : Connecté à la base de données
15:59:24 Database DEBUG : Connecté à la base de données
15:59:33 Database DEBUG : Connecté à la base de données
15:59:34 Database DEBUG : Connecté à la base de données
15:59:37 Database DEBUG : Connecté à la base de données
15:59:40 Database DEBUG : Connecté à la base de données
15:59:48 Database DEBUG : Connecté à la base de données
15:59:50 Database DEBUG : Connecté à la base de données
16:00:36 Database DEBUG : Connecté à la base de données
16:38:49 Database DEBUG : Connecté à la base de données
16:38:52 Database DEBUG : Connecté à la base de données
16:38:54 Database DEBUG : Connecté à la base de données
16:38:56 Database DEBUG : Connecté à la base de données
16:38:57 Database DEBUG : Connecté à la base de données
16:39:15 Database DEBUG : Connecté à la base de données
16:39:15 Application INFO : Coupe validée avec succès par l'administrateur #6
16:39:34 Database DEBUG : Connecté à la base de données
16:39:36 Database DEBUG : Connecté à la base de données
16:39:39 Database DEBUG : Connecté à la base de données
16:39:44 Database DEBUG : Connecté à la base de données
16:39:48 Database DEBUG : Connecté à la base de données
16:39:50 Database DEBUG : Connecté à la base de données
16:39:52 Database DEBUG : Connecté à la base de données
16:39:55 Database DEBUG : Connecté à la base de données
16:39:56 Database DEBUG : Connecté à la base de données
16:39:57 Database DEBUG : Connecté à la base de données
16:40:00 Database DEBUG : Connecté à la base de données
16:40:24 Database DEBUG : Connecté à la base de données
16:40:25 Database DEBUG : Connecté à la base de données
16:40:26 Database DEBUG : Connecté à la base de données
16:40:33 Database DEBUG : Connecté à la base de données
16:40:35 Database DEBUG : Connecté à la base de données
16:40:36 Database DEBUG : Connecté à la base de données
16:40:37 Database DEBUG : Connecté à la base de données
16:40:39 Database DEBUG : Connecté à la base de données
16:40:41 Database DEBUG : Connecté à la base de données
16:40:43 Database DEBUG : Connecté à la base de données
16:40:49 Database DEBUG : Connecté à la base de données
16:41:09 Database DEBUG : Connecté à la base de données
16:41:11 Database DEBUG : Connecté à la base de données
16:42:38 Database DEBUG : Connecté à la base de données
16:42:40 Database DEBUG : Connecté à la base de données
