09:28:16 Database DEBUG : Connecté à la base de données
09:28:16 Database DEBUG : Connecté à la base de données
09:28:21 Database DEBUG : Connecté à la base de données
09:28:21 Application INFO : Administrateur connecté : lucie.fontaine ( 6 )
09:28:21 Database DEBUG : Connecté à la base de données
09:28:22 Database DEBUG : Connecté à la base de données
09:28:24 Database DEBUG : Connecté à la base de données
09:28:33 Database DEBUG : Connecté à la base de données
09:28:33 Application INFO : Réception validée avec succès par l'administrateur #6
09:48:45 Database DEBUG : Connecté à la base de données
09:48:45 Application INFO : Réception validée avec succès par l'administrateur #6
10:33:34 Database DEBUG : Connecté à la base de données
10:37:48 Database DEBUG : Connecté à la base de données
10:38:18 Database DEBUG : Connecté à la base de données
10:38:18 Mail DEBUG : Trying to send mail mail_commande_prete from histologie-i2mc@inserm.fr to Array
(
    [mail] => emilie.segura@inserm.fr
    [name] => Emilie Segura
)
.
10:38:19 Mail DEBUG : Mail envoyé.
10:38:19 Mail DEBUG : Trying to send mail mail_commande_prete from histologie-i2mc@inserm.fr to Array
(
    [mail] => jean.personnaz@inserm.fr
    [name] => Jean Personnaz
)
.
10:38:19 Mail DEBUG : Mail envoyé.
10:38:19 Mail DEBUG : Trying to send mail mail_commande_prete from histologie-i2mc@inserm.fr to Array
(
    [mail] => jean.personnaz@inserm.fr
    [name] => Jean Personnaz
)
.
10:38:19 Mail DEBUG : Mail envoyé.
10:38:19 Application INFO : Retour validée avec succès par l'administrateur #6
10:44:55 Database DEBUG : Connecté à la base de données
10:44:56 Database DEBUG : Connecté à la base de données
10:44:57 Database DEBUG : Connecté à la base de données
10:58:32 Database DEBUG : Connecté à la base de données
11:13:51 Database DEBUG : Connecté à la base de données
11:13:57 Database DEBUG : Connecté à la base de données
11:13:58 Database DEBUG : Connecté à la base de données
11:14:00 Database DEBUG : Connecté à la base de données
11:50:04 Database DEBUG : Connecté à la base de données
13:26:46 Database DEBUG : Connecté à la base de données
13:26:47 Database DEBUG : Connecté à la base de données
14:03:06 Database DEBUG : Connecté à la base de données
14:03:07 Database DEBUG : Connecté à la base de données
14:03:11 Database DEBUG : Connecté à la base de données
14:03:34 Database DEBUG : Connecté à la base de données
14:03:34 Application INFO : Coupe validée avec succès par l'administrateur #6
14:37:40 Database DEBUG : Connecté à la base de données
14:37:41 Database DEBUG : Connecté à la base de données
14:37:42 Database DEBUG : Connecté à la base de données
15:02:05 Database DEBUG : Connecté à la base de données
15:02:06 Database DEBUG : Connecté à la base de données
15:23:56 Database DEBUG : Connecté à la base de données
15:23:57 Database DEBUG : Connecté à la base de données
16:00:02 Database DEBUG : Connecté à la base de données
16:00:10 Database DEBUG : Connecté à la base de données
16:00:10 Application INFO : Coupe validée avec succès par l'administrateur #6
16:00:11 Database DEBUG : Connecté à la base de données
16:11:22 Database DEBUG : Connecté à la base de données
16:11:23 Database DEBUG : Connecté à la base de données
16:41:21 Database DEBUG : Connecté à la base de données
16:41:22 Database DEBUG : Connecté à la base de données
16:45:50 Database DEBUG : Connecté à la base de données
16:45:51 Database DEBUG : Connecté à la base de données
16:55:05 Database DEBUG : Connecté à la base de données
