09:10:21 Database DEBUG : Connecté à la base de données
09:10:21 Database DEBUG : Connecté à la base de données
09:10:35 Database DEBUG : Connecté à la base de données
09:10:36 Application INFO : Utilisateur connecté : hugo.martinez ( 3 )
09:10:36 Database DEBUG : Connecté à la base de données
09:10:49 Database DEBUG : Connecté à la base de données
09:10:49 Database DEBUG : Connecté à la base de données
09:11:02 Database DEBUG : Connecté à la base de données
09:11:02 Application INFO : Administrateur connecté : aiesnow ( 1 )
09:11:02 Database DEBUG : Connecté à la base de données
09:11:04 Database DEBUG : Connecté à la base de données
09:11:06 Database DEBUG : Connecté à la base de données
09:11:20 Database DEBUG : Connecté à la base de données
09:13:17 Database DEBUG : Connecté à la base de données
09:21:54 Database DEBUG : Connecté à la base de données
09:22:09 Database DEBUG : Connecté à la base de données
09:24:45 Database DEBUG : Connecté à la base de données
09:25:43 Database DEBUG : Connecté à la base de données
09:36:32 Database DEBUG : Connecté à la base de données
09:37:10 Database DEBUG : Connecté à la base de données
09:38:15 Database DEBUG : Connecté à la base de données
09:43:18 Database DEBUG : Connecté à la base de données
09:47:02 Database DEBUG : Connecté à la base de données
09:47:19 Database DEBUG : Connecté à la base de données
09:48:08 Database DEBUG : Connecté à la base de données
09:49:32 Database DEBUG : Connecté à la base de données
09:50:10 Database DEBUG : Connecté à la base de données
09:50:16 Database DEBUG : Connecté à la base de données
09:54:47 Database DEBUG : Connecté à la base de données
09:55:05 Database DEBUG : Connecté à la base de données
10:05:14 Database DEBUG : Connecté à la base de données
10:35:48 Database DEBUG : Connecté à la base de données
10:36:28 Database DEBUG : Connecté à la base de données
10:36:41 Database DEBUG : Connecté à la base de données
10:37:32 Database DEBUG : Connecté à la base de données
10:37:35 Database DEBUG : Connecté à la base de données
10:37:44 Database DEBUG : Connecté à la base de données
10:38:25 Database DEBUG : Connecté à la base de données
10:38:44 Database DEBUG : Connecté à la base de données
10:38:48 Database DEBUG : Connecté à la base de données
10:39:05 Database DEBUG : Connecté à la base de données
10:39:07 Database DEBUG : Connecté à la base de données
10:39:12 Database DEBUG : Connecté à la base de données
10:39:14 Database DEBUG : Connecté à la base de données
10:41:32 Database DEBUG : Connecté à la base de données
10:41:36 Database DEBUG : Connecté à la base de données
10:41:36 Database DEBUG : Connecté à la base de données
10:41:38 Database DEBUG : Connecté à la base de données
10:41:41 Database DEBUG : Connecté à la base de données
10:41:41 Database DEBUG : Connecté à la base de données
11:00:07 Database DEBUG : Connecté à la base de données
11:00:15 Database DEBUG : Connecté à la base de données
11:00:15 Database ERROR : Requête incorrecte : SELECT nomColoration, idColoration FROM Coloration WHERE visible = 1
11:00:44 Database DEBUG : Connecté à la base de données
11:00:44 Database ERROR : Requête incorrecte : SELECT nomColoration, idColoration FROM Coloration WHERE visible = 1
11:06:03 Database DEBUG : Connecté à la base de données
11:06:03 Database ERROR : Requête incorrecte : SELECT nomColoration, idColoration FROM Coloration WHERE visible = 1
11:08:01 Database DEBUG : Connecté à la base de données
11:08:12 Database DEBUG : Connecté à la base de données
11:08:21 Database DEBUG : Connecté à la base de données
11:08:42 Database DEBUG : Connecté à la base de données
11:08:46 Database DEBUG : Connecté à la base de données
11:08:46 Database DEBUG : Connecté à la base de données
11:08:46 Database DEBUG : Connecté à la base de données
11:08:49 Database DEBUG : Connecté à la base de données
11:09:07 Database DEBUG : Connecté à la base de données
11:09:11 Database DEBUG : Connecté à la base de données
11:09:11 Database DEBUG : Connecté à la base de données
11:20:50 Database DEBUG : Connecté à la base de données
11:20:58 Database DEBUG : Connecté à la base de données
11:21:15 Database DEBUG : Connecté à la base de données
11:32:23 Database DEBUG : Connecté à la base de données
11:32:27 Database DEBUG : Connecté à la base de données
11:32:40 Database DEBUG : Connecté à la base de données
11:49:38 Database DEBUG : Connecté à la base de données
11:49:38 Database DEBUG : Connecté à la base de données
11:49:41 Database DEBUG : Connecté à la base de données
11:49:56 Database DEBUG : Connecté à la base de données
11:49:56 Database DEBUG : Connecté à la base de données
11:50:04 Database DEBUG : Connecté à la base de données
11:50:04 Database DEBUG : Connecté à la base de données
11:54:09 Database DEBUG : Connecté à la base de données
11:54:58 Database DEBUG : Connecté à la base de données
11:55:36 Database DEBUG : Connecté à la base de données
12:05:24 Database DEBUG : Connecté à la base de données
12:05:24 Database DEBUG : Connecté à la base de données
12:05:39 Database DEBUG : Connecté à la base de données
12:06:07 Database DEBUG : Connecté à la base de données
12:06:24 Database DEBUG : Connecté à la base de données
12:06:28 Database DEBUG : Connecté à la base de données
12:06:28 Database DEBUG : Connecté à la base de données
12:06:35 Database DEBUG : Connecté à la base de données
12:06:35 Database DEBUG : Connecté à la base de données
12:06:41 Database DEBUG : Connecté à la base de données
12:07:57 Database DEBUG : Connecté à la base de données
12:08:46 Database DEBUG : Connecté à la base de données
12:10:27 Database DEBUG : Connecté à la base de données
12:10:27 Database DEBUG : Connecté à la base de données
12:10:35 Database DEBUG : Connecté à la base de données
12:11:24 Database DEBUG : Connecté à la base de données
12:11:26 Database DEBUG : Connecté à la base de données
12:11:26 Database DEBUG : Connecté à la base de données
12:13:22 Database DEBUG : Connecté à la base de données
12:14:56 Database DEBUG : Connecté à la base de données
12:15:04 Database DEBUG : Connecté à la base de données
13:30:17 Database DEBUG : Connecté à la base de données
13:30:22 Database DEBUG : Connecté à la base de données
13:30:25 Database DEBUG : Connecté à la base de données
13:30:32 Database DEBUG : Connecté à la base de données
13:30:50 Database DEBUG : Connecté à la base de données
13:30:51 Database DEBUG : Connecté à la base de données
13:30:58 Database DEBUG : Connecté à la base de données
13:32:16 Database DEBUG : Connecté à la base de données
13:32:16 Database DEBUG : Connecté à la base de données
13:32:25 Database DEBUG : Connecté à la base de données
13:33:38 Database DEBUG : Connecté à la base de données
13:34:23 Database DEBUG : Connecté à la base de données
13:34:34 Database DEBUG : Connecté à la base de données
13:34:35 Application INFO : Utilisateur connecté : hugo.martinez ( 3 )
13:34:35 Database DEBUG : Connecté à la base de données
13:34:36 Database DEBUG : Connecté à la base de données
13:34:41 Database DEBUG : Connecté à la base de données
13:35:35 Database DEBUG : Connecté à la base de données
13:35:35 Database DEBUG : Connecté à la base de données
13:35:42 Database DEBUG : Connecté à la base de données
13:35:42 Database DEBUG : Connecté à la base de données
13:36:08 Database DEBUG : Connecté à la base de données
13:36:08 Database DEBUG : Connecté à la base de données
13:37:19 Database DEBUG : Connecté à la base de données
13:37:19 Database DEBUG : Connecté à la base de données
13:51:19 Database DEBUG : Connecté à la base de données
13:51:25 Database DEBUG : Connecté à la base de données
13:52:26 Database DEBUG : Connecté à la base de données
13:55:21 Database DEBUG : Connecté à la base de données
13:56:00 Database DEBUG : Connecté à la base de données
13:59:54 Database DEBUG : Connecté à la base de données
14:01:21 Database DEBUG : Connecté à la base de données
14:01:32 Database DEBUG : Connecté à la base de données
14:01:33 Application INFO : Utilisateur connecté : hugo.martinez ( 3 )
14:01:33 Database DEBUG : Connecté à la base de données
14:01:36 Database DEBUG : Connecté à la base de données
14:01:38 Database DEBUG : Connecté à la base de données
14:01:48 Database DEBUG : Connecté à la base de données
14:01:48 Database DEBUG : Connecté à la base de données
14:01:51 Database DEBUG : Connecté à la base de données
14:01:51 Database DEBUG : Connecté à la base de données
14:03:08 Database DEBUG : Connecté à la base de données
14:03:10 Database DEBUG : Connecté à la base de données
14:03:15 Database DEBUG : Connecté à la base de données
14:03:17 Database DEBUG : Connecté à la base de données
14:05:31 Database DEBUG : Connecté à la base de données
14:06:09 Database DEBUG : Connecté à la base de données
14:06:11 Database DEBUG : Connecté à la base de données
14:06:11 Database DEBUG : Connecté à la base de données
14:06:18 Database DEBUG : Connecté à la base de données
14:06:35 Database DEBUG : Connecté à la base de données
14:06:38 Database DEBUG : Connecté à la base de données
14:06:40 Database DEBUG : Connecté à la base de données
14:06:43 Database DEBUG : Connecté à la base de données
14:06:46 Database DEBUG : Connecté à la base de données
14:06:47 Database DEBUG : Connecté à la base de données
14:06:50 Database DEBUG : Connecté à la base de données
14:06:51 Database DEBUG : Connecté à la base de données
14:09:50 Database DEBUG : Connecté à la base de données
14:09:52 Database DEBUG : Connecté à la base de données
14:09:55 Database DEBUG : Connecté à la base de données
14:10:05 Database DEBUG : Connecté à la base de données
14:10:07 Database DEBUG : Connecté à la base de données
14:10:15 Database DEBUG : Connecté à la base de données
14:10:15 Database DEBUG : Connecté à la base de données
14:10:17 Database DEBUG : Connecté à la base de données
14:10:17 Database DEBUG : Connecté à la base de données
14:10:23 Database DEBUG : Connecté à la base de données
14:10:24 Database DEBUG : Connecté à la base de données
14:10:24 Database DEBUG : Connecté à la base de données
14:10:26 Database DEBUG : Connecté à la base de données
14:10:29 Database DEBUG : Connecté à la base de données
14:10:29 Database DEBUG : Connecté à la base de données
14:10:31 Database DEBUG : Connecté à la base de données
14:14:13 Database DEBUG : Connecté à la base de données
14:14:32 Database DEBUG : Connecté à la base de données
14:14:32 Database DEBUG : Connecté à la base de données
14:14:35 Database DEBUG : Connecté à la base de données
14:14:35 Database DEBUG : Connecté à la base de données
14:14:36 Database DEBUG : Connecté à la base de données
14:14:36 Database DEBUG : Connecté à la base de données
14:14:38 Database DEBUG : Connecté à la base de données
14:14:39 Database DEBUG : Connecté à la base de données
14:14:39 Database DEBUG : Connecté à la base de données
14:14:47 Database DEBUG : Connecté à la base de données
14:14:55 Database DEBUG : Connecté à la base de données
14:14:55 Database DEBUG : Connecté à la base de données
14:15:13 Database DEBUG : Connecté à la base de données
14:15:13 Database DEBUG : Connecté à la base de données
14:15:17 Database DEBUG : Connecté à la base de données
14:15:17 Database DEBUG : Connecté à la base de données
14:15:20 Database DEBUG : Connecté à la base de données
14:15:23 Database DEBUG : Connecté à la base de données
14:15:23 Database DEBUG : Connecté à la base de données
14:15:24 Database DEBUG : Connecté à la base de données
14:15:25 Database DEBUG : Connecté à la base de données
14:25:35 Database DEBUG : Connecté à la base de données
14:26:43 Database DEBUG : Connecté à la base de données
14:26:47 Database DEBUG : Connecté à la base de données
14:26:48 Database DEBUG : Connecté à la base de données
14:26:53 Database DEBUG : Connecté à la base de données
14:26:53 Database DEBUG : Connecté à la base de données
14:27:01 Database DEBUG : Connecté à la base de données
14:27:04 Database DEBUG : Connecté à la base de données
14:27:04 Database DEBUG : Connecté à la base de données
14:27:09 Database DEBUG : Connecté à la base de données
14:27:33 Database DEBUG : Connecté à la base de données
14:28:33 Database DEBUG : Connecté à la base de données
14:28:40 Database DEBUG : Connecté à la base de données
14:28:40 Database DEBUG : Connecté à la base de données
14:28:43 Database DEBUG : Connecté à la base de données
14:28:43 Database DEBUG : Connecté à la base de données
14:28:44 Database DEBUG : Connecté à la base de données
14:28:44 Database DEBUG : Connecté à la base de données
14:29:51 Database DEBUG : Connecté à la base de données
14:29:53 Database DEBUG : Connecté à la base de données
14:30:01 Database DEBUG : Connecté à la base de données
14:30:01 Database DEBUG : Connecté à la base de données
14:30:03 Database DEBUG : Connecté à la base de données
14:30:07 Database DEBUG : Connecté à la base de données
14:30:07 Database DEBUG : Connecté à la base de données
14:30:09 Database DEBUG : Connecté à la base de données
14:30:11 Database DEBUG : Connecté à la base de données
14:30:16 Database DEBUG : Connecté à la base de données
14:30:26 Database DEBUG : Connecté à la base de données
14:30:26 Database DEBUG : Connecté à la base de données
14:30:43 Database DEBUG : Connecté à la base de données
14:35:58 Database DEBUG : Connecté à la base de données
14:36:04 Database DEBUG : Connecté à la base de données
14:36:09 Database DEBUG : Connecté à la base de données
14:36:25 Database DEBUG : Connecté à la base de données
14:37:28 Database DEBUG : Connecté à la base de données
14:37:36 Database DEBUG : Connecté à la base de données
14:37:36 Database DEBUG : Connecté à la base de données
14:38:04 Database DEBUG : Connecté à la base de données
14:38:16 Database DEBUG : Connecté à la base de données
14:38:16 Database DEBUG : Connecté à la base de données
14:38:31 Database DEBUG : Connecté à la base de données
14:38:31 Database DEBUG : Connecté à la base de données
14:38:33 Database DEBUG : Connecté à la base de données
14:38:33 Database DEBUG : Connecté à la base de données
14:38:35 Database DEBUG : Connecté à la base de données
14:38:36 Database DEBUG : Connecté à la base de données
14:38:37 Database DEBUG : Connecté à la base de données
14:39:13 Database DEBUG : Connecté à la base de données
14:39:16 Database DEBUG : Connecté à la base de données
14:40:22 Database DEBUG : Connecté à la base de données
14:40:22 Database DEBUG : Connecté à la base de données
14:40:27 Database DEBUG : Connecté à la base de données
14:40:56 Database DEBUG : Connecté à la base de données
14:41:06 Database DEBUG : Connecté à la base de données
14:41:06 Database DEBUG : Connecté à la base de données
14:42:33 Database DEBUG : Connecté à la base de données
14:42:36 Database DEBUG : Connecté à la base de données
14:42:36 Database DEBUG : Connecté à la base de données
14:42:37 Database DEBUG : Connecté à la base de données
14:43:24 Database DEBUG : Connecté à la base de données
14:44:23 Database DEBUG : Connecté à la base de données
14:44:26 Database DEBUG : Connecté à la base de données
14:44:26 Database DEBUG : Connecté à la base de données
14:44:28 Database DEBUG : Connecté à la base de données
14:44:54 Database DEBUG : Connecté à la base de données
14:50:37 Database DEBUG : Connecté à la base de données
14:50:47 Database DEBUG : Connecté à la base de données
14:50:47 Database DEBUG : Connecté à la base de données
14:50:50 Database DEBUG : Connecté à la base de données
14:56:32 Database DEBUG : Connecté à la base de données
14:56:46 Database DEBUG : Connecté à la base de données
14:56:55 Database DEBUG : Connecté à la base de données
14:56:58 Database DEBUG : Connecté à la base de données
14:56:59 Database DEBUG : Connecté à la base de données
14:56:59 Database DEBUG : Connecté à la base de données
14:57:25 Database DEBUG : Connecté à la base de données
15:02:33 Database DEBUG : Connecté à la base de données
15:02:35 Database DEBUG : Connecté à la base de données
15:02:35 Database DEBUG : Connecté à la base de données
15:02:43 Database DEBUG : Connecté à la base de données
15:02:43 Database DEBUG : Connecté à la base de données
15:02:47 Database DEBUG : Connecté à la base de données
15:02:47 Database DEBUG : Connecté à la base de données
15:02:53 Database DEBUG : Connecté à la base de données
15:02:56 Database DEBUG : Connecté à la base de données
15:02:56 Database DEBUG : Connecté à la base de données
15:03:02 Database DEBUG : Connecté à la base de données
15:03:02 Database DEBUG : Connecté à la base de données
15:04:24 Database DEBUG : Connecté à la base de données
15:04:50 Database DEBUG : Connecté à la base de données
15:04:54 Database DEBUG : Connecté à la base de données
15:04:56 Database DEBUG : Connecté à la base de données
15:04:57 Database DEBUG : Connecté à la base de données
15:04:57 Database DEBUG : Connecté à la base de données
15:05:07 Database DEBUG : Connecté à la base de données
15:05:07 Database DEBUG : Connecté à la base de données
15:05:10 Database DEBUG : Connecté à la base de données
15:05:13 Database DEBUG : Connecté à la base de données
15:05:34 Database DEBUG : Connecté à la base de données
15:05:36 Database DEBUG : Connecté à la base de données
15:05:37 Database DEBUG : Connecté à la base de données
15:05:37 Database DEBUG : Connecté à la base de données
15:06:14 Database DEBUG : Connecté à la base de données
15:06:14 Database DEBUG : Connecté à la base de données
15:06:19 Database DEBUG : Connecté à la base de données
15:06:19 Database DEBUG : Connecté à la base de données
15:06:22 Database DEBUG : Connecté à la base de données
15:06:23 Database DEBUG : Connecté à la base de données
15:06:23 Database DEBUG : Connecté à la base de données
15:06:25 Database DEBUG : Connecté à la base de données
15:06:25 Database DEBUG : Connecté à la base de données
15:06:54 Database DEBUG : Connecté à la base de données
15:06:54 Database DEBUG : Connecté à la base de données
15:07:25 Database DEBUG : Connecté à la base de données
15:20:50 Database DEBUG : Connecté à la base de données
15:20:50 Database ERROR : Requête incorrecte : INSERT INTO Echantillon (numEchantillon, identAnimalEchantillon, nbCoupes, epaisseurCoupes, idCommande, idOrgane, idAnimal, idInclusion)
                        VALUES (?, ?, ?, ?, ?, ?)
15:22:21 Database DEBUG : Connecté à la base de données
15:23:08 Database DEBUG : Connecté à la base de données
15:31:09 Database DEBUG : Connecté à la base de données
15:31:12 Database DEBUG : Connecté à la base de données
16:02:02 Database DEBUG : Connecté à la base de données
16:02:04 Database DEBUG : Connecté à la base de données
16:02:11 Database DEBUG : Connecté à la base de données
16:02:11 Database DEBUG : Connecté à la base de données
16:02:20 Database DEBUG : Connecté à la base de données
16:02:20 Database DEBUG : Connecté à la base de données
16:02:23 Database DEBUG : Connecté à la base de données
