10:53:00 Database DEBUG : Connecté à la base de données
10:53:00 Database DEBUG : Connecté à la base de données
10:53:03 Database DEBUG : Connecté à la base de données
10:53:04 Application INFO : Administrateur connecté : lucie.fontaine ( 6 )
10:53:04 Database DEBUG : Connecté à la base de données
10:53:05 Database DEBUG : Connecté à la base de données
10:53:07 Database DEBUG : Connecté à la base de données
10:53:11 Database DEBUG : Connecté à la base de données
10:53:11 Application INFO : Coloration validée avec succès par l'administrateur #6
10:53:13 Database DEBUG : Connecté à la base de données
10:53:15 Database DEBUG : Connecté à la base de données
10:53:16 Database DEBUG : Connecté à la base de données
10:53:17 Database DEBUG : Connecté à la base de données
11:35:15 Database DEBUG : Connecté à la base de données
11:35:20 Database DEBUG : Connecté à la base de données
11:35:31 Database DEBUG : Connecté à la base de données
11:35:32 Application INFO : Utilisateur connecté : enzo.piccolo ( 38 )
11:35:32 Database DEBUG : Connecté à la base de données
11:35:37 Database DEBUG : Connecté à la base de données
11:35:38 Database DEBUG : Connecté à la base de données
11:35:45 Database DEBUG : Connecté à la base de données
11:37:29 Database DEBUG : Connecté à la base de données
11:37:29 Database DEBUG : Connecté à la base de données
11:43:33 Database DEBUG : Connecté à la base de données
11:43:36 Database DEBUG : Connecté à la base de données
11:44:10 Database DEBUG : Connecté à la base de données
11:44:10 Database DEBUG : Connecté à la base de données
11:44:13 Database DEBUG : Connecté à la base de données
11:44:14 Database DEBUG : Connecté à la base de données
11:45:22 Database DEBUG : Connecté à la base de données
11:45:22 Database DEBUG : Connecté à la base de données
11:45:47 Database DEBUG : Connecté à la base de données
11:45:47 Database DEBUG : Connecté à la base de données
11:46:22 Database DEBUG : Connecté à la base de données
11:46:22 Application INFO : Commande #117 créée par l'utilisateur 38
11:46:22 Database DEBUG : Connecté à la base de données
11:50:11 Database DEBUG : Connecté à la base de données
11:50:14 Database DEBUG : Connecté à la base de données
11:57:17 Database DEBUG : Connecté à la base de données
12:08:24 Database DEBUG : Connecté à la base de données
12:08:24 Database DEBUG : Connecté à la base de données
12:08:51 Database DEBUG : Connecté à la base de données
12:08:51 Database DEBUG : Connecté à la base de données
12:08:57 Database DEBUG : Connecté à la base de données
12:08:57 Application INFO : Commande #118 créée par l'utilisateur 38
12:08:57 Database DEBUG : Connecté à la base de données
12:20:51 Database DEBUG : Connecté à la base de données
12:20:52 Database DEBUG : Connecté à la base de données
12:20:53 Database DEBUG : Connecté à la base de données
12:20:55 Database DEBUG : Connecté à la base de données
12:20:55 Application INFO : Réception validée avec succès par l'administrateur #6
12:22:21 Database DEBUG : Connecté à la base de données
13:38:01 Database DEBUG : Connecté à la base de données
13:38:02 Database DEBUG : Connecté à la base de données
14:49:22 Database DEBUG : Connecté à la base de données
14:49:23 Database DEBUG : Connecté à la base de données
16:39:45 Database DEBUG : Connecté à la base de données
16:39:46 Database DEBUG : Connecté à la base de données
17:11:20 Database DEBUG : Connecté à la base de données
17:11:21 Database DEBUG : Connecté à la base de données
