09:45:42 Database DEBUG : Connecté à la base de données
09:45:42 Database DEBUG : Connecté à la base de données
09:45:46 Database DEBUG : Connecté à la base de données
09:45:46 Application INFO : Administrateur connecté : lucie.fontaine ( 6 )
09:45:46 Database DEBUG : Connecté à la base de données
09:46:17 Database DEBUG : Connecté à la base de données
09:46:18 Database DEBUG : Connecté à la base de données
09:46:19 Database DEBUG : Connecté à la base de données
09:49:11 Database DEBUG : Connecté à la base de données
09:49:28 Database DEBUG : Connecté à la base de données
09:49:28 Mail DEBUG : Trying to send mail mail_commande_prete from histologie-i2mc@inserm.fr to Array
(
    [mail] => enzo.piccolo@inserm.fr
    [name] => Enzo Piccolo
)
.
09:49:28 Mail DEBUG : Mail envoyé.
09:49:28 Application INFO : Retour validée avec succès par l'administrateur #6
09:54:27 Database DEBUG : Connecté à la base de données
09:54:32 Database DEBUG : Connecté à la base de données
09:54:34 Database DEBUG : Connecté à la base de données
09:54:34 Application INFO : Utilisateur connecté : deborah.carper@inserm.fr ( 33 )
09:54:35 Database DEBUG : Connecté à la base de données
09:54:37 Database DEBUG : Connecté à la base de données
09:54:39 Database DEBUG : Connecté à la base de données
09:54:41 Database DEBUG : Connecté à la base de données
09:54:43 Database DEBUG : Connecté à la base de données
10:22:25 Database DEBUG : Connecté à la base de données
10:22:25 Database DEBUG : Connecté à la base de données
10:22:31 Database DEBUG : Connecté à la base de données
10:22:31 Application INFO : Utilisateur connecté : marion.laudette ( 42 )
10:22:31 Database DEBUG : Connecté à la base de données
10:22:35 Database DEBUG : Connecté à la base de données
10:23:05 Database DEBUG : Connecté à la base de données
10:38:29 Database DEBUG : Connecté à la base de données
10:38:30 Database DEBUG : Connecté à la base de données
10:38:31 Database DEBUG : Connecté à la base de données
10:38:33 Database DEBUG : Connecté à la base de données
11:48:57 Database DEBUG : Connecté à la base de données
11:48:58 Database DEBUG : Connecté à la base de données
12:06:01 Database DEBUG : Connecté à la base de données
12:06:02 Database DEBUG : Connecté à la base de données
12:06:03 Database DEBUG : Connecté à la base de données
12:58:20 Database DEBUG : Connecté à la base de données
12:58:26 Database DEBUG : Connecté à la base de données
12:58:28 Database DEBUG : Connecté à la base de données
13:22:51 Database DEBUG : Connecté à la base de données
13:22:52 Database DEBUG : Connecté à la base de données
13:22:53 Database DEBUG : Connecté à la base de données
13:22:55 Database DEBUG : Connecté à la base de données
13:22:56 Database DEBUG : Connecté à la base de données
13:23:17 Database DEBUG : Connecté à la base de données
13:23:17 Database DEBUG : Connecté à la base de données
13:23:19 Database DEBUG : Connecté à la base de données
13:23:33 Database DEBUG : Connecté à la base de données
14:16:14 Database DEBUG : Connecté à la base de données
14:16:15 Database DEBUG : Connecté à la base de données
14:16:55 Database DEBUG : Connecté à la base de données
14:16:55 Application INFO : Coupe validée avec succès par l'administrateur #6
15:07:41 Database DEBUG : Connecté à la base de données
15:07:43 Database DEBUG : Connecté à la base de données
15:07:44 Database DEBUG : Connecté à la base de données
15:07:49 Database DEBUG : Connecté à la base de données
15:07:49 Database DEBUG : Connecté à la base de données
15:52:50 Database DEBUG : Connecté à la base de données
15:52:51 Database DEBUG : Connecté à la base de données
15:52:52 Database DEBUG : Connecté à la base de données
15:52:53 Database DEBUG : Connecté à la base de données
15:52:54 Database DEBUG : Connecté à la base de données
16:39:01 Database DEBUG : Connecté à la base de données
16:57:45 Database DEBUG : Connecté à la base de données
16:57:45 Database DEBUG : Connecté à la base de données
16:57:53 Database DEBUG : Connecté à la base de données
16:58:00 Database DEBUG : Connecté à la base de données
16:58:03 Database DEBUG : Connecté à la base de données
16:59:34 Database DEBUG : Connecté à la base de données
16:59:34 Database DEBUG : Connecté à la base de données
17:00:10 Database DEBUG : Connecté à la base de données
17:00:10 Database DEBUG : Connecté à la base de données
17:04:59 Database DEBUG : Connecté à la base de données
17:04:59 Application INFO : Commande #183 créée par l'utilisateur 42
17:04:59 Database DEBUG : Connecté à la base de données
17:07:26 Database DEBUG : Connecté à la base de données
17:07:28 Database DEBUG : Connecté à la base de données
17:07:31 Database DEBUG : Connecté à la base de données
17:07:45 Database DEBUG : Connecté à la base de données
17:07:50 Database DEBUG : Connecté à la base de données
17:45:58 Database DEBUG : Connecté à la base de données
17:46:05 Database DEBUG : Connecté à la base de données
17:46:05 Application INFO : Coupe validée avec succès par l'administrateur #6
17:46:07 Database DEBUG : Connecté à la base de données
