09:19:47 Database DEBUG : Connecté à la base de données
09:19:47 Database DEBUG : Connecté à la base de données
09:19:53 Database DEBUG : Connecté à la base de données
09:19:54 Application INFO : Administrateur connecté : lucie.fontaine ( 6 )
09:19:54 Database DEBUG : Connecté à la base de données
09:19:58 Database DEBUG : Connecté à la base de données
09:20:00 Database DEBUG : Connecté à la base de données
09:20:05 Database DEBUG : Connecté à la base de données
09:20:05 Mail DEBUG : Trying to send mail mail_commande_prete from histologie-i2mc@inserm.fr to Array
(
    [mail] => emilie.segura@inserm.fr
    [name] => Emilie Segura
)
.
09:20:05 Mail DEBUG : Mail envoyé.
09:20:05 Mail DEBUG : Trying to send mail mail_commande_prete from histologie-i2mc@inserm.fr to Array
(
    [mail] => emilie.segura@inserm.fr
    [name] => Emilie Segura
)
.
09:20:05 Mail DEBUG : Mail envoyé.
09:20:05 Mail DEBUG : Trying to send mail mail_commande_prete from histologie-i2mc@inserm.fr to Array
(
    [mail] => jean.personnaz@inserm.fr
    [name] => Jean Personnaz
)
.
09:20:05 Mail DEBUG : Mail envoyé.
09:20:05 Mail DEBUG : Trying to send mail mail_commande_prete from histologie-i2mc@inserm.fr to Array
(
    [mail] => jean.personnaz@inserm.fr
    [name] => Jean Personnaz
)
.
09:20:06 Mail DEBUG : Mail envoyé.
09:20:06 Application INFO : Retour validée avec succès par l'administrateur #6
09:21:59 Database DEBUG : Connecté à la base de données
17:55:05 Database DEBUG : Connecté à la base de données
17:55:40 Database DEBUG : Connecté à la base de données
17:55:42 Database DEBUG : Connecté à la base de données
17:55:59 Database DEBUG : Connecté à la base de données
17:55:59 Application INFO : Coupe validée avec succès par l'administrateur #6
17:56:03 Database DEBUG : Connecté à la base de données
