11:27:25 Database DEBUG : Connecté à la base de données
11:27:25 Database DEBUG : Connecté à la base de données
11:27:34 Database DEBUG : Connecté à la base de données
11:27:34 Application INFO : Administrateur connecté : lucie.fontaine ( 6 )
11:27:34 Database DEBUG : Connecté à la base de données
11:27:36 Database DEBUG : Connecté à la base de données
11:27:44 Database DEBUG : Connecté à la base de données
11:27:45 Database DEBUG : Connecté à la base de données
11:27:47 Database DEBUG : Connecté à la base de données
11:28:40 Database DEBUG : Connecté à la base de données
11:28:40 Application INFO : Coupe validée avec succès par l'administrateur #6
11:28:43 Database DEBUG : Connecté à la base de données
11:28:45 Database DEBUG : Connecté à la base de données
11:28:47 Database DEBUG : Connecté à la base de données
11:28:56 Database DEBUG : Connecté à la base de données
11:28:56 Mail DEBUG : Trying to send mail mail_commande_prete from histologie-i2mc@inserm.fr to Array
(
    [mail] => jean.personnaz@inserm.fr
    [name] => Jean Personnaz
)
.
11:28:57 Mail DEBUG : Mail envoyé.
11:28:57 Application INFO : Retour validée avec succès par l'administrateur #6
11:29:00 Database DEBUG : Connecté à la base de données
11:29:02 Database DEBUG : Connecté à la base de données
11:29:04 Database DEBUG : Connecté à la base de données
