10:07:09 Database DEBUG : Connecté à la base de données
10:07:09 Database DEBUG : Connecté à la base de données
10:07:12 Database DEBUG : Connecté à la base de données
10:07:12 Application INFO : Administrateur connecté : lucie.fontaine ( 6 )
10:07:12 Database DEBUG : Connecté à la base de données
10:07:13 Database DEBUG : Connecté à la base de données
10:07:24 Database DEBUG : Connecté à la base de données
10:07:27 Database DEBUG : Connecté à la base de données
15:00:30 Database DEBUG : Connecté à la base de données
15:00:32 Database DEBUG : Connecté à la base de données
15:50:42 Database DEBUG : Connecté à la base de données
15:50:55 Database DEBUG : Connecté à la base de données
15:50:55 Application INFO : Utilisateur connecté : emilie.segura@inserm.fr ( 21 )
15:50:55 Database DEBUG : Connecté à la base de données
15:50:58 Database DEBUG : Connecté à la base de données
15:51:03 Database DEBUG : Connecté à la base de données
15:51:35 Database DEBUG : Connecté à la base de données
15:51:35 Database DEBUG : Connecté à la base de données
15:51:43 Database DEBUG : Connecté à la base de données
15:51:43 Database DEBUG : Connecté à la base de données
15:51:50 Database DEBUG : Connecté à la base de données
15:51:50 Application INFO : Commande #174 créée par l'utilisateur 21
15:51:50 Database DEBUG : Connecté à la base de données
15:59:38 Database DEBUG : Connecté à la base de données
15:59:39 Database DEBUG : Connecté à la base de données
15:59:40 Database DEBUG : Connecté à la base de données
15:59:44 Database DEBUG : Connecté à la base de données
15:59:44 Application INFO : Réception validée avec succès par l'administrateur #6
