09:53:02 Database DEBUG : Connecté à la base de données
09:53:02 Database DEBUG : Connecté à la base de données
09:53:09 Database DEBUG : Connecté à la base de données
09:53:10 Application INFO : Administrateur connecté : lucie.fontaine ( 6 )
09:53:10 Database DEBUG : Connecté à la base de données
09:53:11 Database DEBUG : Connecté à la base de données
09:53:12 Database DEBUG : Connecté à la base de données
09:53:16 Database DEBUG : Connecté à la base de données
09:53:16 Mail DEBUG : Trying to send mail mail_commande_prete from histologie-i2mc@inserm.fr to Array
(
    [mail] => emilie.segura@inserm.fr
    [name] => Emilie Segura
)
.
09:53:16 Mail DEBUG : Mail envoyé.
09:53:16 Application INFO : Retour validée avec succès par l'administrateur #6
09:54:59 Database DEBUG : Connecté à la base de données
11:17:56 Database DEBUG : Connecté à la base de données
14:02:01 Database DEBUG : Connecté à la base de données
14:02:05 Database DEBUG : Connecté à la base de données
14:02:09 Database DEBUG : Connecté à la base de données
14:02:09 Application INFO : Utilisateur connecté : marie.marques@inserm.fr ( 29 )
14:02:09 Database DEBUG : Connecté à la base de données
14:02:14 Database DEBUG : Connecté à la base de données
14:02:33 Database DEBUG : Connecté à la base de données
14:06:23 Database DEBUG : Connecté à la base de données
14:06:23 Database DEBUG : Connecté à la base de données
14:09:51 Database DEBUG : Connecté à la base de données
14:09:51 Database DEBUG : Connecté à la base de données
14:10:06 Database DEBUG : Connecté à la base de données
14:10:06 Database DEBUG : Connecté à la base de données
14:10:15 Database DEBUG : Connecté à la base de données
14:10:28 Database DEBUG : Connecté à la base de données
14:10:33 Database DEBUG : Connecté à la base de données
14:10:33 Database DEBUG : Connecté à la base de données
14:10:36 Database DEBUG : Connecté à la base de données
14:10:36 Database DEBUG : Connecté à la base de données
14:11:11 Database DEBUG : Connecté à la base de données
14:11:11 Application INFO : Commande #97 créée par l'utilisateur 29
14:11:11 Database DEBUG : Connecté à la base de données
14:11:41 Database DEBUG : Connecté à la base de données
14:11:42 Database DEBUG : Connecté à la base de données
14:11:47 Database DEBUG : Connecté à la base de données
14:12:02 Database DEBUG : Connecté à la base de données
14:35:13 Database DEBUG : Connecté à la base de données
14:35:14 Database DEBUG : Connecté à la base de données
14:37:21 Database DEBUG : Connecté à la base de données
14:37:23 Database DEBUG : Connecté à la base de données
14:37:27 Database DEBUG : Connecté à la base de données
14:37:27 Application INFO : Réception validée avec succès par l'administrateur #6
14:37:29 Database DEBUG : Connecté à la base de données
