09:18:07 Database DEBUG : Connecté à la base de données
09:18:07 Database DEBUG : Connecté à la base de données
09:18:18 Database DEBUG : Connecté à la base de données
09:18:18 Application INFO : Administrateur connecté : aiesnow ( 1 )
09:18:18 Database DEBUG : Connecté à la base de données
09:18:25 Database DEBUG : Connecté à la base de données
09:18:27 Database DEBUG : Connecté à la base de données
09:18:28 Database DEBUG : Connecté à la base de données
09:18:30 Database DEBUG : Connecté à la base de données
09:18:31 Database DEBUG : Connecté à la base de données
09:20:34 Database DEBUG : Connecté à la base de données
09:21:21 Database DEBUG : Connecté à la base de données
09:21:53 Database DEBUG : Connecté à la base de données
09:21:58 Database DEBUG : Connecté à la base de données
09:22:00 Database DEBUG : Connecté à la base de données
09:22:02 Database DEBUG : Connecté à la base de données
09:22:02 Database DEBUG : Connecté à la base de données
09:22:02 Database DEBUG : Connecté à la base de données
09:22:03 Database DEBUG : Connecté à la base de données
09:22:04 Database DEBUG : Connecté à la base de données
09:22:04 Database DEBUG : Connecté à la base de données
09:22:04 Database DEBUG : Connecté à la base de données
09:22:06 Database DEBUG : Connecté à la base de données
09:23:03 Database DEBUG : Connecté à la base de données
09:23:08 Database DEBUG : Connecté à la base de données
09:23:08 Application INFO : Réception validée avec succès par l'administrateur #1
09:23:10 Database DEBUG : Connecté à la base de données
09:23:11 Database DEBUG : Connecté à la base de données
09:23:13 Database DEBUG : Connecté à la base de données
09:23:13 Application INFO : Coupe validée avec succès par l'administrateur #1
09:23:15 Database DEBUG : Connecté à la base de données
09:23:16 Database DEBUG : Connecté à la base de données
09:24:02 Database DEBUG : Connecté à la base de données
09:25:03 Database DEBUG : Connecté à la base de données
09:27:29 Database DEBUG : Connecté à la base de données
09:29:18 Database DEBUG : Connecté à la base de données
09:30:48 Database DEBUG : Connecté à la base de données
09:31:29 Database DEBUG : Connecté à la base de données
09:32:20 Database DEBUG : Connecté à la base de données
09:33:31 Database DEBUG : Connecté à la base de données
09:34:59 Database DEBUG : Connecté à la base de données
09:35:54 Database DEBUG : Connecté à la base de données
09:37:19 Database DEBUG : Connecté à la base de données
09:37:34 Database DEBUG : Connecté à la base de données
10:27:17 Database DEBUG : Connecté à la base de données
10:28:17 Database DEBUG : Connecté à la base de données
10:28:21 Database DEBUG : Connecté à la base de données
10:29:56 Database DEBUG : Connecté à la base de données
10:29:59 Database DEBUG : Connecté à la base de données
10:30:07 Database DEBUG : Connecté à la base de données
10:31:01 Database DEBUG : Connecté à la base de données
10:31:04 Database DEBUG : Connecté à la base de données
10:32:36 Database DEBUG : Connecté à la base de données
10:32:40 Database DEBUG : Connecté à la base de données
10:32:40 Application INFO : Coloration validée avec succès par l'administrateur #1
10:32:46 Database DEBUG : Connecté à la base de données
10:32:57 Database DEBUG : Connecté à la base de données
10:32:57 Application INFO : Coloration validée avec succès par l'administrateur #1
10:33:15 Database DEBUG : Connecté à la base de données
10:34:59 Database DEBUG : Connecté à la base de données
10:34:59 Application INFO : Coloration validée avec succès par l'administrateur #1
10:36:02 Database DEBUG : Connecté à la base de données
10:36:09 Database DEBUG : Connecté à la base de données
10:36:09 Application INFO : Coloration validée avec succès par l'administrateur #1
10:36:17 Database DEBUG : Connecté à la base de données
10:36:17 Application INFO : Coloration validée avec succès par l'administrateur #1
10:36:24 Database DEBUG : Connecté à la base de données
10:36:27 Database DEBUG : Connecté à la base de données
10:42:46 Database DEBUG : Connecté à la base de données
10:49:03 Database DEBUG : Connecté à la base de données
10:49:11 Database DEBUG : Connecté à la base de données
10:49:11 Database DEBUG : Connecté à la base de données
10:49:21 Database DEBUG : Connecté à la base de données
10:49:22 Application INFO : Utilisateur connecté : hugo.martinez ( 3 )
10:49:22 Database DEBUG : Connecté à la base de données
10:49:25 Database DEBUG : Connecté à la base de données
10:49:36 Database DEBUG : Connecté à la base de données
10:49:37 Database DEBUG : Connecté à la base de données
10:49:42 Database DEBUG : Connecté à la base de données
10:50:09 Database DEBUG : Connecté à la base de données
10:50:10 Database DEBUG : Connecté à la base de données
10:50:28 Database DEBUG : Connecté à la base de données
10:50:28 Database DEBUG : Connecté à la base de données
10:50:34 Database DEBUG : Connecté à la base de données
10:50:34 Database DEBUG : Connecté à la base de données
10:51:05 Database DEBUG : Connecté à la base de données
10:51:05 Application INFO : Commande #14 créée par l'utilisateur 3
10:51:33 Database DEBUG : Connecté à la base de données
10:51:46 Database DEBUG : Connecté à la base de données
10:52:49 Database DEBUG : Connecté à la base de données
10:53:41 Database DEBUG : Connecté à la base de données
10:54:18 Database DEBUG : Connecté à la base de données
10:54:22 Database DEBUG : Connecté à la base de données
10:54:26 Database DEBUG : Connecté à la base de données
10:54:29 Database DEBUG : Connecté à la base de données
10:54:31 Database DEBUG : Connecté à la base de données
10:54:39 Database DEBUG : Connecté à la base de données
10:54:43 Database DEBUG : Connecté à la base de données
10:54:44 Database DEBUG : Connecté à la base de données
10:54:49 Database DEBUG : Connecté à la base de données
10:55:56 Database DEBUG : Connecté à la base de données
10:56:25 Database DEBUG : Connecté à la base de données
10:56:31 Database DEBUG : Connecté à la base de données
10:57:18 Database DEBUG : Connecté à la base de données
10:57:21 Database DEBUG : Connecté à la base de données
10:57:43 Database DEBUG : Connecté à la base de données
10:57:45 Database DEBUG : Connecté à la base de données
10:58:07 Database DEBUG : Connecté à la base de données
10:58:12 Database DEBUG : Connecté à la base de données
10:58:14 Database DEBUG : Connecté à la base de données
10:58:32 Database DEBUG : Connecté à la base de données
10:58:36 Database DEBUG : Connecté à la base de données
10:58:36 Database DEBUG : Connecté à la base de données
10:58:57 Database DEBUG : Connecté à la base de données
10:58:58 Database DEBUG : Connecté à la base de données
10:59:03 Database DEBUG : Connecté à la base de données
10:59:05 Database DEBUG : Connecté à la base de données
10:59:06 Database DEBUG : Connecté à la base de données
10:59:09 Database DEBUG : Connecté à la base de données
10:59:14 Database DEBUG : Connecté à la base de données
10:59:17 Database DEBUG : Connecté à la base de données
10:59:18 Database DEBUG : Connecté à la base de données
10:59:20 Database DEBUG : Connecté à la base de données
10:59:51 Database DEBUG : Connecté à la base de données
10:59:53 Database DEBUG : Connecté à la base de données
11:00:10 Database DEBUG : Connecté à la base de données
11:00:35 Database DEBUG : Connecté à la base de données
11:00:54 Database DEBUG : Connecté à la base de données
11:09:02 Database DEBUG : Connecté à la base de données
11:09:02 Database DEBUG : Connecté à la base de données
11:09:11 Database DEBUG : Connecté à la base de données
11:09:12 Application INFO : Utilisateur connecté : hugo.martinez ( 3 )
11:09:12 Database DEBUG : Connecté à la base de données
11:09:16 Database DEBUG : Connecté à la base de données
11:09:20 Database DEBUG : Connecté à la base de données
11:10:01 Database DEBUG : Connecté à la base de données
11:10:01 Database DEBUG : Connecté à la base de données
11:10:11 Database DEBUG : Connecté à la base de données
11:10:11 Database DEBUG : Connecté à la base de données
11:10:48 Database DEBUG : Connecté à la base de données
11:10:48 Database DEBUG : Connecté à la base de données
11:11:11 Database DEBUG : Connecté à la base de données
11:11:11 Database DEBUG : Connecté à la base de données
11:11:20 Database DEBUG : Connecté à la base de données
11:11:23 Database DEBUG : Connecté à la base de données
11:11:24 Database DEBUG : Connecté à la base de données
11:11:25 Database DEBUG : Connecté à la base de données
11:11:25 Database DEBUG : Connecté à la base de données
11:11:26 Database DEBUG : Connecté à la base de données
11:11:26 Database DEBUG : Connecté à la base de données
11:11:33 Database DEBUG : Connecté à la base de données
11:11:33 Application INFO : Commande #15 créée par l'utilisateur 3
11:12:00 Database DEBUG : Connecté à la base de données
11:12:14 Database DEBUG : Connecté à la base de données
11:12:14 Database DEBUG : Connecté à la base de données
11:12:19 Database DEBUG : Connecté à la base de données
11:12:19 Application INFO : Administrateur connecté : aiesnow ( 1 )
11:12:19 Database DEBUG : Connecté à la base de données
11:12:22 Database DEBUG : Connecté à la base de données
11:12:28 Database DEBUG : Connecté à la base de données
11:12:32 Database DEBUG : Connecté à la base de données
11:12:32 Application INFO : Réception validée avec succès par l'administrateur #1
11:12:37 Database DEBUG : Connecté à la base de données
11:12:42 Database DEBUG : Connecté à la base de données
11:12:48 Database DEBUG : Connecté à la base de données
11:12:48 Application INFO : Inclusion validée avec succès par l'administrateur #1
11:12:50 Database DEBUG : Connecté à la base de données
11:12:53 Database DEBUG : Connecté à la base de données
11:12:56 Database DEBUG : Connecté à la base de données
11:12:56 Application INFO : Coupe validée avec succès par l'administrateur #1
11:12:58 Database DEBUG : Connecté à la base de données
11:13:00 Database DEBUG : Connecté à la base de données
11:13:09 Database DEBUG : Connecté à la base de données
11:13:09 Application INFO : Coloration validée avec succès par l'administrateur #1
11:13:12 Database DEBUG : Connecté à la base de données
11:13:13 Database DEBUG : Connecté à la base de données
11:13:20 Database DEBUG : Connecté à la base de données
11:13:20 Application INFO : Coloration validée avec succès par l'administrateur #1
11:13:22 Database DEBUG : Connecté à la base de données
11:13:25 Database DEBUG : Connecté à la base de données
11:13:30 Database DEBUG : Connecté à la base de données
11:13:30 Application INFO : Retour validée avec succès par l'administrateur #1
11:13:32 Database DEBUG : Connecté à la base de données
11:13:35 Database DEBUG : Connecté à la base de données
11:14:01 Database DEBUG : Connecté à la base de données
11:14:18 Database DEBUG : Connecté à la base de données
11:14:27 Database DEBUG : Connecté à la base de données
11:14:31 Database DEBUG : Connecté à la base de données
11:14:36 Database DEBUG : Connecté à la base de données
11:14:40 Database DEBUG : Connecté à la base de données
11:14:44 Database DEBUG : Connecté à la base de données
11:15:05 Database DEBUG : Connecté à la base de données
11:15:06 Database DEBUG : Connecté à la base de données
11:15:17 Database DEBUG : Connecté à la base de données
11:15:17 Aplication INFO : Animal ajouté par l'administrateur #1
11:15:17 Database DEBUG : Connecté à la base de données
11:15:25 Database DEBUG : Connecté à la base de données
11:15:25 Aplication INFO : Animal modifié par l'administrateur #1
11:15:28 Database DEBUG : Connecté à la base de données
11:15:28 Aplication INFO : Animal supprimé par l'administrateur #1
11:15:31 Database DEBUG : Connecté à la base de données
11:57:30 Database DEBUG : Connecté à la base de données
11:57:31 Database DEBUG : Connecté à la base de données
11:57:58 Database DEBUG : Connecté à la base de données
11:58:00 Database DEBUG : Connecté à la base de données
11:58:06 Database DEBUG : Connecté à la base de données
11:58:13 Database DEBUG : Connecté à la base de données
11:59:42 Database DEBUG : Connecté à la base de données
12:11:37 Database DEBUG : Connecté à la base de données
12:11:37 Database DEBUG : Connecté à la base de données
12:14:22 Database DEBUG : Connecté à la base de données
12:14:23 Application INFO : Utilisateur connecté : hugo.martinez ( 3 )
12:14:23 Database DEBUG : Connecté à la base de données
12:14:26 Database DEBUG : Connecté à la base de données
12:14:33 Database DEBUG : Connecté à la base de données
12:14:46 Database DEBUG : Connecté à la base de données
12:15:02 Database DEBUG : Connecté à la base de données
12:15:02 Database DEBUG : Connecté à la base de données
12:15:10 Database DEBUG : Connecté à la base de données
12:15:11 Database DEBUG : Connecté à la base de données
12:15:13 Database DEBUG : Connecté à la base de données
12:15:16 Database DEBUG : Connecté à la base de données
12:15:22 Database DEBUG : Connecté à la base de données
12:18:28 Database DEBUG : Connecté à la base de données
12:18:38 Database DEBUG : Connecté à la base de données
12:19:06 Database DEBUG : Connecté à la base de données
13:22:05 Database DEBUG : Connecté à la base de données
13:22:05 Database DEBUG : Connecté à la base de données
13:22:21 Database DEBUG : Connecté à la base de données
13:22:26 Application INFO : Utilisateur connecté : hugo.martinez ( 3 )
13:22:26 Database DEBUG : Connecté à la base de données
13:22:43 Database DEBUG : Connecté à la base de données
13:22:45 Database DEBUG : Connecté à la base de données
13:22:46 Database DEBUG : Connecté à la base de données
13:22:46 Database DEBUG : Connecté à la base de données
13:22:47 Database DEBUG : Connecté à la base de données
13:34:26 Database DEBUG : Connecté à la base de données
13:34:26 Database DEBUG : Connecté à la base de données
13:34:30 Database DEBUG : Connecté à la base de données
13:34:30 Application INFO : Administrateur connecté : aiesnow ( 1 )
13:34:30 Database DEBUG : Connecté à la base de données
13:34:33 Database DEBUG : Connecté à la base de données
13:36:50 Database DEBUG : Connecté à la base de données
13:36:52 Database DEBUG : Connecté à la base de données
13:36:55 Database DEBUG : Connecté à la base de données
13:37:23 Database DEBUG : Connecté à la base de données
13:39:07 Database DEBUG : Connecté à la base de données
13:39:19 Database DEBUG : Connecté à la base de données
13:39:22 Database DEBUG : Connecté à la base de données
13:39:23 Database DEBUG : Connecté à la base de données
13:39:25 Database DEBUG : Connecté à la base de données
13:39:26 Database DEBUG : Connecté à la base de données
13:39:30 Database DEBUG : Connecté à la base de données
14:07:18 Database DEBUG : Connecté à la base de données
14:07:18 Database DEBUG : Connecté à la base de données
14:07:20 Database DEBUG : Connecté à la base de données
14:07:20 Database DEBUG : Connecté à la base de données
14:07:40 Database DEBUG : Connecté à la base de données
14:07:41 Database DEBUG : Connecté à la base de données
14:07:41 Database DEBUG : Connecté à la base de données
14:08:21 Database DEBUG : Connecté à la base de données
14:11:07 Database DEBUG : Connecté à la base de données
14:11:08 Database DEBUG : Connecté à la base de données
14:11:16 Database DEBUG : Connecté à la base de données
14:32:02 Database DEBUG : Connecté à la base de données
14:32:26 Database DEBUG : Connecté à la base de données
14:32:30 Database DEBUG : Connecté à la base de données
14:32:34 Database DEBUG : Connecté à la base de données
14:33:53 Database DEBUG : Connecté à la base de données
14:37:48 Database DEBUG : Connecté à la base de données
14:44:14 Database DEBUG : Connecté à la base de données
14:44:25 Database DEBUG : Connecté à la base de données
16:31:51 Database DEBUG : Connecté à la base de données
16:32:20 Database DEBUG : Connecté à la base de données
16:32:27 Database DEBUG : Connecté à la base de données
