09:15:25 Database DEBUG : Connecté à la base de données
09:15:25 Database DEBUG : Connecté à la base de données
09:15:39 Database DEBUG : Connecté à la base de données
09:15:39 Application INFO : Utilisateur connecté : hugo.martinez ( 3 )
09:15:39 Database DEBUG : Connecté à la base de données
09:15:50 Database DEBUG : Connecté à la base de données
09:15:50 Database DEBUG : Connecté à la base de données
09:15:57 Database DEBUG : Connecté à la base de données
09:15:57 Application INFO : Administrateur connecté : aiesnow ( 1 )
09:15:57 Database DEBUG : Connecté à la base de données
09:16:01 Database DEBUG : Connecté à la base de données
09:16:03 Database DEBUG : Connecté à la base de données
09:16:04 Database DEBUG : Connecté à la base de données
09:16:35 Database DEBUG : Connecté à la base de données
09:16:37 Database DEBUG : Connecté à la base de données
09:16:39 Database DEBUG : Connecté à la base de données
09:16:47 Database DEBUG : Connecté à la base de données
09:16:48 Database DEBUG : Connecté à la base de données
09:16:53 Database DEBUG : Connecté à la base de données
09:16:59 Database DEBUG : Connecté à la base de données
09:17:01 Database DEBUG : Connecté à la base de données
09:17:04 Database DEBUG : Connecté à la base de données
09:17:06 Database DEBUG : Connecté à la base de données
09:17:08 Database DEBUG : Connecté à la base de données
09:17:09 Database DEBUG : Connecté à la base de données
09:17:11 Database DEBUG : Connecté à la base de données
09:17:13 Database DEBUG : Connecté à la base de données
09:17:14 Database DEBUG : Connecté à la base de données
09:17:16 Database DEBUG : Connecté à la base de données
09:17:17 Database DEBUG : Connecté à la base de données
09:17:19 Database DEBUG : Connecté à la base de données
09:17:20 Database DEBUG : Connecté à la base de données
09:17:22 Database DEBUG : Connecté à la base de données
09:17:23 Database DEBUG : Connecté à la base de données
09:17:25 Database DEBUG : Connecté à la base de données
09:17:31 Database DEBUG : Connecté à la base de données
09:31:00 Database DEBUG : Connecté à la base de données
09:31:01 Database DEBUG : Connecté à la base de données
09:31:01 Database DEBUG : Connecté à la base de données
09:31:02 Database DEBUG : Connecté à la base de données
09:31:03 Database DEBUG : Connecté à la base de données
09:31:07 Database DEBUG : Connecté à la base de données
09:31:24 Database DEBUG : Connecté à la base de données
09:32:00 Database DEBUG : Connecté à la base de données
09:32:01 Database DEBUG : Connecté à la base de données
09:32:46 Database DEBUG : Connecté à la base de données
09:32:48 Database DEBUG : Connecté à la base de données
09:35:46 Database DEBUG : Connecté à la base de données
09:36:18 Database DEBUG : Connecté à la base de données
09:44:22 Database DEBUG : Connecté à la base de données
09:44:46 Database DEBUG : Connecté à la base de données
09:45:57 Database DEBUG : Connecté à la base de données
09:47:20 Database DEBUG : Connecté à la base de données
09:50:07 Database DEBUG : Connecté à la base de données
09:51:36 Database DEBUG : Connecté à la base de données
10:04:54 Database DEBUG : Connecté à la base de données
10:04:55 Database DEBUG : Connecté à la base de données
10:10:18 Database DEBUG : Connecté à la base de données
10:10:25 Database DEBUG : Connecté à la base de données
10:10:25 Database DEBUG : Connecté à la base de données
10:10:27 Database DEBUG : Connecté à la base de données
10:10:27 Database DEBUG : Connecté à la base de données
10:10:46 Database DEBUG : Connecté à la base de données
10:10:47 Database DEBUG : Connecté à la base de données
10:10:47 Database DEBUG : Connecté à la base de données
10:10:50 Database DEBUG : Connecté à la base de données
10:10:50 Database DEBUG : Connecté à la base de données
10:11:00 Database DEBUG : Connecté à la base de données
10:11:01 Database DEBUG : Connecté à la base de données
10:11:03 Database DEBUG : Connecté à la base de données
10:11:04 Database DEBUG : Connecté à la base de données
10:11:57 Database DEBUG : Connecté à la base de données
10:11:58 Database DEBUG : Connecté à la base de données
10:18:32 Database DEBUG : Connecté à la base de données
10:18:34 Database DEBUG : Connecté à la base de données
10:18:34 Database DEBUG : Connecté à la base de données
10:18:36 Database DEBUG : Connecté à la base de données
10:18:36 Database DEBUG : Connecté à la base de données
10:18:46 Database DEBUG : Connecté à la base de données
10:18:47 Database DEBUG : Connecté à la base de données
11:23:02 Database DEBUG : Connecté à la base de données
11:23:58 Database DEBUG : Connecté à la base de données
11:24:05 Database DEBUG : Connecté à la base de données
11:24:05 Database DEBUG : Connecté à la base de données
11:24:09 Database DEBUG : Connecté à la base de données
11:26:16 Database DEBUG : Connecté à la base de données
11:26:22 Database DEBUG : Connecté à la base de données
11:26:22 Database ERROR : Requête incorrecte : SELECT numCommande, commentairePlateau, dateRetourCommande FROM Commande c
                             LEFT JOIN Echantillon e ON c.idCommande = e.idCommande
                             LEFT JOIN Lame l ON e.idEchantillon = l.idEchantillon
                             INNER JOIN Utilisateur u ON u.idUtilisateur = c.idUtilisateur
                             INNER JOIN Equipe eq ON u.idEquipe = eq.idEquipe
                             WHERE numCommande LIKE ? AND eq.nomEquipe LIKE ?
                             AND (CONCAT(u.nom, " ", u.prenom) LIKE ? OR CONCAT(u.prenom, " ", u.nom) LIKE ?)
                             AND YEAR(c.dateCommande) = ? AND e.identAnimalEchantillon LIKE ?
11:26:48 Database DEBUG : Connecté à la base de données
11:26:48 Database ERROR : Requête incorrecte : SELECT numCommande, commentairePlateau, dateRetourCommande FROM Commande c
                             LEFT JOIN Echantillon e ON c.idCommande = e.idCommande
                             LEFT JOIN Lame l ON e.idEchantillon = l.idEchantillon
                             INNER JOIN Utilisateur u ON u.idUtilisateur = c.idUtilisateur
                             INNER JOIN Equipe eq ON u.idEquipe = eq.idEquipe
                             WHERE numCommande LIKE ? AND eq.nomEquipe LIKE ?
                             AND (CONCAT(u.nom, " ", u.prenom) LIKE ? OR CONCAT(u.prenom, " ", u.nom) LIKE ?)
                             AND YEAR(c.dateCommande) = ? AND e.identAnimalEchantillon LIKE ?
11:30:09 Database DEBUG : Connecté à la base de données
11:30:52 Database DEBUG : Connecté à la base de données
11:32:36 Database DEBUG : Connecté à la base de données
11:34:10 Database DEBUG : Connecté à la base de données
11:35:14 Database DEBUG : Connecté à la base de données
11:37:03 Database DEBUG : Connecté à la base de données
11:42:19 Database DEBUG : Connecté à la base de données
11:42:19 Database DEBUG : Connecté à la base de données
11:42:22 Database DEBUG : Connecté à la base de données
11:42:30 Database DEBUG : Connecté à la base de données
11:43:50 Database DEBUG : Connecté à la base de données
11:43:50 Database DEBUG : Connecté à la base de données
11:43:53 Database DEBUG : Connecté à la base de données
11:44:01 Database DEBUG : Connecté à la base de données
11:46:36 Database DEBUG : Connecté à la base de données
11:47:26 Database DEBUG : Connecté à la base de données
11:47:41 Database DEBUG : Connecté à la base de données
11:48:24 Database DEBUG : Connecté à la base de données
11:52:41 Database DEBUG : Connecté à la base de données
11:52:41 Database ERROR : Requête incorrecte : SELECT DISTINCT numCommande, commentairePlateau, dateRetourCommande,
                             CASE
                                WHEN dateReceptionCommande IS NULL THEN "Non reçue"
                                WHEN dateRetourCommande IS NOT NULL THEN "Retournée"
                                ELSE "En cours"
                             END CASE etat
                             FROM Commande c
                             LEFT JOIN Echantillon e ON c.idCommande = e.idCommande
                             LEFT JOIN Lame l ON e.idEchantillon = l.idEchantillon
                             INNER JOIN Utilisateur u ON u.idUtilisateur = c.idUtilisateur
                             INNER JOIN Equipe eq ON u.idEquipe = eq.idEquipe
                             WHERE numCommande LIKE ? AND eq.nomEquipe LIKE ?
                             AND (CONCAT(u.nomUtilisateur, " ", u.prenomUtilisateur) LIKE ?
                             OR CONCAT(u.prenomUtilisateur, " ", u.nomUtilisateur) LIKE ?)
                             AND YEAR(c.dateCommande) = ? AND e.identAnimalEchantillon LIKE ?
11:56:00 Database DEBUG : Connecté à la base de données
12:02:21 Database DEBUG : Connecté à la base de données
12:02:24 Database DEBUG : Connecté à la base de données
12:02:24 Database DEBUG : Connecté à la base de données
12:02:27 Database DEBUG : Connecté à la base de données
12:02:33 Database DEBUG : Connecté à la base de données
12:02:37 Database DEBUG : Connecté à la base de données
12:02:42 Database DEBUG : Connecté à la base de données
12:03:40 Database DEBUG : Connecté à la base de données
12:04:11 Database DEBUG : Connecté à la base de données
12:04:11 Database DEBUG : Connecté à la base de données
12:04:14 Database DEBUG : Connecté à la base de données
12:04:19 Database DEBUG : Connecté à la base de données
12:05:45 Database DEBUG : Connecté à la base de données
12:06:13 Database DEBUG : Connecté à la base de données
12:06:38 Database DEBUG : Connecté à la base de données
12:06:46 Database DEBUG : Connecté à la base de données
12:06:51 Database DEBUG : Connecté à la base de données
12:07:39 Database DEBUG : Connecté à la base de données
12:08:46 Database DEBUG : Connecté à la base de données
12:08:49 Database DEBUG : Connecté à la base de données
12:08:54 Database DEBUG : Connecté à la base de données
13:37:10 Database DEBUG : Connecté à la base de données
13:37:12 Database DEBUG : Connecté à la base de données
13:37:12 Database DEBUG : Connecté à la base de données
13:37:12 Database DEBUG : Connecté à la base de données
13:37:13 Database DEBUG : Connecté à la base de données
13:37:24 Database DEBUG : Connecté à la base de données
13:37:32 Database DEBUG : Connecté à la base de données
13:37:36 Database DEBUG : Connecté à la base de données
13:37:38 Database DEBUG : Connecté à la base de données
13:37:39 Database DEBUG : Connecté à la base de données
13:37:50 Database DEBUG : Connecté à la base de données
13:37:55 Database DEBUG : Connecté à la base de données
13:38:04 Database DEBUG : Connecté à la base de données
13:38:06 Database DEBUG : Connecté à la base de données
13:38:13 Database DEBUG : Connecté à la base de données
13:38:16 Database DEBUG : Connecté à la base de données
13:38:18 Database DEBUG : Connecté à la base de données
13:38:27 Database DEBUG : Connecté à la base de données
13:38:30 Database DEBUG : Connecté à la base de données
13:38:51 Database DEBUG : Connecté à la base de données
13:38:55 Database DEBUG : Connecté à la base de données
13:39:00 Database DEBUG : Connecté à la base de données
13:39:04 Database DEBUG : Connecté à la base de données
13:39:12 Database DEBUG : Connecté à la base de données
13:39:15 Database DEBUG : Connecté à la base de données
13:39:24 Database DEBUG : Connecté à la base de données
13:39:27 Database DEBUG : Connecté à la base de données
13:39:36 Database DEBUG : Connecté à la base de données
13:39:38 Database DEBUG : Connecté à la base de données
13:39:48 Database DEBUG : Connecté à la base de données
13:39:52 Database DEBUG : Connecté à la base de données
13:40:05 Database DEBUG : Connecté à la base de données
13:44:56 Database DEBUG : Connecté à la base de données
13:45:53 Database DEBUG : Connecté à la base de données
13:45:57 Database DEBUG : Connecté à la base de données
13:46:01 Database DEBUG : Connecté à la base de données
13:46:05 Database DEBUG : Connecté à la base de données
13:46:12 Database DEBUG : Connecté à la base de données
13:46:17 Database DEBUG : Connecté à la base de données
13:46:44 Database DEBUG : Connecté à la base de données
13:47:10 Database DEBUG : Connecté à la base de données
13:47:14 Database DEBUG : Connecté à la base de données
13:47:20 Database DEBUG : Connecté à la base de données
13:47:23 Database DEBUG : Connecté à la base de données
13:47:29 Database DEBUG : Connecté à la base de données
13:47:32 Database DEBUG : Connecté à la base de données
13:47:47 Database DEBUG : Connecté à la base de données
13:47:51 Database DEBUG : Connecté à la base de données
13:47:57 Database DEBUG : Connecté à la base de données
13:48:01 Database DEBUG : Connecté à la base de données
13:48:06 Database DEBUG : Connecté à la base de données
13:52:52 Database DEBUG : Connecté à la base de données
13:52:56 Database DEBUG : Connecté à la base de données
13:53:02 Database DEBUG : Connecté à la base de données
13:53:09 Database DEBUG : Connecté à la base de données
13:53:13 Database DEBUG : Connecté à la base de données
13:53:38 Database DEBUG : Connecté à la base de données
13:54:24 Database DEBUG : Connecté à la base de données
13:54:28 Database DEBUG : Connecté à la base de données
13:54:49 Database DEBUG : Connecté à la base de données
13:54:49 Aplication INFO : Organe ajouté par l'administrateur #1
13:54:49 Database DEBUG : Connecté à la base de données
13:55:01 Database DEBUG : Connecté à la base de données
13:55:01 Aplication INFO : Organe modifié par l'administrateur #1
13:55:15 Database DEBUG : Connecté à la base de données
13:55:15 Aplication INFO : Organe supprimé par l'administrateur #1
13:57:56 Database DEBUG : Connecté à la base de données
13:58:00 Database DEBUG : Connecté à la base de données
13:58:03 Database DEBUG : Connecté à la base de données
13:58:07 Database DEBUG : Connecté à la base de données
14:14:55 Database DEBUG : Connecté à la base de données
14:55:19 Database DEBUG : Connecté à la base de données
14:55:26 Database DEBUG : Connecté à la base de données
14:55:27 Database DEBUG : Connecté à la base de données
14:55:29 Database DEBUG : Connecté à la base de données
14:55:40 Database DEBUG : Connecté à la base de données
14:56:02 Database DEBUG : Connecté à la base de données
14:59:17 Database DEBUG : Connecté à la base de données
15:00:51 Database DEBUG : Connecté à la base de données
15:03:16 Database DEBUG : Connecté à la base de données
15:03:16 Database DEBUG : Connecté à la base de données
15:03:52 Database DEBUG : Connecté à la base de données
15:04:08 Database DEBUG : Connecté à la base de données
15:04:31 Database DEBUG : Connecté à la base de données
15:05:44 Database DEBUG : Connecté à la base de données
15:05:44 Database DEBUG : Connecté à la base de données
15:10:51 Database DEBUG : Connecté à la base de données
15:10:53 Database DEBUG : Connecté à la base de données
15:10:53 Database DEBUG : Connecté à la base de données
15:10:55 Database DEBUG : Connecté à la base de données
15:10:55 Database DEBUG : Connecté à la base de données
15:11:16 Database DEBUG : Connecté à la base de données
15:15:54 Database DEBUG : Connecté à la base de données
15:15:54 Application INFO : Commande #12 créée par l'utilisateur 3
15:15:59 Database DEBUG : Connecté à la base de données
15:16:03 Database DEBUG : Connecté à la base de données
15:16:06 Database DEBUG : Connecté à la base de données
15:16:09 Database DEBUG : Connecté à la base de données
15:16:11 Database DEBUG : Connecté à la base de données
15:16:14 Database DEBUG : Connecté à la base de données
15:16:16 Database DEBUG : Connecté à la base de données
15:16:19 Database DEBUG : Connecté à la base de données
15:16:23 Database DEBUG : Connecté à la base de données
15:16:23 Réception validée avec succès par l'administrateur #1  : 
15:17:07 Database DEBUG : Connecté à la base de données
15:17:10 Database DEBUG : Connecté à la base de données
15:17:12 Database DEBUG : Connecté à la base de données
15:17:17 Database DEBUG : Connecté à la base de données
15:17:17 Application INFO : Coupe validée avec succès par l'administrateur #1
15:17:22 Database DEBUG : Connecté à la base de données
15:17:28 Database DEBUG : Connecté à la base de données
15:17:37 Database DEBUG : Connecté à la base de données
15:17:39 Database DEBUG : Connecté à la base de données
15:17:42 Database DEBUG : Connecté à la base de données
15:17:46 Database DEBUG : Connecté à la base de données
15:18:02 Database DEBUG : Connecté à la base de données
15:18:58 Database DEBUG : Connecté à la base de données
15:21:01 Database DEBUG : Connecté à la base de données
15:21:01 Application INFO : Retour validée avec succès par l'administrateur #1
15:38:41 Database DEBUG : Connecté à la base de données
15:39:53 Database DEBUG : Connecté à la base de données
15:39:57 Database DEBUG : Connecté à la base de données
15:39:57 Database DEBUG : Connecté à la base de données
15:39:57 Database DEBUG : Connecté à la base de données
15:40:00 Database DEBUG : Connecté à la base de données
15:40:04 Database DEBUG : Connecté à la base de données
15:40:23 Database DEBUG : Connecté à la base de données
15:40:23 Application INFO : Retour validée avec succès par l'administrateur #1
15:44:13 Database DEBUG : Connecté à la base de données
15:44:20 Database DEBUG : Connecté à la base de données
15:48:57 Database DEBUG : Connecté à la base de données
15:50:10 Database DEBUG : Connecté à la base de données
16:25:06 Database DEBUG : Connecté à la base de données
16:26:53 Database DEBUG : Connecté à la base de données
16:26:56 Database DEBUG : Connecté à la base de données
16:27:16 Database DEBUG : Connecté à la base de données
16:28:52 Database DEBUG : Connecté à la base de données
16:28:53 Database DEBUG : Connecté à la base de données
16:28:56 Database DEBUG : Connecté à la base de données
16:29:09 Database DEBUG : Connecté à la base de données
16:29:09 Database DEBUG : Connecté à la base de données
16:29:20 Database DEBUG : Connecté à la base de données
16:29:20 Database DEBUG : Connecté à la base de données
16:29:38 Database DEBUG : Connecté à la base de données
16:29:38 Database DEBUG : Connecté à la base de données
16:29:41 Database DEBUG : Connecté à la base de données
16:29:41 Application INFO : Commande #13 créée par l'utilisateur 3
16:29:46 Database DEBUG : Connecté à la base de données
16:29:51 Database DEBUG : Connecté à la base de données
16:29:55 Database DEBUG : Connecté à la base de données
16:30:24 Database DEBUG : Connecté à la base de données
16:31:24 Database DEBUG : Connecté à la base de données
16:31:27 Database DEBUG : Connecté à la base de données
16:39:02 Database DEBUG : Connecté à la base de données
16:39:31 Database DEBUG : Connecté à la base de données
16:40:27 Database DEBUG : Connecté à la base de données
16:46:03 Database DEBUG : Connecté à la base de données
