12:03:45 Database DEBUG : Connecté à la base de données
12:03:52 Database DEBUG : Connecté à la base de données
12:03:52 Application INFO : Utilisateur connecté : jean.personnaz@inserm.fr ( 10 )
12:03:52 Database DEBUG : Connecté à la base de données
12:03:54 Database DEBUG : Connecté à la base de données
12:04:08 Database DEBUG : Connecté à la base de données
12:05:05 Database DEBUG : Connecté à la base de données
12:05:05 Database DEBUG : Connecté à la base de données
12:05:19 Database DEBUG : Connecté à la base de données
12:05:19 Database DEBUG : Connecté à la base de données
12:05:34 Database DEBUG : Connecté à la base de données
12:05:34 Application INFO : Commande #89 créée par l'utilisateur 10
12:05:34 Database DEBUG : Connecté à la base de données
16:30:17 Database DEBUG : Connecté à la base de données
16:30:17 Database DEBUG : Connecté à la base de données
16:30:22 Database DEBUG : Connecté à la base de données
16:30:22 Application INFO : Administrateur connecté : lucie.fontaine ( 6 )
16:30:22 Database DEBUG : Connecté à la base de données
16:30:26 Database DEBUG : Connecté à la base de données
16:30:28 Database DEBUG : Connecté à la base de données
16:30:35 Database DEBUG : Connecté à la base de données
16:30:35 Application INFO : Coupe validée avec succès par l'administrateur #6
16:31:02 Database DEBUG : Connecté à la base de données
16:31:04 Database DEBUG : Connecté à la base de données
16:31:09 Database DEBUG : Connecté à la base de données
16:31:09 Application INFO : Coloration validée avec succès par l'administrateur #6
16:35:16 Database DEBUG : Connecté à la base de données
16:35:17 Database DEBUG : Connecté à la base de données
16:35:18 Database DEBUG : Connecté à la base de données
