10:18:12 Database DEBUG : Connecté à la base de données
10:18:12 Database DEBUG : Connecté à la base de données
10:18:15 Database DEBUG : Connecté à la base de données
10:18:16 Application INFO : Administrateur connecté : lucie.fontaine ( 6 )
10:18:16 Database DEBUG : Connecté à la base de données
10:18:17 Database DEBUG : Connecté à la base de données
10:18:19 Database DEBUG : Connecté à la base de données
10:18:21 Database DEBUG : Connecté à la base de données
10:18:22 Database DEBUG : Connecté à la base de données
14:25:33 Database DEBUG : Connecté à la base de données
14:25:33 Database DEBUG : Connecté à la base de données
14:25:35 Database DEBUG : Connecté à la base de données
14:25:35 Application INFO : Utilisateur connecté : marie.cauquil ( 20 )
14:25:35 Database DEBUG : Connecté à la base de données
14:25:37 Database DEBUG : Connecté à la base de données
14:25:45 Database DEBUG : Connecté à la base de données
14:27:06 Database DEBUG : Connecté à la base de données
14:27:06 Database DEBUG : Connecté à la base de données
14:27:13 Database DEBUG : Connecté à la base de données
14:27:13 Database DEBUG : Connecté à la base de données
14:28:01 Database DEBUG : Connecté à la base de données
14:28:01 Application INFO : Commande #71 créée par l'utilisateur 20
14:28:01 Database DEBUG : Connecté à la base de données
14:34:54 Database DEBUG : Connecté à la base de données
14:34:54 Database DEBUG : Connecté à la base de données
14:34:59 Database DEBUG : Connecté à la base de données
14:34:59 Application INFO : Administrateur connecté : lucie.fontaine ( 6 )
14:34:59 Database DEBUG : Connecté à la base de données
14:35:00 Database DEBUG : Connecté à la base de données
14:35:02 Database DEBUG : Connecté à la base de données
14:35:04 Database DEBUG : Connecté à la base de données
14:35:04 Application INFO : Réception validée avec succès par l'administrateur #6
14:35:06 Database DEBUG : Connecté à la base de données
14:35:07 Database DEBUG : Connecté à la base de données
14:35:32 Database DEBUG : Connecté à la base de données
14:35:32 Mail DEBUG : Trying to send mail mail_commande_prete from histologie-i2mc@inserm.fr to Array
(
    [mail] => jean.personnaz@inserm.fr
    [name] => Jean Personnaz
)
.
14:35:32 Mail DEBUG : Mail envoyé.
14:35:32 Mail DEBUG : Trying to send mail mail_commande_prete from histologie-i2mc@inserm.fr to Array
(
    [mail] => jean.personnaz@inserm.fr
    [name] => Jean Personnaz
)
.
14:35:32 Mail DEBUG : Mail envoyé.
14:35:32 Application INFO : Retour validée avec succès par l'administrateur #6
14:35:34 Database DEBUG : Connecté à la base de données
14:48:07 Database DEBUG : Connecté à la base de données
15:15:28 Database DEBUG : Connecté à la base de données
15:15:28 Application INFO : Coupe validée avec succès par l'administrateur #6
17:12:35 Database DEBUG : Connecté à la base de données
17:12:36 Database DEBUG : Connecté à la base de données
17:12:37 Database DEBUG : Connecté à la base de données
