09:29:34 Database DEBUG : Connecté à la base de données
09:29:34 Database DEBUG : Connecté à la base de données
09:29:48 Database DEBUG : Connecté à la base de données
09:29:48 Database DEBUG : Connecté à la base de données
09:30:00 Database DEBUG : Connecté à la base de données
09:30:00 Application INFO : Utilisateur connecté : hugo.martinez ( 3 )
09:30:00 Database DEBUG : Connecté à la base de données
09:46:36 Database DEBUG : Connecté à la base de données
09:46:42 Database DEBUG : Connecté à la base de données
09:47:05 Database DEBUG : Connecté à la base de données
09:47:30 Database DEBUG : Connecté à la base de données
09:47:30 Application INFO : Administrateur connecté : hugo.martinez ( 5 )
09:47:30 Database DEBUG : Connecté à la base de données
09:47:36 Database DEBUG : Connecté à la base de données
09:47:39 Database DEBUG : Connecté à la base de données
09:49:57 Database DEBUG : Connecté à la base de données
09:50:00 Database DEBUG : Connecté à la base de données
09:50:02 Database DEBUG : Connecté à la base de données
09:50:03 Database DEBUG : Connecté à la base de données
09:50:04 Database DEBUG : Connecté à la base de données
09:50:06 Database DEBUG : Connecté à la base de données
09:56:44 Database DEBUG : Connecté à la base de données
09:56:46 Database DEBUG : Connecté à la base de données
09:59:51 Database DEBUG : Connecté à la base de données
10:04:17 Database DEBUG : Connecté à la base de données
10:04:32 Database DEBUG : Connecté à la base de données
10:04:34 Database DEBUG : Connecté à la base de données
10:04:53 Database DEBUG : Connecté à la base de données
10:05:23 Database DEBUG : Connecté à la base de données
10:05:24 Database DEBUG : Connecté à la base de données
10:05:55 Database DEBUG : Connecté à la base de données
10:06:36 Database DEBUG : Connecté à la base de données
10:06:47 Database DEBUG : Connecté à la base de données
10:08:35 Database DEBUG : Connecté à la base de données
10:09:00 Database DEBUG : Connecté à la base de données
10:12:34 Database DEBUG : Connecté à la base de données
10:13:02 Database DEBUG : Connecté à la base de données
10:13:30 Database DEBUG : Connecté à la base de données
10:15:34 Database DEBUG : Connecté à la base de données
10:15:51 Database DEBUG : Connecté à la base de données
10:18:50 Database DEBUG : Connecté à la base de données
10:19:20 Database DEBUG : Connecté à la base de données
13:54:39 Database DEBUG : Connecté à la base de données
13:55:14 Database DEBUG : Connecté à la base de données
13:57:11 Database DEBUG : Connecté à la base de données
13:57:56 Database DEBUG : Connecté à la base de données
14:15:10 Database DEBUG : Connecté à la base de données
14:15:52 Database DEBUG : Connecté à la base de données
14:18:16 Database DEBUG : Connecté à la base de données
14:18:16 Database DEBUG : Connecté à la base de données
14:43:42 Database DEBUG : Connecté à la base de données
14:48:40 Database DEBUG : Connecté à la base de données
14:49:03 Database DEBUG : Connecté à la base de données
14:50:10 Database DEBUG : Connecté à la base de données
14:52:22 Database DEBUG : Connecté à la base de données
14:53:00 Database DEBUG : Connecté à la base de données
15:18:30 Database DEBUG : Connecté à la base de données
15:19:46 Database DEBUG : Connecté à la base de données
15:20:24 Database DEBUG : Connecté à la base de données
15:20:24 Database DEBUG : Connecté à la base de données
15:20:33 Database DEBUG : Connecté à la base de données
15:20:40 Database DEBUG : Connecté à la base de données
15:20:43 Database DEBUG : Connecté à la base de données
15:20:43 Database DEBUG : Connecté à la base de données
15:20:53 Database DEBUG : Connecté à la base de données
15:20:53 Database DEBUG : Connecté à la base de données
15:20:57 Database DEBUG : Connecté à la base de données
15:21:14 Database DEBUG : Connecté à la base de données
15:21:19 Database DEBUG : Connecté à la base de données
15:21:30 Database DEBUG : Connecté à la base de données
15:21:30 Database DEBUG : Connecté à la base de données
15:21:32 Database DEBUG : Connecté à la base de données
15:21:32 Database DEBUG : Connecté à la base de données
15:21:34 Database DEBUG : Connecté à la base de données
15:21:35 Database DEBUG : Connecté à la base de données
15:21:35 Database DEBUG : Connecté à la base de données
15:21:37 Database DEBUG : Connecté à la base de données
15:21:39 Database DEBUG : Connecté à la base de données
15:23:20 Database DEBUG : Connecté à la base de données
15:23:20 Database DEBUG : Connecté à la base de données
15:23:49 Database DEBUG : Connecté à la base de données
15:23:49 Database DEBUG : Connecté à la base de données
15:23:56 Database DEBUG : Connecté à la base de données
15:23:56 Database DEBUG : Connecté à la base de données
16:15:40 Database DEBUG : Connecté à la base de données
16:15:58 Database DEBUG : Connecté à la base de données
16:16:16 Database DEBUG : Connecté à la base de données
16:16:16 Database DEBUG : Connecté à la base de données
16:16:20 Database DEBUG : Connecté à la base de données
16:16:25 Database DEBUG : Connecté à la base de données
16:16:25 Database DEBUG : Connecté à la base de données
16:24:14 Database DEBUG : Connecté à la base de données
16:24:53 Database DEBUG : Connecté à la base de données
16:24:55 Database DEBUG : Connecté à la base de données
16:24:58 Database DEBUG : Connecté à la base de données
16:24:58 Aplication INFO : Organe supprimé par l'administrateur #5
16:25:00 Database DEBUG : Connecté à la base de données
16:25:00 Aplication INFO : Organe supprimé par l'administrateur #5
16:25:03 Database DEBUG : Connecté à la base de données
16:25:03 Aplication INFO : Coloration supprimé par l'administrateur #5
16:25:06 Database DEBUG : Connecté à la base de données
16:33:59 Database DEBUG : Connecté à la base de données
16:34:06 Database DEBUG : Connecté à la base de données
16:35:01 Database DEBUG : Connecté à la base de données
16:35:17 Database DEBUG : Connecté à la base de données
16:35:38 Database DEBUG : Connecté à la base de données
16:35:38 Database DEBUG : Connecté à la base de données
16:35:40 Database DEBUG : Connecté à la base de données
16:35:40 Database DEBUG : Connecté à la base de données
16:35:42 Database DEBUG : Connecté à la base de données
16:35:44 Database DEBUG : Connecté à la base de données
16:35:46 Database DEBUG : Connecté à la base de données
16:35:46 Database DEBUG : Connecté à la base de données
16:35:49 Database DEBUG : Connecté à la base de données
16:35:49 Database DEBUG : Connecté à la base de données
16:35:53 Database DEBUG : Connecté à la base de données
16:35:54 Database DEBUG : Connecté à la base de données
16:36:04 Database DEBUG : Connecté à la base de données
16:36:04 Database DEBUG : Connecté à la base de données
16:36:33 Database DEBUG : Connecté à la base de données
16:36:46 Database DEBUG : Connecté à la base de données
16:36:46 Database DEBUG : Connecté à la base de données
16:36:48 Database DEBUG : Connecté à la base de données
16:36:48 Database DEBUG : Connecté à la base de données
16:36:59 Database DEBUG : Connecté à la base de données
16:36:59 Database DEBUG : Connecté à la base de données
16:37:03 Database DEBUG : Connecté à la base de données
16:37:07 Database DEBUG : Connecté à la base de données
16:37:10 Database DEBUG : Connecté à la base de données
16:37:12 Database DEBUG : Connecté à la base de données
16:37:25 Database DEBUG : Connecté à la base de données
16:37:25 Database DEBUG : Connecté à la base de données
16:38:04 Database DEBUG : Connecté à la base de données
16:47:00 Database DEBUG : Connecté à la base de données
16:47:01 Database DEBUG : Connecté à la base de données
16:47:05 Database DEBUG : Connecté à la base de données
16:47:53 Database DEBUG : Connecté à la base de données
