09:21:09 Database DEBUG : Connecté à la base de données
09:21:14 Database DEBUG : Connecté à la base de données
09:21:16 Database DEBUG : Connecté à la base de données
09:21:16 Application INFO : Utilisateur connecté : deborah.carper@inserm.fr ( 33 )
09:21:16 Database DEBUG : Connecté à la base de données
09:21:19 Database DEBUG : Connecté à la base de données
09:21:21 Database DEBUG : Connecté à la base de données
09:21:22 Database DEBUG : Connecté à la base de données
09:21:24 Database DEBUG : Connecté à la base de données
09:21:27 Database DEBUG : Connecté à la base de données
09:21:29 Database DEBUG : Connecté à la base de données
09:56:15 Database DEBUG : Connecté à la base de données
09:56:15 Database DEBUG : Connecté à la base de données
09:56:16 Database DEBUG : Connecté à la base de données
09:56:16 Application INFO : Administrateur connecté : lucie.fontaine ( 6 )
09:56:16 Database DEBUG : Connecté à la base de données
09:56:17 Database DEBUG : Connecté à la base de données
11:32:05 Database DEBUG : Connecté à la base de données
11:32:09 Database DEBUG : Connecté à la base de données
11:32:09 Application INFO : Inclusion validée avec succès par l'administrateur #6
11:32:11 Database DEBUG : Connecté à la base de données
11:34:53 Database DEBUG : Connecté à la base de données
11:49:40 Database DEBUG : Connecté à la base de données
11:49:41 Database DEBUG : Connecté à la base de données
13:08:57 Database DEBUG : Connecté à la base de données
13:18:01 Database DEBUG : Connecté à la base de données
13:18:28 Database DEBUG : Connecté à la base de données
13:32:14 Database DEBUG : Connecté à la base de données
14:30:25 Database DEBUG : Connecté à la base de données
14:35:20 Database DEBUG : Connecté à la base de données
14:39:11 Database DEBUG : Connecté à la base de données
14:40:49 Database DEBUG : Connecté à la base de données
14:47:26 Database DEBUG : Connecté à la base de données
15:29:21 Database DEBUG : Connecté à la base de données
15:29:22 Database DEBUG : Connecté à la base de données
15:45:12 Database DEBUG : Connecté à la base de données
15:45:31 Database DEBUG : Connecté à la base de données
15:45:31 Application INFO : Coupe validée avec succès par l'administrateur #6
15:45:33 Database DEBUG : Connecté à la base de données
15:59:17 Database DEBUG : Connecté à la base de données
15:59:23 Database DEBUG : Connecté à la base de données
15:59:24 Database DEBUG : Connecté à la base de données
15:59:25 Database DEBUG : Connecté à la base de données
16:24:16 Database DEBUG : Connecté à la base de données
16:24:16 Database DEBUG : Connecté à la base de données
16:44:10 Database DEBUG : Connecté à la base de données
16:44:25 Database DEBUG : Connecté à la base de données
16:44:25 Application INFO : Coupe validée avec succès par l'administrateur #6
16:46:22 Database DEBUG : Connecté à la base de données
18:28:40 Database DEBUG : Connecté à la base de données
18:28:45 Database DEBUG : Connecté à la base de données
18:28:47 Database DEBUG : Connecté à la base de données
18:28:47 Application INFO : Utilisateur connecté : deborah.carper@inserm.fr ( 33 )
18:28:47 Database DEBUG : Connecté à la base de données
18:28:48 Database DEBUG : Connecté à la base de données
18:28:49 Database DEBUG : Connecté à la base de données
18:28:52 Database DEBUG : Connecté à la base de données
18:28:54 Database DEBUG : Connecté à la base de données
18:28:55 Database DEBUG : Connecté à la base de données
