10:13:51 Database DEBUG : Connecté à la base de données
10:13:51 Database DEBUG : Connecté à la base de données
10:14:10 Database DEBUG : Connecté à la base de données
10:14:11 Application INFO : Administrateur connecté : lucie.fontaine ( 6 )
10:14:11 Database DEBUG : Connecté à la base de données
11:02:01 Database DEBUG : Connecté à la base de données
11:02:03 Database DEBUG : Connecté à la base de données
11:02:10 Database DEBUG : Connecté à la base de données
11:02:10 Mail DEBUG : Trying to send mail mail_commande_prete from histologie-i2mc@inserm.fr to Array
(
    [mail] => enzo.piccolo@inserm.fr
    [name] => Enzo Piccolo
)
.
11:02:10 Mail DEBUG : Mail envoyé.
11:02:10 Application INFO : Retour validée avec succès par l'administrateur #6
11:11:29 Database DEBUG : Connecté à la base de données
11:16:30 Database DEBUG : Connecté à la base de données
11:16:31 Database DEBUG : Connecté à la base de données
11:16:33 Database DEBUG : Connecté à la base de données
11:16:35 Database DEBUG : Connecté à la base de données
11:16:35 Application INFO : Inclusion validée avec succès par l'administrateur #6
14:18:05 Database DEBUG : Connecté à la base de données
14:18:06 Database DEBUG : Connecté à la base de données
14:55:29 Database DEBUG : Connecté à la base de données
14:55:33 Database DEBUG : Connecté à la base de données
14:55:50 Database DEBUG : Connecté à la base de données
14:55:50 Application INFO : Coupe validée avec succès par l'administrateur #6
14:57:29 Database DEBUG : Connecté à la base de données
15:05:15 Database DEBUG : Connecté à la base de données
15:05:16 Database DEBUG : Connecté à la base de données
15:41:33 Database DEBUG : Connecté à la base de données
15:41:40 Database DEBUG : Connecté à la base de données
15:44:58 Database DEBUG : Connecté à la base de données
15:45:00 Database DEBUG : Connecté à la base de données
15:45:01 Database DEBUG : Connecté à la base de données
16:08:48 Database DEBUG : Connecté à la base de données
16:43:56 Database DEBUG : Connecté à la base de données
16:44:01 Database DEBUG : Connecté à la base de données
16:44:01 Mail DEBUG : Trying to send mail mail_commande_prete from histologie-i2mc@inserm.fr to Array
(
    [mail] => enzo.piccolo@inserm.fr
    [name] => Enzo Piccolo
)
.
16:44:01 Mail DEBUG : Mail envoyé.
16:44:01 Application INFO : Retour validée avec succès par l'administrateur #6
16:48:18 Database DEBUG : Connecté à la base de données
17:24:55 Database DEBUG : Connecté à la base de données
17:25:04 Database DEBUG : Connecté à la base de données
17:25:04 Application INFO : Utilisateur connecté : jean.personnaz@inserm.fr ( 10 )
17:25:04 Database DEBUG : Connecté à la base de données
17:25:31 Database DEBUG : Connecté à la base de données
17:25:36 Database DEBUG : Connecté à la base de données
17:26:54 Database DEBUG : Connecté à la base de données
17:26:54 Database DEBUG : Connecté à la base de données
17:26:59 Database DEBUG : Connecté à la base de données
17:26:59 Database DEBUG : Connecté à la base de données
17:27:38 Database DEBUG : Connecté à la base de données
17:27:38 Database DEBUG : Connecté à la base de données
17:27:42 Database DEBUG : Connecté à la base de données
17:27:42 Application INFO : Commande #171 créée par l'utilisateur 10
17:27:42 Database DEBUG : Connecté à la base de données
17:27:50 Database DEBUG : Connecté à la base de données
17:27:51 Database DEBUG : Connecté à la base de données
17:27:54 Database DEBUG : Connecté à la base de données
17:28:35 Database DEBUG : Connecté à la base de données
17:28:35 Database DEBUG : Connecté à la base de données
17:28:49 Database DEBUG : Connecté à la base de données
17:28:49 Database DEBUG : Connecté à la base de données
17:28:52 Database DEBUG : Connecté à la base de données
17:28:52 Application INFO : Commande #172 créée par l'utilisateur 10
17:28:52 Database DEBUG : Connecté à la base de données
17:28:56 Database DEBUG : Connecté à la base de données
17:28:56 Database DEBUG : Connecté à la base de données
17:28:58 Database DEBUG : Connecté à la base de données
17:29:49 Database DEBUG : Connecté à la base de données
17:29:49 Database DEBUG : Connecté à la base de données
17:29:55 Database DEBUG : Connecté à la base de données
17:29:56 Database DEBUG : Connecté à la base de données
17:29:59 Database DEBUG : Connecté à la base de données
17:29:59 Application INFO : Commande #173 créée par l'utilisateur 10
17:29:59 Database DEBUG : Connecté à la base de données
