14:04:32 Database DEBUG : Connecté à la base de données
14:04:36 Database DEBUG : Connecté à la base de données
14:04:38 Database DEBUG : Connecté à la base de données
14:04:38 Application INFO : Utilisateur connecté : deborah.carper@inserm.fr ( 33 )
14:04:38 Database DEBUG : Connecté à la base de données
14:04:41 Database DEBUG : Connecté à la base de données
14:04:44 Database DEBUG : Connecté à la base de données
14:06:22 Database DEBUG : Connecté à la base de données
14:06:22 Database DEBUG : Connecté à la base de données
14:07:32 Database DEBUG : Connecté à la base de données
14:07:32 Database DEBUG : Connecté à la base de données
14:07:43 Database DEBUG : Connecté à la base de données
14:07:43 Database DEBUG : Connecté à la base de données
14:07:58 Database DEBUG : Connecté à la base de données
14:07:58 Application INFO : Commande #124 créée par l'utilisateur 33
14:07:58 Database DEBUG : Connecté à la base de données
15:02:05 Database DEBUG : Connecté à la base de données
15:02:05 Database DEBUG : Connecté à la base de données
15:02:08 Database DEBUG : Connecté à la base de données
15:02:08 Application INFO : Administrateur connecté : lucie.fontaine ( 6 )
15:02:09 Database DEBUG : Connecté à la base de données
15:02:09 Database DEBUG : Connecté à la base de données
15:02:11 Database DEBUG : Connecté à la base de données
15:02:13 Database DEBUG : Connecté à la base de données
15:02:17 Database DEBUG : Connecté à la base de données
15:02:18 Database DEBUG : Connecté à la base de données
15:02:20 Database DEBUG : Connecté à la base de données
15:02:22 Database DEBUG : Connecté à la base de données
15:02:22 Application INFO : Réception validée avec succès par l'administrateur #6
15:02:24 Database DEBUG : Connecté à la base de données
15:02:26 Database DEBUG : Connecté à la base de données
16:39:51 Database DEBUG : Connecté à la base de données
16:39:51 Database DEBUG : Connecté à la base de données
16:39:55 Database DEBUG : Connecté à la base de données
16:39:55 Application INFO : Administrateur connecté : lucie.fontaine ( 6 )
16:39:55 Database DEBUG : Connecté à la base de données
16:39:56 Database DEBUG : Connecté à la base de données
16:39:58 Database DEBUG : Connecté à la base de données
16:40:09 Database DEBUG : Connecté à la base de données
16:40:09 Application INFO : Coupe validée avec succès par l'administrateur #6
16:40:11 Database DEBUG : Connecté à la base de données
16:40:12 Database DEBUG : Connecté à la base de données
16:40:15 Database DEBUG : Connecté à la base de données
18:26:20 Database DEBUG : Connecté à la base de données
18:26:25 Database DEBUG : Connecté à la base de données
18:26:32 Database DEBUG : Connecté à la base de données
18:26:33 Application INFO : Utilisateur connecté : xiaohui.tong@inserm.fr ( 34 )
18:26:33 Database DEBUG : Connecté à la base de données
18:26:35 Database DEBUG : Connecté à la base de données
18:28:09 Database DEBUG : Connecté à la base de données
18:29:46 Database DEBUG : Connecté à la base de données
18:29:46 Database DEBUG : Connecté à la base de données
18:30:38 Database DEBUG : Connecté à la base de données
18:32:59 Database DEBUG : Connecté à la base de données
18:32:59 Database DEBUG : Connecté à la base de données
18:41:18 Database DEBUG : Connecté à la base de données
18:41:18 Database DEBUG : Connecté à la base de données
18:42:30 Database DEBUG : Connecté à la base de données
18:42:44 Database DEBUG : Connecté à la base de données
18:42:44 Database DEBUG : Connecté à la base de données
18:43:16 Database DEBUG : Connecté à la base de données
