09:16:22 Database DEBUG : Connecté à la base de données
09:16:22 Database DEBUG : Connecté à la base de données
09:16:35 Database DEBUG : Connecté à la base de données
09:16:35 Application INFO : Administrateur connecté : lucie.fontaine ( 6 )
09:16:35 Database DEBUG : Connecté à la base de données
09:16:36 Database DEBUG : Connecté à la base de données
09:17:57 Database DEBUG : Connecté à la base de données
09:53:12 Database DEBUG : Connecté à la base de données
09:53:18 Database DEBUG : Connecté à la base de données
09:53:22 Database DEBUG : Connecté à la base de données
09:53:22 Mail DEBUG : Trying to send mail mail_commande_prete from histologie-i2mc@inserm.fr to Array
(
    [mail] => emilie.segura@inserm.fr
    [name] => Emilie Segura
)
.
09:53:22 Mail DEBUG : Mail envoyé.
09:53:22 Application INFO : Retour validée avec succès par l'administrateur #6
10:47:40 Database DEBUG : Connecté à la base de données
10:47:44 Database DEBUG : Connecté à la base de données
10:47:49 Database DEBUG : Connecté à la base de données
10:47:49 Application INFO : Inclusion validée avec succès par l'administrateur #6
10:47:50 Database DEBUG : Connecté à la base de données
11:27:47 Database DEBUG : Connecté à la base de données
11:27:48 Database DEBUG : Connecté à la base de données
11:33:54 Database DEBUG : Connecté à la base de données
11:33:55 Database DEBUG : Connecté à la base de données
15:00:31 Database DEBUG : Connecté à la base de données
15:00:32 Database DEBUG : Connecté à la base de données
15:09:46 Database DEBUG : Connecté à la base de données
15:09:47 Database DEBUG : Connecté à la base de données
15:09:49 Database DEBUG : Connecté à la base de données
16:15:43 Database DEBUG : Connecté à la base de données
16:15:53 Database DEBUG : Connecté à la base de données
16:15:53 Application INFO : Coupe validée avec succès par l'administrateur #6
16:20:58 Database DEBUG : Connecté à la base de données
16:21:00 Database DEBUG : Connecté à la base de données
16:21:00 Database DEBUG : Connecté à la base de données
16:44:55 Database DEBUG : Connecté à la base de données
