09:20:53 Database DEBUG : Connecté à la base de données
09:20:56 Database DEBUG : Connecté à la base de données
09:21:14 Database DEBUG : Connecté à la base de données
09:21:14 Application INFO : Administrateur connecté : lucie.fontaine ( 6 )
09:21:14 Database DEBUG : Connecté à la base de données
09:28:13 Database DEBUG : Connecté à la base de données
10:05:38 Database DEBUG : Connecté à la base de données
10:05:42 Database DEBUG : Connecté à la base de données
10:05:42 Application INFO : Inclusion validée avec succès par l'administrateur #6
10:05:51 Database DEBUG : Connecté à la base de données
11:04:24 Database DEBUG : Connecté à la base de données
11:04:25 Database DEBUG : Connecté à la base de données
11:18:47 Database DEBUG : Connecté à la base de données
11:18:48 Database DEBUG : Connecté à la base de données
14:04:36 Database DEBUG : Connecté à la base de données
14:04:36 Database DEBUG : Connecté à la base de données
14:04:37 Database DEBUG : Connecté à la base de données
14:04:38 Application INFO : Utilisateur connecté : christophe.heymes@inserm.fr ( 23 )
14:04:38 Database DEBUG : Connecté à la base de données
14:04:42 Database DEBUG : Connecté à la base de données
14:05:05 Database DEBUG : Connecté à la base de données
14:07:05 Database DEBUG : Connecté à la base de données
14:07:05 Database DEBUG : Connecté à la base de données
14:07:18 Database DEBUG : Connecté à la base de données
14:07:18 Database DEBUG : Connecté à la base de données
14:07:24 Database DEBUG : Connecté à la base de données
14:07:24 Application INFO : Commande #175 créée par l'utilisateur 23
14:07:24 Database DEBUG : Connecté à la base de données
14:08:13 Database DEBUG : Connecté à la base de données
14:08:27 Database DEBUG : Connecté à la base de données
14:08:27 Application INFO : Coupe validée avec succès par l'administrateur #6
14:08:31 Database DEBUG : Connecté à la base de données
14:09:57 Database DEBUG : Connecté à la base de données
14:10:00 Database DEBUG : Connecté à la base de données
14:11:50 Database DEBUG : Connecté à la base de données
14:11:52 Database DEBUG : Connecté à la base de données
14:11:56 Database DEBUG : Connecté à la base de données
14:13:40 Database DEBUG : Connecté à la base de données
14:13:40 Database DEBUG : Connecté à la base de données
14:13:47 Database DEBUG : Connecté à la base de données
14:13:47 Database DEBUG : Connecté à la base de données
14:13:51 Database DEBUG : Connecté à la base de données
14:13:51 Application INFO : Commande #176 créée par l'utilisateur 23
14:13:51 Database DEBUG : Connecté à la base de données
14:23:05 Database DEBUG : Connecté à la base de données
14:23:06 Database DEBUG : Connecté à la base de données
14:23:07 Database DEBUG : Connecté à la base de données
14:23:12 Database DEBUG : Connecté à la base de données
14:23:12 Application INFO : Réception validée avec succès par l'administrateur #6
16:18:19 Database DEBUG : Connecté à la base de données
16:18:20 Database DEBUG : Connecté à la base de données
16:18:21 Database DEBUG : Connecté à la base de données
16:52:39 Database DEBUG : Connecté à la base de données
16:52:40 Database DEBUG : Connecté à la base de données
16:52:42 Database DEBUG : Connecté à la base de données
16:52:58 Database DEBUG : Connecté à la base de données
16:52:58 Application INFO : Coupe validée avec succès par l'administrateur #6
16:53:03 Database DEBUG : Connecté à la base de données
