09:22:11 Database DEBUG : Connecté à la base de données
09:22:11 Database DEBUG : Connecté à la base de données
09:22:20 Database DEBUG : Connecté à la base de données
09:22:20 Application INFO : Administrateur connecté : lucie.fontaine ( 6 )
09:22:20 Database DEBUG : Connecté à la base de données
09:28:13 Database DEBUG : Connecté à la base de données
09:31:03 Database DEBUG : Connecté à la base de données
09:31:06 Database DEBUG : Connecté à la base de données
11:21:02 Database DEBUG : Connecté à la base de données
11:21:07 Database DEBUG : Connecté à la base de données
11:22:52 Database DEBUG : Connecté à la base de données
11:22:53 Application INFO : Utilisateur connecté : enzo.piccolo ( 38 )
11:22:53 Database DEBUG : Connecté à la base de données
11:22:59 Database DEBUG : Connecté à la base de données
11:23:03 Database DEBUG : Connecté à la base de données
11:23:15 Database DEBUG : Connecté à la base de données
11:23:16 Database DEBUG : Connecté à la base de données
11:23:17 Database DEBUG : Connecté à la base de données
11:23:18 Application INFO : Utilisateur connecté : marie.bellio@inserm.fr ( 40 )
11:23:18 Database DEBUG : Connecté à la base de données
11:23:22 Database DEBUG : Connecté à la base de données
11:24:45 Database DEBUG : Connecté à la base de données
11:25:30 Database DEBUG : Connecté à la base de données
11:25:30 Database DEBUG : Connecté à la base de données
11:26:44 Database DEBUG : Connecté à la base de données
11:26:44 Database DEBUG : Connecté à la base de données
11:27:18 Database DEBUG : Connecté à la base de données
11:27:18 Database DEBUG : Connecté à la base de données
12:12:19 Database DEBUG : Connecté à la base de données
12:12:20 Database DEBUG : Connecté à la base de données
12:12:22 Database DEBUG : Connecté à la base de données
13:11:15 Database DEBUG : Connecté à la base de données
13:11:16 Database DEBUG : Connecté à la base de données
13:11:17 Database DEBUG : Connecté à la base de données
13:24:53 Database DEBUG : Connecté à la base de données
13:24:53 Database DEBUG : Connecté à la base de données
13:36:41 Database DEBUG : Connecté à la base de données
13:36:41 Database DEBUG : Connecté à la base de données
13:37:01 Database DEBUG : Connecté à la base de données
13:37:01 Application INFO : Commande #221 créée par l'utilisateur 40
13:37:01 Database DEBUG : Connecté à la base de données
13:42:13 Database DEBUG : Connecté à la base de données
13:42:14 Database DEBUG : Connecté à la base de données
13:42:16 Database DEBUG : Connecté à la base de données
13:42:22 Database DEBUG : Connecté à la base de données
13:42:22 Application INFO : Réception validée avec succès par l'administrateur #6
13:42:24 Database DEBUG : Connecté à la base de données
13:42:26 Database DEBUG : Connecté à la base de données
13:42:43 Database DEBUG : Connecté à la base de données
13:42:44 Database DEBUG : Connecté à la base de données
13:58:41 Database DEBUG : Connecté à la base de données
13:58:46 Database DEBUG : Connecté à la base de données
13:58:48 Database DEBUG : Connecté à la base de données
13:58:48 Application INFO : Utilisateur connecté : enzo.piccolo ( 38 )
13:58:48 Database DEBUG : Connecté à la base de données
13:58:50 Database DEBUG : Connecté à la base de données
13:58:55 Database DEBUG : Connecté à la base de données
13:59:18 Database DEBUG : Connecté à la base de données
13:59:18 Database DEBUG : Connecté à la base de données
13:59:24 Database DEBUG : Connecté à la base de données
13:59:24 Database DEBUG : Connecté à la base de données
13:59:41 Database DEBUG : Connecté à la base de données
13:59:41 Database DEBUG : Connecté à la base de données
13:59:44 Database DEBUG : Connecté à la base de données
13:59:44 Application INFO : Commande #222 créée par l'utilisateur 38
13:59:44 Database DEBUG : Connecté à la base de données
13:59:49 Database DEBUG : Connecté à la base de données
15:35:22 Database DEBUG : Connecté à la base de données
15:35:23 Database DEBUG : Connecté à la base de données
17:06:32 Database DEBUG : Connecté à la base de données
17:06:33 Database DEBUG : Connecté à la base de données
17:06:35 Database DEBUG : Connecté à la base de données
17:06:36 Database DEBUG : Connecté à la base de données
17:06:40 Database DEBUG : Connecté à la base de données
17:06:43 Database DEBUG : Connecté à la base de données
17:06:43 Database DEBUG : Connecté à la base de données
17:06:43 Application INFO : Réception validée avec succès par l'administrateur #6
17:06:45 Database DEBUG : Connecté à la base de données
17:06:46 Database DEBUG : Connecté à la base de données
17:06:47 Database DEBUG : Connecté à la base de données
17:09:17 Database DEBUG : Connecté à la base de données
17:09:17 Database DEBUG : Connecté à la base de données
17:10:29 Database DEBUG : Connecté à la base de données
17:10:29 Database DEBUG : Connecté à la base de données
17:10:47 Database DEBUG : Connecté à la base de données
17:10:47 Database DEBUG : Connecté à la base de données
17:10:50 Database DEBUG : Connecté à la base de données
17:10:50 Application INFO : Commande #223 créée par l'utilisateur 40
17:10:50 Database DEBUG : Connecté à la base de données
17:16:18 Database DEBUG : Connecté à la base de données
17:16:20 Database DEBUG : Connecté à la base de données
17:16:21 Database DEBUG : Connecté à la base de données
17:16:22 Database DEBUG : Connecté à la base de données
17:25:37 Database DEBUG : Connecté à la base de données
