09:15:44 Database DEBUG : Connecté à la base de données
09:15:44 Database DEBUG : Connecté à la base de données
09:20:25 Database DEBUG : Connecté à la base de données
09:20:25 Application INFO : Administrateur connecté : lucie.fontaine ( 6 )
09:20:25 Database DEBUG : Connecté à la base de données
09:55:14 Database DEBUG : Connecté à la base de données
10:12:26 Database DEBUG : Connecté à la base de données
10:12:35 Database DEBUG : Connecté à la base de données
10:12:35 Application INFO : Inclusion validée avec succès par l'administrateur #6
10:49:16 Database DEBUG : Connecté à la base de données
11:02:13 Database DEBUG : Connecté à la base de données
11:02:16 Database DEBUG : Connecté à la base de données
11:02:16 Application INFO : Inclusion validée avec succès par l'administrateur #6
11:04:31 Database DEBUG : Connecté à la base de données
11:04:32 Database DEBUG : Connecté à la base de données
11:04:34 Database DEBUG : Connecté à la base de données
11:04:34 Mail DEBUG : Trying to send mail mail_commande_prete from histologie-i2mc@inserm.fr to Array
(
    [mail] => christophe.heymes@inserm.fr
    [name] => Christophe Heymes
)
.
11:04:34 Mail DEBUG : Mail envoyé.
11:04:34 Application INFO : Retour validée avec succès par l'administrateur #6
11:05:40 Database DEBUG : Connecté à la base de données
11:05:40 Database DEBUG : Connecté à la base de données
11:14:23 Database DEBUG : Connecté à la base de données
14:09:56 Database DEBUG : Connecté à la base de données
14:10:01 Database DEBUG : Connecté à la base de données
15:47:22 Database DEBUG : Connecté à la base de données
15:47:23 Database DEBUG : Connecté à la base de données
15:47:28 Database DEBUG : Connecté à la base de données
15:51:57 Database DEBUG : Connecté à la base de données
15:51:57 Application INFO : Coloration validée avec succès par l'administrateur #6
16:55:55 Database DEBUG : Connecté à la base de données
16:55:56 Database DEBUG : Connecté à la base de données
16:55:57 Database DEBUG : Connecté à la base de données
16:55:58 Database DEBUG : Connecté à la base de données
16:55:59 Database DEBUG : Connecté à la base de données
16:56:00 Database DEBUG : Connecté à la base de données
16:56:02 Database DEBUG : Connecté à la base de données
16:56:04 Database DEBUG : Connecté à la base de données
16:56:05 Database DEBUG : Connecté à la base de données
17:02:40 Database DEBUG : Connecté à la base de données
17:02:41 Database DEBUG : Connecté à la base de données
17:02:42 Database DEBUG : Connecté à la base de données
