10:39:03 Database DEBUG : Connecté à la base de données
10:39:03 Database DEBUG : Connecté à la base de données
10:39:31 Database DEBUG : Connecté à la base de données
10:39:31 Application INFO : Utilisateur connecté : pierre-damien.denechaud@inserm.fr (  )
10:39:31 Database DEBUG : Connecté à la base de données
10:39:31 Database DEBUG : Connecté à la base de données
10:39:42 Database DEBUG : Connecté à la base de données
10:39:43 Application INFO : Utilisateur connecté : pierre-damien.denechaud@inserm.fr (  )
10:39:43 Database DEBUG : Connecté à la base de données
10:39:43 Database DEBUG : Connecté à la base de données
13:32:22 Database DEBUG : Connecté à la base de données
13:32:22 Database DEBUG : Connecté à la base de données
13:32:28 Database DEBUG : Connecté à la base de données
13:32:28 Application INFO : Administrateur connecté : lucie.fontaine ( 6 )
13:32:28 Database DEBUG : Connecté à la base de données
13:32:30 Database DEBUG : Connecté à la base de données
13:32:31 Database DEBUG : Connecté à la base de données
13:32:32 Database DEBUG : Connecté à la base de données
13:32:35 Database DEBUG : Connecté à la base de données
13:32:38 Database DEBUG : Connecté à la base de données
13:32:38 Application INFO : Coupe validée avec succès par l'administrateur #6
13:32:40 Database DEBUG : Connecté à la base de données
13:32:41 Database DEBUG : Connecté à la base de données
13:32:45 Database DEBUG : Connecté à la base de données
13:32:45 Application INFO : Coloration validée avec succès par l'administrateur #6
13:48:25 Database DEBUG : Connecté à la base de données
13:48:27 Database DEBUG : Connecté à la base de données
15:05:36 Database DEBUG : Connecté à la base de données
15:05:37 Database DEBUG : Connecté à la base de données
15:05:48 Database DEBUG : Connecté à la base de données
15:05:48 Application INFO : Coupe validée avec succès par l'administrateur #6
15:09:01 Database DEBUG : Connecté à la base de données
15:09:02 Database DEBUG : Connecté à la base de données
16:39:49 Database DEBUG : Connecté à la base de données
16:39:49 Database DEBUG : Connecté à la base de données
16:40:05 Database DEBUG : Connecté à la base de données
16:40:05 Application INFO : Utilisateur connecté : cendrine.cabou@inserm.fr ( 39 )
16:40:05 Database DEBUG : Connecté à la base de données
16:40:09 Database DEBUG : Connecté à la base de données
16:40:13 Database DEBUG : Connecté à la base de données
16:41:02 Database DEBUG : Connecté à la base de données
16:41:02 Database DEBUG : Connecté à la base de données
16:41:31 Database DEBUG : Connecté à la base de données
16:41:31 Database DEBUG : Connecté à la base de données
16:42:34 Database DEBUG : Connecté à la base de données
16:42:34 Database DEBUG : Connecté à la base de données
16:42:43 Database DEBUG : Connecté à la base de données
16:42:43 Database DEBUG : Connecté à la base de données
16:43:04 Database DEBUG : Connecté à la base de données
16:43:29 Database DEBUG : Connecté à la base de données
16:43:29 Database DEBUG : Connecté à la base de données
16:44:14 Database DEBUG : Connecté à la base de données
16:44:14 Database DEBUG : Connecté à la base de données
16:44:19 Database DEBUG : Connecté à la base de données
16:44:19 Application INFO : Commande #128 créée par l'utilisateur 39
16:44:19 Database DEBUG : Connecté à la base de données
