09:27:02 Database DEBUG : Connecté à la base de données
09:27:02 Database DEBUG : Connecté à la base de données
09:29:52 Database DEBUG : Connecté à la base de données
09:29:52 Application INFO : Administrateur connecté : lucie.fontaine ( 6 )
09:29:52 Database DEBUG : Connecté à la base de données
11:18:36 Database DEBUG : Connecté à la base de données
14:41:38 Database DEBUG : Connecté à la base de données
14:41:43 Database DEBUG : Connecté à la base de données
14:41:45 Database DEBUG : Connecté à la base de données
14:41:55 Database DEBUG : Connecté à la base de données
14:41:55 Application INFO : Coupe validée avec succès par l'administrateur #6
14:49:47 Database DEBUG : Connecté à la base de données
14:49:54 Database DEBUG : Connecté à la base de données
14:49:55 Application INFO : Utilisateur connecté : gwendoline.astre@inserm.fr ( 15 )
14:49:55 Database DEBUG : Connecté à la base de données
14:49:57 Database DEBUG : Connecté à la base de données
14:50:32 Database DEBUG : Connecté à la base de données
15:15:29 Database DEBUG : Connecté à la base de données
15:15:29 Database DEBUG : Connecté à la base de données
15:18:33 Database DEBUG : Connecté à la base de données
15:18:33 Database DEBUG : Connecté à la base de données
15:18:44 Database DEBUG : Connecté à la base de données
15:18:44 Application INFO : Commande #225 créée par l'utilisateur 15
15:18:44 Database DEBUG : Connecté à la base de données
15:20:43 Database DEBUG : Connecté à la base de données
15:24:13 Database DEBUG : Connecté à la base de données
15:24:13 Application INFO : Coupe validée avec succès par l'administrateur #6
15:26:19 Database DEBUG : Connecté à la base de données
15:26:24 Database DEBUG : Connecté à la base de données
15:26:28 Database DEBUG : Connecté à la base de données
15:26:28 Application INFO : Coloration validée avec succès par l'administrateur #6
15:26:30 Database DEBUG : Connecté à la base de données
15:26:32 Database DEBUG : Connecté à la base de données
15:26:35 Database DEBUG : Connecté à la base de données
16:16:27 Database DEBUG : Connecté à la base de données
16:16:31 Database DEBUG : Connecté à la base de données
16:16:31 Application INFO : Réception validée avec succès par l'administrateur #6
16:16:42 Database DEBUG : Connecté à la base de données
16:16:44 Database DEBUG : Connecté à la base de données
18:07:46 Database DEBUG : Connecté à la base de données
