09:34:02 Database DEBUG : Connecté à la base de données
09:34:02 Database DEBUG : Connecté à la base de données
09:34:16 Database DEBUG : Connecté à la base de données
09:34:16 Application INFO : Utilisateur connecté : emilie.segura@inserm.fr ( 21 )
09:34:16 Database DEBUG : Connecté à la base de données
09:34:18 Database DEBUG : Connecté à la base de données
09:34:20 Database DEBUG : Connecté à la base de données
09:35:08 Database DEBUG : Connecté à la base de données
09:35:08 Database DEBUG : Connecté à la base de données
09:35:19 Database DEBUG : Connecté à la base de données
09:35:19 Database DEBUG : Connecté à la base de données
09:35:38 Database DEBUG : Connecté à la base de données
09:35:38 Database DEBUG : Connecté à la base de données
09:36:20 Database DEBUG : Connecté à la base de données
09:36:20 Application INFO : Commande #27 créée par l'utilisateur 21
09:36:20 Database DEBUG : Connecté à la base de données
09:51:18 Database DEBUG : Connecté à la base de données
09:51:18 Database DEBUG : Connecté à la base de données
09:51:32 Database DEBUG : Connecté à la base de données
09:52:05 Database DEBUG : Connecté à la base de données
09:52:08 Database DEBUG : Connecté à la base de données
09:52:14 Database DEBUG : Connecté à la base de données
09:52:14 Application INFO : Administrateur connecté : lucie.fontaine ( 6 )
09:52:14 Database DEBUG : Connecté à la base de données
09:52:15 Database DEBUG : Connecté à la base de données
09:52:17 Database DEBUG : Connecté à la base de données
09:52:20 Database DEBUG : Connecté à la base de données
09:52:20 Application INFO : Réception validée avec succès par l'administrateur #6
09:56:06 Database DEBUG : Connecté à la base de données
09:56:08 Database DEBUG : Connecté à la base de données
09:56:12 Database DEBUG : Connecté à la base de données
09:56:13 Database DEBUG : Connecté à la base de données
10:15:54 Database DEBUG : Connecté à la base de données
10:15:56 Database DEBUG : Connecté à la base de données
10:15:56 Database DEBUG : Connecté à la base de données
10:15:56 Database DEBUG : Connecté à la base de données
10:16:00 Database DEBUG : Connecté à la base de données
10:16:06 Database DEBUG : Connecté à la base de données
10:16:06 Database DEBUG : Connecté à la base de données
10:16:15 Database DEBUG : Connecté à la base de données
10:16:15 Application INFO : Administrateur connecté : hugo.martinez ( 5 )
10:16:15 Database DEBUG : Connecté à la base de données
10:16:17 Database DEBUG : Connecté à la base de données
10:16:25 Database DEBUG : Connecté à la base de données
10:16:36 Database DEBUG : Connecté à la base de données
10:16:38 Database DEBUG : Connecté à la base de données
10:27:12 Database DEBUG : Connecté à la base de données
10:27:14 Database DEBUG : Connecté à la base de données
10:42:16 Database DEBUG : Connecté à la base de données
10:42:18 Database DEBUG : Connecté à la base de données
10:42:40 Database DEBUG : Connecté à la base de données
10:42:41 Database DEBUG : Connecté à la base de données
11:23:33 Database DEBUG : Connecté à la base de données
11:23:36 Database DEBUG : Connecté à la base de données
11:23:37 Database DEBUG : Connecté à la base de données
11:32:03 Database DEBUG : Connecté à la base de données
11:32:13 Database DEBUG : Connecté à la base de données
11:32:16 Database DEBUG : Connecté à la base de données
11:33:30 Database DEBUG : Connecté à la base de données
11:33:43 Database DEBUG : Connecté à la base de données
11:33:45 Database DEBUG : Connecté à la base de données
11:33:46 Database DEBUG : Connecté à la base de données
11:33:48 Database DEBUG : Connecté à la base de données
11:33:50 Database DEBUG : Connecté à la base de données
11:33:51 Database DEBUG : Connecté à la base de données
11:33:53 Database DEBUG : Connecté à la base de données
11:33:55 Database DEBUG : Connecté à la base de données
11:33:56 Database DEBUG : Connecté à la base de données
11:34:06 Database DEBUG : Connecté à la base de données
11:35:17 Database DEBUG : Connecté à la base de données
11:35:20 Database DEBUG : Connecté à la base de données
11:35:23 Database DEBUG : Connecté à la base de données
11:40:28 Database DEBUG : Connecté à la base de données
12:34:28 Database DEBUG : Connecté à la base de données
12:34:30 Database DEBUG : Connecté à la base de données
12:34:38 Database DEBUG : Connecté à la base de données
12:34:40 Database DEBUG : Connecté à la base de données
12:34:41 Database DEBUG : Connecté à la base de données
12:35:27 Database DEBUG : Connecté à la base de données
12:35:30 Database DEBUG : Connecté à la base de données
12:35:31 Database DEBUG : Connecté à la base de données
12:35:34 Database DEBUG : Connecté à la base de données
12:35:36 Database DEBUG : Connecté à la base de données
14:14:24 Database DEBUG : Connecté à la base de données
14:14:29 Database DEBUG : Connecté à la base de données
14:46:01 Database DEBUG : Connecté à la base de données
16:08:13 Database DEBUG : Connecté à la base de données
16:08:15 Database DEBUG : Connecté à la base de données
16:08:16 Database DEBUG : Connecté à la base de données
