14:04:10 Database DEBUG : Connecté à la base de données
14:04:10 Database DEBUG : Connecté à la base de données
14:05:13 Database DEBUG : Connecté à la base de données
14:05:13 Application INFO : Utilisateur connecté : marie-helene.seguelas ( 30 )
14:05:14 Database DEBUG : Connecté à la base de données
14:06:35 Database DEBUG : Connecté à la base de données
14:09:37 Database DEBUG : Connecté à la base de données
14:17:14 Database DEBUG : Connecté à la base de données
14:17:14 Database DEBUG : Connecté à la base de données
14:19:24 Database DEBUG : Connecté à la base de données
14:19:27 Database DEBUG : Connecté à la base de données
14:19:35 Database DEBUG : Connecté à la base de données
14:20:02 Database DEBUG : Connecté à la base de données
14:20:03 Database DEBUG : Connecté à la base de données
14:20:05 Database DEBUG : Connecté à la base de données
14:20:23 Database DEBUG : Connecté à la base de données
14:20:26 Database DEBUG : Connecté à la base de données
14:24:09 Database DEBUG : Connecté à la base de données
14:24:09 Database DEBUG : Connecté à la base de données
14:24:41 Database DEBUG : Connecté à la base de données
14:24:41 Database DEBUG : Connecté à la base de données
14:25:50 Database DEBUG : Connecté à la base de données
14:25:50 Application INFO : Commande #98 créée par l'utilisateur 30
14:25:50 Database DEBUG : Connecté à la base de données
14:36:00 Database DEBUG : Connecté à la base de données
16:07:50 Database DEBUG : Connecté à la base de données
16:07:50 Database DEBUG : Connecté à la base de données
16:07:57 Database DEBUG : Connecté à la base de données
16:07:57 Application INFO : Administrateur connecté : lucie.fontaine ( 6 )
16:07:57 Database DEBUG : Connecté à la base de données
16:07:59 Database DEBUG : Connecté à la base de données
16:08:00 Database DEBUG : Connecté à la base de données
16:08:03 Database DEBUG : Connecté à la base de données
16:08:04 Application INFO : Coupe validée avec succès par l'administrateur #6
16:08:05 Database DEBUG : Connecté à la base de données
16:08:07 Database DEBUG : Connecté à la base de données
16:08:13 Database DEBUG : Connecté à la base de données
16:08:13 Mail DEBUG : Trying to send mail mail_commande_prete from histologie-i2mc@inserm.fr to Array
(
    [mail] => jean.personnaz@inserm.fr
    [name] => Jean Personnaz
)
.
16:08:13 Mail DEBUG : Mail envoyé.
16:08:13 Mail DEBUG : Trying to send mail mail_commande_prete from histologie-i2mc@inserm.fr to Array
(
    [mail] => jean.personnaz@inserm.fr
    [name] => Jean Personnaz
)
.
16:08:13 Mail DEBUG : Mail envoyé.
16:08:13 Mail DEBUG : Trying to send mail mail_commande_prete from histologie-i2mc@inserm.fr to Array
(
    [mail] => jean.personnaz@inserm.fr
    [name] => Jean Personnaz
)
.
16:08:13 Mail DEBUG : Mail envoyé.
16:08:13 Mail DEBUG : Trying to send mail mail_commande_prete from histologie-i2mc@inserm.fr to Array
(
    [mail] => jean.personnaz@inserm.fr
    [name] => Jean Personnaz
)
.
16:08:14 Mail DEBUG : Mail envoyé.
16:08:14 Mail DEBUG : Trying to send mail mail_commande_prete from histologie-i2mc@inserm.fr to Array
(
    [mail] => jean.personnaz@inserm.fr
    [name] => Jean Personnaz
)
.
16:08:14 Mail DEBUG : Mail envoyé.
16:08:14 Mail DEBUG : Trying to send mail mail_commande_prete from histologie-i2mc@inserm.fr to Array
(
    [mail] => jean.personnaz@inserm.fr
    [name] => Jean Personnaz
)
.
16:08:14 Mail DEBUG : Mail envoyé.
16:08:14 Application INFO : Retour validée avec succès par l'administrateur #6
16:21:08 Database DEBUG : Connecté à la base de données
16:21:09 Database DEBUG : Connecté à la base de données
16:21:10 Database DEBUG : Connecté à la base de données
16:21:11 Database DEBUG : Connecté à la base de données
16:21:18 Database DEBUG : Connecté à la base de données
16:21:18 Application INFO : Coupe validée avec succès par l'administrateur #6
16:21:20 Database DEBUG : Connecté à la base de données
16:21:21 Database DEBUG : Connecté à la base de données
