09:10:49 Database DEBUG : Connecté à la base de données
09:10:49 Database DEBUG : Connecté à la base de données
09:13:26 Database DEBUG : Connecté à la base de données
09:13:26 Application INFO : Administrateur connecté : lucie.fontaine ( 6 )
09:13:26 Database DEBUG : Connecté à la base de données
09:16:22 Database DEBUG : Connecté à la base de données
10:21:59 Database DEBUG : Connecté à la base de données
10:22:00 Database DEBUG : Connecté à la base de données
10:22:02 Database DEBUG : Connecté à la base de données
10:22:05 Database DEBUG : Connecté à la base de données
10:22:05 Application INFO : Inclusion validée avec succès par l'administrateur #6
10:22:07 Database DEBUG : Connecté à la base de données
10:22:09 Database DEBUG : Connecté à la base de données
10:30:12 Database DEBUG : Connecté à la base de données
10:43:09 Database DEBUG : Connecté à la base de données
10:43:13 Database DEBUG : Connecté à la base de données
10:43:18 Database DEBUG : Connecté à la base de données
10:43:18 Application INFO : Utilisateur connecté : deborah.carper@inserm.fr ( 33 )
10:43:18 Database DEBUG : Connecté à la base de données
10:43:19 Database DEBUG : Connecté à la base de données
10:43:21 Database DEBUG : Connecté à la base de données
10:45:56 Database DEBUG : Connecté à la base de données
10:45:58 Database DEBUG : Connecté à la base de données
10:45:59 Database DEBUG : Connecté à la base de données
10:46:01 Database DEBUG : Connecté à la base de données
10:46:05 Database DEBUG : Connecté à la base de données
10:46:07 Database DEBUG : Connecté à la base de données
10:46:11 Database DEBUG : Connecté à la base de données
10:46:11 Application INFO : Coloration validée avec succès par l'administrateur #6
10:57:36 Database DEBUG : Connecté à la base de données
10:57:38 Database DEBUG : Connecté à la base de données
11:32:36 Database DEBUG : Connecté à la base de données
11:32:37 Database DEBUG : Connecté à la base de données
11:32:38 Database DEBUG : Connecté à la base de données
11:32:39 Database DEBUG : Connecté à la base de données
11:32:40 Database DEBUG : Connecté à la base de données
11:34:20 Database DEBUG : Connecté à la base de données
11:47:34 Database DEBUG : Connecté à la base de données
11:47:35 Database DEBUG : Connecté à la base de données
11:47:39 Database DEBUG : Connecté à la base de données
11:47:39 Mail DEBUG : Trying to send mail mail_commande_prete from histologie-i2mc@inserm.fr to Array
(
    [mail] => christophe.heymes@inserm.fr
    [name] => Christophe Heymes
)
.
11:47:39 Mail DEBUG : Mail envoyé.
11:47:39 Mail DEBUG : Trying to send mail mail_commande_prete from histologie-i2mc@inserm.fr to Array
(
    [mail] => christophe.heymes@inserm.fr
    [name] => Christophe Heymes
)
.
11:47:39 Mail DEBUG : Mail envoyé.
11:47:39 Application INFO : Retour validée avec succès par l'administrateur #6
12:08:03 Database DEBUG : Connecté à la base de données
13:00:46 Database DEBUG : Connecté à la base de données
13:00:52 Database DEBUG : Connecté à la base de données
13:00:53 Database DEBUG : Connecté à la base de données
13:15:44 Database DEBUG : Connecté à la base de données
13:15:46 Database DEBUG : Connecté à la base de données
13:15:48 Database DEBUG : Connecté à la base de données
13:29:38 Database DEBUG : Connecté à la base de données
13:35:19 Database DEBUG : Connecté à la base de données
13:35:24 Database DEBUG : Connecté à la base de données
13:35:25 Database DEBUG : Connecté à la base de données
13:35:26 Application INFO : Utilisateur connecté : enzo.piccolo ( 38 )
13:35:26 Database DEBUG : Connecté à la base de données
13:35:42 Database DEBUG : Connecté à la base de données
13:35:45 Database DEBUG : Connecté à la base de données
13:38:40 Database DEBUG : Connecté à la base de données
13:38:40 Database DEBUG : Connecté à la base de données
13:38:48 Database DEBUG : Connecté à la base de données
13:38:48 Database DEBUG : Connecté à la base de données
13:38:59 Database DEBUG : Connecté à la base de données
13:38:59 Database DEBUG : Connecté à la base de données
13:39:03 Database DEBUG : Connecté à la base de données
13:39:03 Application INFO : Commande #186 créée par l'utilisateur 38
13:39:03 Database DEBUG : Connecté à la base de données
13:50:22 Database DEBUG : Connecté à la base de données
13:50:25 Database DEBUG : Connecté à la base de données
13:50:27 Database DEBUG : Connecté à la base de données
14:17:03 Database DEBUG : Connecté à la base de données
14:17:04 Database DEBUG : Connecté à la base de données
14:17:07 Database DEBUG : Connecté à la base de données
14:17:11 Database DEBUG : Connecté à la base de données
14:17:11 Application INFO : Réception validée avec succès par l'administrateur #6
14:17:13 Database DEBUG : Connecté à la base de données
14:17:15 Database DEBUG : Connecté à la base de données
14:21:04 Database DEBUG : Connecté à la base de données
14:23:37 Database DEBUG : Connecté à la base de données
14:24:02 Database DEBUG : Connecté à la base de données
14:24:03 Database DEBUG : Connecté à la base de données
15:05:46 Database DEBUG : Connecté à la base de données
15:05:46 Database DEBUG : Connecté à la base de données
15:05:48 Database DEBUG : Connecté à la base de données
15:05:49 Application INFO : Utilisateur connecté : alizee.dortignac@inserm.fr ( 22 )
15:05:49 Database DEBUG : Connecté à la base de données
15:05:51 Database DEBUG : Connecté à la base de données
15:06:10 Database DEBUG : Connecté à la base de données
15:09:38 Database DEBUG : Connecté à la base de données
15:09:38 Database DEBUG : Connecté à la base de données
15:10:11 Database DEBUG : Connecté à la base de données
15:10:11 Database DEBUG : Connecté à la base de données
15:10:35 Database DEBUG : Connecté à la base de données
15:10:35 Application INFO : Commande #187 créée par l'utilisateur 22
15:10:35 Database DEBUG : Connecté à la base de données
15:15:12 Database DEBUG : Connecté à la base de données
15:15:13 Database DEBUG : Connecté à la base de données
15:15:18 Database DEBUG : Connecté à la base de données
15:15:18 Application INFO : Réception validée avec succès par l'administrateur #6
16:39:36 Database DEBUG : Connecté à la base de données
16:39:37 Database DEBUG : Connecté à la base de données
16:39:38 Database DEBUG : Connecté à la base de données
16:39:39 Database DEBUG : Connecté à la base de données
16:50:08 Database DEBUG : Connecté à la base de données
