09:13:07 Database DEBUG : Connecté à la base de données
09:13:07 Database DEBUG : Connecté à la base de données
09:14:51 Database DEBUG : Connecté à la base de données
09:14:51 Application INFO : Administrateur connecté : lucie.fontaine ( 6 )
09:14:51 Database DEBUG : Connecté à la base de données
09:14:53 Database DEBUG : Connecté à la base de données
10:47:17 Database DEBUG : Connecté à la base de données
10:47:18 Database DEBUG : Connecté à la base de données
14:06:33 Database DEBUG : Connecté à la base de données
14:06:38 Database DEBUG : Connecté à la base de données
14:06:41 Database DEBUG : Connecté à la base de données
14:06:41 Application INFO : Utilisateur connecté : enzo.piccolo ( 38 )
14:06:41 Database DEBUG : Connecté à la base de données
14:06:52 Database DEBUG : Connecté à la base de données
14:06:58 Database DEBUG : Connecté à la base de données
14:08:17 Database DEBUG : Connecté à la base de données
14:08:17 Database DEBUG : Connecté à la base de données
14:10:01 Database DEBUG : Connecté à la base de données
14:10:01 Database DEBUG : Connecté à la base de données
14:10:05 Database DEBUG : Connecté à la base de données
14:10:05 Application INFO : Commande #193 créée par l'utilisateur 38
14:10:05 Database DEBUG : Connecté à la base de données
14:10:47 Database DEBUG : Connecté à la base de données
14:10:53 Database DEBUG : Connecté à la base de données
14:10:56 Database DEBUG : Connecté à la base de données
14:20:44 Database DEBUG : Connecté à la base de données
14:20:44 Database DEBUG : Connecté à la base de données
14:21:07 Database DEBUG : Connecté à la base de données
14:21:07 Database DEBUG : Connecté à la base de données
14:21:10 Database DEBUG : Connecté à la base de données
14:21:10 Application INFO : Commande #194 créée par l'utilisateur 38
14:21:10 Database DEBUG : Connecté à la base de données
16:08:49 Database DEBUG : Connecté à la base de données
16:08:49 Database DEBUG : Connecté à la base de données
16:08:51 Database DEBUG : Connecté à la base de données
16:08:54 Database DEBUG : Connecté à la base de données
16:08:54 Application INFO : Réception validée avec succès par l'administrateur #6
16:51:26 Database DEBUG : Connecté à la base de données
16:51:28 Database DEBUG : Connecté à la base de données
16:51:37 Database DEBUG : Connecté à la base de données
16:51:37 Application INFO : Coupe validée avec succès par l'administrateur #6
16:52:22 Database DEBUG : Connecté à la base de données
16:52:23 Database DEBUG : Connecté à la base de données
16:52:24 Database DEBUG : Connecté à la base de données
16:52:26 Database DEBUG : Connecté à la base de données
16:58:14 Database DEBUG : Connecté à la base de données
17:29:42 Database DEBUG : Connecté à la base de données
17:29:43 Database DEBUG : Connecté à la base de données
