11:28:40 Database DEBUG : Connecté à la base de données
11:28:40 Database DEBUG : Connecté à la base de données
11:28:44 Database DEBUG : Connecté à la base de données
11:28:44 Application INFO : Administrateur connecté : lucie.fontaine ( 6 )
11:28:44 Database DEBUG : Connecté à la base de données
11:28:45 Database DEBUG : Connecté à la base de données
11:28:47 Database DEBUG : Connecté à la base de données
11:28:53 Database DEBUG : Connecté à la base de données
11:28:53 Application INFO : Inclusion validée avec succès par l'administrateur #6
11:28:56 Database DEBUG : Connecté à la base de données
13:19:35 Database DEBUG : Connecté à la base de données
13:19:35 Database DEBUG : Connecté à la base de données
13:19:45 Database DEBUG : Connecté à la base de données
13:19:45 Application INFO : Utilisateur connecté : christophe.heymes@inserm.fr ( 23 )
13:19:45 Database DEBUG : Connecté à la base de données
13:19:46 Database DEBUG : Connecté à la base de données
13:22:35 Database DEBUG : Connecté à la base de données
13:23:50 Database DEBUG : Connecté à la base de données
13:23:50 Database DEBUG : Connecté à la base de données
13:23:58 Database DEBUG : Connecté à la base de données
13:23:58 Database DEBUG : Connecté à la base de données
13:24:02 Database DEBUG : Connecté à la base de données
13:24:02 Application INFO : Commande #46 créée par l'utilisateur 23
13:24:02 Database DEBUG : Connecté à la base de données
14:46:29 Database DEBUG : Connecté à la base de données
14:46:29 Database DEBUG : Connecté à la base de données
14:46:33 Database DEBUG : Connecté à la base de données
14:46:33 Application INFO : Administrateur connecté : lucie.fontaine ( 6 )
14:46:33 Database DEBUG : Connecté à la base de données
14:46:35 Database DEBUG : Connecté à la base de données
14:46:36 Database DEBUG : Connecté à la base de données
14:46:39 Database DEBUG : Connecté à la base de données
14:46:39 Mail DEBUG : Trying to send mail mail_commande_prete from histologie-i2mc@inserm.fr to Array
(
    [mail] => christophe.heymes@inserm.fr
    [name] => Christophe Heymes
)
.
14:46:40 Mail DEBUG : Mail envoyé.
14:46:40 Mail DEBUG : Trying to send mail mail_commande_prete from histologie-i2mc@inserm.fr to Array
(
    [mail] => christophe.heymes@inserm.fr
    [name] => Christophe Heymes
)
.
14:46:40 Mail DEBUG : Mail envoyé.
14:46:40 Application INFO : Retour validée avec succès par l'administrateur #6
14:46:42 Database DEBUG : Connecté à la base de données
14:52:05 Database DEBUG : Connecté à la base de données
14:52:09 Database DEBUG : Connecté à la base de données
14:52:09 Application INFO : Réception validée avec succès par l'administrateur #6
14:52:12 Database DEBUG : Connecté à la base de données
