09:59:40 Database DEBUG : Connecté à la base de données
09:59:40 Database DEBUG : Connecté à la base de données
09:59:41 Database DEBUG : Connecté à la base de données
09:59:42 Application INFO : Administrateur connecté : lucie.fontaine ( 6 )
09:59:42 Database DEBUG : Connecté à la base de données
09:59:43 Database DEBUG : Connecté à la base de données
09:59:44 Database DEBUG : Connecté à la base de données
10:00:51 Database DEBUG : Connecté à la base de données
10:00:51 Mail DEBUG : Trying to send mail mail_commande_prete from histologie-i2mc@inserm.fr to Array
(
    [mail] => marie.bellio@inserm.fr
    [name] => Marie Bellio
)
.
10:00:51 Mail DEBUG : Mail envoyé.
10:00:51 Application INFO : Retour validée avec succès par l'administrateur #6
10:00:54 Database DEBUG : Connecté à la base de données
10:37:36 Database DEBUG : Connecté à la base de données
10:37:37 Database DEBUG : Connecté à la base de données
10:50:03 Database DEBUG : Connecté à la base de données
10:50:08 Database DEBUG : Connecté à la base de données
10:50:21 Database DEBUG : Connecté à la base de données
10:50:22 Application INFO : Utilisateur connecté : sophie.branka@inserm.fr ( 24 )
10:50:22 Database DEBUG : Connecté à la base de données
10:50:25 Database DEBUG : Connecté à la base de données
10:50:28 Database DEBUG : Connecté à la base de données
10:51:22 Database DEBUG : Connecté à la base de données
10:51:23 Database DEBUG : Connecté à la base de données
10:51:32 Database DEBUG : Connecté à la base de données
10:51:32 Database DEBUG : Connecté à la base de données
10:51:50 Database DEBUG : Connecté à la base de données
10:51:50 Database DEBUG : Connecté à la base de données
10:52:13 Database DEBUG : Connecté à la base de données
10:52:13 Application INFO : Commande #163 créée par l'utilisateur 24
10:52:13 Database DEBUG : Connecté à la base de données
11:05:28 Database DEBUG : Connecté à la base de données
11:23:47 Database DEBUG : Connecté à la base de données
11:23:52 Database DEBUG : Connecté à la base de données
11:23:53 Database DEBUG : Connecté à la base de données
11:23:54 Application INFO : Utilisateur connecté : deborah.carper@inserm.fr ( 33 )
11:23:54 Database DEBUG : Connecté à la base de données
11:23:55 Database DEBUG : Connecté à la base de données
11:23:57 Database DEBUG : Connecté à la base de données
11:23:57 Database DEBUG : Connecté à la base de données
11:24:02 Database DEBUG : Connecté à la base de données
11:24:03 Database DEBUG : Connecté à la base de données
11:24:06 Database DEBUG : Connecté à la base de données
11:24:07 Database DEBUG : Connecté à la base de données
11:24:52 Database DEBUG : Connecté à la base de données
11:24:53 Database DEBUG : Connecté à la base de données
11:24:54 Database DEBUG : Connecté à la base de données
11:24:56 Database DEBUG : Connecté à la base de données
11:24:56 Application INFO : Réception validée avec succès par l'administrateur #6
11:54:59 Database DEBUG : Connecté à la base de données
11:55:00 Database DEBUG : Connecté à la base de données
11:55:01 Database DEBUG : Connecté à la base de données
11:55:01 Database DEBUG : Connecté à la base de données
11:55:03 Database DEBUG : Connecté à la base de données
13:59:22 Database DEBUG : Connecté à la base de données
14:12:37 Database DEBUG : Connecté à la base de données
14:12:37 Database DEBUG : Connecté à la base de données
14:13:40 Database DEBUG : Connecté à la base de données
14:13:40 Database DEBUG : Connecté à la base de données
14:13:58 Database DEBUG : Connecté à la base de données
14:13:58 Application INFO : Utilisateur connecté : cendrine.cabou@inserm.fr ( 39 )
14:13:58 Database DEBUG : Connecté à la base de données
14:14:12 Database DEBUG : Connecté à la base de données
14:14:17 Database DEBUG : Connecté à la base de données
14:26:39 Database DEBUG : Connecté à la base de données
14:26:42 Database DEBUG : Connecté à la base de données
14:34:29 Database DEBUG : Connecté à la base de données
14:34:48 Database DEBUG : Connecté à la base de données
14:34:48 Database DEBUG : Connecté à la base de données
14:35:03 Database DEBUG : Connecté à la base de données
14:35:03 Database DEBUG : Connecté à la base de données
14:35:25 Database DEBUG : Connecté à la base de données
14:35:26 Database DEBUG : Connecté à la base de données
14:36:18 Database DEBUG : Connecté à la base de données
14:36:18 Database DEBUG : Connecté à la base de données
14:39:05 Database DEBUG : Connecté à la base de données
14:39:05 Database DEBUG : Connecté à la base de données
14:52:59 Database DEBUG : Connecté à la base de données
14:52:59 Application INFO : Commande #164 créée par l'utilisateur 39
14:52:59 Database DEBUG : Connecté à la base de données
15:27:23 Database DEBUG : Connecté à la base de données
15:27:24 Database DEBUG : Connecté à la base de données
15:27:26 Database DEBUG : Connecté à la base de données
16:36:42 Database DEBUG : Connecté à la base de données
17:04:41 Database DEBUG : Connecté à la base de données
17:04:42 Database DEBUG : Connecté à la base de données
