13:55:49 Database DEBUG : Connecté à la base de données
13:55:49 Database DEBUG : Connecté à la base de données
13:55:56 Database DEBUG : Connecté à la base de données
13:55:56 Application INFO : Administrateur connecté : lucie.fontaine ( 6 )
13:55:57 Database DEBUG : Connecté à la base de données
13:55:58 Database DEBUG : Connecté à la base de données
13:56:00 Database DEBUG : Connecté à la base de données
13:56:02 Database DEBUG : Connecté à la base de données
13:56:02 Mail DEBUG : Trying to send mail mail_commande_prete from histologie-i2mc@inserm.fr to Array
(
    [mail] => christophe.heymes@inserm.fr
    [name] => Christophe Heymes
)
.
13:56:02 Mail DEBUG : Mail envoyé.
13:56:02 Application INFO : Retour validée avec succès par l'administrateur #6
14:16:16 Database DEBUG : Connecté à la base de données
14:16:18 Database DEBUG : Connecté à la base de données
14:17:06 Database DEBUG : Connecté à la base de données
14:17:06 Application INFO : Coupe validée avec succès par l'administrateur #6
14:17:42 Database DEBUG : Connecté à la base de données
17:54:52 Database DEBUG : Connecté à la base de données
18:35:23 Database DEBUG : Connecté à la base de données
18:35:23 Database DEBUG : Connecté à la base de données
