08:44:34 Database DEBUG : Connecté à la base de données
08:44:34 Database DEBUG : Connecté à la base de données
08:48:57 Database DEBUG : Connecté à la base de données
08:48:57 Application INFO : Utilisateur connecté : emilie.segura@inserm.fr ( 21 )
08:48:57 Database DEBUG : Connecté à la base de données
08:48:58 Database DEBUG : Connecté à la base de données
08:49:03 Database DEBUG : Connecté à la base de données
08:49:03 Database DEBUG : Connecté à la base de données
10:29:28 Database DEBUG : Connecté à la base de données
10:29:28 Database DEBUG : Connecté à la base de données
10:30:11 Database DEBUG : Connecté à la base de données
10:30:11 Application INFO : Administrateur connecté : lucie.fontaine ( 6 )
10:30:11 Database DEBUG : Connecté à la base de données
10:30:12 Database DEBUG : Connecté à la base de données
10:30:13 Database DEBUG : Connecté à la base de données
10:30:26 Database DEBUG : Connecté à la base de données
10:30:26 Mail DEBUG : Trying to send mail mail_commande_prete from histologie-i2mc@inserm.fr to Array
(
    [mail] => emilie.segura@inserm.fr
    [name] => Emilie Segura
)
.
10:30:26 Mail DEBUG : Mail envoyé.
10:30:26 Application INFO : Retour validée avec succès par l'administrateur #6
10:30:48 Database DEBUG : Connecté à la base de données
10:30:49 Database DEBUG : Connecté à la base de données
10:30:53 Database DEBUG : Connecté à la base de données
10:30:54 Database DEBUG : Connecté à la base de données
10:30:56 Database DEBUG : Connecté à la base de données
10:31:00 Database DEBUG : Connecté à la base de données
10:31:01 Database DEBUG : Connecté à la base de données
10:31:03 Database DEBUG : Connecté à la base de données
12:19:10 Database DEBUG : Connecté à la base de données
12:19:10 Database DEBUG : Connecté à la base de données
12:19:27 Database DEBUG : Connecté à la base de données
12:19:27 Database DEBUG : Connecté à la base de données
12:19:40 Database DEBUG : Connecté à la base de données
12:19:40 Database DEBUG : Connecté à la base de données
12:20:23 Database DEBUG : Connecté à la base de données
12:20:23 Application INFO : Commande #104 créée par l'utilisateur 21
12:20:23 Database DEBUG : Connecté à la base de données
12:20:53 Database DEBUG : Connecté à la base de données
12:21:33 Database DEBUG : Connecté à la base de données
12:21:34 Database DEBUG : Connecté à la base de données
12:21:36 Database DEBUG : Connecté à la base de données
12:21:37 Database DEBUG : Connecté à la base de données
12:21:59 Database DEBUG : Connecté à la base de données
12:21:59 Application INFO : Coupe validée avec succès par l'administrateur #6
12:22:03 Database DEBUG : Connecté à la base de données
14:45:47 Database DEBUG : Connecté à la base de données
14:45:50 Database DEBUG : Connecté à la base de données
14:45:53 Database DEBUG : Connecté à la base de données
14:46:22 Database DEBUG : Connecté à la base de données
14:46:22 Database DEBUG : Connecté à la base de données
14:47:01 Database DEBUG : Connecté à la base de données
14:47:01 Database DEBUG : Connecté à la base de données
14:47:05 Database DEBUG : Connecté à la base de données
14:47:05 Application INFO : Commande #105 créée par l'utilisateur 20
14:47:05 Database DEBUG : Connecté à la base de données
14:49:49 Database DEBUG : Connecté à la base de données
14:49:49 Database DEBUG : Connecté à la base de données
14:56:09 Database DEBUG : Connecté à la base de données
14:56:11 Database DEBUG : Connecté à la base de données
14:56:14 Database DEBUG : Connecté à la base de données
14:56:32 Database DEBUG : Connecté à la base de données
14:56:32 Database DEBUG : Connecté à la base de données
14:56:58 Database DEBUG : Connecté à la base de données
14:56:58 Database DEBUG : Connecté à la base de données
14:56:59 Database DEBUG : Connecté à la base de données
14:56:59 Application INFO : Commande #106 créée par l'utilisateur 20
14:56:59 Database DEBUG : Connecté à la base de données
16:04:12 Database DEBUG : Connecté à la base de données
16:04:13 Database DEBUG : Connecté à la base de données
16:04:14 Database DEBUG : Connecté à la base de données
16:04:18 Database DEBUG : Connecté à la base de données
16:04:20 Database DEBUG : Connecté à la base de données
16:04:23 Database DEBUG : Connecté à la base de données
16:04:23 Application INFO : Coupe validée avec succès par l'administrateur #6
16:07:51 Database DEBUG : Connecté à la base de données
16:07:53 Database DEBUG : Connecté à la base de données
16:07:54 Database DEBUG : Connecté à la base de données
