07:39:50 Database DEBUG : Connecté à la base de données
07:39:50 Database DEBUG : Connecté à la base de données
07:44:35 Database DEBUG : Connecté à la base de données
07:44:36 Application INFO : Utilisateur connecté : christophe.heymes@inserm.fr ( 23 )
07:44:36 Database DEBUG : Connecté à la base de données
07:44:44 Database DEBUG : Connecté à la base de données
07:44:50 Database DEBUG : Connecté à la base de données
07:48:17 Database DEBUG : Connecté à la base de données
07:48:17 Database DEBUG : Connecté à la base de données
07:48:26 Database DEBUG : Connecté à la base de données
07:48:26 Database DEBUG : Connecté à la base de données
07:48:30 Database DEBUG : Connecté à la base de données
07:48:30 Application INFO : Commande #57 créée par l'utilisateur 23
07:48:31 Database DEBUG : Connecté à la base de données
09:17:44 Database DEBUG : Connecté à la base de données
09:17:49 Database DEBUG : Connecté à la base de données
09:18:15 Database DEBUG : Connecté à la base de données
09:18:16 Application INFO : Utilisateur connecté : anais.briot@inserm.fr ( 27 )
09:18:16 Database DEBUG : Connecté à la base de données
09:18:27 Database DEBUG : Connecté à la base de données
09:18:31 Database DEBUG : Connecté à la base de données
09:19:04 Database DEBUG : Connecté à la base de données
09:19:04 Database DEBUG : Connecté à la base de données
09:19:10 Database DEBUG : Connecté à la base de données
09:19:10 Database DEBUG : Connecté à la base de données
09:19:28 Database DEBUG : Connecté à la base de données
09:19:28 Database DEBUG : Connecté à la base de données
09:19:34 Database DEBUG : Connecté à la base de données
09:19:34 Database DEBUG : Connecté à la base de données
09:19:37 Database DEBUG : Connecté à la base de données
09:19:37 Application INFO : Commande #58 créée par l'utilisateur 27
09:19:37 Database DEBUG : Connecté à la base de données
09:21:42 Database DEBUG : Connecté à la base de données
09:21:45 Database DEBUG : Connecté à la base de données
09:21:47 Database DEBUG : Connecté à la base de données
09:33:04 Database DEBUG : Connecté à la base de données
09:33:04 Database DEBUG : Connecté à la base de données
09:33:08 Database DEBUG : Connecté à la base de données
09:33:08 Application INFO : Administrateur connecté : lucie.fontaine ( 6 )
09:33:08 Database DEBUG : Connecté à la base de données
09:33:09 Database DEBUG : Connecté à la base de données
09:33:12 Database DEBUG : Connecté à la base de données
09:37:16 Database DEBUG : Connecté à la base de données
09:37:16 Application INFO : Réception validée avec succès par l'administrateur #6
09:37:21 Database DEBUG : Connecté à la base de données
09:37:22 Database DEBUG : Connecté à la base de données
09:37:43 Database DEBUG : Connecté à la base de données
09:37:43 Application INFO : Inclusion validée avec succès par l'administrateur #6
09:38:02 Database DEBUG : Connecté à la base de données
09:38:02 Application INFO : Inclusion validée avec succès par l'administrateur #6
09:38:06 Database DEBUG : Connecté à la base de données
09:38:09 Database DEBUG : Connecté à la base de données
09:38:38 Database DEBUG : Connecté à la base de données
09:38:42 Database DEBUG : Connecté à la base de données
09:38:43 Database DEBUG : Connecté à la base de données
09:42:17 Database DEBUG : Connecté à la base de données
09:44:16 Database DEBUG : Connecté à la base de données
09:44:16 Database DEBUG : Connecté à la base de données
09:44:24 Database DEBUG : Connecté à la base de données
09:44:24 Database DEBUG : Connecté à la base de données
09:44:38 Database DEBUG : Connecté à la base de données
09:44:38 Database DEBUG : Connecté à la base de données
09:45:18 Database DEBUG : Connecté à la base de données
09:45:18 Database DEBUG : Connecté à la base de données
09:47:02 Database DEBUG : Connecté à la base de données
09:47:02 Application INFO : Commande #59 créée par l'utilisateur 27
09:47:02 Database DEBUG : Connecté à la base de données
09:47:21 Database DEBUG : Connecté à la base de données
09:47:24 Database DEBUG : Connecté à la base de données
09:48:06 Database DEBUG : Connecté à la base de données
09:49:05 Database DEBUG : Connecté à la base de données
09:49:05 Database DEBUG : Connecté à la base de données
09:49:13 Database DEBUG : Connecté à la base de données
09:49:13 Database DEBUG : Connecté à la base de données
09:49:25 Database DEBUG : Connecté à la base de données
09:49:25 Database DEBUG : Connecté à la base de données
09:49:42 Database DEBUG : Connecté à la base de données
09:49:42 Database DEBUG : Connecté à la base de données
09:50:25 Database DEBUG : Connecté à la base de données
09:50:25 Application INFO : Commande #60 créée par l'utilisateur 27
09:50:25 Database DEBUG : Connecté à la base de données
09:50:35 Database DEBUG : Connecté à la base de données
09:50:58 Database DEBUG : Connecté à la base de données
09:51:06 Database DEBUG : Connecté à la base de données
09:52:17 Database DEBUG : Connecté à la base de données
09:52:17 Database DEBUG : Connecté à la base de données
09:52:26 Database DEBUG : Connecté à la base de données
09:52:26 Database DEBUG : Connecté à la base de données
09:52:40 Database DEBUG : Connecté à la base de données
09:52:40 Database DEBUG : Connecté à la base de données
09:52:56 Database DEBUG : Connecté à la base de données
09:52:56 Database DEBUG : Connecté à la base de données
09:53:01 Database DEBUG : Connecté à la base de données
09:53:03 Database DEBUG : Connecté à la base de données
09:53:11 Database DEBUG : Connecté à la base de données
09:53:11 Application INFO : Réception validée avec succès par l'administrateur #6
09:53:15 Database DEBUG : Connecté à la base de données
09:53:17 Database DEBUG : Connecté à la base de données
09:53:27 Database DEBUG : Connecté à la base de données
09:53:44 Database DEBUG : Connecté à la base de données
09:53:44 Application INFO : Commande #61 créée par l'utilisateur 27
09:53:44 Database DEBUG : Connecté à la base de données
09:53:46 Database DEBUG : Connecté à la base de données
09:53:50 Database DEBUG : Connecté à la base de données
09:54:18 Database DEBUG : Connecté à la base de données
09:55:01 Database DEBUG : Connecté à la base de données
09:55:01 Database DEBUG : Connecté à la base de données
09:55:08 Database DEBUG : Connecté à la base de données
09:55:08 Database DEBUG : Connecté à la base de données
09:55:16 Database DEBUG : Connecté à la base de données
09:55:16 Database DEBUG : Connecté à la base de données
09:55:23 Database DEBUG : Connecté à la base de données
09:55:23 Database DEBUG : Connecté à la base de données
09:56:03 Database DEBUG : Connecté à la base de données
09:56:03 Application INFO : Commande #62 créée par l'utilisateur 27
09:56:03 Database DEBUG : Connecté à la base de données
09:56:06 Database DEBUG : Connecté à la base de données
09:56:07 Database DEBUG : Connecté à la base de données
09:56:27 Database DEBUG : Connecté à la base de données
09:56:32 Database DEBUG : Connecté à la base de données
09:56:36 Database DEBUG : Connecté à la base de données
09:57:15 Database DEBUG : Connecté à la base de données
09:57:15 Database DEBUG : Connecté à la base de données
09:57:23 Database DEBUG : Connecté à la base de données
09:57:23 Database DEBUG : Connecté à la base de données
09:57:31 Database DEBUG : Connecté à la base de données
09:57:31 Database DEBUG : Connecté à la base de données
09:57:38 Database DEBUG : Connecté à la base de données
09:57:38 Database DEBUG : Connecté à la base de données
09:58:33 Database DEBUG : Connecté à la base de données
09:58:33 Application INFO : Commande #63 créée par l'utilisateur 27
09:58:33 Database DEBUG : Connecté à la base de données
09:58:34 Database DEBUG : Connecté à la base de données
09:59:07 Database DEBUG : Connecté à la base de données
09:59:10 Database DEBUG : Connecté à la base de données
10:00:20 Database DEBUG : Connecté à la base de données
10:00:20 Database DEBUG : Connecté à la base de données
10:00:29 Database DEBUG : Connecté à la base de données
10:00:29 Database DEBUG : Connecté à la base de données
10:00:36 Database DEBUG : Connecté à la base de données
10:00:36 Database DEBUG : Connecté à la base de données
10:00:48 Database DEBUG : Connecté à la base de données
10:00:48 Database DEBUG : Connecté à la base de données
10:01:32 Database DEBUG : Connecté à la base de données
10:01:32 Application INFO : Commande #64 créée par l'utilisateur 27
10:01:32 Database DEBUG : Connecté à la base de données
10:01:41 Database DEBUG : Connecté à la base de données
10:01:47 Database DEBUG : Connecté à la base de données
10:02:08 Database DEBUG : Connecté à la base de données
10:03:07 Database DEBUG : Connecté à la base de données
10:03:07 Database DEBUG : Connecté à la base de données
10:03:11 Database DEBUG : Connecté à la base de données
10:03:11 Database DEBUG : Connecté à la base de données
10:03:20 Database DEBUG : Connecté à la base de données
10:03:20 Database DEBUG : Connecté à la base de données
10:03:37 Database DEBUG : Connecté à la base de données
10:03:37 Database DEBUG : Connecté à la base de données
10:04:11 Database DEBUG : Connecté à la base de données
10:04:12 Database DEBUG : Connecté à la base de données
10:05:00 Database DEBUG : Connecté à la base de données
10:05:00 Application INFO : Commande #65 créée par l'utilisateur 27
10:05:00 Database DEBUG : Connecté à la base de données
10:05:03 Database DEBUG : Connecté à la base de données
10:05:26 Database DEBUG : Connecté à la base de données
10:05:28 Database DEBUG : Connecté à la base de données
10:06:27 Database DEBUG : Connecté à la base de données
10:06:27 Database DEBUG : Connecté à la base de données
10:06:34 Database DEBUG : Connecté à la base de données
10:06:34 Database DEBUG : Connecté à la base de données
10:06:41 Database DEBUG : Connecté à la base de données
10:06:41 Database DEBUG : Connecté à la base de données
10:06:54 Database DEBUG : Connecté à la base de données
10:06:54 Database DEBUG : Connecté à la base de données
10:07:40 Database DEBUG : Connecté à la base de données
10:07:40 Application INFO : Commande #66 créée par l'utilisateur 27
10:07:40 Database DEBUG : Connecté à la base de données
10:07:41 Database DEBUG : Connecté à la base de données
10:07:44 Database DEBUG : Connecté à la base de données
10:17:22 Database DEBUG : Connecté à la base de données
10:17:23 Database DEBUG : Connecté à la base de données
10:17:24 Database DEBUG : Connecté à la base de données
10:17:28 Database DEBUG : Connecté à la base de données
10:17:28 Application INFO : Réception validée avec succès par l'administrateur #6
10:17:30 Database DEBUG : Connecté à la base de données
10:17:32 Database DEBUG : Connecté à la base de données
10:17:38 Database DEBUG : Connecté à la base de données
14:14:22 Database DEBUG : Connecté à la base de données
14:14:22 Database DEBUG : Connecté à la base de données
14:14:24 Database DEBUG : Connecté à la base de données
14:14:24 Application INFO : Utilisateur connecté : christophe.heymes@inserm.fr ( 23 )
14:14:24 Database DEBUG : Connecté à la base de données
14:14:39 Database DEBUG : Connecté à la base de données
14:14:42 Database DEBUG : Connecté à la base de données
14:17:49 Database DEBUG : Connecté à la base de données
14:17:49 Database DEBUG : Connecté à la base de données
14:17:57 Database DEBUG : Connecté à la base de données
14:17:57 Database DEBUG : Connecté à la base de données
14:18:00 Database DEBUG : Connecté à la base de données
14:18:00 Application INFO : Commande #67 créée par l'utilisateur 23
14:18:00 Database DEBUG : Connecté à la base de données
14:20:32 Database DEBUG : Connecté à la base de données
14:20:32 Database DEBUG : Connecté à la base de données
14:20:36 Database DEBUG : Connecté à la base de données
14:20:36 Application INFO : Administrateur connecté : lucie.fontaine ( 6 )
14:20:36 Database DEBUG : Connecté à la base de données
14:20:37 Database DEBUG : Connecté à la base de données
14:20:39 Database DEBUG : Connecté à la base de données
14:20:43 Database DEBUG : Connecté à la base de données
14:20:43 Application INFO : Réception validée avec succès par l'administrateur #6
14:20:46 Database DEBUG : Connecté à la base de données
15:11:53 Database DEBUG : Connecté à la base de données
15:11:54 Database DEBUG : Connecté à la base de données
15:11:56 Database DEBUG : Connecté à la base de données
15:11:57 Database DEBUG : Connecté à la base de données
15:11:58 Database DEBUG : Connecté à la base de données
15:12:02 Database DEBUG : Connecté à la base de données
15:12:02 Application INFO : Réception validée avec succès par l'administrateur #6
15:12:06 Database DEBUG : Connecté à la base de données
15:12:07 Database DEBUG : Connecté à la base de données
15:12:08 Database DEBUG : Connecté à la base de données
