10:22:04 Database DEBUG : Connecté à la base de données
10:22:04 Database DEBUG : Connecté à la base de données
10:22:07 Database DEBUG : Connecté à la base de données
10:22:08 Application INFO : Administrateur connecté : lucie.fontaine ( 6 )
10:22:08 Database DEBUG : Connecté à la base de données
10:22:09 Database DEBUG : Connecté à la base de données
10:22:10 Database DEBUG : Connecté à la base de données
10:23:33 Database DEBUG : Connecté à la base de données
10:23:33 Application INFO : Réception validée avec succès par l'administrateur #6
10:23:37 Database DEBUG : Connecté à la base de données
10:23:39 Database DEBUG : Connecté à la base de données
10:23:40 Database DEBUG : Connecté à la base de données
10:23:42 Database DEBUG : Connecté à la base de données
10:23:45 Database DEBUG : Connecté à la base de données
10:23:45 Application INFO : Réception validée avec succès par l'administrateur #6
10:47:03 Database DEBUG : Connecté à la base de données
10:47:04 Database DEBUG : Connecté à la base de données
13:01:37 Database DEBUG : Connecté à la base de données
13:01:39 Database DEBUG : Connecté à la base de données
13:01:41 Database DEBUG : Connecté à la base de données
13:01:41 Application INFO : Réception validée avec succès par l'administrateur #6
15:12:58 Database DEBUG : Connecté à la base de données
15:12:59 Database DEBUG : Connecté à la base de données
15:13:00 Database DEBUG : Connecté à la base de données
15:13:03 Database DEBUG : Connecté à la base de données
15:13:24 Database DEBUG : Connecté à la base de données
15:13:24 Application INFO : Coupe validée avec succès par l'administrateur #6
15:19:54 Database DEBUG : Connecté à la base de données
15:19:56 Database DEBUG : Connecté à la base de données
16:18:50 Database DEBUG : Connecté à la base de données
16:18:54 Database DEBUG : Connecté à la base de données
17:42:51 Database DEBUG : Connecté à la base de données
17:42:52 Database DEBUG : Connecté à la base de données
17:42:56 Database DEBUG : Connecté à la base de données
17:42:57 Application INFO : Utilisateur connecté : marie.bellio@inserm.fr ( 40 )
17:42:57 Database DEBUG : Connecté à la base de données
17:43:10 Database DEBUG : Connecté à la base de données
17:43:21 Database DEBUG : Connecté à la base de données
17:46:49 Database DEBUG : Connecté à la base de données
17:46:49 Database DEBUG : Connecté à la base de données
17:47:19 Database DEBUG : Connecté à la base de données
17:47:19 Database DEBUG : Connecté à la base de données
17:50:03 Database DEBUG : Connecté à la base de données
17:50:03 Database DEBUG : Connecté à la base de données
17:50:15 Database DEBUG : Connecté à la base de données
17:50:15 Database DEBUG : Connecté à la base de données
17:51:28 Database DEBUG : Connecté à la base de données
