09:55:07 Database DEBUG : Connecté à la base de données
09:55:12 Database DEBUG : Connecté à la base de données
09:55:13 Database DEBUG : Connecté à la base de données
09:55:14 Application INFO : Utilisateur connecté : enzo.piccolo ( 38 )
09:55:14 Database DEBUG : Connecté à la base de données
09:55:16 Database DEBUG : Connecté à la base de données
09:55:24 Database DEBUG : Connecté à la base de données
09:56:19 Database DEBUG : Connecté à la base de données
09:56:19 Database DEBUG : Connecté à la base de données
09:56:39 Database DEBUG : Connecté à la base de données
09:56:39 Database DEBUG : Connecté à la base de données
09:56:53 Database DEBUG : Connecté à la base de données
09:56:53 Database DEBUG : Connecté à la base de données
09:56:58 Database DEBUG : Connecté à la base de données
09:56:58 Application INFO : Commande #156 créée par l'utilisateur 38
09:56:58 Database DEBUG : Connecté à la base de données
09:59:17 Database DEBUG : Connecté à la base de données
10:30:26 Database DEBUG : Connecté à la base de données
10:30:26 Database DEBUG : Connecté à la base de données
10:30:30 Database DEBUG : Connecté à la base de données
10:30:30 Application INFO : Administrateur connecté : lucie.fontaine ( 6 )
10:30:30 Database DEBUG : Connecté à la base de données
10:30:32 Database DEBUG : Connecté à la base de données
10:30:33 Database DEBUG : Connecté à la base de données
10:30:35 Database DEBUG : Connecté à la base de données
10:30:35 Application INFO : Réception validée avec succès par l'administrateur #6
10:30:37 Database DEBUG : Connecté à la base de données
10:30:39 Database DEBUG : Connecté à la base de données
10:30:45 Database DEBUG : Connecté à la base de données
10:30:45 Mail DEBUG : Trying to send mail mail_commande_prete from histologie-i2mc@inserm.fr to Array
(
    [mail] => enzo.piccolo@inserm.fr
    [name] => Enzo Piccolo
)
.
10:30:46 Mail DEBUG : Mail envoyé.
10:30:46 Mail DEBUG : Trying to send mail mail_commande_prete from histologie-i2mc@inserm.fr to Array
(
    [mail] => enzo.piccolo@inserm.fr
    [name] => Enzo Piccolo
)
.
10:30:46 Mail DEBUG : Mail envoyé.
10:30:46 Mail DEBUG : Trying to send mail mail_commande_prete from histologie-i2mc@inserm.fr to Array
(
    [mail] => enzo.piccolo@inserm.fr
    [name] => Enzo Piccolo
)
.
10:30:46 Mail DEBUG : Mail envoyé.
10:30:46 Mail DEBUG : Trying to send mail mail_commande_prete from histologie-i2mc@inserm.fr to Array
(
    [mail] => enzo.piccolo@inserm.fr
    [name] => Enzo Piccolo
)
.
10:30:46 Mail DEBUG : Mail envoyé.
10:30:46 Application INFO : Retour validée avec succès par l'administrateur #6
10:30:48 Database DEBUG : Connecté à la base de données
11:15:33 Database DEBUG : Connecté à la base de données
11:15:34 Database DEBUG : Connecté à la base de données
16:03:46 Database DEBUG : Connecté à la base de données
16:03:46 Database DEBUG : Connecté à la base de données
16:03:52 Database DEBUG : Connecté à la base de données
16:03:52 Application INFO : Administrateur connecté : lucie.fontaine ( 6 )
16:03:52 Database DEBUG : Connecté à la base de données
16:03:53 Database DEBUG : Connecté à la base de données
16:03:55 Database DEBUG : Connecté à la base de données
16:04:18 Database DEBUG : Connecté à la base de données
16:04:18 Application INFO : Coloration validée avec succès par l'administrateur #6
16:04:21 Database DEBUG : Connecté à la base de données
16:04:24 Database DEBUG : Connecté à la base de données
16:04:25 Database DEBUG : Connecté à la base de données
16:04:29 Database DEBUG : Connecté à la base de données
16:05:04 Database DEBUG : Connecté à la base de données
16:05:04 Application INFO : Coupe validée avec succès par l'administrateur #6
16:05:18 Database DEBUG : Connecté à la base de données
16:05:21 Database DEBUG : Connecté à la base de données
16:05:22 Database DEBUG : Connecté à la base de données
16:05:26 Database DEBUG : Connecté à la base de données
