09:04:35 Database DEBUG : Connecté à la base de données
09:04:35 Database DEBUG : Connecté à la base de données
09:04:43 Database DEBUG : Connecté à la base de données
09:04:44 Application INFO : Utilisateur connecté : hugo.martinez ( 3 )
09:04:44 Database DEBUG : Connecté à la base de données
09:06:39 Database DEBUG : Connecté à la base de données
09:06:40 Database DEBUG : Connecté à la base de données
09:06:40 Database DEBUG : Connecté à la base de données
09:06:41 Database DEBUG : Connecté à la base de données
09:08:26 Database DEBUG : Connecté à la base de données
09:08:26 Database DEBUG : Connecté à la base de données
09:08:28 Database DEBUG : Connecté à la base de données
09:08:30 Database DEBUG : Connecté à la base de données
09:08:30 Database DEBUG : Connecté à la base de données
09:08:32 Database DEBUG : Connecté à la base de données
09:08:33 Database DEBUG : Connecté à la base de données
09:08:33 Database DEBUG : Connecté à la base de données
09:08:34 Database DEBUG : Connecté à la base de données
09:08:39 Database DEBUG : Connecté à la base de données
09:13:43 Database DEBUG : Connecté à la base de données
09:14:09 Database DEBUG : Connecté à la base de données
09:51:07 Database DEBUG : Connecté à la base de données
09:51:21 Database DEBUG : Connecté à la base de données
10:16:54 Database DEBUG : Connecté à la base de données
10:17:06 Database DEBUG : Connecté à la base de données
10:17:08 Database DEBUG : Connecté à la base de données
10:17:10 Database DEBUG : Connecté à la base de données
10:17:12 Database DEBUG : Connecté à la base de données
10:17:14 Database DEBUG : Connecté à la base de données
10:17:16 Database DEBUG : Connecté à la base de données
10:17:18 Database DEBUG : Connecté à la base de données
10:17:19 Database DEBUG : Connecté à la base de données
10:17:23 Database DEBUG : Connecté à la base de données
10:17:48 Database DEBUG : Connecté à la base de données
10:18:06 Database DEBUG : Connecté à la base de données
10:18:06 Database DEBUG : Connecté à la base de données
10:18:32 Database DEBUG : Connecté à la base de données
10:18:41 Database DEBUG : Connecté à la base de données
10:18:58 Database DEBUG : Connecté à la base de données
10:19:06 Database DEBUG : Connecté à la base de données
10:19:06 Database DEBUG : Connecté à la base de données
10:19:07 Database DEBUG : Connecté à la base de données
10:19:12 Database DEBUG : Connecté à la base de données
10:19:12 Database DEBUG : Connecté à la base de données
10:19:18 Database DEBUG : Connecté à la base de données
10:19:22 Database DEBUG : Connecté à la base de données
10:19:26 Database DEBUG : Connecté à la base de données
10:19:30 Database DEBUG : Connecté à la base de données
10:19:45 Database DEBUG : Connecté à la base de données
10:19:45 Database DEBUG : Connecté à la base de données
10:19:47 Database DEBUG : Connecté à la base de données
10:19:49 Database DEBUG : Connecté à la base de données
10:19:49 Database DEBUG : Connecté à la base de données
10:19:53 Database DEBUG : Connecté à la base de données
10:19:54 Database DEBUG : Connecté à la base de données
10:19:54 Database DEBUG : Connecté à la base de données
10:21:36 Database DEBUG : Connecté à la base de données
10:21:36 Database DEBUG : Connecté à la base de données
10:21:37 Database DEBUG : Connecté à la base de données
10:21:38 Database DEBUG : Connecté à la base de données
10:21:38 Database DEBUG : Connecté à la base de données
10:28:20 Database DEBUG : Connecté à la base de données
10:28:40 Database DEBUG : Connecté à la base de données
10:29:17 Database DEBUG : Connecté à la base de données
10:29:39 Database DEBUG : Connecté à la base de données
10:29:56 Database DEBUG : Connecté à la base de données
10:36:41 Database DEBUG : Connecté à la base de données
10:37:54 Database DEBUG : Connecté à la base de données
10:38:07 Database DEBUG : Connecté à la base de données
10:38:07 Database DEBUG : Connecté à la base de données
10:38:10 Database DEBUG : Connecté à la base de données
10:38:14 Database DEBUG : Connecté à la base de données
10:38:35 Database DEBUG : Connecté à la base de données
10:38:40 Database DEBUG : Connecté à la base de données
10:38:44 Database DEBUG : Connecté à la base de données
10:38:44 Database DEBUG : Connecté à la base de données
10:38:46 Database DEBUG : Connecté à la base de données
10:39:06 Database DEBUG : Connecté à la base de données
10:39:10 Database DEBUG : Connecté à la base de données
10:39:10 Database DEBUG : Connecté à la base de données
10:39:22 Database DEBUG : Connecté à la base de données
10:39:24 Database DEBUG : Connecté à la base de données
10:39:27 Database DEBUG : Connecté à la base de données
10:39:41 Database DEBUG : Connecté à la base de données
10:40:10 Database DEBUG : Connecté à la base de données
10:40:14 Database DEBUG : Connecté à la base de données
10:40:14 Database DEBUG : Connecté à la base de données
10:46:21 Database DEBUG : Connecté à la base de données
10:46:38 Database DEBUG : Connecté à la base de données
10:46:40 Database DEBUG : Connecté à la base de données
10:47:11 Database DEBUG : Connecté à la base de données
10:50:34 Database DEBUG : Connecté à la base de données
10:50:39 Database DEBUG : Connecté à la base de données
10:51:48 Database DEBUG : Connecté à la base de données
10:52:19 Database DEBUG : Connecté à la base de données
10:52:41 Database DEBUG : Connecté à la base de données
10:53:59 Database DEBUG : Connecté à la base de données
11:36:45 Database DEBUG : Connecté à la base de données
11:36:49 Database DEBUG : Connecté à la base de données
11:36:53 Database DEBUG : Connecté à la base de données
11:36:54 Database DEBUG : Connecté à la base de données
11:36:58 Database DEBUG : Connecté à la base de données
11:38:38 Database DEBUG : Connecté à la base de données
11:38:38 Database DEBUG : Connecté à la base de données
11:38:53 Database DEBUG : Connecté à la base de données
11:38:53 Database DEBUG : Connecté à la base de données
11:39:07 Database DEBUG : Connecté à la base de données
11:39:07 Application INFO : Commande #23 créée par l'utilisateur 10
11:39:11 Database DEBUG : Connecté à la base de données
11:39:24 Database DEBUG : Connecté à la base de données
11:39:25 Database DEBUG : Connecté à la base de données
11:39:28 Database DEBUG : Connecté à la base de données
11:41:27 Database DEBUG : Connecté à la base de données
11:41:28 Database DEBUG : Connecté à la base de données
11:41:31 Database DEBUG : Connecté à la base de données
11:41:32 Database DEBUG : Connecté à la base de données
11:41:36 Database DEBUG : Connecté à la base de données
11:41:38 Database DEBUG : Connecté à la base de données
11:41:40 Database DEBUG : Connecté à la base de données
11:41:43 Database DEBUG : Connecté à la base de données
11:41:47 Database DEBUG : Connecté à la base de données
11:41:49 Database DEBUG : Connecté à la base de données
11:47:29 Database DEBUG : Connecté à la base de données
11:47:29 Database DEBUG : Connecté à la base de données
11:47:39 Database DEBUG : Connecté à la base de données
11:47:39 Application INFO : Administrateur connecté : lucie.fontaine ( 6 )
11:47:39 Database DEBUG : Connecté à la base de données
11:47:41 Database DEBUG : Connecté à la base de données
11:47:44 Database DEBUG : Connecté à la base de données
11:47:50 Database DEBUG : Connecté à la base de données
11:47:50 Application INFO : Réception validée avec succès par l'administrateur #6
11:47:54 Database DEBUG : Connecté à la base de données
11:49:02 Database DEBUG : Connecté à la base de données
11:49:05 Database DEBUG : Connecté à la base de données
11:49:07 Database DEBUG : Connecté à la base de données
11:49:10 Database DEBUG : Connecté à la base de données
11:49:16 Database DEBUG : Connecté à la base de données
11:49:19 Database DEBUG : Connecté à la base de données
11:49:26 Database DEBUG : Connecté à la base de données
11:49:49 Database DEBUG : Connecté à la base de données
11:50:00 Database DEBUG : Connecté à la base de données
11:50:12 Database DEBUG : Connecté à la base de données
11:53:22 Database DEBUG : Connecté à la base de données
11:53:26 Database DEBUG : Connecté à la base de données
11:53:28 Database DEBUG : Connecté à la base de données
11:53:29 Database DEBUG : Connecté à la base de données
11:53:35 Database DEBUG : Connecté à la base de données
11:53:37 Database DEBUG : Connecté à la base de données
13:49:59 Database DEBUG : Connecté à la base de données
13:49:59 Database DEBUG : Connecté à la base de données
13:50:10 Database DEBUG : Connecté à la base de données
13:50:10 Application INFO : Utilisateur connecté : hugo.martinez (  )
13:50:10 Database DEBUG : Connecté à la base de données
13:50:10 Database DEBUG : Connecté à la base de données
13:50:20 Database DEBUG : Connecté à la base de données
13:50:24 Database DEBUG : Connecté à la base de données
13:50:24 Application INFO : Administrateur connecté : hugo.martinez ( 5 )
13:50:24 Database DEBUG : Connecté à la base de données
13:50:26 Database DEBUG : Connecté à la base de données
13:50:28 Database DEBUG : Connecté à la base de données
13:50:38 Database DEBUG : Connecté à la base de données
13:56:05 Database DEBUG : Connecté à la base de données
13:56:05 Aplication INFO : Animal ajouté par l'administrateur #5
13:56:05 Database DEBUG : Connecté à la base de données
13:56:08 Database DEBUG : Connecté à la base de données
13:56:08 Aplication INFO : Animal supprimé par l'administrateur #5
13:56:11 Database DEBUG : Connecté à la base de données
13:56:11 Aplication INFO : Animal modifié par l'administrateur #5
13:56:14 Database DEBUG : Connecté à la base de données
13:56:14 Aplication INFO : Animal modifié par l'administrateur #5
14:08:12 Database DEBUG : Connecté à la base de données
14:08:12 Database DEBUG : Connecté à la base de données
14:08:21 Database DEBUG : Connecté à la base de données
14:08:22 Application INFO : Utilisateur connecté : hugo.martinez ( 3 )
14:08:22 Database DEBUG : Connecté à la base de données
14:08:24 Database DEBUG : Connecté à la base de données
14:08:28 Database DEBUG : Connecté à la base de données
14:08:32 Database DEBUG : Connecté à la base de données
14:08:36 Database DEBUG : Connecté à la base de données
14:09:10 Database DEBUG : Connecté à la base de données
14:09:10 Database DEBUG : Connecté à la base de données
14:09:24 Database DEBUG : Connecté à la base de données
14:09:24 Database DEBUG : Connecté à la base de données
14:09:41 Database DEBUG : Connecté à la base de données
14:09:41 Database DEBUG : Connecté à la base de données
14:09:46 Database DEBUG : Connecté à la base de données
14:09:46 Application INFO : Commande #24 créée par l'utilisateur 3
14:09:46 Database DEBUG : Connecté à la base de données
15:16:57 Database DEBUG : Connecté à la base de données
15:16:59 Database DEBUG : Connecté à la base de données
15:17:02 Database DEBUG : Connecté à la base de données
15:17:02 Aplication INFO : Animal ajouté par l'administrateur #6
15:17:03 Database DEBUG : Connecté à la base de données
15:17:06 Database DEBUG : Connecté à la base de données
15:17:06 Aplication INFO : Animal ajouté par l'administrateur #6
15:17:06 Database DEBUG : Connecté à la base de données
15:17:15 Database DEBUG : Connecté à la base de données
15:17:15 Aplication INFO : Organe ajouté par l'administrateur #6
15:17:15 Database DEBUG : Connecté à la base de données
15:17:25 Database DEBUG : Connecté à la base de données
15:17:25 Aplication INFO : Organe ajouté par l'administrateur #6
15:17:26 Database DEBUG : Connecté à la base de données
15:17:39 Database DEBUG : Connecté à la base de données
15:17:39 Aplication INFO : Organe ajouté par l'administrateur #6
15:17:39 Database DEBUG : Connecté à la base de données
15:17:47 Database DEBUG : Connecté à la base de données
15:17:47 Aplication INFO : Organe ajouté par l'administrateur #6
15:17:47 Database DEBUG : Connecté à la base de données
15:17:57 Database DEBUG : Connecté à la base de données
15:17:57 Aplication INFO : Organe ajouté par l'administrateur #6
15:17:57 Database DEBUG : Connecté à la base de données
15:18:07 Database DEBUG : Connecté à la base de données
15:18:07 Aplication INFO : Organe ajouté par l'administrateur #6
15:18:07 Database DEBUG : Connecté à la base de données
15:18:11 Database DEBUG : Connecté à la base de données
15:18:11 Aplication INFO : Organe ajouté par l'administrateur #6
15:18:11 Database DEBUG : Connecté à la base de données
15:18:16 Database DEBUG : Connecté à la base de données
15:18:16 Aplication INFO : Organe ajouté par l'administrateur #6
15:18:16 Database DEBUG : Connecté à la base de données
15:18:22 Database DEBUG : Connecté à la base de données
15:18:22 Aplication INFO : Organe ajouté par l'administrateur #6
15:18:22 Database DEBUG : Connecté à la base de données
15:19:30 Database DEBUG : Connecté à la base de données
15:19:30 Aplication INFO : Organe ajouté par l'administrateur #6
15:19:30 Database DEBUG : Connecté à la base de données
15:19:49 Database DEBUG : Connecté à la base de données
15:19:49 Aplication INFO : Coloration ajouté par l'administrateur #6
15:19:49 Database DEBUG : Connecté à la base de données
15:19:53 Database DEBUG : Connecté à la base de données
15:19:53 Aplication INFO : Coloration ajouté par l'administrateur #6
15:19:53 Database DEBUG : Connecté à la base de données
15:20:11 Database DEBUG : Connecté à la base de données
15:20:11 Aplication INFO : Organe modifié par l'administrateur #6
15:20:23 Database DEBUG : Connecté à la base de données
15:20:25 Database DEBUG : Connecté à la base de données
15:20:26 Database DEBUG : Connecté à la base de données
15:20:34 Database DEBUG : Connecté à la base de données
15:20:35 Database DEBUG : Connecté à la base de données
15:20:36 Database DEBUG : Connecté à la base de données
15:20:39 Database DEBUG : Connecté à la base de données
15:20:48 Database DEBUG : Connecté à la base de données
15:20:50 Database DEBUG : Connecté à la base de données
15:20:52 Database DEBUG : Connecté à la base de données
15:20:54 Database DEBUG : Connecté à la base de données
15:20:55 Database DEBUG : Connecté à la base de données
15:20:56 Database DEBUG : Connecté à la base de données
15:21:00 Database DEBUG : Connecté à la base de données
15:21:03 Database DEBUG : Connecté à la base de données
15:21:11 Database DEBUG : Connecté à la base de données
15:21:12 Database DEBUG : Connecté à la base de données
15:21:15 Database DEBUG : Connecté à la base de données
15:21:19 Database DEBUG : Connecté à la base de données
15:21:43 Database DEBUG : Connecté à la base de données
15:21:45 Database DEBUG : Connecté à la base de données
15:21:55 Database DEBUG : Connecté à la base de données
15:21:58 Database DEBUG : Connecté à la base de données
16:03:28 Database DEBUG : Connecté à la base de données
16:03:35 Database DEBUG : Connecté à la base de données
16:03:37 Database DEBUG : Connecté à la base de données
16:06:59 Database DEBUG : Connecté à la base de données
16:06:59 Database DEBUG : Connecté à la base de données
16:08:06 Database DEBUG : Connecté à la base de données
16:08:57 Database DEBUG : Connecté à la base de données
16:08:57 Database DEBUG : Connecté à la base de données
16:09:08 Database DEBUG : Connecté à la base de données
16:09:08 Database DEBUG : Connecté à la base de données
16:09:19 Database DEBUG : Connecté à la base de données
16:09:19 Database DEBUG : Connecté à la base de données
16:09:27 Database DEBUG : Connecté à la base de données
16:09:27 Application INFO : Commande #25 créée par l'utilisateur 10
16:09:27 Database DEBUG : Connecté à la base de données
16:09:38 Database DEBUG : Connecté à la base de données
16:09:40 Database DEBUG : Connecté à la base de données
16:09:41 Database DEBUG : Connecté à la base de données
16:09:41 Database DEBUG : Connecté à la base de données
16:10:08 Database DEBUG : Connecté à la base de données
16:10:10 Database DEBUG : Connecté à la base de données
16:10:13 Database DEBUG : Connecté à la base de données
16:10:17 Database DEBUG : Connecté à la base de données
16:10:21 Database DEBUG : Connecté à la base de données
16:10:22 Database DEBUG : Connecté à la base de données
16:10:28 Database DEBUG : Connecté à la base de données
16:13:23 Database DEBUG : Connecté à la base de données
16:13:31 Database DEBUG : Connecté à la base de données
16:13:32 Database DEBUG : Connecté à la base de données
16:13:54 Database DEBUG : Connecté à la base de données
16:13:54 Application INFO : Réception validée avec succès par l'administrateur #6
16:13:59 Database DEBUG : Connecté à la base de données
16:28:47 Database DEBUG : Connecté à la base de données
16:29:45 Database DEBUG : Connecté à la base de données
16:29:50 Database DEBUG : Connecté à la base de données
16:30:22 Database DEBUG : Connecté à la base de données
16:30:25 Database DEBUG : Connecté à la base de données
16:30:27 Database DEBUG : Connecté à la base de données
16:31:07 Database DEBUG : Connecté à la base de données
16:31:14 Database DEBUG : Connecté à la base de données
16:37:52 Database DEBUG : Connecté à la base de données
16:37:52 Database DEBUG : Connecté à la base de données
16:37:57 Database DEBUG : Connecté à la base de données
16:37:57 Application INFO : Administrateur connecté : hugo.martinez ( 5 )
16:37:57 Database DEBUG : Connecté à la base de données
16:38:00 Database DEBUG : Connecté à la base de données
16:47:21 Database DEBUG : Connecté à la base de données
16:47:23 Database DEBUG : Connecté à la base de données
16:47:38 Database DEBUG : Connecté à la base de données
16:47:43 Database DEBUG : Connecté à la base de données
16:47:45 Database DEBUG : Connecté à la base de données
16:49:38 Database DEBUG : Connecté à la base de données
