08:31:06 Database DEBUG : Connecté à la base de données
08:31:11 Database DEBUG : Connecté à la base de données
08:31:13 Database DEBUG : Connecté à la base de données
08:31:13 Application INFO : Utilisateur connecté : deborah.carper@inserm.fr ( 33 )
08:31:13 Database DEBUG : Connecté à la base de données
08:31:15 Database DEBUG : Connecté à la base de données
08:31:26 Database DEBUG : Connecté à la base de données
08:34:03 Database DEBUG : Connecté à la base de données
08:34:04 Database DEBUG : Connecté à la base de données
08:34:34 Database DEBUG : Connecté à la base de données
08:34:34 Database DEBUG : Connecté à la base de données
08:34:50 Database DEBUG : Connecté à la base de données
08:34:50 Database DEBUG : Connecté à la base de données
08:34:56 Database DEBUG : Connecté à la base de données
08:34:56 Database DEBUG : Connecté à la base de données
08:35:00 Database DEBUG : Connecté à la base de données
08:35:00 Application INFO : Commande #224 créée par l'utilisateur 33
08:35:01 Database DEBUG : Connecté à la base de données
09:27:22 Database DEBUG : Connecté à la base de données
09:27:23 Database DEBUG : Connecté à la base de données
09:27:26 Database DEBUG : Connecté à la base de données
09:27:26 Application INFO : Administrateur connecté : lucie.fontaine ( 6 )
09:27:26 Database DEBUG : Connecté à la base de données
09:27:27 Database DEBUG : Connecté à la base de données
09:27:29 Database DEBUG : Connecté à la base de données
09:27:32 Database DEBUG : Connecté à la base de données
09:27:36 Database DEBUG : Connecté à la base de données
09:27:36 Application INFO : Réception validée avec succès par l'administrateur #6
09:31:39 Database DEBUG : Connecté à la base de données
09:31:46 Database DEBUG : Connecté à la base de données
09:41:32 Database DEBUG : Connecté à la base de données
09:41:37 Database DEBUG : Connecté à la base de données
09:41:47 Database DEBUG : Connecté à la base de données
09:41:47 Application INFO : Inclusion validée avec succès par l'administrateur #6
09:42:05 Database DEBUG : Connecté à la base de données
10:26:30 Database DEBUG : Connecté à la base de données
10:58:32 Database DEBUG : Connecté à la base de données
10:58:33 Database DEBUG : Connecté à la base de données
10:58:36 Database DEBUG : Connecté à la base de données
10:58:36 Application INFO : Coupe validée avec succès par l'administrateur #6
10:58:37 Database DEBUG : Connecté à la base de données
10:58:39 Database DEBUG : Connecté à la base de données
10:58:43 Database DEBUG : Connecté à la base de données
10:58:43 Mail DEBUG : Trying to send mail mail_commande_prete from histologie-i2mc@inserm.fr to Array
(
    [mail] => jean.personnaz@inserm.fr
    [name] => Jean Personnaz
)
.
10:58:43 Mail DEBUG : Mail envoyé.
10:58:43 Application INFO : Retour validée avec succès par l'administrateur #6
11:34:49 Database DEBUG : Connecté à la base de données
11:34:51 Database DEBUG : Connecté à la base de données
11:34:52 Database DEBUG : Connecté à la base de données
15:31:09 Database DEBUG : Connecté à la base de données
