10:52:27 Database DEBUG : Connecté à la base de données
10:52:34 Database DEBUG : Connecté à la base de données
10:52:35 Application INFO : Utilisateur connecté : emilie.segura ( 21 )
10:52:35 Database DEBUG : Connecté à la base de données
10:52:36 Database DEBUG : Connecté à la base de données
10:52:41 Database DEBUG : Connecté à la base de données
10:53:04 Database DEBUG : Connecté à la base de données
10:53:04 Database DEBUG : Connecté à la base de données
10:53:16 Database DEBUG : Connecté à la base de données
10:53:16 Database DEBUG : Connecté à la base de données
10:53:34 Database DEBUG : Connecté à la base de données
10:53:34 Application INFO : Commande #123 créée par l'utilisateur 21
10:53:35 Database DEBUG : Connecté à la base de données
11:53:57 Database DEBUG : Connecté à la base de données
11:53:57 Database DEBUG : Connecté à la base de données
11:53:59 Database DEBUG : Connecté à la base de données
11:53:59 Application INFO : Administrateur connecté : lucie.fontaine ( 6 )
11:53:59 Database DEBUG : Connecté à la base de données
11:54:00 Database DEBUG : Connecté à la base de données
11:54:02 Database DEBUG : Connecté à la base de données
11:54:04 Database DEBUG : Connecté à la base de données
11:54:04 Application INFO : Réception validée avec succès par l'administrateur #6
11:54:06 Database DEBUG : Connecté à la base de données
13:33:29 Database DEBUG : Connecté à la base de données
13:33:29 Database DEBUG : Connecté à la base de données
16:43:28 Database DEBUG : Connecté à la base de données
16:43:29 Database DEBUG : Connecté à la base de données
16:43:30 Database DEBUG : Connecté à la base de données
16:43:44 Database DEBUG : Connecté à la base de données
16:43:44 Application INFO : Coupe validée avec succès par l'administrateur #6
16:43:46 Database DEBUG : Connecté à la base de données
