08:48:24 Database DEBUG : Connecté à la base de données
08:48:30 Database DEBUG : Connecté à la base de données
08:48:31 Application INFO : Utilisateur connecté : jean.personnaz@inserm.fr ( 10 )
08:48:31 Database DEBUG : Connecté à la base de données
08:48:34 Database DEBUG : Connecté à la base de données
08:48:39 Database DEBUG : Connecté à la base de données
08:50:14 Database DEBUG : Connecté à la base de données
08:50:14 Database DEBUG : Connecté à la base de données
08:50:17 Database DEBUG : Connecté à la base de données
08:50:24 Database DEBUG : Connecté à la base de données
08:50:24 Database DEBUG : Connecté à la base de données
08:50:38 Database DEBUG : Connecté à la base de données
08:50:38 Database DEBUG : Connecté à la base de données
08:50:55 Database DEBUG : Connecté à la base de données
08:50:55 Application INFO : Commande #214 créée par l'utilisateur 10
08:50:55 Database DEBUG : Connecté à la base de données
08:51:38 Database DEBUG : Connecté à la base de données
08:51:39 Database DEBUG : Connecté à la base de données
08:51:41 Database DEBUG : Connecté à la base de données
08:51:41 Database DEBUG : Connecté à la base de données
08:51:45 Database DEBUG : Connecté à la base de données
08:53:46 Database DEBUG : Connecté à la base de données
08:53:47 Database DEBUG : Connecté à la base de données
08:53:55 Database DEBUG : Connecté à la base de données
08:53:55 Database DEBUG : Connecté à la base de données
08:54:02 Database DEBUG : Connecté à la base de données
08:54:05 Database DEBUG : Connecté à la base de données
08:54:12 Database DEBUG : Connecté à la base de données
08:54:12 Database DEBUG : Connecté à la base de données
08:54:15 Database DEBUG : Connecté à la base de données
08:54:15 Database DEBUG : Connecté à la base de données
08:54:39 Database DEBUG : Connecté à la base de données
08:54:43 Database DEBUG : Connecté à la base de données
08:54:43 Database DEBUG : Connecté à la base de données
08:56:48 Database DEBUG : Connecté à la base de données
08:56:48 Database DEBUG : Connecté à la base de données
08:56:56 Database DEBUG : Connecté à la base de données
08:56:59 Database DEBUG : Connecté à la base de données
08:57:02 Database DEBUG : Connecté à la base de données
08:57:07 Database DEBUG : Connecté à la base de données
08:57:07 Database DEBUG : Connecté à la base de données
08:57:09 Database DEBUG : Connecté à la base de données
08:57:09 Database DEBUG : Connecté à la base de données
08:57:26 Database DEBUG : Connecté à la base de données
08:57:28 Database DEBUG : Connecté à la base de données
08:57:34 Database DEBUG : Connecté à la base de données
08:57:34 Database DEBUG : Connecté à la base de données
08:57:37 Database DEBUG : Connecté à la base de données
08:58:39 Database DEBUG : Connecté à la base de données
08:58:39 Database DEBUG : Connecté à la base de données
08:58:41 Database DEBUG : Connecté à la base de données
08:58:41 Database DEBUG : Connecté à la base de données
08:58:56 Database DEBUG : Connecté à la base de données
08:58:56 Database DEBUG : Connecté à la base de données
08:59:00 Database DEBUG : Connecté à la base de données
08:59:00 Application INFO : Commande #215 créée par l'utilisateur 10
08:59:00 Database DEBUG : Connecté à la base de données
10:03:10 Database DEBUG : Connecté à la base de données
10:03:10 Database DEBUG : Connecté à la base de données
10:03:13 Database DEBUG : Connecté à la base de données
10:03:13 Application INFO : Administrateur connecté : lucie.fontaine ( 6 )
10:03:13 Database DEBUG : Connecté à la base de données
10:03:24 Database DEBUG : Connecté à la base de données
10:03:28 Database DEBUG : Connecté à la base de données
10:03:30 Database DEBUG : Connecté à la base de données
10:03:30 Application INFO : Réception validée avec succès par l'administrateur #6
10:16:31 Database DEBUG : Connecté à la base de données
10:16:32 Database DEBUG : Connecté à la base de données
10:16:33 Database DEBUG : Connecté à la base de données
10:16:35 Database DEBUG : Connecté à la base de données
10:16:42 Database DEBUG : Connecté à la base de données
10:16:42 Application INFO : Réception validée avec succès par l'administrateur #6
10:18:48 Database DEBUG : Connecté à la base de données
10:18:57 Database DEBUG : Connecté à la base de données
10:19:18 Database DEBUG : Connecté à la base de données
10:19:18 Mail DEBUG : Trying to send mail mail_commande_prete from histologie-i2mc@inserm.fr to Array
(
    [mail] => emilie.segura@inserm.fr
    [name] => Emilie Segura
)
.
10:19:18 Mail DEBUG : Mail envoyé.
10:19:18 Application INFO : Retour validée avec succès par l'administrateur #6
11:21:17 Database DEBUG : Connecté à la base de données
11:21:19 Database DEBUG : Connecté à la base de données
11:21:23 Database DEBUG : Connecté à la base de données
11:21:23 Database DEBUG : Connecté à la base de données
11:21:26 Database DEBUG : Connecté à la base de données
11:21:44 Database DEBUG : Connecté à la base de données
11:21:44 Application INFO : Coupe validée avec succès par l'administrateur #6
11:21:46 Database DEBUG : Connecté à la base de données
11:21:48 Database DEBUG : Connecté à la base de données
11:21:56 Database DEBUG : Connecté à la base de données
11:21:58 Database DEBUG : Connecté à la base de données
11:22:02 Database DEBUG : Connecté à la base de données
12:30:25 Database DEBUG : Connecté à la base de données
12:30:27 Database DEBUG : Connecté à la base de données
12:30:33 Database DEBUG : Connecté à la base de données
12:32:00 Database DEBUG : Connecté à la base de données
12:32:03 Database DEBUG : Connecté à la base de données
12:32:54 Database DEBUG : Connecté à la base de données
12:32:54 Database DEBUG : Connecté à la base de données
12:33:05 Database DEBUG : Connecté à la base de données
12:33:05 Database DEBUG : Connecté à la base de données
12:33:08 Database DEBUG : Connecté à la base de données
12:33:08 Application INFO : Commande #216 créée par l'utilisateur 20
12:33:08 Database DEBUG : Connecté à la base de données
12:34:17 Database DEBUG : Connecté à la base de données
12:34:18 Database DEBUG : Connecté à la base de données
12:34:24 Database DEBUG : Connecté à la base de données
12:36:43 Database DEBUG : Connecté à la base de données
12:36:43 Database DEBUG : Connecté à la base de données
12:36:49 Database DEBUG : Connecté à la base de données
12:36:49 Database DEBUG : Connecté à la base de données
12:37:49 Database DEBUG : Connecté à la base de données
12:37:49 Application INFO : Commande #217 créée par l'utilisateur 20
12:37:49 Database DEBUG : Connecté à la base de données
13:51:20 Database DEBUG : Connecté à la base de données
13:51:21 Database DEBUG : Connecté à la base de données
13:51:23 Database DEBUG : Connecté à la base de données
13:51:25 Database DEBUG : Connecté à la base de données
13:51:25 Mail DEBUG : Trying to send mail mail_commande_prete from histologie-i2mc@inserm.fr to Array
(
    [mail] => marie.bellio@inserm.fr
    [name] => Marie Bellio
)
.
13:51:25 Mail DEBUG : Mail envoyé.
13:51:25 Application INFO : Retour validée avec succès par l'administrateur #6
14:28:59 Database DEBUG : Connecté à la base de données
14:29:00 Database DEBUG : Connecté à la base de données
14:29:01 Database DEBUG : Connecté à la base de données
14:29:05 Database DEBUG : Connecté à la base de données
14:29:09 Database DEBUG : Connecté à la base de données
14:29:09 Application INFO : Réception validée avec succès par l'administrateur #6
15:08:02 Database DEBUG : Connecté à la base de données
16:21:56 Database DEBUG : Connecté à la base de données
16:22:01 Database DEBUG : Connecté à la base de données
16:22:11 Database DEBUG : Connecté à la base de données
16:22:12 Application INFO : Utilisateur connecté : enzo.piccolo ( 38 )
16:22:12 Database DEBUG : Connecté à la base de données
16:22:14 Database DEBUG : Connecté à la base de données
16:22:21 Database DEBUG : Connecté à la base de données
16:24:40 Database DEBUG : Connecté à la base de données
16:24:40 Database DEBUG : Connecté à la base de données
16:24:55 Database DEBUG : Connecté à la base de données
16:24:55 Database DEBUG : Connecté à la base de données
16:24:58 Database DEBUG : Connecté à la base de données
16:24:58 Application INFO : Commande #218 créée par l'utilisateur 38
16:24:58 Database DEBUG : Connecté à la base de données
16:31:23 Database DEBUG : Connecté à la base de données
16:31:23 Database DEBUG : Connecté à la base de données
16:31:32 Database DEBUG : Connecté à la base de données
16:31:33 Application INFO : Utilisateur connecté : enzo.piccolo ( 38 )
16:31:33 Database DEBUG : Connecté à la base de données
16:31:35 Database DEBUG : Connecté à la base de données
16:31:38 Database DEBUG : Connecté à la base de données
16:32:18 Database DEBUG : Connecté à la base de données
16:32:18 Database DEBUG : Connecté à la base de données
16:32:27 Database DEBUG : Connecté à la base de données
16:32:27 Database DEBUG : Connecté à la base de données
16:47:10 Database DEBUG : Connecté à la base de données
16:47:11 Database DEBUG : Connecté à la base de données
16:47:12 Database DEBUG : Connecté à la base de données
16:47:20 Database DEBUG : Connecté à la base de données
16:47:22 Database DEBUG : Connecté à la base de données
16:47:22 Database DEBUG : Connecté à la base de données
16:47:31 Database DEBUG : Connecté à la base de données
17:00:32 Database DEBUG : Connecté à la base de données
17:00:33 Database DEBUG : Connecté à la base de données
17:00:34 Database DEBUG : Connecté à la base de données
17:00:37 Database DEBUG : Connecté à la base de données
17:00:42 Database DEBUG : Connecté à la base de données
17:00:42 Application INFO : Réception validée avec succès par l'administrateur #6
17:00:44 Database DEBUG : Connecté à la base de données
17:00:49 Database DEBUG : Connecté à la base de données
17:00:54 Database DEBUG : Connecté à la base de données
17:03:08 Database DEBUG : Connecté à la base de données
17:03:09 Database DEBUG : Connecté à la base de données
17:10:37 Database DEBUG : Connecté à la base de données
17:10:38 Database DEBUG : Connecté à la base de données
17:10:41 Database DEBUG : Connecté à la base de données
17:10:43 Database DEBUG : Connecté à la base de données
17:10:43 Application INFO : Coloration validée avec succès par l'administrateur #6
17:10:45 Database DEBUG : Connecté à la base de données
17:10:47 Database DEBUG : Connecté à la base de données
