10:24:42 Database DEBUG : Connecté à la base de données
10:24:42 Database DEBUG : Connecté à la base de données
10:24:47 Database DEBUG : Connecté à la base de données
10:24:47 Database DEBUG : Connecté à la base de données
10:24:56 Database DEBUG : Connecté à la base de données
10:24:56 Application INFO : Administrateur connecté : hugo.martinez ( 5 )
10:24:56 Database DEBUG : Connecté à la base de données
10:27:17 Database DEBUG : Connecté à la base de données
10:37:49 Database DEBUG : Connecté à la base de données
10:37:49 Database ERROR : Requête incorrecte : SELECT c.idCommande id, c.numCommande "Commande N°",
                                        COUNT(DISTINCT l.idLame) nbLames, COUNT(DISTINCT e.idEchantillon) nbEchantillons
                                        FROM Commande c
                                        LEFT JOIN Echantillon e ON e.idCommande = c.idCommande
                                        LEFT JOIN Lame l ON e.idEchantillon = l.idEchantillon
                                        WHERE c.dateRetourCommande IS NULL AND LEFT(c.numCommande, 1) = ?
                                        AND c.dateReceptionCommande IS NOT NULL
                                        GROUP BY id, num
10:37:49 Database ERROR : Requête incorrecte : SELECT c.idCommande id, c.numCommande "Commande N°",
                                         COUNT(DISTINCT l.idLame) nbLames, COUNT(DISTINCT e.idEchantillon) nbEchantillons
                                         FROM Commande c
                                         LEFT JOIN Echantillon e ON e.idCommande = c.idCommande
                                         LEFT JOIN Lame l ON e.idEchantillon = l.idEchantillon
                                         WHERE c.dateRetourCommande IS NULL AND LEFT(c.numCommande, 1) = ?
                                         AND c.dateReceptionCommande IS NOT NULL
                                         AND (e.dateInclusion IS NOT NULL OR e.idInclusion IS NULL)
                                         AND (e.dateCoupe IS NOT NULL OR (e.epaisseurCoupes IS NULL AND e.nbCoupes IS NULL))
                                         AND (l.dateColoration IS NOT NULL OR l.idColoration IS NULL)
                                         GROUP BY id, num
10:39:37 Database DEBUG : Connecté à la base de données
10:39:40 Database DEBUG : Connecté à la base de données
10:42:36 Database DEBUG : Connecté à la base de données
10:43:21 Database DEBUG : Connecté à la base de données
10:43:24 Database DEBUG : Connecté à la base de données
10:43:25 Database DEBUG : Connecté à la base de données
10:43:26 Database DEBUG : Connecté à la base de données
10:43:44 Database DEBUG : Connecté à la base de données
10:43:45 Database DEBUG : Connecté à la base de données
10:43:45 Application INFO : Réception validée avec succès par l'administrateur #5
10:43:47 Database DEBUG : Connecté à la base de données
10:43:49 Database DEBUG : Connecté à la base de données
10:43:50 Database DEBUG : Connecté à la base de données
10:43:50 Application INFO : Inclusion validée avec succès par l'administrateur #5
10:43:52 Database DEBUG : Connecté à la base de données
10:43:58 Database DEBUG : Connecté à la base de données
10:44:00 Database DEBUG : Connecté à la base de données
10:44:06 Database DEBUG : Connecté à la base de données
10:44:06 Database DEBUG : Connecté à la base de données
10:44:14 Database DEBUG : Connecté à la base de données
10:44:15 Application INFO : Utilisateur connecté : hugo.martinez ( 3 )
10:44:15 Database DEBUG : Connecté à la base de données
10:44:17 Database DEBUG : Connecté à la base de données
10:44:22 Database DEBUG : Connecté à la base de données
10:44:30 Database DEBUG : Connecté à la base de données
10:44:30 Database DEBUG : Connecté à la base de données
10:44:38 Database DEBUG : Connecté à la base de données
10:44:38 Database DEBUG : Connecté à la base de données
10:44:41 Database DEBUG : Connecté à la base de données
10:44:41 Application INFO : Commande #20 créée par l'utilisateur 3
10:44:46 Database DEBUG : Connecté à la base de données
10:44:47 Database DEBUG : Connecté à la base de données
10:44:48 Database DEBUG : Connecté à la base de données
10:44:48 Application INFO : Réception validée avec succès par l'administrateur #5
10:44:50 Database DEBUG : Connecté à la base de données
10:44:51 Database DEBUG : Connecté à la base de données
10:44:55 Database DEBUG : Connecté à la base de données
10:44:56 Database DEBUG : Connecté à la base de données
10:54:31 Database DEBUG : Connecté à la base de données
10:54:38 Database DEBUG : Connecté à la base de données
11:12:14 Database DEBUG : Connecté à la base de données
11:12:16 Database DEBUG : Connecté à la base de données
11:12:16 Mail DEBUG : Trying to send mail mail_commande_prete from histologie-i2mc@inserm.fr to Array
(
    [mail] => hugo.martinez@inserm.fr
    [name] => Hugo Martinez
)
.
11:12:16 Mail DEBUG : Mail envoyé.
11:12:16 Application INFO : Retour validée avec succès par l'administrateur #5
11:12:21 Database DEBUG : Connecté à la base de données
11:12:21 Mail DEBUG : Trying to send mail mail_commande_prete from histologie-i2mc@inserm.fr to Array
(
    [mail] => hugo.martinez@inserm.fr
    [name] => Hugo Martinez
)
.
11:12:21 Mail DEBUG : Mail envoyé.
11:12:21 Application INFO : Retour validée avec succès par l'administrateur #5
11:28:30 Database DEBUG : Connecté à la base de données
11:28:31 Database DEBUG : Connecté à la base de données
11:32:34 Database DEBUG : Connecté à la base de données
11:34:33 Database DEBUG : Connecté à la base de données
11:36:08 Database DEBUG : Connecté à la base de données
12:17:57 Database DEBUG : Connecté à la base de données
13:26:56 Database DEBUG : Connecté à la base de données
13:27:00 Database DEBUG : Connecté à la base de données
13:27:07 Database DEBUG : Connecté à la base de données
13:27:08 Database DEBUG : Connecté à la base de données
13:27:10 Database DEBUG : Connecté à la base de données
13:27:34 Database DEBUG : Connecté à la base de données
13:27:34 Database DEBUG : Connecté à la base de données
13:27:38 Database DEBUG : Connecté à la base de données
13:28:06 Database DEBUG : Connecté à la base de données
13:28:06 Database DEBUG : Connecté à la base de données
13:28:11 Database DEBUG : Connecté à la base de données
13:28:50 Database DEBUG : Connecté à la base de données
13:28:50 Database DEBUG : Connecté à la base de données
13:29:05 Database DEBUG : Connecté à la base de données
13:29:05 Database DEBUG : Connecté à la base de données
13:29:14 Database DEBUG : Connecté à la base de données
13:29:14 Database DEBUG : Connecté à la base de données
13:29:22 Database DEBUG : Connecté à la base de données
13:29:22 Database DEBUG : Connecté à la base de données
13:29:25 Database DEBUG : Connecté à la base de données
13:29:25 Application INFO : Commande #21 créée par l'utilisateur 3
13:29:30 Database DEBUG : Connecté à la base de données
13:42:05 Database DEBUG : Connecté à la base de données
13:42:06 Database DEBUG : Connecté à la base de données
13:42:08 Database DEBUG : Connecté à la base de données
13:42:56 Database DEBUG : Connecté à la base de données
13:42:56 Database DEBUG : Connecté à la base de données
13:42:58 Database DEBUG : Connecté à la base de données
14:07:27 Database DEBUG : Connecté à la base de données
14:07:35 Database DEBUG : Connecté à la base de données
14:07:35 Database DEBUG : Connecté à la base de données
14:07:36 Database DEBUG : Connecté à la base de données
14:07:44 Database DEBUG : Connecté à la base de données
14:07:44 Database DEBUG : Connecté à la base de données
14:07:45 Database DEBUG : Connecté à la base de données
14:07:48 Database DEBUG : Connecté à la base de données
14:07:48 Database DEBUG : Connecté à la base de données
14:07:58 Database DEBUG : Connecté à la base de données
14:07:58 Database DEBUG : Connecté à la base de données
14:08:00 Database DEBUG : Connecté à la base de données
14:08:02 Database DEBUG : Connecté à la base de données
14:08:02 Database DEBUG : Connecté à la base de données
14:08:05 Database DEBUG : Connecté à la base de données
14:08:10 Database DEBUG : Connecté à la base de données
14:08:10 Database DEBUG : Connecté à la base de données
14:08:11 Database DEBUG : Connecté à la base de données
14:08:11 Database DEBUG : Connecté à la base de données
14:08:19 Database DEBUG : Connecté à la base de données
14:08:19 Database DEBUG : Connecté à la base de données
14:08:27 Database DEBUG : Connecté à la base de données
14:08:27 Database DEBUG : Connecté à la base de données
14:08:28 Database DEBUG : Connecté à la base de données
14:08:33 Database DEBUG : Connecté à la base de données
14:08:33 Database DEBUG : Connecté à la base de données
14:08:34 Database DEBUG : Connecté à la base de données
14:08:35 Database DEBUG : Connecté à la base de données
14:08:35 Database DEBUG : Connecté à la base de données
14:08:36 Database DEBUG : Connecté à la base de données
14:08:36 Database DEBUG : Connecté à la base de données
14:08:36 Database DEBUG : Connecté à la base de données
14:08:36 Database DEBUG : Connecté à la base de données
14:08:37 Database DEBUG : Connecté à la base de données
14:08:37 Database DEBUG : Connecté à la base de données
14:08:41 Database DEBUG : Connecté à la base de données
14:08:41 Application INFO : Commande #22 créée par l'utilisateur 3
14:08:43 Database DEBUG : Connecté à la base de données
14:11:46 Database DEBUG : Connecté à la base de données
14:12:20 Database DEBUG : Connecté à la base de données
14:12:22 Database DEBUG : Connecté à la base de données
14:12:28 Database DEBUG : Connecté à la base de données
14:13:04 Database DEBUG : Connecté à la base de données
14:13:04 Database DEBUG : Connecté à la base de données
14:13:11 Database DEBUG : Connecté à la base de données
14:13:14 Database DEBUG : Connecté à la base de données
14:13:14 Database DEBUG : Connecté à la base de données
14:13:17 Database DEBUG : Connecté à la base de données
14:13:23 Database DEBUG : Connecté à la base de données
14:14:20 Database DEBUG : Connecté à la base de données
14:14:30 Database DEBUG : Connecté à la base de données
14:14:31 Application INFO : Administrateur connecté : lucie.fontaine ( 6 )
14:14:31 Database DEBUG : Connecté à la base de données
14:14:39 Database DEBUG : Connecté à la base de données
16:01:13 Database DEBUG : Connecté à la base de données
16:01:19 Database DEBUG : Connecté à la base de données
16:01:39 Database DEBUG : Connecté à la base de données
16:02:16 Database DEBUG : Connecté à la base de données
16:02:17 Database DEBUG : Connecté à la base de données
16:02:18 Database DEBUG : Connecté à la base de données
16:02:19 Database DEBUG : Connecté à la base de données
16:02:20 Database DEBUG : Connecté à la base de données
16:02:22 Database DEBUG : Connecté à la base de données
16:02:24 Database DEBUG : Connecté à la base de données
16:02:24 Database DEBUG : Connecté à la base de données
16:02:26 Database DEBUG : Connecté à la base de données
16:02:28 Database DEBUG : Connecté à la base de données
16:02:30 Database DEBUG : Connecté à la base de données
16:02:32 Database DEBUG : Connecté à la base de données
