12:03:59 Database DEBUG : Connecté à la base de données
12:03:59 Database DEBUG : Connecté à la base de données
12:04:14 Database DEBUG : Connecté à la base de données
12:04:25 Database DEBUG : Connecté à la base de données
12:04:33 Database DEBUG : Connecté à la base de données
12:04:33 Application INFO : Administrateur connecté : lucie.fontaine ( 6 )
12:04:33 Database DEBUG : Connecté à la base de données
12:04:34 Database DEBUG : Connecté à la base de données
12:04:36 Database DEBUG : Connecté à la base de données
12:08:01 Database DEBUG : Connecté à la base de données
12:08:01 Mail DEBUG : Trying to send mail mail_commande_prete from histologie-i2mc@inserm.fr to Array
(
    [mail] => jean.personnaz@inserm.fr
    [name] => Jean Personnaz
)
.
12:08:01 Mail DEBUG : Mail envoyé.
12:08:01 Application INFO : Retour validée avec succès par l'administrateur #6
13:50:50 Database DEBUG : Connecté à la base de données
13:50:51 Database DEBUG : Connecté à la base de données
