09:23:54 Database DEBUG : Connecté à la base de données
09:23:54 Database DEBUG : Connecté à la base de données
09:23:58 Database DEBUG : Connecté à la base de données
09:23:58 Application INFO : Administrateur connecté : lucie.fontaine ( 6 )
09:23:58 Database DEBUG : Connecté à la base de données
09:23:59 Database DEBUG : Connecté à la base de données
09:24:02 Database DEBUG : Connecté à la base de données
09:24:07 Database DEBUG : Connecté à la base de données
09:24:07 Mail DEBUG : Trying to send mail mail_commande_prete from histologie-i2mc@inserm.fr to Array
(
    [mail] => marie.cauquil@inserm.fr
    [name] => Marie Cauquil
)
.
09:24:07 Mail DEBUG : Mail envoyé.
09:24:07 Mail DEBUG : Trying to send mail mail_commande_prete from histologie-i2mc@inserm.fr to Array
(
    [mail] => marie.cauquil@inserm.fr
    [name] => Marie Cauquil
)
.
09:24:07 Mail DEBUG : Mail envoyé.
09:24:07 Mail DEBUG : Trying to send mail mail_commande_prete from histologie-i2mc@inserm.fr to Array
(
    [mail] => marie.cauquil@inserm.fr
    [name] => Marie Cauquil
)
.
09:24:07 Mail DEBUG : Mail envoyé.
09:24:07 Application INFO : Retour validée avec succès par l'administrateur #6
09:24:11 Database DEBUG : Connecté à la base de données
09:30:08 Database DEBUG : Connecté à la base de données
09:30:12 Database DEBUG : Connecté à la base de données
09:30:14 Database DEBUG : Connecté à la base de données
09:30:15 Application INFO : Utilisateur connecté : deborah.carper@inserm.fr ( 33 )
09:30:15 Database DEBUG : Connecté à la base de données
09:30:16 Database DEBUG : Connecté à la base de données
09:33:07 Database DEBUG : Connecté à la base de données
09:39:14 Database DEBUG : Connecté à la base de données
09:39:14 Database DEBUG : Connecté à la base de données
09:40:32 Database DEBUG : Connecté à la base de données
09:40:41 Database DEBUG : Connecté à la base de données
09:40:41 Database DEBUG : Connecté à la base de données
09:41:04 Database DEBUG : Connecté à la base de données
09:41:04 Database DEBUG : Connecté à la base de données
09:41:14 Database DEBUG : Connecté à la base de données
09:41:14 Database DEBUG : Connecté à la base de données
09:41:49 Database DEBUG : Connecté à la base de données
09:41:49 Application INFO : Commande #149 créée par l'utilisateur 33
09:41:49 Database DEBUG : Connecté à la base de données
09:42:21 Database DEBUG : Connecté à la base de données
09:42:22 Database DEBUG : Connecté à la base de données
09:42:30 Database DEBUG : Connecté à la base de données
09:46:06 Database DEBUG : Connecté à la base de données
09:46:06 Database DEBUG : Connecté à la base de données
09:52:54 Database DEBUG : Connecté à la base de données
09:52:56 Database DEBUG : Connecté à la base de données
09:53:10 Database DEBUG : Connecté à la base de données
09:56:00 Database DEBUG : Connecté à la base de données
09:56:04 Database DEBUG : Connecté à la base de données
09:56:18 Database DEBUG : Connecté à la base de données
09:56:18 Database DEBUG : Connecté à la base de données
09:56:52 Database DEBUG : Connecté à la base de données
09:56:52 Database DEBUG : Connecté à la base de données
09:56:54 Database DEBUG : Connecté à la base de données
09:56:54 Application INFO : Commande #150 créée par l'utilisateur 33
09:56:55 Database DEBUG : Connecté à la base de données
11:07:50 Database DEBUG : Connecté à la base de données
11:07:51 Database DEBUG : Connecté à la base de données
11:07:52 Database DEBUG : Connecté à la base de données
11:07:56 Database DEBUG : Connecté à la base de données
11:07:56 Application INFO : Réception validée avec succès par l'administrateur #6
11:07:58 Database DEBUG : Connecté à la base de données
11:08:01 Database DEBUG : Connecté à la base de données
11:08:03 Database DEBUG : Connecté à la base de données
12:02:35 Database DEBUG : Connecté à la base de données
12:02:42 Database DEBUG : Connecté à la base de données
12:02:45 Database DEBUG : Connecté à la base de données
12:02:48 Database DEBUG : Connecté à la base de données
12:09:38 Database DEBUG : Connecté à la base de données
12:09:39 Database DEBUG : Connecté à la base de données
12:09:41 Database DEBUG : Connecté à la base de données
12:09:42 Database DEBUG : Connecté à la base de données
12:09:44 Database DEBUG : Connecté à la base de données
13:58:29 Database DEBUG : Connecté à la base de données
13:58:34 Database DEBUG : Connecté à la base de données
13:58:36 Database DEBUG : Connecté à la base de données
13:58:36 Application INFO : Utilisateur connecté : enzo.piccolo ( 38 )
13:58:36 Database DEBUG : Connecté à la base de données
13:58:43 Database DEBUG : Connecté à la base de données
13:59:16 Database DEBUG : Connecté à la base de données
13:59:56 Database DEBUG : Connecté à la base de données
13:59:56 Database DEBUG : Connecté à la base de données
14:00:04 Database DEBUG : Connecté à la base de données
14:00:05 Database DEBUG : Connecté à la base de données
14:00:06 Database DEBUG : Connecté à la base de données
14:00:25 Database DEBUG : Connecté à la base de données
14:00:26 Database DEBUG : Connecté à la base de données
14:00:45 Database DEBUG : Connecté à la base de données
14:00:45 Database DEBUG : Connecté à la base de données
14:00:57 Database DEBUG : Connecté à la base de données
14:00:57 Database DEBUG : Connecté à la base de données
14:02:12 Database DEBUG : Connecté à la base de données
14:02:12 Application INFO : Commande #151 créée par l'utilisateur 38
14:02:12 Database DEBUG : Connecté à la base de données
14:02:34 Database DEBUG : Connecté à la base de données
14:02:59 Database DEBUG : Connecté à la base de données
14:03:14 Database DEBUG : Connecté à la base de données
14:04:02 Database DEBUG : Connecté à la base de données
14:04:02 Database DEBUG : Connecté à la base de données
14:04:07 Database DEBUG : Connecté à la base de données
14:04:07 Database DEBUG : Connecté à la base de données
14:04:13 Database DEBUG : Connecté à la base de données
14:04:13 Application INFO : Commande #152 créée par l'utilisateur 38
14:04:14 Database DEBUG : Connecté à la base de données
14:04:36 Database DEBUG : Connecté à la base de données
14:04:37 Database DEBUG : Connecté à la base de données
14:04:40 Database DEBUG : Connecté à la base de données
14:05:01 Database DEBUG : Connecté à la base de données
14:05:02 Database DEBUG : Connecté à la base de données
14:05:08 Database DEBUG : Connecté à la base de données
14:05:08 Database DEBUG : Connecté à la base de données
14:05:09 Database DEBUG : Connecté à la base de données
14:05:10 Application INFO : Commande #153 créée par l'utilisateur 38
14:05:10 Database DEBUG : Connecté à la base de données
14:15:00 Database DEBUG : Connecté à la base de données
14:20:04 Database DEBUG : Connecté à la base de données
14:22:31 Database DEBUG : Connecté à la base de données
14:22:31 Application INFO : Réception validée avec succès par l'administrateur #6
14:28:42 Database DEBUG : Connecté à la base de données
16:54:14 Database DEBUG : Connecté à la base de données
16:54:14 Database DEBUG : Connecté à la base de données
16:54:16 Database DEBUG : Connecté à la base de données
16:58:55 Database DEBUG : Connecté à la base de données
16:58:57 Database DEBUG : Connecté à la base de données
16:58:58 Database DEBUG : Connecté à la base de données
16:58:59 Database DEBUG : Connecté à la base de données
16:59:01 Database DEBUG : Connecté à la base de données
16:59:03 Database DEBUG : Connecté à la base de données
