11:30:11 Database DEBUG : Connecté à la base de données
11:30:11 Database DEBUG : Connecté à la base de données
11:30:40 Database DEBUG : Connecté à la base de données
11:30:41 Database WARNING : Requête échouée : "INSERT INTO Centre (nomCentre) VALUES (?)" paramètres : Array
(
    [0] => 
)

11:30:41 Database WARNING : Requête échouée : "INSERT INTO Equipe (nomEquipe, idCentre) VALUES (?, ?)" paramètres : Array
(
    [0] => 
    [1] => 
)

11:30:41 Database WARNING : Requête échouée : "INSERT INTO Utilisateur (nomUtilisateur, prenomUtilisateur, mailUtilisateur, idEquipe)
                           VALUES (?, ?, ?, ?)" paramètres : Array
(
    [0] => Maoret
    [1] => Jean-Jose
    [2] => jean-jose.maoret@inserm.fr
    [3] => 
)

