09:18:24 Database DEBUG : Connecté à la base de données
09:18:24 Database DEBUG : Connecté à la base de données
09:21:24 Database DEBUG : Connecté à la base de données
09:21:24 Application INFO : Administrateur connecté : lucie.fontaine ( 6 )
09:21:24 Database DEBUG : Connecté à la base de données
09:31:40 Database DEBUG : Connecté à la base de données
09:45:47 Database DEBUG : Connecté à la base de données
10:08:59 Database DEBUG : Connecté à la base de données
10:08:59 Database DEBUG : Connecté à la base de données
10:09:01 Database DEBUG : Connecté à la base de données
10:09:02 Application INFO : Utilisateur connecté : marie.bellio@inserm.fr ( 40 )
10:09:02 Database DEBUG : Connecté à la base de données
10:09:04 Database DEBUG : Connecté à la base de données
10:09:08 Database DEBUG : Connecté à la base de données
10:12:21 Database DEBUG : Connecté à la base de données
10:13:09 Database DEBUG : Connecté à la base de données
10:13:09 Database DEBUG : Connecté à la base de données
10:13:28 Database DEBUG : Connecté à la base de données
10:13:28 Database DEBUG : Connecté à la base de données
10:13:47 Database DEBUG : Connecté à la base de données
10:13:47 Database DEBUG : Connecté à la base de données
10:13:54 Database DEBUG : Connecté à la base de données
10:13:54 Database DEBUG : Connecté à la base de données
10:14:00 Database DEBUG : Connecté à la base de données
10:14:00 Application INFO : Commande #195 créée par l'utilisateur 40
10:14:00 Database DEBUG : Connecté à la base de données
11:02:45 Database DEBUG : Connecté à la base de données
11:02:46 Database DEBUG : Connecté à la base de données
11:02:48 Database DEBUG : Connecté à la base de données
11:02:48 Application INFO : Réception validée avec succès par l'administrateur #6
11:35:29 Database DEBUG : Connecté à la base de données
13:37:09 Database DEBUG : Connecté à la base de données
13:37:10 Database DEBUG : Connecté à la base de données
15:38:14 Database DEBUG : Connecté à la base de données
15:38:15 Database DEBUG : Connecté à la base de données
15:38:18 Database DEBUG : Connecté à la base de données
15:38:18 Database DEBUG : Connecté à la base de données
