13:48:46 Database DEBUG : Connecté à la base de données
13:48:46 Database DEBUG : Connecté à la base de données
13:48:56 Database DEBUG : Connecté à la base de données
13:48:56 Application INFO : Administrateur connecté : lucie.fontaine ( 6 )
13:48:56 Database DEBUG : Connecté à la base de données
13:48:57 Database DEBUG : Connecté à la base de données
13:53:31 Database DEBUG : Connecté à la base de données
13:53:43 Database DEBUG : Connecté à la base de données
13:53:44 Application INFO : Utilisateur connecté : emilie.segura@inserm.fr ( 21 )
13:53:44 Database DEBUG : Connecté à la base de données
13:53:45 Database DEBUG : Connecté à la base de données
13:53:47 Database DEBUG : Connecté à la base de données
13:54:18 Database DEBUG : Connecté à la base de données
13:54:18 Database DEBUG : Connecté à la base de données
13:54:33 Database DEBUG : Connecté à la base de données
13:54:33 Database DEBUG : Connecté à la base de données
13:54:39 Database DEBUG : Connecté à la base de données
13:54:39 Application INFO : Commande #196 créée par l'utilisateur 21
13:54:39 Database DEBUG : Connecté à la base de données
13:59:30 Database DEBUG : Connecté à la base de données
13:59:30 Database DEBUG : Connecté à la base de données
13:59:32 Database DEBUG : Connecté à la base de données
13:59:34 Database DEBUG : Connecté à la base de données
13:59:34 Application INFO : Réception validée avec succès par l'administrateur #6
14:25:40 Database DEBUG : Connecté à la base de données
14:25:42 Database DEBUG : Connecté à la base de données
14:25:42 Database DEBUG : Connecté à la base de données
14:56:29 Database DEBUG : Connecté à la base de données
14:56:30 Database DEBUG : Connecté à la base de données
14:56:32 Database DEBUG : Connecté à la base de données
14:56:33 Database DEBUG : Connecté à la base de données
14:56:34 Database DEBUG : Connecté à la base de données
16:19:35 Database DEBUG : Connecté à la base de données
16:19:40 Database DEBUG : Connecté à la base de données
16:48:41 Database DEBUG : Connecté à la base de données
16:49:02 Database DEBUG : Connecté à la base de données
16:49:02 Application INFO : Coupe validée avec succès par l'administrateur #6
16:49:04 Database DEBUG : Connecté à la base de données
