10:10:33 Database DEBUG : Connecté à la base de données
10:10:33 Database DEBUG : Connecté à la base de données
10:10:37 Database DEBUG : Connecté à la base de données
10:10:37 Application INFO : Administrateur connecté : lucie.fontaine ( 6 )
10:10:37 Database DEBUG : Connecté à la base de données
10:10:38 Database DEBUG : Connecté à la base de données
10:10:40 Database DEBUG : Connecté à la base de données
10:10:42 Database DEBUG : Connecté à la base de données
10:10:42 Application INFO : Inclusion validée avec succès par l'administrateur #6
10:10:44 Database DEBUG : Connecté à la base de données
10:10:46 Database DEBUG : Connecté à la base de données
10:11:26 Database DEBUG : Connecté à la base de données
10:11:26 Application INFO : Coloration validée avec succès par l'administrateur #6
10:11:29 Database DEBUG : Connecté à la base de données
10:11:33 Database DEBUG : Connecté à la base de données
11:04:28 Database DEBUG : Connecté à la base de données
12:01:05 Database DEBUG : Connecté à la base de données
12:01:10 Database DEBUG : Connecté à la base de données
12:01:12 Database DEBUG : Connecté à la base de données
12:01:12 Application INFO : Utilisateur connecté : enzo.piccolo ( 38 )
12:01:12 Database DEBUG : Connecté à la base de données
12:01:13 Database DEBUG : Connecté à la base de données
12:01:21 Database DEBUG : Connecté à la base de données
12:02:15 Database DEBUG : Connecté à la base de données
12:02:15 Database DEBUG : Connecté à la base de données
12:02:41 Database DEBUG : Connecté à la base de données
12:02:41 Database DEBUG : Connecté à la base de données
12:04:50 Database DEBUG : Connecté à la base de données
12:04:50 Database DEBUG : Connecté à la base de données
12:04:53 Database DEBUG : Connecté à la base de données
12:04:53 Application INFO : Commande #162 créée par l'utilisateur 38
12:04:53 Database DEBUG : Connecté à la base de données
12:22:54 Database DEBUG : Connecté à la base de données
12:22:58 Database DEBUG : Connecté à la base de données
12:23:00 Database DEBUG : Connecté à la base de données
12:23:01 Application INFO : Utilisateur connecté : deborah.carper@inserm.fr ( 33 )
12:23:01 Database DEBUG : Connecté à la base de données
12:23:03 Database DEBUG : Connecté à la base de données
12:23:04 Database DEBUG : Connecté à la base de données
12:23:07 Database DEBUG : Connecté à la base de données
13:30:47 Database DEBUG : Connecté à la base de données
13:30:51 Database DEBUG : Connecté à la base de données
13:30:53 Database DEBUG : Connecté à la base de données
13:30:53 Application INFO : Utilisateur connecté : deborah.carper@inserm.fr ( 33 )
13:30:53 Database DEBUG : Connecté à la base de données
13:30:54 Database DEBUG : Connecté à la base de données
13:30:55 Database DEBUG : Connecté à la base de données
13:30:56 Database DEBUG : Connecté à la base de données
18:52:10 Database DEBUG : Connecté à la base de données
18:52:11 Database DEBUG : Connecté à la base de données
18:52:12 Database DEBUG : Connecté à la base de données
18:52:16 Database DEBUG : Connecté à la base de données
18:52:16 Application INFO : Réception validée avec succès par l'administrateur #6
18:55:42 Database DEBUG : Connecté à la base de données
