09:20:04 Database DEBUG : Connecté à la base de données
09:20:04 Database DEBUG : Connecté à la base de données
09:20:09 Database DEBUG : Connecté à la base de données
09:20:09 Application INFO : Administrateur connecté : lucie.fontaine ( 6 )
09:20:09 Database DEBUG : Connecté à la base de données
09:20:27 Database DEBUG : Connecté à la base de données
09:20:29 Database DEBUG : Connecté à la base de données
09:20:30 Database DEBUG : Connecté à la base de données
09:20:32 Database DEBUG : Connecté à la base de données
09:46:34 Database DEBUG : Connecté à la base de données
09:46:38 Database DEBUG : Connecté à la base de données
09:46:40 Database DEBUG : Connecté à la base de données
09:46:40 Application INFO : Utilisateur connecté : deborah.carper@inserm.fr ( 33 )
09:46:40 Database DEBUG : Connecté à la base de données
09:46:42 Database DEBUG : Connecté à la base de données
09:46:43 Database DEBUG : Connecté à la base de données
10:32:47 Database DEBUG : Connecté à la base de données
11:37:01 Database DEBUG : Connecté à la base de données
14:12:47 Database DEBUG : Connecté à la base de données
14:12:54 Database DEBUG : Connecté à la base de données
14:12:55 Database DEBUG : Connecté à la base de données
14:16:01 Database DEBUG : Connecté à la base de données
14:16:02 Database DEBUG : Connecté à la base de données
14:16:11 Database DEBUG : Connecté à la base de données
14:16:11 Mail DEBUG : Trying to send mail mail_commande_prete from histologie-i2mc@inserm.fr to Array
(
    [mail] => gwendoline.astre@inserm.fr
    [name] => Gwendoline Astre
)
.
14:16:11 Mail DEBUG : Mail envoyé.
14:16:11 Mail DEBUG : Trying to send mail mail_commande_prete from histologie-i2mc@inserm.fr to Array
(
    [mail] => emilie.segura@inserm.fr
    [name] => Emilie Segura
)
.
14:16:11 Mail DEBUG : Mail envoyé.
14:16:11 Application INFO : Retour validée avec succès par l'administrateur #6
14:17:59 Database DEBUG : Connecté à la base de données
14:17:59 Database DEBUG : Connecté à la base de données
14:18:01 Database DEBUG : Connecté à la base de données
14:18:01 Application INFO : Utilisateur connecté : christophe.heymes@inserm.fr ( 23 )
14:18:01 Database DEBUG : Connecté à la base de données
14:18:07 Database DEBUG : Connecté à la base de données
14:18:18 Database DEBUG : Connecté à la base de données
14:19:17 Database DEBUG : Connecté à la base de données
14:19:17 Database DEBUG : Connecté à la base de données
14:19:32 Database DEBUG : Connecté à la base de données
14:19:32 Database DEBUG : Connecté à la base de données
14:19:38 Database DEBUG : Connecté à la base de données
14:19:38 Application INFO : Commande #184 créée par l'utilisateur 23
14:19:38 Database DEBUG : Connecté à la base de données
14:19:54 Database DEBUG : Connecté à la base de données
14:19:55 Database DEBUG : Connecté à la base de données
14:19:59 Database DEBUG : Connecté à la base de données
14:20:40 Database DEBUG : Connecté à la base de données
14:20:40 Database DEBUG : Connecté à la base de données
14:20:49 Database DEBUG : Connecté à la base de données
14:20:49 Database DEBUG : Connecté à la base de données
14:20:51 Database DEBUG : Connecté à la base de données
14:20:51 Application INFO : Commande #185 créée par l'utilisateur 23
14:20:51 Database DEBUG : Connecté à la base de données
15:12:48 Database DEBUG : Connecté à la base de données
15:12:50 Database DEBUG : Connecté à la base de données
15:12:57 Database DEBUG : Connecté à la base de données
15:12:57 Application INFO : Réception validée avec succès par l'administrateur #6
16:32:40 Database DEBUG : Connecté à la base de données
16:57:48 Database DEBUG : Connecté à la base de données
16:57:49 Database DEBUG : Connecté à la base de données
16:57:51 Database DEBUG : Connecté à la base de données
16:57:52 Database DEBUG : Connecté à la base de données
16:57:53 Database DEBUG : Connecté à la base de données
