09:25:37 Database DEBUG : Connecté à la base de données
09:25:37 Database DEBUG : Connecté à la base de données
09:27:31 Database DEBUG : Connecté à la base de données
09:27:31 Application INFO : Administrateur connecté : lucie.fontaine ( 6 )
09:27:31 Database DEBUG : Connecté à la base de données
09:46:50 Database DEBUG : Connecté à la base de données
10:24:51 Database DEBUG : Connecté à la base de données
10:24:51 Database DEBUG : Connecté à la base de données
10:24:53 Database DEBUG : Connecté à la base de données
10:24:53 Application INFO : Utilisateur connecté : marie.cauquil ( 20 )
10:24:53 Database DEBUG : Connecté à la base de données
10:24:55 Database DEBUG : Connecté à la base de données
10:25:12 Database DEBUG : Connecté à la base de données
10:28:11 Database DEBUG : Connecté à la base de données
10:28:11 Database DEBUG : Connecté à la base de données
10:28:19 Database DEBUG : Connecté à la base de données
10:28:19 Database DEBUG : Connecté à la base de données
10:28:22 Database DEBUG : Connecté à la base de données
10:28:22 Application INFO : Commande #212 créée par l'utilisateur 20
10:28:22 Database DEBUG : Connecté à la base de données
10:34:07 Database DEBUG : Connecté à la base de données
10:34:08 Database DEBUG : Connecté à la base de données
10:34:09 Database DEBUG : Connecté à la base de données
10:34:11 Database DEBUG : Connecté à la base de données
10:34:11 Application INFO : Réception validée avec succès par l'administrateur #6
10:34:13 Database DEBUG : Connecté à la base de données
10:34:15 Database DEBUG : Connecté à la base de données
10:37:24 Database DEBUG : Connecté à la base de données
10:37:29 Database DEBUG : Connecté à la base de données
10:37:58 Database DEBUG : Connecté à la base de données
10:37:58 Application INFO : Utilisateur connecté : xiaohui.tong@inserm.fr ( 34 )
10:37:58 Database DEBUG : Connecté à la base de données
10:38:06 Database DEBUG : Connecté à la base de données
10:38:19 Database DEBUG : Connecté à la base de données
10:44:59 Database DEBUG : Connecté à la base de données
10:44:59 Database DEBUG : Connecté à la base de données
10:45:10 Database DEBUG : Connecté à la base de données
10:45:10 Database DEBUG : Connecté à la base de données
10:45:16 Database DEBUG : Connecté à la base de données
10:45:28 Database DEBUG : Connecté à la base de données
10:45:28 Database DEBUG : Connecté à la base de données
10:46:42 Database DEBUG : Connecté à la base de données
10:46:42 Application INFO : Commande #213 créée par l'utilisateur 34
10:46:42 Database DEBUG : Connecté à la base de données
10:55:55 Database DEBUG : Connecté à la base de données
10:57:36 Database DEBUG : Connecté à la base de données
14:36:25 Database DEBUG : Connecté à la base de données
14:36:27 Database DEBUG : Connecté à la base de données
14:36:36 Database DEBUG : Connecté à la base de données
14:36:36 Application INFO : Réception validée avec succès par l'administrateur #6
16:49:00 Database DEBUG : Connecté à la base de données
16:49:03 Database DEBUG : Connecté à la base de données
16:49:05 Database DEBUG : Connecté à la base de données
16:49:08 Database DEBUG : Connecté à la base de données
16:49:09 Database DEBUG : Connecté à la base de données
16:49:10 Database DEBUG : Connecté à la base de données
16:49:13 Database DEBUG : Connecté à la base de données
16:49:13 Application INFO : Coupe validée avec succès par l'administrateur #6
16:49:14 Database DEBUG : Connecté à la base de données
16:49:15 Database DEBUG : Connecté à la base de données
