12:07:00 Database DEBUG : Connecté à la base de données
12:07:00 Database DEBUG : Connecté à la base de données
12:07:22 Database DEBUG : Connecté à la base de données
12:07:23 Application INFO : Utilisateur connecté : hugo.martinez ( 3 )
12:07:23 Database DEBUG : Connecté à la base de données
12:07:26 Database DEBUG : Connecté à la base de données
12:08:13 Database DEBUG : Connecté à la base de données
12:09:03 Database DEBUG : Connecté à la base de données
12:09:03 Database DEBUG : Connecté à la base de données
12:09:15 Database DEBUG : Connecté à la base de données
12:09:15 Database DEBUG : Connecté à la base de données
14:01:39 Database DEBUG : Connecté à la base de données
14:01:41 Database DEBUG : Connecté à la base de données
14:01:45 Database DEBUG : Connecté à la base de données
14:01:50 Database DEBUG : Connecté à la base de données
14:01:53 Database DEBUG : Connecté à la base de données
14:01:56 Database DEBUG : Connecté à la base de données
14:01:58 Database DEBUG : Connecté à la base de données
14:02:02 Database DEBUG : Connecté à la base de données
14:02:04 Database DEBUG : Connecté à la base de données
14:02:19 Database DEBUG : Connecté à la base de données
14:02:19 Database DEBUG : Connecté à la base de données
14:04:31 Database DEBUG : Connecté à la base de données
14:04:33 Database DEBUG : Connecté à la base de données
14:04:36 Database DEBUG : Connecté à la base de données
14:04:38 Database DEBUG : Connecté à la base de données
14:04:39 Database DEBUG : Connecté à la base de données
14:05:37 Database DEBUG : Connecté à la base de données
14:05:41 Database DEBUG : Connecté à la base de données
14:05:45 Database DEBUG : Connecté à la base de données
14:05:49 Database DEBUG : Connecté à la base de données
14:05:49 Database DEBUG : Connecté à la base de données
14:05:53 Database DEBUG : Connecté à la base de données
14:06:03 Database DEBUG : Connecté à la base de données
14:06:05 Database DEBUG : Connecté à la base de données
14:06:07 Database DEBUG : Connecté à la base de données
14:06:09 Database DEBUG : Connecté à la base de données
14:06:09 Database DEBUG : Connecté à la base de données
14:39:17 Database DEBUG : Connecté à la base de données
14:39:18 Database DEBUG : Connecté à la base de données
14:40:48 Database DEBUG : Connecté à la base de données
14:40:49 Database DEBUG : Connecté à la base de données
14:40:49 Database DEBUG : Connecté à la base de données
14:43:02 Database DEBUG : Connecté à la base de données
14:43:18 Database DEBUG : Connecté à la base de données
15:06:03 Database DEBUG : Connecté à la base de données
15:06:21 Database DEBUG : Connecté à la base de données
15:10:26 Database DEBUG : Connecté à la base de données
15:10:28 Database DEBUG : Connecté à la base de données
15:11:26 Database DEBUG : Connecté à la base de données
15:12:04 Database DEBUG : Connecté à la base de données
15:13:44 Database DEBUG : Connecté à la base de données
15:13:46 Database DEBUG : Connecté à la base de données
15:13:48 Database DEBUG : Connecté à la base de données
15:13:49 Database DEBUG : Connecté à la base de données
15:13:50 Database DEBUG : Connecté à la base de données
15:13:52 Database DEBUG : Connecté à la base de données
15:13:54 Database DEBUG : Connecté à la base de données
15:13:56 Database DEBUG : Connecté à la base de données
15:33:34 Database DEBUG : Connecté à la base de données
15:34:00 Database DEBUG : Connecté à la base de données
15:34:00 Database ERROR : Requête incorrecte : INSERT INTO Commande (numCommande, dateCommande, idUtilisateur, commentaireUtilisateur)
                        VALUES (?, NOW(), ?, ?)
15:34:02 Database DEBUG : Connecté à la base de données
15:34:02 Database ERROR : Requête incorrecte : INSERT INTO Commande (numCommande, dateCommande, idUtilisateur, commentaireUtilisateur)
                        VALUES (?, NOW(), ?, ?)
15:34:58 Database DEBUG : Connecté à la base de données
15:34:58 Database ERROR : Requête incorrecte : INSERT INTO Commande (numCommande, dateCommande, idUtilisateur, commentaireUtilisateur)
                        VALUES (?, NOW(), ?, ?)
15:44:21 Database DEBUG : Connecté à la base de données
15:44:21 Database ERROR : Requête incorrecte : INSERT INTO Echantillon (numEchantillon, identAnimalEchantillon, idCommande, idOrgane, idAnimal, idInclusion)
                        VALUES (?, ?, ?, ?, ?, ?, ?)
15:50:55 Database DEBUG : Connecté à la base de données
15:50:55 Database ERROR : Requête incorrecte : INSERT INTO Echantillon (numEchantillon, identAnimalEchantillon, idCommande, idOrgane, idAnimal, idInclusion)
                        VALUES (?, ?, ?, ?, ?, ?, ?)
15:51:05 Database DEBUG : Connecté à la base de données
15:51:06 Database DEBUG : Connecté à la base de données
15:51:06 Database DEBUG : Connecté à la base de données
15:51:08 Database DEBUG : Connecté à la base de données
15:51:08 Database DEBUG : Connecté à la base de données
15:51:09 Database DEBUG : Connecté à la base de données
15:51:09 Database ERROR : Requête incorrecte : INSERT INTO Echantillon (numEchantillon, identAnimalEchantillon, idCommande, idOrgane, idAnimal, idInclusion)
                        VALUES (?, ?, ?, ?, ?, ?, ?)
15:54:33 Database DEBUG : Connecté à la base de données
16:35:39 Database DEBUG : Connecté à la base de données
16:35:39 Database DEBUG : Connecté à la base de données
16:35:58 Database DEBUG : Connecté à la base de données
16:36:17 Database DEBUG : Connecté à la base de données
16:36:33 Database DEBUG : Connecté à la base de données
16:38:14 Database DEBUG : Connecté à la base de données
16:38:36 Database DEBUG : Connecté à la base de données
16:38:36 Application INFO : Administrateur connecté : Aiesnow ( 1 )
16:38:36 Database DEBUG : Connecté à la base de données
16:38:36 Database DEBUG : Connecté à la base de données
16:38:40 Database DEBUG : Connecté à la base de données
16:38:54 Database DEBUG : Connecté à la base de données
16:38:59 Database DEBUG : Connecté à la base de données
16:38:59 Application INFO : Administrateur connecté : Aiesnow ( 1 )
16:38:59 Database DEBUG : Connecté à la base de données
16:38:59 Database DEBUG : Connecté à la base de données
16:42:24 Database DEBUG : Connecté à la base de données
16:42:24 Application INFO : Administrateur connecté : Aiesnow ( 1 )
16:42:25 Database DEBUG : Connecté à la base de données
16:42:25 Database DEBUG : Connecté à la base de données
16:43:25 Database DEBUG : Connecté à la base de données
16:43:25 Application INFO : Administrateur connecté : Aiesnow ( 1 )
16:43:25 Database DEBUG : Connecté à la base de données
16:45:47 Database DEBUG : Connecté à la base de données
16:56:11 Database DEBUG : Connecté à la base de données
16:56:25 Database DEBUG : Connecté à la base de données
16:56:32 Database DEBUG : Connecté à la base de données
16:57:02 Database DEBUG : Connecté à la base de données
16:57:20 Database DEBUG : Connecté à la base de données
16:57:38 Database DEBUG : Connecté à la base de données
