10:37:03 Database DEBUG : Connecté à la base de données
10:37:08 Database DEBUG : Connecté à la base de données
10:37:19 Database DEBUG : Connecté à la base de données
10:37:20 Application INFO : Utilisateur connecté : sophie.branka@inserm.fr ( 24 )
10:37:20 Database DEBUG : Connecté à la base de données
10:37:23 Database DEBUG : Connecté à la base de données
10:37:27 Database DEBUG : Connecté à la base de données
10:39:03 Database DEBUG : Connecté à la base de données
10:39:03 Database DEBUG : Connecté à la base de données
10:39:44 Database DEBUG : Connecté à la base de données
10:39:44 Database DEBUG : Connecté à la base de données
10:40:00 Database DEBUG : Connecté à la base de données
10:40:00 Application INFO : Commande #160 créée par l'utilisateur 24
10:40:00 Database DEBUG : Connecté à la base de données
10:46:34 Database DEBUG : Connecté à la base de données
10:48:35 Database DEBUG : Connecté à la base de données
10:48:35 Database DEBUG : Connecté à la base de données
10:48:39 Database DEBUG : Connecté à la base de données
10:48:39 Application INFO : Administrateur connecté : lucie.fontaine ( 6 )
10:48:39 Database DEBUG : Connecté à la base de données
10:48:40 Database DEBUG : Connecté à la base de données
10:48:42 Database DEBUG : Connecté à la base de données
10:48:51 Database DEBUG : Connecté à la base de données
10:48:51 Application INFO : Réception validée avec succès par l'administrateur #6
10:48:53 Database DEBUG : Connecté à la base de données
10:50:42 Database DEBUG : Connecté à la base de données
10:50:49 Database DEBUG : Connecté à la base de données
10:50:49 Mail DEBUG : Trying to send mail mail_commande_prete from histologie-i2mc@inserm.fr to Array
(
    [mail] => alizee.dortignac@inserm.fr
    [name] => Alizee Dortignac
)
.
10:50:49 Mail DEBUG : Mail envoyé.
10:50:49 Application INFO : Retour validée avec succès par l'administrateur #6
10:50:55 Database DEBUG : Connecté à la base de données
11:53:53 Database DEBUG : Connecté à la base de données
11:54:03 Database DEBUG : Connecté à la base de données
11:54:03 Application INFO : Utilisateur connecté : emilie.segura@inserm.fr ( 21 )
11:54:03 Database DEBUG : Connecté à la base de données
11:54:05 Database DEBUG : Connecté à la base de données
11:54:34 Database DEBUG : Connecté à la base de données
11:55:49 Database DEBUG : Connecté à la base de données
11:55:49 Database DEBUG : Connecté à la base de données
11:55:54 Database DEBUG : Connecté à la base de données
11:55:54 Database DEBUG : Connecté à la base de données
11:56:05 Database DEBUG : Connecté à la base de données
11:56:05 Database DEBUG : Connecté à la base de données
11:57:00 Database DEBUG : Connecté à la base de données
11:57:00 Application INFO : Commande #161 créée par l'utilisateur 21
11:57:00 Database DEBUG : Connecté à la base de données
12:59:35 Database DEBUG : Connecté à la base de données
12:59:39 Database DEBUG : Connecté à la base de données
12:59:41 Database DEBUG : Connecté à la base de données
12:59:42 Application INFO : Utilisateur connecté : deborah.carper@inserm.fr ( 33 )
12:59:42 Database DEBUG : Connecté à la base de données
12:59:43 Database DEBUG : Connecté à la base de données
12:59:44 Database DEBUG : Connecté à la base de données
12:59:45 Database DEBUG : Connecté à la base de données
13:32:36 Database DEBUG : Connecté à la base de données
13:32:37 Database DEBUG : Connecté à la base de données
13:32:38 Database DEBUG : Connecté à la base de données
13:32:40 Database DEBUG : Connecté à la base de données
13:32:40 Application INFO : Réception validée avec succès par l'administrateur #6
14:00:13 Database DEBUG : Connecté à la base de données
14:14:28 Database DEBUG : Connecté à la base de données
14:14:29 Database DEBUG : Connecté à la base de données
15:30:58 Database DEBUG : Connecté à la base de données
15:30:59 Database DEBUG : Connecté à la base de données
16:35:38 Database DEBUG : Connecté à la base de données
16:35:39 Database DEBUG : Connecté à la base de données
17:32:40 Database DEBUG : Connecté à la base de données
17:32:45 Database DEBUG : Connecté à la base de données
17:32:46 Database DEBUG : Connecté à la base de données
17:32:48 Database DEBUG : Connecté à la base de données
