09:36:17 Database DEBUG : Connecté à la base de données
09:36:29 Database DEBUG : Connecté à la base de données
09:36:29 Application INFO : Utilisateur connecté : emilie.segura@inserm.fr ( 21 )
09:36:29 Database DEBUG : Connecté à la base de données
09:36:31 Database DEBUG : Connecté à la base de données
09:36:33 Database DEBUG : Connecté à la base de données
09:36:55 Database DEBUG : Connecté à la base de données
09:36:55 Database DEBUG : Connecté à la base de données
09:37:18 Database DEBUG : Connecté à la base de données
09:37:18 Database DEBUG : Connecté à la base de données
09:37:33 Database DEBUG : Connecté à la base de données
09:37:33 Database DEBUG : Connecté à la base de données
09:38:10 Database DEBUG : Connecté à la base de données
09:38:10 Application INFO : Commande #126 créée par l'utilisateur 21
09:38:10 Database DEBUG : Connecté à la base de données
10:44:29 Database DEBUG : Connecté à la base de données
10:44:29 Database DEBUG : Connecté à la base de données
10:44:34 Database DEBUG : Connecté à la base de données
10:44:34 Application INFO : Administrateur connecté : lucie.fontaine ( 6 )
10:44:34 Database DEBUG : Connecté à la base de données
10:44:38 Database DEBUG : Connecté à la base de données
10:44:39 Database DEBUG : Connecté à la base de données
10:44:42 Database DEBUG : Connecté à la base de données
10:44:42 Application INFO : Réception validée avec succès par l'administrateur #6
10:44:44 Database DEBUG : Connecté à la base de données
11:52:27 Database DEBUG : Connecté à la base de données
11:52:28 Database DEBUG : Connecté à la base de données
11:52:29 Database DEBUG : Connecté à la base de données
11:52:37 Database DEBUG : Connecté à la base de données
11:52:37 Mail DEBUG : Trying to send mail mail_commande_prete from histologie-i2mc@inserm.fr to Array
(
    [mail] => enzo.piccolo@inserm.fr
    [name] => Enzo Piccolo
)
.
11:52:37 Mail DEBUG : Mail envoyé.
11:52:37 Application INFO : Retour validée avec succès par l'administrateur #6
11:52:45 Database DEBUG : Connecté à la base de données
16:39:08 Database DEBUG : Connecté à la base de données
16:39:09 Database DEBUG : Connecté à la base de données
16:39:24 Database DEBUG : Connecté à la base de données
16:39:24 Application INFO : Utilisateur connecté : audrey.swiader@inserm.fr ( 16 )
16:39:25 Database DEBUG : Connecté à la base de données
16:39:30 Database DEBUG : Connecté à la base de données
16:39:34 Database DEBUG : Connecté à la base de données
16:40:33 Database DEBUG : Connecté à la base de données
16:40:33 Database DEBUG : Connecté à la base de données
16:40:47 Database DEBUG : Connecté à la base de données
16:40:47 Database DEBUG : Connecté à la base de données
16:40:53 Database DEBUG : Connecté à la base de données
16:40:53 Application INFO : Commande #127 créée par l'utilisateur 16
16:40:53 Database DEBUG : Connecté à la base de données
17:01:38 Database DEBUG : Connecté à la base de données
17:01:40 Database DEBUG : Connecté à la base de données
17:01:41 Database DEBUG : Connecté à la base de données
17:01:45 Database DEBUG : Connecté à la base de données
17:01:45 Application INFO : Réception validée avec succès par l'administrateur #6
17:14:43 Database DEBUG : Connecté à la base de données
