10:03:17 Database DEBUG : Connecté à la base de données
10:03:17 Database DEBUG : Connecté à la base de données
10:03:57 Database DEBUG : Connecté à la base de données
10:03:57 Application INFO : Administrateur connecté : lucie.fontaine ( 6 )
10:03:57 Database DEBUG : Connecté à la base de données
11:00:56 Database DEBUG : Connecté à la base de données
11:00:57 Database DEBUG : Connecté à la base de données
11:01:07 Database DEBUG : Connecté à la base de données
11:01:08 Application INFO : Inclusion validée avec succès par l'administrateur #6
11:01:09 Database DEBUG : Connecté à la base de données
11:01:28 Database DEBUG : Connecté à la base de données
11:01:29 Database DEBUG : Connecté à la base de données
11:01:30 Database DEBUG : Connecté à la base de données
11:05:16 Database DEBUG : Connecté à la base de données
11:05:18 Database DEBUG : Connecté à la base de données
12:12:33 Database DEBUG : Connecté à la base de données
12:12:43 Database DEBUG : Connecté à la base de données
12:12:44 Application INFO : Utilisateur connecté : emilie.segura@inserm.fr ( 21 )
12:12:44 Database DEBUG : Connecté à la base de données
12:12:45 Database DEBUG : Connecté à la base de données
12:12:47 Database DEBUG : Connecté à la base de données
12:12:54 Database DEBUG : Connecté à la base de données
12:12:54 Database DEBUG : Connecté à la base de données
12:13:04 Database DEBUG : Connecté à la base de données
12:13:04 Database DEBUG : Connecté à la base de données
12:13:11 Database DEBUG : Connecté à la base de données
12:13:11 Application INFO : Commande #219 créée par l'utilisateur 21
12:13:11 Database DEBUG : Connecté à la base de données
13:29:56 Database DEBUG : Connecté à la base de données
13:29:58 Database DEBUG : Connecté à la base de données
13:30:01 Database DEBUG : Connecté à la base de données
13:30:01 Mail DEBUG : Trying to send mail mail_commande_prete from histologie-i2mc@inserm.fr to Array
(
    [mail] => marie.cauquil@inserm.fr
    [name] => Marie Cauquil
)
.
13:30:01 Mail DEBUG : Mail envoyé.
13:30:01 Application INFO : Retour validée avec succès par l'administrateur #6
13:30:05 Database DEBUG : Connecté à la base de données
13:30:05 Mail DEBUG : Trying to send mail mail_commande_prete from histologie-i2mc@inserm.fr to Array
(
    [mail] => xiaohui.tong@inserm.fr
    [name] => Xiaohui Tong
)
.
13:30:05 Mail DEBUG : Mail envoyé.
13:30:05 Application INFO : Retour validée avec succès par l'administrateur #6
13:30:21 Database DEBUG : Connecté à la base de données
13:30:35 Database DEBUG : Connecté à la base de données
13:30:39 Database DEBUG : Connecté à la base de données
13:30:39 Application INFO : Réception validée avec succès par l'administrateur #6
13:30:40 Database DEBUG : Connecté à la base de données
13:30:42 Database DEBUG : Connecté à la base de données
13:31:44 Database DEBUG : Connecté à la base de données
13:31:48 Database DEBUG : Connecté à la base de données
16:22:13 Database DEBUG : Connecté à la base de données
16:44:44 Database DEBUG : Connecté à la base de données
16:44:45 Database DEBUG : Connecté à la base de données
16:44:48 Database DEBUG : Connecté à la base de données
16:44:54 Database DEBUG : Connecté à la base de données
16:44:54 Application INFO : Coupe validée avec succès par l'administrateur #6
16:44:55 Database DEBUG : Connecté à la base de données
16:44:57 Database DEBUG : Connecté à la base de données
16:44:59 Database DEBUG : Connecté à la base de données
16:44:59 Mail DEBUG : Trying to send mail mail_commande_prete from histologie-i2mc@inserm.fr to Array
(
    [mail] => emilie.segura@inserm.fr
    [name] => Emilie Segura
)
.
16:44:59 Mail DEBUG : Mail envoyé.
16:44:59 Application INFO : Retour validée avec succès par l'administrateur #6
17:06:25 Database DEBUG : Connecté à la base de données
17:06:25 Database DEBUG : Connecté à la base de données
17:06:34 Database DEBUG : Connecté à la base de données
17:06:35 Application INFO : Utilisateur connecté : cendrine.cabou@inserm.fr ( 39 )
17:06:35 Database DEBUG : Connecté à la base de données
17:06:37 Database DEBUG : Connecté à la base de données
17:06:41 Database DEBUG : Connecté à la base de données
17:09:19 Database DEBUG : Connecté à la base de données
17:09:19 Database DEBUG : Connecté à la base de données
17:09:27 Database DEBUG : Connecté à la base de données
17:09:31 Database DEBUG : Connecté à la base de données
17:09:31 Database DEBUG : Connecté à la base de données
17:09:36 Database DEBUG : Connecté à la base de données
17:09:43 Database DEBUG : Connecté à la base de données
17:09:43 Database DEBUG : Connecté à la base de données
17:09:50 Database DEBUG : Connecté à la base de données
17:09:57 Database DEBUG : Connecté à la base de données
17:09:57 Database DEBUG : Connecté à la base de données
17:10:29 Database DEBUG : Connecté à la base de données
17:10:29 Database DEBUG : Connecté à la base de données
17:11:43 Database DEBUG : Connecté à la base de données
17:11:43 Database DEBUG : Connecté à la base de données
17:11:51 Database DEBUG : Connecté à la base de données
17:11:51 Database DEBUG : Connecté à la base de données
17:12:16 Database DEBUG : Connecté à la base de données
17:12:32 Database DEBUG : Connecté à la base de données
17:12:32 Database DEBUG : Connecté à la base de données
17:12:35 Database DEBUG : Connecté à la base de données
17:12:35 Database DEBUG : Connecté à la base de données
17:12:36 Database DEBUG : Connecté à la base de données
17:12:36 Application INFO : Commande #220 créée par l'utilisateur 39
17:12:36 Database DEBUG : Connecté à la base de données
19:19:42 Database DEBUG : Connecté à la base de données
19:19:43 Database DEBUG : Connecté à la base de données
19:19:46 Database DEBUG : Connecté à la base de données
19:19:46 Application INFO : Utilisateur connecté : marie.bellio@inserm.fr ( 40 )
19:19:46 Database DEBUG : Connecté à la base de données
19:19:50 Database DEBUG : Connecté à la base de données
19:20:03 Database DEBUG : Connecté à la base de données
