10:16:35 Database DEBUG : Connecté à la base de données
10:16:39 Database DEBUG : Connecté à la base de données
10:47:26 Database DEBUG : Connecté à la base de données
10:47:26 Database DEBUG : Connecté à la base de données
10:48:07 Database DEBUG : Connecté à la base de données
10:48:07 Application INFO : Administrateur connecté : lucie.fontaine ( 6 )
10:48:07 Database DEBUG : Connecté à la base de données
11:11:24 Database DEBUG : Connecté à la base de données
11:11:25 Database DEBUG : Connecté à la base de données
11:11:35 Database DEBUG : Connecté à la base de données
11:11:35 Mail DEBUG : Trying to send mail mail_commande_prete from histologie-i2mc@inserm.fr to Array
(
    [mail] => marie.cauquil@inserm.fr
    [name] => Marie Cauquil
)
.
11:11:35 Mail DEBUG : Mail envoyé.
11:11:35 Mail DEBUG : Trying to send mail mail_commande_prete from histologie-i2mc@inserm.fr to Array
(
    [mail] => jean.personnaz@inserm.fr
    [name] => Jean Personnaz
)
.
11:11:35 Mail DEBUG : Mail envoyé.
11:11:35 Application INFO : Retour validée avec succès par l'administrateur #6
11:53:29 Database DEBUG : Connecté à la base de données
11:53:31 Database DEBUG : Connecté à la base de données
11:53:32 Database DEBUG : Connecté à la base de données
11:53:36 Database DEBUG : Connecté à la base de données
11:53:48 Database DEBUG : Connecté à la base de données
11:53:48 Application INFO : Inclusion validée avec succès par l'administrateur #6
11:53:49 Database DEBUG : Connecté à la base de données
12:33:48 Database DEBUG : Connecté à la base de données
12:34:03 Database DEBUG : Connecté à la base de données
12:34:03 Mail DEBUG : Trying to send mail mail_commande_prete from histologie-i2mc@inserm.fr to Array
(
    [mail] => gwendoline.astre@inserm.fr
    [name] => Gwendoline Astre
)
.
12:34:03 Mail DEBUG : Mail envoyé.
12:34:03 Application INFO : Retour validée avec succès par l'administrateur #6
12:34:08 Database DEBUG : Connecté à la base de données
15:37:17 Database DEBUG : Connecté à la base de données
17:08:17 Database DEBUG : Connecté à la base de données
17:08:20 Database DEBUG : Connecté à la base de données
17:18:12 Database DEBUG : Connecté à la base de données
17:18:12 Application INFO : Coupe validée avec succès par l'administrateur #6
17:18:14 Database DEBUG : Connecté à la base de données
17:18:15 Database DEBUG : Connecté à la base de données
17:18:17 Database DEBUG : Connecté à la base de données
18:33:17 Database DEBUG : Connecté à la base de données
18:33:22 Database DEBUG : Connecté à la base de données
