09:02:19 Database DEBUG : Connecté à la base de données
09:02:23 Database DEBUG : Connecté à la base de données
09:48:28 Database DEBUG : Connecté à la base de données
09:48:38 Database DEBUG : Connecté à la base de données
09:48:38 Application INFO : Utilisateur connecté : emilie.segura@inserm.fr ( 21 )
09:48:38 Database DEBUG : Connecté à la base de données
09:48:39 Database DEBUG : Connecté à la base de données
09:48:42 Database DEBUG : Connecté à la base de données
09:49:26 Database DEBUG : Connecté à la base de données
09:49:26 Database DEBUG : Connecté à la base de données
09:49:31 Database DEBUG : Connecté à la base de données
09:49:31 Database DEBUG : Connecté à la base de données
09:50:18 Database DEBUG : Connecté à la base de données
09:50:18 Database DEBUG : Connecté à la base de données
09:51:16 Database DEBUG : Connecté à la base de données
09:51:16 Application INFO : Commande #100 créée par l'utilisateur 21
09:51:16 Database DEBUG : Connecté à la base de données
12:00:14 Database DEBUG : Connecté à la base de données
12:00:16 Database DEBUG : Connecté à la base de données
14:47:37 Database DEBUG : Connecté à la base de données
14:47:37 Database DEBUG : Connecté à la base de données
14:47:41 Database DEBUG : Connecté à la base de données
14:47:41 Application INFO : Administrateur connecté : lucie.fontaine ( 6 )
14:47:41 Database DEBUG : Connecté à la base de données
14:47:43 Database DEBUG : Connecté à la base de données
14:47:44 Database DEBUG : Connecté à la base de données
14:47:46 Database DEBUG : Connecté à la base de données
14:47:46 Application INFO : Réception validée avec succès par l'administrateur #6
14:48:16 Database DEBUG : Connecté à la base de données
14:48:18 Database DEBUG : Connecté à la base de données
14:48:24 Database DEBUG : Connecté à la base de données
14:48:24 Application INFO : Coloration validée avec succès par l'administrateur #6
14:48:26 Database DEBUG : Connecté à la base de données
14:48:28 Database DEBUG : Connecté à la base de données
14:48:32 Database DEBUG : Connecté à la base de données
14:48:32 Mail DEBUG : Trying to send mail mail_commande_prete from histologie-i2mc@inserm.fr to Array
(
    [mail] => marie.marques@inserm.fr
    [name] => Marie Marques
)
.
14:48:32 Mail DEBUG : Mail envoyé.
14:48:32 Application INFO : Retour validée avec succès par l'administrateur #6
14:48:34 Database DEBUG : Connecté à la base de données
14:48:56 Database DEBUG : Connecté à la base de données
14:49:03 Database DEBUG : Connecté à la base de données
