09:19:49 Database DEBUG : Connecté à la base de données
09:19:49 Database DEBUG : Connecté à la base de données
09:20:07 Database DEBUG : Connecté à la base de données
09:20:07 Application INFO : Administrateur connecté : lucie.fontaine ( 6 )
09:20:07 Database DEBUG : Connecté à la base de données
09:20:08 Database DEBUG : Connecté à la base de données
09:20:10 Database DEBUG : Connecté à la base de données
09:20:14 Database DEBUG : Connecté à la base de données
09:20:14 Mail DEBUG : Trying to send mail mail_commande_prete from histologie-i2mc@inserm.fr to Array
(
    [mail] => emilie.segura@inserm.fr
    [name] => Emilie Segura
)
.
09:20:14 Mail DEBUG : Mail envoyé.
09:20:14 Application INFO : Retour validée avec succès par l'administrateur #6
09:29:05 Database DEBUG : Connecté à la base de données
12:03:59 Database DEBUG : Connecté à la base de données
12:04:00 Database DEBUG : Connecté à la base de données
14:59:58 Database DEBUG : Connecté à la base de données
14:59:59 Database DEBUG : Connecté à la base de données
17:31:16 Database DEBUG : Connecté à la base de données
17:31:17 Database DEBUG : Connecté à la base de données
17:31:24 Database DEBUG : Connecté à la base de données
17:31:24 Aplication INFO : Organe ajouté par l'administrateur #6
17:31:24 Database DEBUG : Connecté à la base de données
17:31:32 Database DEBUG : Connecté à la base de données
17:31:32 Aplication INFO : Organe ajouté par l'administrateur #6
17:31:32 Database DEBUG : Connecté à la base de données
17:31:38 Database DEBUG : Connecté à la base de données
17:31:38 Aplication INFO : Organe modifié par l'administrateur #6
17:31:50 Database DEBUG : Connecté à la base de données
17:31:51 Database DEBUG : Connecté à la base de données
