09:44:28 Database DEBUG : Connecté à la base de données
09:44:35 Database DEBUG : Connecté à la base de données
09:44:36 Application INFO : Utilisateur connecté : jean.personnaz@inserm.fr ( 10 )
09:44:36 Database DEBUG : Connecté à la base de données
09:44:53 Database DEBUG : Connecté à la base de données
09:45:12 Database DEBUG : Connecté à la base de données
09:46:26 Database DEBUG : Connecté à la base de données
09:46:26 Database DEBUG : Connecté à la base de données
09:46:38 Database DEBUG : Connecté à la base de données
09:46:38 Database DEBUG : Connecté à la base de données
09:46:56 Database DEBUG : Connecté à la base de données
09:46:56 Application INFO : Commande #99 créée par l'utilisateur 10
09:46:56 Database DEBUG : Connecté à la base de données
10:13:38 Database DEBUG : Connecté à la base de données
10:13:38 Database DEBUG : Connecté à la base de données
10:13:45 Database DEBUG : Connecté à la base de données
10:13:45 Application INFO : Administrateur connecté : lucie.fontaine ( 6 )
10:13:45 Database DEBUG : Connecté à la base de données
10:13:46 Database DEBUG : Connecté à la base de données
10:13:48 Database DEBUG : Connecté à la base de données
10:13:54 Database DEBUG : Connecté à la base de données
10:13:54 Application INFO : Réception validée avec succès par l'administrateur #6
10:13:59 Database DEBUG : Connecté à la base de données
10:14:00 Database DEBUG : Connecté à la base de données
10:14:01 Database DEBUG : Connecté à la base de données
10:14:02 Database DEBUG : Connecté à la base de données
10:14:05 Database DEBUG : Connecté à la base de données
10:14:05 Application INFO : Réception validée avec succès par l'administrateur #6
11:50:50 Database DEBUG : Connecté à la base de données
11:52:18 Database DEBUG : Connecté à la base de données
11:53:11 Database DEBUG : Connecté à la base de données
11:54:35 Database DEBUG : Connecté à la base de données
11:54:40 Database DEBUG : Connecté à la base de données
11:54:42 Database DEBUG : Connecté à la base de données
11:54:44 Database DEBUG : Connecté à la base de données
11:55:42 Database DEBUG : Connecté à la base de données
11:55:44 Database DEBUG : Connecté à la base de données
11:55:48 Database DEBUG : Connecté à la base de données
11:55:53 Database DEBUG : Connecté à la base de données
11:55:53 Database DEBUG : Connecté à la base de données
11:55:55 Database DEBUG : Connecté à la base de données
11:55:55 Database WARNING : Requête échouée : "INSERT INTO Centre (nomCentre) VALUES (?)" paramètres : Array
(
    [0] => 
)

11:55:55 Database WARNING : Requête échouée : "INSERT INTO Equipe (nomEquipe, idCentre) VALUES (?, ?)" paramètres : Array
(
    [0] => 
    [1] => 
)

11:55:55 Database WARNING : Requête échouée : "INSERT INTO Utilisateur (nomUtilisateur, prenomUtilisateur, mailUtilisateur, idEquipe)
                           VALUES (?, ?, ?, ?)" paramètres : Array
(
    [0] => Fontaine
    [1] => Lucie
    [2] => lucie.fontaine@inserm.fr
    [3] => 
)

14:12:24 Database DEBUG : Connecté à la base de données
14:12:24 Database DEBUG : Connecté à la base de données
14:53:26 Database DEBUG : Connecté à la base de données
14:53:31 Database DEBUG : Connecté à la base de données
14:53:35 Database DEBUG : Connecté à la base de données
14:53:35 Application INFO : Utilisateur connecté : jean.personnaz@inserm.fr ( 10 )
14:53:35 Database DEBUG : Connecté à la base de données
14:53:38 Database DEBUG : Connecté à la base de données
14:53:43 Database DEBUG : Connecté à la base de données
