09:19:24 Database DEBUG : Connecté à la base de données
09:19:29 Database DEBUG : Connecté à la base de données
09:20:01 Database DEBUG : Connecté à la base de données
09:20:02 Application INFO : Utilisateur connecté : gwendoline.astre@inserm.fr ( 15 )
09:20:02 Database DEBUG : Connecté à la base de données
09:20:04 Database DEBUG : Connecté à la base de données
09:20:59 Database DEBUG : Connecté à la base de données
09:26:01 Database DEBUG : Connecté à la base de données
09:26:01 Database DEBUG : Connecté à la base de données
09:26:21 Database DEBUG : Connecté à la base de données
09:26:21 Database DEBUG : Connecté à la base de données
09:26:38 Database DEBUG : Connecté à la base de données
09:26:38 Database DEBUG : Connecté à la base de données
09:26:45 Database DEBUG : Connecté à la base de données
09:26:45 Application INFO : Commande #49 créée par l'utilisateur 15
09:26:45 Database DEBUG : Connecté à la base de données
09:26:52 Database DEBUG : Connecté à la base de données
09:37:42 Database DEBUG : Connecté à la base de données
09:37:42 Database DEBUG : Connecté à la base de données
09:37:54 Database DEBUG : Connecté à la base de données
09:37:54 Application INFO : Administrateur connecté : lucie.fontaine ( 6 )
09:37:54 Database DEBUG : Connecté à la base de données
09:38:01 Database DEBUG : Connecté à la base de données
09:38:02 Database DEBUG : Connecté à la base de données
09:38:05 Database DEBUG : Connecté à la base de données
09:56:35 Database DEBUG : Connecté à la base de données
09:56:40 Database DEBUG : Connecté à la base de données
10:19:43 Database DEBUG : Connecté à la base de données
10:20:06 Database DEBUG : Connecté à la base de données
10:20:06 Application INFO : Inclusion validée avec succès par l'administrateur #6
10:20:08 Database DEBUG : Connecté à la base de données
10:20:10 Database DEBUG : Connecté à la base de données
10:20:12 Database DEBUG : Connecté à la base de données
10:20:12 Application INFO : Réception validée avec succès par l'administrateur #6
10:20:15 Database DEBUG : Connecté à la base de données
10:20:16 Database DEBUG : Connecté à la base de données
10:31:33 Database DEBUG : Connecté à la base de données
10:40:11 Database DEBUG : Connecté à la base de données
10:40:14 Database DEBUG : Connecté à la base de données
10:40:15 Database DEBUG : Connecté à la base de données
10:40:25 Database DEBUG : Connecté à la base de données
10:40:27 Database DEBUG : Connecté à la base de données
10:40:29 Database DEBUG : Connecté à la base de données
10:40:30 Database DEBUG : Connecté à la base de données
10:40:49 Database DEBUG : Connecté à la base de données
10:40:49 Mail DEBUG : Trying to send mail mail_commande_prete from histologie-i2mc@inserm.fr to Array
(
    [mail] => jean.personnaz@inserm.fr
    [name] => Jean Personnaz
)
.
10:40:49 Mail DEBUG : Mail envoyé.
10:40:49 Mail DEBUG : Trying to send mail mail_commande_prete from histologie-i2mc@inserm.fr to Array
(
    [mail] => emilie.segura@inserm.fr
    [name] => Emilie Segura
)
.
10:40:49 Mail DEBUG : Mail envoyé.
10:40:49 Application INFO : Retour validée avec succès par l'administrateur #6
10:45:19 Database DEBUG : Connecté à la base de données
10:45:21 Database DEBUG : Connecté à la base de données
11:16:08 Database DEBUG : Connecté à la base de données
14:12:27 Database DEBUG : Connecté à la base de données
14:12:31 Database DEBUG : Connecté à la base de données
14:13:10 Database DEBUG : Connecté à la base de données
14:13:11 Application INFO : Utilisateur connecté : jean.personnaz@inserm.fr ( 10 )
14:13:11 Database DEBUG : Connecté à la base de données
14:13:13 Database DEBUG : Connecté à la base de données
14:13:44 Database DEBUG : Connecté à la base de données
14:17:13 Database DEBUG : Connecté à la base de données
14:17:13 Database DEBUG : Connecté à la base de données
14:17:29 Database DEBUG : Connecté à la base de données
14:17:29 Database DEBUG : Connecté à la base de données
14:17:33 Database DEBUG : Connecté à la base de données
14:17:33 Application INFO : Commande #50 créée par l'utilisateur 10
14:17:34 Database DEBUG : Connecté à la base de données
14:17:45 Database DEBUG : Connecté à la base de données
14:17:46 Database DEBUG : Connecté à la base de données
14:17:50 Database DEBUG : Connecté à la base de données
14:19:06 Database DEBUG : Connecté à la base de données
14:19:06 Database DEBUG : Connecté à la base de données
14:19:50 Database DEBUG : Connecté à la base de données
14:19:50 Database DEBUG : Connecté à la base de données
14:19:58 Database DEBUG : Connecté à la base de données
14:19:58 Application INFO : Commande #51 créée par l'utilisateur 10
14:19:59 Database DEBUG : Connecté à la base de données
14:20:06 Database DEBUG : Connecté à la base de données
14:20:07 Database DEBUG : Connecté à la base de données
14:20:11 Database DEBUG : Connecté à la base de données
14:21:31 Database DEBUG : Connecté à la base de données
14:21:31 Database DEBUG : Connecté à la base de données
14:21:43 Database DEBUG : Connecté à la base de données
14:21:43 Database DEBUG : Connecté à la base de données
14:21:55 Database DEBUG : Connecté à la base de données
14:21:55 Application INFO : Commande #52 créée par l'utilisateur 10
14:21:55 Database DEBUG : Connecté à la base de données
14:43:24 Database DEBUG : Connecté à la base de données
14:43:29 Database DEBUG : Connecté à la base de données
14:43:42 Database DEBUG : Connecté à la base de données
14:43:42 Application INFO : Utilisateur connecté : Cedric.Moro@inserm.fr ( 26 )
14:43:42 Database DEBUG : Connecté à la base de données
14:43:54 Database DEBUG : Connecté à la base de données
14:45:20 Database DEBUG : Connecté à la base de données
14:45:20 Database DEBUG : Connecté à la base de données
14:45:47 Database DEBUG : Connecté à la base de données
14:45:48 Application INFO : Utilisateur connecté : Cedric.Moro@inserm.fr ( 26 )
14:45:48 Database DEBUG : Connecté à la base de données
14:45:52 Database DEBUG : Connecté à la base de données
14:47:20 Database DEBUG : Connecté à la base de données
14:54:12 Database DEBUG : Connecté à la base de données
14:54:12 Database DEBUG : Connecté à la base de données
14:56:53 Database DEBUG : Connecté à la base de données
14:57:04 Database DEBUG : Connecté à la base de données
14:57:05 Application INFO : Utilisateur connecté : emilie.segura@inserm.fr ( 21 )
14:57:05 Database DEBUG : Connecté à la base de données
14:57:07 Database DEBUG : Connecté à la base de données
14:57:13 Database DEBUG : Connecté à la base de données
15:02:04 Database DEBUG : Connecté à la base de données
15:02:04 Database DEBUG : Connecté à la base de données
15:10:03 Database DEBUG : Connecté à la base de données
15:10:03 Database DEBUG : Connecté à la base de données
15:12:32 Database DEBUG : Connecté à la base de données
15:12:32 Database DEBUG : Connecté à la base de données
15:12:46 Database DEBUG : Connecté à la base de données
15:12:46 Application INFO : Commande #53 créée par l'utilisateur 26
15:12:46 Database DEBUG : Connecté à la base de données
15:14:04 Database DEBUG : Connecté à la base de données
15:14:06 Database DEBUG : Connecté à la base de données
15:14:12 Database DEBUG : Connecté à la base de données
15:19:05 Database DEBUG : Connecté à la base de données
15:19:05 Database DEBUG : Connecté à la base de données
15:21:59 Database DEBUG : Connecté à la base de données
15:21:59 Database DEBUG : Connecté à la base de données
15:24:04 Database DEBUG : Connecté à la base de données
15:24:04 Database DEBUG : Connecté à la base de données
15:24:08 Database DEBUG : Connecté à la base de données
15:24:08 Application INFO : Commande #54 créée par l'utilisateur 26
15:24:08 Database DEBUG : Connecté à la base de données
16:57:29 Database DEBUG : Connecté à la base de données
16:57:34 Database DEBUG : Connecté à la base de données
17:00:20 Database DEBUG : Connecté à la base de données
17:00:20 Database DEBUG : Connecté à la base de données
17:00:34 Database DEBUG : Connecté à la base de données
17:00:34 Application INFO : Utilisateur connecté : anais.briot@inserm.fr ( 27 )
17:00:34 Database DEBUG : Connecté à la base de données
17:00:37 Database DEBUG : Connecté à la base de données
17:01:42 Database DEBUG : Connecté à la base de données
17:08:05 Database DEBUG : Connecté à la base de données
17:08:13 Database DEBUG : Connecté à la base de données
17:11:29 Database DEBUG : Connecté à la base de données
17:21:45 Database DEBUG : Connecté à la base de données
17:21:45 Database DEBUG : Connecté à la base de données
17:26:09 Database DEBUG : Connecté à la base de données
17:26:09 Database DEBUG : Connecté à la base de données
17:26:40 Database DEBUG : Connecté à la base de données
17:26:40 Database DEBUG : Connecté à la base de données
17:26:55 Database DEBUG : Connecté à la base de données
17:27:10 Database DEBUG : Connecté à la base de données
17:27:10 Database DEBUG : Connecté à la base de données
17:27:20 Database DEBUG : Connecté à la base de données
17:27:20 Database DEBUG : Connecté à la base de données
17:31:24 Database DEBUG : Connecté à la base de données
17:31:32 Database DEBUG : Connecté à la base de données
17:31:32 Database DEBUG : Connecté à la base de données
17:31:37 Database DEBUG : Connecté à la base de données
17:31:38 Database DEBUG : Connecté à la base de données
17:40:10 Database DEBUG : Connecté à la base de données
17:40:10 Database WARNING : Requête échouée : "INSERT INTO Echantillon (numEchantillon, identAnimalEchantillon, nbCoupes, epaisseurCoupes, idCommande, idOrgane, idAnimal, idInclusion)
                        VALUES (?, ?, ?, ?, ?, ?, ?, ?)" paramètres : Array
(
    [0] => P1048-01-17-32-5
    [1] => s55
    [2] => 2
    [3] => 4
    [4] => 55
    [5] => 
    [6] => 1
    [7] => 5
)

17:40:10 Database DEBUG : Connecté à la base de données
17:40:20 Database DEBUG : Connecté à la base de données
17:40:20 Database WARNING : Requête échouée : "INSERT INTO Echantillon (numEchantillon, identAnimalEchantillon, nbCoupes, epaisseurCoupes, idCommande, idOrgane, idAnimal, idInclusion)
                        VALUES (?, ?, ?, ?, ?, ?, ?, ?)" paramètres : Array
(
    [0] => P1048-01-17-32-5
    [1] => s55
    [2] => 2
    [3] => 4
    [4] => 56
    [5] => 
    [6] => 1
    [7] => 5
)

17:40:20 Database DEBUG : Connecté à la base de données
17:54:24 Database DEBUG : Connecté à la base de données
17:54:24 Database DEBUG : Connecté à la base de données
17:54:38 Database DEBUG : Connecté à la base de données
17:54:38 Application INFO : Utilisateur connecté : anais.briot@inserm.fr ( 27 )
17:54:38 Database DEBUG : Connecté à la base de données
17:54:43 Database DEBUG : Connecté à la base de données
17:54:47 Database DEBUG : Connecté à la base de données
17:54:52 Database DEBUG : Connecté à la base de données
18:06:00 Database DEBUG : Connecté à la base de données
18:06:02 Database DEBUG : Connecté à la base de données
18:06:03 Database DEBUG : Connecté à la base de données
18:06:12 Database DEBUG : Connecté à la base de données
18:06:12 Application INFO : Réception validée avec succès par l'administrateur #6
18:06:14 Database DEBUG : Connecté à la base de données
18:06:16 Database DEBUG : Connecté à la base de données
