09:34:54 Database DEBUG : Connecté à la base de données
09:34:54 Database DEBUG : Connecté à la base de données
09:35:02 Database DEBUG : Connecté à la base de données
09:35:02 Application INFO : Administrateur connecté : lucie.fontaine ( 6 )
09:35:02 Database DEBUG : Connecté à la base de données
09:35:04 Database DEBUG : Connecté à la base de données
11:33:39 Database DEBUG : Connecté à la base de données
11:33:39 Database DEBUG : Connecté à la base de données
11:33:41 Database DEBUG : Connecté à la base de données
11:33:44 Database DEBUG : Connecté à la base de données
11:33:44 Application INFO : Coupe validée avec succès par l'administrateur #6
11:33:48 Database DEBUG : Connecté à la base de données
11:33:50 Database DEBUG : Connecté à la base de données
11:34:55 Database DEBUG : Connecté à la base de données
11:34:55 Mail DEBUG : Trying to send mail mail_commande_prete from histologie-i2mc@inserm.fr to Array
(
    [mail] => jean.personnaz@inserm.fr
    [name] => Jean Personnaz
)
.
11:34:55 Mail DEBUG : Mail envoyé.
11:34:55 Application INFO : Retour validée avec succès par l'administrateur #6
11:35:15 Database DEBUG : Connecté à la base de données
11:35:16 Database DEBUG : Connecté à la base de données
11:35:17 Database DEBUG : Connecté à la base de données
11:35:19 Database DEBUG : Connecté à la base de données
11:35:22 Database DEBUG : Connecté à la base de données
11:35:22 Mail DEBUG : Trying to send mail mail_commande_prete from histologie-i2mc@inserm.fr to Array
(
    [mail] => emilie.segura@inserm.fr
    [name] => Emilie Segura
)
.
11:35:22 Mail DEBUG : Mail envoyé.
11:35:22 Mail DEBUG : Trying to send mail mail_commande_prete from histologie-i2mc@inserm.fr to Array
(
    [mail] => emilie.segura@inserm.fr
    [name] => Emilie Segura
)
.
11:35:22 Mail DEBUG : Mail envoyé.
11:35:22 Application INFO : Retour validée avec succès par l'administrateur #6
11:35:24 Database DEBUG : Connecté à la base de données
17:01:33 Database DEBUG : Connecté à la base de données
17:01:54 Database DEBUG : Connecté à la base de données
17:01:54 Application INFO : Coupe validée avec succès par l'administrateur #6
17:01:59 Database DEBUG : Connecté à la base de données
17:01:59 Application INFO : Coupe validée avec succès par l'administrateur #6
17:02:09 Database DEBUG : Connecté à la base de données
17:02:09 Application INFO : Coupe validée avec succès par l'administrateur #6
17:03:53 Database DEBUG : Connecté à la base de données
17:03:55 Database DEBUG : Connecté à la base de données
17:05:19 Database DEBUG : Connecté à la base de données
17:05:19 Mail DEBUG : Trying to send mail mail_commande_prete from histologie-i2mc@inserm.fr to Array
(
    [mail] => emilie.segura@inserm.fr
    [name] => Emilie Segura
)
.
17:05:19 Mail DEBUG : Mail envoyé.
17:05:19 Mail DEBUG : Trying to send mail mail_commande_prete from histologie-i2mc@inserm.fr to Array
(
    [mail] => emilie.segura@inserm.fr
    [name] => Emilie Segura
)
.
17:05:19 Mail DEBUG : Mail envoyé.
17:05:19 Application INFO : Retour validée avec succès par l'administrateur #6
17:05:21 Database DEBUG : Connecté à la base de données
17:05:23 Database DEBUG : Connecté à la base de données
17:12:18 Database DEBUG : Connecté à la base de données
