10:27:54 Database DEBUG : Connecté à la base de données
10:27:54 Database DEBUG : Connecté à la base de données
10:28:02 Database DEBUG : Connecté à la base de données
10:28:02 Application INFO : Administrateur connecté : lucie.fontaine ( 6 )
10:28:02 Database DEBUG : Connecté à la base de données
10:28:03 Database DEBUG : Connecté à la base de données
10:28:05 Database DEBUG : Connecté à la base de données
10:28:06 Database DEBUG : Connecté à la base de données
10:28:08 Database DEBUG : Connecté à la base de données
10:28:15 Database DEBUG : Connecté à la base de données
10:28:15 Mail DEBUG : Trying to send mail mail_commande_prete from histologie-i2mc@inserm.fr to Array
(
    [mail] => audrey.swiader@inserm.fr
    [name] => Audrey Swiader
)
.
10:28:15 Mail DEBUG : Mail envoyé.
10:28:15 Mail DEBUG : Trying to send mail mail_commande_prete from histologie-i2mc@inserm.fr to Array
(
    [mail] => emilie.segura@inserm.fr
    [name] => Emilie Segura
)
.
10:28:15 Mail DEBUG : Mail envoyé.
10:28:15 Application INFO : Retour validée avec succès par l'administrateur #6
10:34:30 Database DEBUG : Connecté à la base de données
10:34:32 Database DEBUG : Connecté à la base de données
